[0.009s] Invoking command in '/home/matylda-hayne/mtrx3760_p2/MTRX3760_PROJECT_2/build/robot': CMAKE_PREFIX_PATH=${CMAKE_PREFIX_PATH}:/home/matylda-hayne/turtlebot3_ws/install/turtlebot3_teleop:/home/matylda-hayne/turtlebot3_ws/install/turtlebot3_example:/opt/ros/jazzy DEBUGINFOD_URLS=https://debuginfod.ubuntu.com /usr/bin/cmake --build /home/matylda-hayne/mtrx3760_p2/MTRX3760_PROJECT_2/build/robot -- -j20 -l20
[0.030s] -- Found ament_cmake: 2.5.4 (/opt/ros/jazzy/share/ament_cmake/cmake)
[0.186s] -- Found rclcpp: 28.1.11 (/opt/ros/jazzy/share/rclcpp/cmake)
[0.202s] -- Found rosidl_generator_c: 4.6.6 (/opt/ros/jazzy/share/rosidl_generator_c/cmake)
[0.207s] -- Found rosidl_generator_cpp: 4.6.6 (/opt/ros/jazzy/share/rosidl_generator_cpp/cmake)
[0.215s] -- Using all available rosidl_typesupport_c: rosidl_typesupport_fastrtps_c;rosidl_typesupport_introspection_c
[0.223s] -- Using all available rosidl_typesupport_cpp: rosidl_typesupport_fastrtps_cpp;rosidl_typesupport_introspection_cpp
[0.261s] -- Found rmw_implementation_cmake: 7.3.2 (/opt/ros/jazzy/share/rmw_implementation_cmake/cmake)
[0.262s] -- Found rmw_fastrtps_cpp: 8.4.3 (/opt/ros/jazzy/share/rmw_fastrtps_cpp/cmake)
[0.317s] -- Using RMW implementation 'rmw_fastrtps_cpp' as default
[0.358s] -- Found std_msgs: 5.3.6 (/opt/ros/jazzy/share/std_msgs/cmake)
[0.366s] -- Found example_interfaces: 0.12.0 (/opt/ros/jazzy/share/example_interfaces/cmake)
[0.395s] -- Found geometry_msgs: 5.3.6 (/opt/ros/jazzy/share/geometry_msgs/cmake)
[0.404s] -- Found nav_msgs: 5.3.6 (/opt/ros/jazzy/share/nav_msgs/cmake)
[0.422s] -- Found rosidl_default_generators: 1.6.0 (/opt/ros/jazzy/share/rosidl_default_generators/cmake)
[0.427s] -- Found rosidl_adapter: 4.6.6 (/opt/ros/jazzy/share/rosidl_adapter/cmake)
[0.429s] [33mCMake Warning (dev) at /usr/share/cmake-3.28/Modules/FindOpenGL.cmake:381 (message):
[0.429s]   Policy CMP0072 is not set: FindOpenGL prefers GLVND by default when
[0.429s]   available.  Run "cmake --help-policy CMP0072" for policy details.  Use the
[0.429s]   cmake_policy command to set the policy and suppress this warning.
[0.429s] 
[0.429s]   FindOpenGL found both a legacy GL library:
[0.429s] 
[0.429s]     OPENGL_gl_LIBRARY: /usr/lib/x86_64-linux-gnu/libGL.so
[0.429s] 
[0.429s]   and GLVND libraries for OpenGL and GLX:
[0.429s] 
[0.430s]     OPENGL_opengl_LIBRARY: /usr/lib/x86_64-linux-gnu/libOpenGL.so
[0.430s]     OPENGL_glx_LIBRARY: /usr/lib/x86_64-linux-gnu/libGLX.so
[0.430s] 
[0.430s]   OpenGL_GL_PREFERENCE has not been set to "GLVND" or "LEGACY", so for
[0.430s]   compatibility with CMake 3.10 and below the legacy GL library will be used.
[0.430s] Call Stack (most recent call first):
[0.430s]   CMakeLists.txt:18 (find_package)
[0.430s] This warning is for project developers.  Use -Wno-dev to suppress it.
[0.430s] [0m
[0.463s] -- Found ament_lint_auto: 0.17.3 (/opt/ros/jazzy/share/ament_lint_auto/cmake)
[0.560s] -- Added test 'cppcheck' to perform static code analysis on C / C++ code
[0.560s] -- Configured cppcheck include dirs: $<BUILD_INTERFACE:/home/matylda-hayne/mtrx3760_p2/MTRX3760_PROJECT_2/ros2_ws/src/robot/include>;/home/matylda-hayne/mtrx3760_p2/MTRX3760_PROJECT_2/ros2_ws/src/robot/vendor/imgui;/home/matylda-hayne/mtrx3760_p2/MTRX3760_PROJECT_2/ros2_ws/src/robot/vendor/imgui/backends;/home/matylda-hayne/mtrx3760_p2/MTRX3760_PROJECT_2/ros2_ws/src/robot/vendor
[0.560s] -- Configured cppcheck exclude dirs and/or files: 
[0.564s] -- Added test 'flake8' to check Python code syntax and style conventions
[0.564s] -- Configured 'flake8' exclude dirs and/or files: 
[0.572s] -- Added test 'lint_cmake' to check CMake code style
[0.577s] -- Added test 'pep257' to check Python code against some of the docstring style conventions in PEP 257
[0.609s] -- Added test 'uncrustify' to check C / C++ code style
[0.609s] -- Configured uncrustify additional arguments: 
[0.615s] -- Added test 'xmllint' to check XML markup files
[0.615s] -- Configuring done (0.6s)
[0.625s] -- Generating done (0.0s)
[0.629s] -- Build files have been written to: /home/matylda-hayne/mtrx3760_p2/MTRX3760_PROJECT_2/build/robot
[0.667s] [  8%] [32mBuilding CXX object CMakeFiles/robot_gui.dir/src/robot_gui.cpp.o[0m
[0.670s] [ 33%] Built target robot_node
[1.203s] [ 41%] [32m[1mLinking CXX executable robot_gui[0m
[1.346s] [100%] Built target robot_gui
[1.355s] Invoked command in '/home/matylda-hayne/mtrx3760_p2/MTRX3760_PROJECT_2/build/robot' returned '0': CMAKE_PREFIX_PATH=${CMAKE_PREFIX_PATH}:/home/matylda-hayne/turtlebot3_ws/install/turtlebot3_teleop:/home/matylda-hayne/turtlebot3_ws/install/turtlebot3_example:/opt/ros/jazzy DEBUGINFOD_URLS=https://debuginfod.ubuntu.com /usr/bin/cmake --build /home/matylda-hayne/mtrx3760_p2/MTRX3760_PROJECT_2/build/robot -- -j20 -l20
[1.362s] Invoking command in '/home/matylda-hayne/mtrx3760_p2/MTRX3760_PROJECT_2/build/robot': CMAKE_PREFIX_PATH=${CMAKE_PREFIX_PATH}:/home/matylda-hayne/turtlebot3_ws/install/turtlebot3_teleop:/home/matylda-hayne/turtlebot3_ws/install/turtlebot3_example:/opt/ros/jazzy DEBUGINFOD_URLS=https://debuginfod.ubuntu.com /usr/bin/cmake --install /home/matylda-hayne/mtrx3760_p2/MTRX3760_PROJECT_2/build/robot
[1.367s] -- Install configuration: ""
[1.367s] -- Up-to-date: /home/matylda-hayne/mtrx3760_p2/MTRX3760_PROJECT_2/install/robot/lib/robot/robot_node
[1.367s] -- Installing: /home/matylda-hayne/mtrx3760_p2/MTRX3760_PROJECT_2/install/robot/lib/robot/robot_gui
[1.368s] -- Set non-toolchain portion of runtime path of "/home/matylda-hayne/mtrx3760_p2/MTRX3760_PROJECT_2/install/robot/lib/robot/robot_gui" to ""
[1.368s] -- Up-to-date: /home/matylda-hayne/mtrx3760_p2/MTRX3760_PROJECT_2/install/robot/include
[1.368s] -- Up-to-date: /home/matylda-hayne/mtrx3760_p2/MTRX3760_PROJECT_2/install/robot/include/robot
[1.369s] -- Up-to-date: /home/matylda-hayne/mtrx3760_p2/MTRX3760_PROJECT_2/install/robot/include/robot/robot_node.h
[1.369s] -- Up-to-date: /home/matylda-hayne/mtrx3760_p2/MTRX3760_PROJECT_2/install/robot/include/robot/robot_logic.h
[1.369s] -- Up-to-date: /home/matylda-hayne/mtrx3760_p2/MTRX3760_PROJECT_2/install/robot/share/robot/launch
[1.369s] -- Up-to-date: /home/matylda-hayne/mtrx3760_p2/MTRX3760_PROJECT_2/install/robot/share/robot/launch/bringup.launch.py
[1.369s] -- Up-to-date: /home/matylda-hayne/mtrx3760_p2/MTRX3760_PROJECT_2/install/robot/lib/robot/gui.py
[1.369s] -- Up-to-date: /home/matylda-hayne/mtrx3760_p2/MTRX3760_PROJECT_2/install/robot/share/ament_index/resource_index/package_run_dependencies/robot
[1.369s] -- Up-to-date: /home/matylda-hayne/mtrx3760_p2/MTRX3760_PROJECT_2/install/robot/share/ament_index/resource_index/parent_prefix_path/robot
[1.369s] -- Up-to-date: /home/matylda-hayne/mtrx3760_p2/MTRX3760_PROJECT_2/install/robot/share/robot/environment/ament_prefix_path.sh
[1.369s] -- Up-to-date: /home/matylda-hayne/mtrx3760_p2/MTRX3760_PROJECT_2/install/robot/share/robot/environment/ament_prefix_path.dsv
[1.369s] -- Up-to-date: /home/matylda-hayne/mtrx3760_p2/MTRX3760_PROJECT_2/install/robot/share/robot/environment/path.sh
[1.369s] -- Up-to-date: /home/matylda-hayne/mtrx3760_p2/MTRX3760_PROJECT_2/install/robot/share/robot/environment/path.dsv
[1.370s] -- Up-to-date: /home/matylda-hayne/mtrx3760_p2/MTRX3760_PROJECT_2/install/robot/share/robot/local_setup.bash
[1.370s] -- Up-to-date: /home/matylda-hayne/mtrx3760_p2/MTRX3760_PROJECT_2/install/robot/share/robot/local_setup.sh
[1.370s] -- Up-to-date: /home/matylda-hayne/mtrx3760_p2/MTRX3760_PROJECT_2/install/robot/share/robot/local_setup.zsh
[1.370s] -- Up-to-date: /home/matylda-hayne/mtrx3760_p2/MTRX3760_PROJECT_2/install/robot/share/robot/local_setup.dsv
[1.370s] -- Installing: /home/matylda-hayne/mtrx3760_p2/MTRX3760_PROJECT_2/install/robot/share/robot/package.dsv
[1.370s] -- Up-to-date: /home/matylda-hayne/mtrx3760_p2/MTRX3760_PROJECT_2/install/robot/share/ament_index/resource_index/packages/robot
[1.370s] -- Up-to-date: /home/matylda-hayne/mtrx3760_p2/MTRX3760_PROJECT_2/install/robot/share/robot/cmake/robotConfig.cmake
[1.370s] -- Up-to-date: /home/matylda-hayne/mtrx3760_p2/MTRX3760_PROJECT_2/install/robot/share/robot/cmake/robotConfig-version.cmake
[1.370s] -- Up-to-date: /home/matylda-hayne/mtrx3760_p2/MTRX3760_PROJECT_2/install/robot/share/robot/package.xml
[1.370s] Invoked command in '/home/matylda-hayne/mtrx3760_p2/MTRX3760_PROJECT_2/build/robot' returned '0': CMAKE_PREFIX_PATH=${CMAKE_PREFIX_PATH}:/home/matylda-hayne/turtlebot3_ws/install/turtlebot3_teleop:/home/matylda-hayne/turtlebot3_ws/install/turtlebot3_example:/opt/ros/jazzy DEBUGINFOD_URLS=https://debuginfod.ubuntu.com /usr/bin/cmake --install /home/matylda-hayne/mtrx3760_p2/MTRX3760_PROJECT_2/build/robot
