[0.085s] DEBUG:colcon:Command line arguments: ['/usr/bin/colcon', 'build']
[0.085s] DEBUG:colcon:Parsed command line arguments: Namespace(log_base=None, log_level=None, verb_name='build', build_base='build', install_base='install', merge_install=False, symlink_install=False, test_result_base=None, continue_on_error=False, executor='parallel', parallel_workers=20, event_handlers=None, ignore_user_meta=False, metas=['./colcon.meta'], base_paths=['.'], packages_ignore=None, packages_ignore_regex=None, paths=None, packages_up_to=None, packages_up_to_regex=None, packages_above=None, packages_above_and_dependencies=None, packages_above_depth=None, packages_select_by_dep=None, packages_skip_by_dep=None, packages_skip_up_to=None, packages_select_build_failed=False, packages_skip_build_finished=False, packages_select_test_failures=False, packages_skip_test_passed=False, packages_select=None, packages_skip=None, packages_select_regex=None, packages_skip_regex=None, packages_start=None, packages_end=None, allow_overriding=[], cmake_args=None, cmake_target=None, cmake_target_skip_unavailable=False, cmake_clean_cache=False, cmake_clean_first=False, cmake_force_configure=False, ament_cmake_args=None, catkin_cmake_args=None, catkin_skip_building_tests=False, mixin_files=None, mixin=None, verb_parser=<colcon_mixin.mixin.mixin_argument.MixinArgumentDecorator object at 0x7e15efa71a30>, verb_extension=<colcon_core.verb.build.BuildVerb object at 0x7e15efa71640>, main=<bound method BuildVerb.main of <colcon_core.verb.build.BuildVerb object at 0x7e15efa71640>>, mixin_verb=('build',))
[0.116s] Level 1:colcon.colcon_core.package_discovery:discover_packages(colcon_meta) check parameters
[0.116s] Level 1:colcon.colcon_core.package_discovery:discover_packages(recursive) check parameters
[0.116s] Level 1:colcon.colcon_core.package_discovery:discover_packages(ignore) check parameters
[0.116s] Level 1:colcon.colcon_core.package_discovery:discover_packages(path) check parameters
[0.116s] Level 1:colcon.colcon_core.package_discovery:discover_packages(colcon_meta) discover
[0.116s] Level 1:colcon.colcon_core.package_discovery:discover_packages(recursive) discover
[0.116s] INFO:colcon.colcon_core.package_discovery:Crawling recursively for packages in '/home/matylda-hayne/mtrx3760_p2/MTRX3760_PROJECT_2'
[0.116s] Level 1:colcon.colcon_core.package_identification:_identify(.) by extensions ['ignore', 'ignore_ament_install']
[0.116s] Level 1:colcon.colcon_core.package_identification:_identify(.) by extension 'ignore'
[0.116s] Level 1:colcon.colcon_core.package_identification:_identify(.) by extension 'ignore_ament_install'
[0.116s] Level 1:colcon.colcon_core.package_identification:_identify(.) by extensions ['colcon_pkg']
[0.116s] Level 1:colcon.colcon_core.package_identification:_identify(.) by extension 'colcon_pkg'
[0.116s] Level 1:colcon.colcon_core.package_identification:_identify(.) by extensions ['colcon_meta']
[0.116s] Level 1:colcon.colcon_core.package_identification:_identify(.) by extension 'colcon_meta'
[0.116s] Level 1:colcon.colcon_core.package_identification:_identify(.) by extensions ['ros']
[0.116s] Level 1:colcon.colcon_core.package_identification:_identify(.) by extension 'ros'
[0.138s] Level 1:colcon.colcon_core.package_identification:_identify(.) by extensions ['cmake', 'python']
[0.138s] Level 1:colcon.colcon_core.package_identification:_identify(.) by extension 'cmake'
[0.138s] Level 1:colcon.colcon_core.package_identification:_identify(.) by extension 'python'
[0.139s] Level 1:colcon.colcon_core.package_identification:_identify(.) by extensions ['python_setup_py']
[0.139s] Level 1:colcon.colcon_core.package_identification:_identify(.) by extension 'python_setup_py'
[0.139s] Level 1:colcon.colcon_core.package_identification:_identify(build) by extensions ['ignore', 'ignore_ament_install']
[0.139s] Level 1:colcon.colcon_core.package_identification:_identify(build) by extension 'ignore'
[0.139s] Level 1:colcon.colcon_core.package_identification:_identify(build) ignored
[0.139s] Level 1:colcon.colcon_core.package_identification:_identify(docs) by extensions ['ignore', 'ignore_ament_install']
[0.139s] Level 1:colcon.colcon_core.package_identification:_identify(docs) by extension 'ignore'
[0.139s] Level 1:colcon.colcon_core.package_identification:_identify(docs) by extension 'ignore_ament_install'
[0.139s] Level 1:colcon.colcon_core.package_identification:_identify(docs) by extensions ['colcon_pkg']
[0.139s] Level 1:colcon.colcon_core.package_identification:_identify(docs) by extension 'colcon_pkg'
[0.139s] Level 1:colcon.colcon_core.package_identification:_identify(docs) by extensions ['colcon_meta']
[0.139s] Level 1:colcon.colcon_core.package_identification:_identify(docs) by extension 'colcon_meta'
[0.139s] Level 1:colcon.colcon_core.package_identification:_identify(docs) by extensions ['ros']
[0.139s] Level 1:colcon.colcon_core.package_identification:_identify(docs) by extension 'ros'
[0.139s] Level 1:colcon.colcon_core.package_identification:_identify(docs) by extensions ['cmake', 'python']
[0.139s] Level 1:colcon.colcon_core.package_identification:_identify(docs) by extension 'cmake'
[0.139s] Level 1:colcon.colcon_core.package_identification:_identify(docs) by extension 'python'
[0.139s] Level 1:colcon.colcon_core.package_identification:_identify(docs) by extensions ['python_setup_py']
[0.139s] Level 1:colcon.colcon_core.package_identification:_identify(docs) by extension 'python_setup_py'
[0.139s] Level 1:colcon.colcon_core.package_identification:_identify(install) by extensions ['ignore', 'ignore_ament_install']
[0.139s] Level 1:colcon.colcon_core.package_identification:_identify(install) by extension 'ignore'
[0.139s] Level 1:colcon.colcon_core.package_identification:_identify(install) ignored
[0.139s] Level 1:colcon.colcon_core.package_identification:_identify(log) by extensions ['ignore', 'ignore_ament_install']
[0.139s] Level 1:colcon.colcon_core.package_identification:_identify(log) by extension 'ignore'
[0.139s] Level 1:colcon.colcon_core.package_identification:_identify(log) ignored
[0.139s] Level 1:colcon.colcon_core.package_identification:_identify(ros2_ws) by extensions ['ignore', 'ignore_ament_install']
[0.139s] Level 1:colcon.colcon_core.package_identification:_identify(ros2_ws) by extension 'ignore'
[0.139s] Level 1:colcon.colcon_core.package_identification:_identify(ros2_ws) by extension 'ignore_ament_install'
[0.139s] Level 1:colcon.colcon_core.package_identification:_identify(ros2_ws) by extensions ['colcon_pkg']
[0.139s] Level 1:colcon.colcon_core.package_identification:_identify(ros2_ws) by extension 'colcon_pkg'
[0.139s] Level 1:colcon.colcon_core.package_identification:_identify(ros2_ws) by extensions ['colcon_meta']
[0.139s] Level 1:colcon.colcon_core.package_identification:_identify(ros2_ws) by extension 'colcon_meta'
[0.139s] Level 1:colcon.colcon_core.package_identification:_identify(ros2_ws) by extensions ['ros']
[0.139s] Level 1:colcon.colcon_core.package_identification:_identify(ros2_ws) by extension 'ros'
[0.139s] Level 1:colcon.colcon_core.package_identification:_identify(ros2_ws) by extensions ['cmake', 'python']
[0.139s] Level 1:colcon.colcon_core.package_identification:_identify(ros2_ws) by extension 'cmake'
[0.139s] Level 1:colcon.colcon_core.package_identification:_identify(ros2_ws) by extension 'python'
[0.139s] Level 1:colcon.colcon_core.package_identification:_identify(ros2_ws) by extensions ['python_setup_py']
[0.139s] Level 1:colcon.colcon_core.package_identification:_identify(ros2_ws) by extension 'python_setup_py'
[0.140s] Level 1:colcon.colcon_core.package_identification:_identify(ros2_ws/build) by extensions ['ignore', 'ignore_ament_install']
[0.140s] Level 1:colcon.colcon_core.package_identification:_identify(ros2_ws/build) by extension 'ignore'
[0.140s] Level 1:colcon.colcon_core.package_identification:_identify(ros2_ws/build) ignored
[0.140s] Level 1:colcon.colcon_core.package_identification:_identify(ros2_ws/install) by extensions ['ignore', 'ignore_ament_install']
[0.140s] Level 1:colcon.colcon_core.package_identification:_identify(ros2_ws/install) by extension 'ignore'
[0.140s] Level 1:colcon.colcon_core.package_identification:_identify(ros2_ws/install) ignored
[0.140s] Level 1:colcon.colcon_core.package_identification:_identify(ros2_ws/log) by extensions ['ignore', 'ignore_ament_install']
[0.140s] Level 1:colcon.colcon_core.package_identification:_identify(ros2_ws/log) by extension 'ignore'
[0.140s] Level 1:colcon.colcon_core.package_identification:_identify(ros2_ws/log) ignored
[0.140s] Level 1:colcon.colcon_core.package_identification:_identify(ros2_ws/src) by extensions ['ignore', 'ignore_ament_install']
[0.140s] Level 1:colcon.colcon_core.package_identification:_identify(ros2_ws/src) by extension 'ignore'
[0.140s] Level 1:colcon.colcon_core.package_identification:_identify(ros2_ws/src) by extension 'ignore_ament_install'
[0.140s] Level 1:colcon.colcon_core.package_identification:_identify(ros2_ws/src) by extensions ['colcon_pkg']
[0.140s] Level 1:colcon.colcon_core.package_identification:_identify(ros2_ws/src) by extension 'colcon_pkg'
[0.140s] Level 1:colcon.colcon_core.package_identification:_identify(ros2_ws/src) by extensions ['colcon_meta']
[0.140s] Level 1:colcon.colcon_core.package_identification:_identify(ros2_ws/src) by extension 'colcon_meta'
[0.140s] Level 1:colcon.colcon_core.package_identification:_identify(ros2_ws/src) by extensions ['ros']
[0.140s] Level 1:colcon.colcon_core.package_identification:_identify(ros2_ws/src) by extension 'ros'
[0.140s] Level 1:colcon.colcon_core.package_identification:_identify(ros2_ws/src) by extensions ['cmake', 'python']
[0.140s] Level 1:colcon.colcon_core.package_identification:_identify(ros2_ws/src) by extension 'cmake'
[0.140s] Level 1:colcon.colcon_core.package_identification:_identify(ros2_ws/src) by extension 'python'
[0.140s] Level 1:colcon.colcon_core.package_identification:_identify(ros2_ws/src) by extensions ['python_setup_py']
[0.140s] Level 1:colcon.colcon_core.package_identification:_identify(ros2_ws/src) by extension 'python_setup_py'
[0.140s] Level 1:colcon.colcon_core.package_identification:_identify(ros2_ws/src/build) by extensions ['ignore', 'ignore_ament_install']
[0.140s] Level 1:colcon.colcon_core.package_identification:_identify(ros2_ws/src/build) by extension 'ignore'
[0.140s] Level 1:colcon.colcon_core.package_identification:_identify(ros2_ws/src/build) ignored
[0.140s] Level 1:colcon.colcon_core.package_identification:_identify(ros2_ws/src/drive) by extensions ['ignore', 'ignore_ament_install']
[0.140s] Level 1:colcon.colcon_core.package_identification:_identify(ros2_ws/src/drive) by extension 'ignore'
[0.140s] Level 1:colcon.colcon_core.package_identification:_identify(ros2_ws/src/drive) by extension 'ignore_ament_install'
[0.140s] Level 1:colcon.colcon_core.package_identification:_identify(ros2_ws/src/drive) by extensions ['colcon_pkg']
[0.140s] Level 1:colcon.colcon_core.package_identification:_identify(ros2_ws/src/drive) by extension 'colcon_pkg'
[0.140s] Level 1:colcon.colcon_core.package_identification:_identify(ros2_ws/src/drive) by extensions ['colcon_meta']
[0.140s] Level 1:colcon.colcon_core.package_identification:_identify(ros2_ws/src/drive) by extension 'colcon_meta'
[0.140s] Level 1:colcon.colcon_core.package_identification:_identify(ros2_ws/src/drive) by extensions ['ros']
[0.140s] Level 1:colcon.colcon_core.package_identification:_identify(ros2_ws/src/drive) by extension 'ros'
[0.140s] Level 1:colcon.colcon_core.package_identification:_identify(ros2_ws/src/drive) by extensions ['cmake', 'python']
[0.140s] Level 1:colcon.colcon_core.package_identification:_identify(ros2_ws/src/drive) by extension 'cmake'
[0.140s] Level 1:colcon.colcon_core.package_identification:_identify(ros2_ws/src/drive) by extension 'python'
[0.140s] Level 1:colcon.colcon_core.package_identification:_identify(ros2_ws/src/drive) by extensions ['python_setup_py']
[0.140s] Level 1:colcon.colcon_core.package_identification:_identify(ros2_ws/src/drive) by extension 'python_setup_py'
[0.141s] Level 1:colcon.colcon_core.package_identification:_identify(ros2_ws/src/install) by extensions ['ignore', 'ignore_ament_install']
[0.141s] Level 1:colcon.colcon_core.package_identification:_identify(ros2_ws/src/install) by extension 'ignore'
[0.141s] Level 1:colcon.colcon_core.package_identification:_identify(ros2_ws/src/install) ignored
[0.141s] Level 1:colcon.colcon_core.package_identification:_identify(ros2_ws/src/log) by extensions ['ignore', 'ignore_ament_install']
[0.141s] Level 1:colcon.colcon_core.package_identification:_identify(ros2_ws/src/log) by extension 'ignore'
[0.141s] Level 1:colcon.colcon_core.package_identification:_identify(ros2_ws/src/log) ignored
[0.141s] Level 1:colcon.colcon_core.package_identification:_identify(ros2_ws/src/shared_interfaces) by extensions ['ignore', 'ignore_ament_install']
[0.141s] Level 1:colcon.colcon_core.package_identification:_identify(ros2_ws/src/shared_interfaces) by extension 'ignore'
[0.141s] Level 1:colcon.colcon_core.package_identification:_identify(ros2_ws/src/shared_interfaces) by extension 'ignore_ament_install'
[0.141s] Level 1:colcon.colcon_core.package_identification:_identify(ros2_ws/src/shared_interfaces) by extensions ['colcon_pkg']
[0.141s] Level 1:colcon.colcon_core.package_identification:_identify(ros2_ws/src/shared_interfaces) by extension 'colcon_pkg'
[0.141s] Level 1:colcon.colcon_core.package_identification:_identify(ros2_ws/src/shared_interfaces) by extensions ['colcon_meta']
[0.141s] Level 1:colcon.colcon_core.package_identification:_identify(ros2_ws/src/shared_interfaces) by extension 'colcon_meta'
[0.141s] Level 1:colcon.colcon_core.package_identification:_identify(ros2_ws/src/shared_interfaces) by extensions ['ros']
[0.141s] Level 1:colcon.colcon_core.package_identification:_identify(ros2_ws/src/shared_interfaces) by extension 'ros'
[0.143s] DEBUG:colcon.colcon_core.package_identification:Package 'ros2_ws/src/shared_interfaces' with type 'ros.ament_cmake' and name 'shared_interfaces'
[0.143s] Level 1:colcon.colcon_core.package_identification:_identify(ros2_ws/src/user_interface) by extensions ['ignore', 'ignore_ament_install']
[0.143s] Level 1:colcon.colcon_core.package_identification:_identify(ros2_ws/src/user_interface) by extension 'ignore'
[0.143s] Level 1:colcon.colcon_core.package_identification:_identify(ros2_ws/src/user_interface) by extension 'ignore_ament_install'
[0.143s] Level 1:colcon.colcon_core.package_identification:_identify(ros2_ws/src/user_interface) by extensions ['colcon_pkg']
[0.143s] Level 1:colcon.colcon_core.package_identification:_identify(ros2_ws/src/user_interface) by extension 'colcon_pkg'
[0.143s] Level 1:colcon.colcon_core.package_identification:_identify(ros2_ws/src/user_interface) by extensions ['colcon_meta']
[0.143s] Level 1:colcon.colcon_core.package_identification:_identify(ros2_ws/src/user_interface) by extension 'colcon_meta'
[0.143s] Level 1:colcon.colcon_core.package_identification:_identify(ros2_ws/src/user_interface) by extensions ['ros']
[0.143s] Level 1:colcon.colcon_core.package_identification:_identify(ros2_ws/src/user_interface) by extension 'ros'
[0.144s] DEBUG:colcon.colcon_core.package_identification:Package 'ros2_ws/src/user_interface' with type 'ros.ament_cmake' and name 'user_interface'
[0.144s] Level 1:colcon.colcon_core.package_identification:_identify(ros2_ws/src/vision) by extensions ['ignore', 'ignore_ament_install']
[0.144s] Level 1:colcon.colcon_core.package_identification:_identify(ros2_ws/src/vision) by extension 'ignore'
[0.144s] Level 1:colcon.colcon_core.package_identification:_identify(ros2_ws/src/vision) by extension 'ignore_ament_install'
[0.144s] Level 1:colcon.colcon_core.package_identification:_identify(ros2_ws/src/vision) by extensions ['colcon_pkg']
[0.144s] Level 1:colcon.colcon_core.package_identification:_identify(ros2_ws/src/vision) by extension 'colcon_pkg'
[0.144s] Level 1:colcon.colcon_core.package_identification:_identify(ros2_ws/src/vision) by extensions ['colcon_meta']
[0.144s] Level 1:colcon.colcon_core.package_identification:_identify(ros2_ws/src/vision) by extension 'colcon_meta'
[0.144s] Level 1:colcon.colcon_core.package_identification:_identify(ros2_ws/src/vision) by extensions ['ros']
[0.144s] Level 1:colcon.colcon_core.package_identification:_identify(ros2_ws/src/vision) by extension 'ros'
[0.144s] Level 1:colcon.colcon_core.package_identification:_identify(ros2_ws/src/vision) by extensions ['cmake', 'python']
[0.144s] Level 1:colcon.colcon_core.package_identification:_identify(ros2_ws/src/vision) by extension 'cmake'
[0.144s] Level 1:colcon.colcon_core.package_identification:_identify(ros2_ws/src/vision) by extension 'python'
[0.144s] Level 1:colcon.colcon_core.package_identification:_identify(ros2_ws/src/vision) by extensions ['python_setup_py']
[0.144s] Level 1:colcon.colcon_core.package_identification:_identify(ros2_ws/src/vision) by extension 'python_setup_py'
[0.144s] Level 1:colcon.colcon_core.package_identification:_identify(style) by extensions ['ignore', 'ignore_ament_install']
[0.144s] Level 1:colcon.colcon_core.package_identification:_identify(style) by extension 'ignore'
[0.144s] Level 1:colcon.colcon_core.package_identification:_identify(style) by extension 'ignore_ament_install'
[0.144s] Level 1:colcon.colcon_core.package_identification:_identify(style) by extensions ['colcon_pkg']
[0.144s] Level 1:colcon.colcon_core.package_identification:_identify(style) by extension 'colcon_pkg'
[0.144s] Level 1:colcon.colcon_core.package_identification:_identify(style) by extensions ['colcon_meta']
[0.144s] Level 1:colcon.colcon_core.package_identification:_identify(style) by extension 'colcon_meta'
[0.144s] Level 1:colcon.colcon_core.package_identification:_identify(style) by extensions ['ros']
[0.144s] Level 1:colcon.colcon_core.package_identification:_identify(style) by extension 'ros'
[0.144s] Level 1:colcon.colcon_core.package_identification:_identify(style) by extensions ['cmake', 'python']
[0.144s] Level 1:colcon.colcon_core.package_identification:_identify(style) by extension 'cmake'
[0.144s] Level 1:colcon.colcon_core.package_identification:_identify(style) by extension 'python'
[0.144s] Level 1:colcon.colcon_core.package_identification:_identify(style) by extensions ['python_setup_py']
[0.144s] Level 1:colcon.colcon_core.package_identification:_identify(style) by extension 'python_setup_py'
[0.144s] Level 1:colcon.colcon_core.package_discovery:discover_packages(recursive) using defaults
[0.144s] Level 1:colcon.colcon_core.package_discovery:discover_packages(ignore) discover
[0.144s] Level 1:colcon.colcon_core.package_discovery:discover_packages(ignore) using defaults
[0.144s] Level 1:colcon.colcon_core.package_discovery:discover_packages(path) discover
[0.144s] Level 1:colcon.colcon_core.package_discovery:discover_packages(path) using defaults
[0.158s] Level 1:colcon.colcon_core.package_discovery:discover_packages(prefix_path) check parameters
[0.158s] Level 1:colcon.colcon_core.package_discovery:discover_packages(prefix_path) discover
[0.161s] DEBUG:colcon.colcon_installed_package_information.package_discovery:Found 15 installed packages in /home/matylda-hayne/turtlebot3_ws/install
[0.161s] DEBUG:colcon.colcon_installed_package_information.package_discovery:Found 0 installed packages in /home/matylda-hayne/turtlebot3_ws/src/turtlebot3_simulations/turtlebot3_gazebo/launch/install
[0.161s] DEBUG:colcon.colcon_installed_package_information.package_discovery:Found 3 installed packages in /home/matylda-hayne/install
[0.161s] DEBUG:colcon.colcon_installed_package_information.package_discovery:Found 1 installed packages in /home/matylda-hayne/mtrx3760_ws/install
[0.162s] DEBUG:colcon.colcon_installed_package_information.package_discovery:Found 398 installed packages in /opt/ros/jazzy
[0.163s] Level 1:colcon.colcon_core.package_discovery:discover_packages(prefix_path) using defaults
[0.209s] Level 5:colcon.colcon_core.verb:set package 'shared_interfaces' build argument 'cmake_args' from command line to 'None'
[0.209s] Level 5:colcon.colcon_core.verb:set package 'shared_interfaces' build argument 'cmake_target' from command line to 'None'
[0.209s] Level 5:colcon.colcon_core.verb:set package 'shared_interfaces' build argument 'cmake_target_skip_unavailable' from command line to 'False'
[0.209s] Level 5:colcon.colcon_core.verb:set package 'shared_interfaces' build argument 'cmake_clean_cache' from command line to 'False'
[0.209s] Level 5:colcon.colcon_core.verb:set package 'shared_interfaces' build argument 'cmake_clean_first' from command line to 'False'
[0.209s] Level 5:colcon.colcon_core.verb:set package 'shared_interfaces' build argument 'cmake_force_configure' from command line to 'False'
[0.209s] Level 5:colcon.colcon_core.verb:set package 'shared_interfaces' build argument 'ament_cmake_args' from command line to 'None'
[0.209s] Level 5:colcon.colcon_core.verb:set package 'shared_interfaces' build argument 'catkin_cmake_args' from command line to 'None'
[0.209s] Level 5:colcon.colcon_core.verb:set package 'shared_interfaces' build argument 'catkin_skip_building_tests' from command line to 'False'
[0.209s] DEBUG:colcon.colcon_core.verb:Building package 'shared_interfaces' with the following arguments: {'ament_cmake_args': None, 'build_base': '/home/matylda-hayne/mtrx3760_p2/MTRX3760_PROJECT_2/build/shared_interfaces', 'catkin_cmake_args': None, 'catkin_skip_building_tests': False, 'cmake_args': None, 'cmake_clean_cache': False, 'cmake_clean_first': False, 'cmake_force_configure': False, 'cmake_target': None, 'cmake_target_skip_unavailable': False, 'install_base': '/home/matylda-hayne/mtrx3760_p2/MTRX3760_PROJECT_2/install/shared_interfaces', 'merge_install': False, 'path': '/home/matylda-hayne/mtrx3760_p2/MTRX3760_PROJECT_2/ros2_ws/src/shared_interfaces', 'symlink_install': False, 'test_result_base': None}
[0.210s] Level 5:colcon.colcon_core.verb:set package 'user_interface' build argument 'cmake_args' from command line to 'None'
[0.210s] Level 5:colcon.colcon_core.verb:set package 'user_interface' build argument 'cmake_target' from command line to 'None'
[0.210s] Level 5:colcon.colcon_core.verb:set package 'user_interface' build argument 'cmake_target_skip_unavailable' from command line to 'False'
[0.210s] Level 5:colcon.colcon_core.verb:set package 'user_interface' build argument 'cmake_clean_cache' from command line to 'False'
[0.210s] Level 5:colcon.colcon_core.verb:set package 'user_interface' build argument 'cmake_clean_first' from command line to 'False'
[0.210s] Level 5:colcon.colcon_core.verb:set package 'user_interface' build argument 'cmake_force_configure' from command line to 'False'
[0.210s] Level 5:colcon.colcon_core.verb:set package 'user_interface' build argument 'ament_cmake_args' from command line to 'None'
[0.210s] Level 5:colcon.colcon_core.verb:set package 'user_interface' build argument 'catkin_cmake_args' from command line to 'None'
[0.210s] Level 5:colcon.colcon_core.verb:set package 'user_interface' build argument 'catkin_skip_building_tests' from command line to 'False'
[0.210s] DEBUG:colcon.colcon_core.verb:Building package 'user_interface' with the following arguments: {'ament_cmake_args': None, 'build_base': '/home/matylda-hayne/mtrx3760_p2/MTRX3760_PROJECT_2/build/user_interface', 'catkin_cmake_args': None, 'catkin_skip_building_tests': False, 'cmake_args': None, 'cmake_clean_cache': False, 'cmake_clean_first': False, 'cmake_force_configure': False, 'cmake_target': None, 'cmake_target_skip_unavailable': False, 'install_base': '/home/matylda-hayne/mtrx3760_p2/MTRX3760_PROJECT_2/install/user_interface', 'merge_install': False, 'path': '/home/matylda-hayne/mtrx3760_p2/MTRX3760_PROJECT_2/ros2_ws/src/user_interface', 'symlink_install': False, 'test_result_base': None}
[0.210s] INFO:colcon.colcon_core.executor:Executing jobs using 'parallel' executor
[0.210s] DEBUG:colcon.colcon_parallel_executor.executor.parallel:run_until_complete
[0.210s] INFO:colcon.colcon_ros.task.ament_cmake.build:Building ROS package in '/home/matylda-hayne/mtrx3760_p2/MTRX3760_PROJECT_2/ros2_ws/src/shared_interfaces' with build type 'ament_cmake'
[0.211s] INFO:colcon.colcon_cmake.task.cmake.build:Building CMake package in '/home/matylda-hayne/mtrx3760_p2/MTRX3760_PROJECT_2/ros2_ws/src/shared_interfaces'
[0.213s] INFO:colcon.colcon_core.plugin_system:Skipping extension 'colcon_core.shell.bat': Not used on non-Windows systems
[0.213s] INFO:colcon.colcon_core.shell:Skip shell extension 'powershell' for command environment: Not usable outside of PowerShell
[0.213s] DEBUG:colcon.colcon_core.shell:Skip shell extension 'dsv' for command environment
[0.220s] DEBUG:colcon.colcon_core.event_handler.log_command:Invoking command in '/home/matylda-hayne/mtrx3760_p2/MTRX3760_PROJECT_2/build/shared_interfaces': CMAKE_PREFIX_PATH=${CMAKE_PREFIX_PATH}:/home/matylda-hayne/turtlebot3_ws/install/turtlebot3_teleop:/home/matylda-hayne/turtlebot3_ws/install/turtlebot3_example:/opt/ros/jazzy DEBUGINFOD_URLS=https://debuginfod.ubuntu.com /usr/bin/cmake /home/matylda-hayne/mtrx3760_p2/MTRX3760_PROJECT_2/ros2_ws/src/shared_interfaces -DCMAKE_INSTALL_PREFIX=/home/matylda-hayne/mtrx3760_p2/MTRX3760_PROJECT_2/install/shared_interfaces
[3.172s] DEBUG:colcon.colcon_core.event_handler.log_command:Invoked command in '/home/matylda-hayne/mtrx3760_p2/MTRX3760_PROJECT_2/build/shared_interfaces' returned '0': CMAKE_PREFIX_PATH=${CMAKE_PREFIX_PATH}:/home/matylda-hayne/turtlebot3_ws/install/turtlebot3_teleop:/home/matylda-hayne/turtlebot3_ws/install/turtlebot3_example:/opt/ros/jazzy DEBUGINFOD_URLS=https://debuginfod.ubuntu.com /usr/bin/cmake /home/matylda-hayne/mtrx3760_p2/MTRX3760_PROJECT_2/ros2_ws/src/shared_interfaces -DCMAKE_INSTALL_PREFIX=/home/matylda-hayne/mtrx3760_p2/MTRX3760_PROJECT_2/install/shared_interfaces
[3.173s] DEBUG:colcon.colcon_core.event_handler.log_command:Invoking command in '/home/matylda-hayne/mtrx3760_p2/MTRX3760_PROJECT_2/build/shared_interfaces': CMAKE_PREFIX_PATH=${CMAKE_PREFIX_PATH}:/home/matylda-hayne/turtlebot3_ws/install/turtlebot3_teleop:/home/matylda-hayne/turtlebot3_ws/install/turtlebot3_example:/opt/ros/jazzy DEBUGINFOD_URLS=https://debuginfod.ubuntu.com /usr/bin/cmake --build /home/matylda-hayne/mtrx3760_p2/MTRX3760_PROJECT_2/build/shared_interfaces -- -j20 -l20
[6.189s] DEBUG:colcon.colcon_core.event_handler.log_command:Invoked command in '/home/matylda-hayne/mtrx3760_p2/MTRX3760_PROJECT_2/build/shared_interfaces' returned '0': CMAKE_PREFIX_PATH=${CMAKE_PREFIX_PATH}:/home/matylda-hayne/turtlebot3_ws/install/turtlebot3_teleop:/home/matylda-hayne/turtlebot3_ws/install/turtlebot3_example:/opt/ros/jazzy DEBUGINFOD_URLS=https://debuginfod.ubuntu.com /usr/bin/cmake --build /home/matylda-hayne/mtrx3760_p2/MTRX3760_PROJECT_2/build/shared_interfaces -- -j20 -l20
[6.198s] DEBUG:colcon.colcon_core.event_handler.log_command:Invoking command in '/home/matylda-hayne/mtrx3760_p2/MTRX3760_PROJECT_2/build/shared_interfaces': CMAKE_PREFIX_PATH=${CMAKE_PREFIX_PATH}:/home/matylda-hayne/turtlebot3_ws/install/turtlebot3_teleop:/home/matylda-hayne/turtlebot3_ws/install/turtlebot3_example:/opt/ros/jazzy DEBUGINFOD_URLS=https://debuginfod.ubuntu.com /usr/bin/cmake --install /home/matylda-hayne/mtrx3760_p2/MTRX3760_PROJECT_2/build/shared_interfaces
[6.267s] Level 1:colcon.colcon_core.environment:create_environment_scripts_only(shared_interfaces)
[6.267s] DEBUG:colcon.colcon_core.event_handler.log_command:Invoked command in '/home/matylda-hayne/mtrx3760_p2/MTRX3760_PROJECT_2/build/shared_interfaces' returned '0': CMAKE_PREFIX_PATH=${CMAKE_PREFIX_PATH}:/home/matylda-hayne/turtlebot3_ws/install/turtlebot3_teleop:/home/matylda-hayne/turtlebot3_ws/install/turtlebot3_example:/opt/ros/jazzy DEBUGINFOD_URLS=https://debuginfod.ubuntu.com /usr/bin/cmake --install /home/matylda-hayne/mtrx3760_p2/MTRX3760_PROJECT_2/build/shared_interfaces
[6.270s] Level 1:colcon.colcon_core.environment:checking '/home/matylda-hayne/mtrx3760_p2/MTRX3760_PROJECT_2/install/shared_interfaces' for CMake module files
[6.271s] Level 1:colcon.colcon_core.environment:checking '/home/matylda-hayne/mtrx3760_p2/MTRX3760_PROJECT_2/install/shared_interfaces' for CMake config files
[6.271s] Level 1:colcon.colcon_core.shell:create_environment_hook('shared_interfaces', 'cmake_prefix_path')
[6.271s] INFO:colcon.colcon_core.shell:Creating environment hook '/home/matylda-hayne/mtrx3760_p2/MTRX3760_PROJECT_2/install/shared_interfaces/share/shared_interfaces/hook/cmake_prefix_path.ps1'
[6.272s] INFO:colcon.colcon_core.shell:Creating environment descriptor '/home/matylda-hayne/mtrx3760_p2/MTRX3760_PROJECT_2/install/shared_interfaces/share/shared_interfaces/hook/cmake_prefix_path.dsv'
[6.272s] INFO:colcon.colcon_core.shell:Creating environment hook '/home/matylda-hayne/mtrx3760_p2/MTRX3760_PROJECT_2/install/shared_interfaces/share/shared_interfaces/hook/cmake_prefix_path.sh'
[6.273s] Level 1:colcon.colcon_core.environment:checking '/home/matylda-hayne/mtrx3760_p2/MTRX3760_PROJECT_2/install/shared_interfaces/lib'
[6.273s] Level 1:colcon.colcon_core.shell:create_environment_hook('shared_interfaces', 'ld_library_path_lib')
[6.273s] INFO:colcon.colcon_core.shell:Creating environment hook '/home/matylda-hayne/mtrx3760_p2/MTRX3760_PROJECT_2/install/shared_interfaces/share/shared_interfaces/hook/ld_library_path_lib.ps1'
[6.274s] INFO:colcon.colcon_core.shell:Creating environment descriptor '/home/matylda-hayne/mtrx3760_p2/MTRX3760_PROJECT_2/install/shared_interfaces/share/shared_interfaces/hook/ld_library_path_lib.dsv'
[6.274s] INFO:colcon.colcon_core.shell:Creating environment hook '/home/matylda-hayne/mtrx3760_p2/MTRX3760_PROJECT_2/install/shared_interfaces/share/shared_interfaces/hook/ld_library_path_lib.sh'
[6.274s] Level 1:colcon.colcon_core.environment:checking '/home/matylda-hayne/mtrx3760_p2/MTRX3760_PROJECT_2/install/shared_interfaces/bin'
[6.274s] Level 1:colcon.colcon_core.environment:checking '/home/matylda-hayne/mtrx3760_p2/MTRX3760_PROJECT_2/install/shared_interfaces/lib/pkgconfig/shared_interfaces.pc'
[6.274s] Level 1:colcon.colcon_core.environment:checking '/home/matylda-hayne/mtrx3760_p2/MTRX3760_PROJECT_2/install/shared_interfaces/lib/python3.12/site-packages'
[6.274s] Level 1:colcon.colcon_core.shell:create_environment_hook('shared_interfaces', 'pythonpath')
[6.274s] INFO:colcon.colcon_core.shell:Creating environment hook '/home/matylda-hayne/mtrx3760_p2/MTRX3760_PROJECT_2/install/shared_interfaces/share/shared_interfaces/hook/pythonpath.ps1'
[6.275s] INFO:colcon.colcon_core.shell:Creating environment descriptor '/home/matylda-hayne/mtrx3760_p2/MTRX3760_PROJECT_2/install/shared_interfaces/share/shared_interfaces/hook/pythonpath.dsv'
[6.275s] INFO:colcon.colcon_core.shell:Creating environment hook '/home/matylda-hayne/mtrx3760_p2/MTRX3760_PROJECT_2/install/shared_interfaces/share/shared_interfaces/hook/pythonpath.sh'
[6.275s] Level 1:colcon.colcon_core.environment:checking '/home/matylda-hayne/mtrx3760_p2/MTRX3760_PROJECT_2/install/shared_interfaces/bin'
[6.275s] INFO:colcon.colcon_core.shell:Creating package script '/home/matylda-hayne/mtrx3760_p2/MTRX3760_PROJECT_2/install/shared_interfaces/share/shared_interfaces/package.ps1'
[6.276s] INFO:colcon.colcon_core.shell:Creating package descriptor '/home/matylda-hayne/mtrx3760_p2/MTRX3760_PROJECT_2/install/shared_interfaces/share/shared_interfaces/package.dsv'
[6.276s] INFO:colcon.colcon_core.shell:Creating package script '/home/matylda-hayne/mtrx3760_p2/MTRX3760_PROJECT_2/install/shared_interfaces/share/shared_interfaces/package.sh'
[6.277s] INFO:colcon.colcon_core.shell:Creating package script '/home/matylda-hayne/mtrx3760_p2/MTRX3760_PROJECT_2/install/shared_interfaces/share/shared_interfaces/package.bash'
[6.277s] INFO:colcon.colcon_core.shell:Creating package script '/home/matylda-hayne/mtrx3760_p2/MTRX3760_PROJECT_2/install/shared_interfaces/share/shared_interfaces/package.zsh'
[6.278s] Level 1:colcon.colcon_core.environment:create_file_with_runtime_dependencies(/home/matylda-hayne/mtrx3760_p2/MTRX3760_PROJECT_2/install/shared_interfaces/share/colcon-core/packages/shared_interfaces)
[6.278s] Level 1:colcon.colcon_core.environment:create_environment_scripts_only(shared_interfaces)
[6.278s] Level 1:colcon.colcon_core.environment:checking '/home/matylda-hayne/mtrx3760_p2/MTRX3760_PROJECT_2/install/shared_interfaces' for CMake module files
[6.279s] Level 1:colcon.colcon_core.environment:checking '/home/matylda-hayne/mtrx3760_p2/MTRX3760_PROJECT_2/install/shared_interfaces' for CMake config files
[6.279s] Level 1:colcon.colcon_core.shell:create_environment_hook('shared_interfaces', 'cmake_prefix_path')
[6.279s] INFO:colcon.colcon_core.shell:Creating environment hook '/home/matylda-hayne/mtrx3760_p2/MTRX3760_PROJECT_2/install/shared_interfaces/share/shared_interfaces/hook/cmake_prefix_path.ps1'
[6.279s] INFO:colcon.colcon_core.shell:Creating environment descriptor '/home/matylda-hayne/mtrx3760_p2/MTRX3760_PROJECT_2/install/shared_interfaces/share/shared_interfaces/hook/cmake_prefix_path.dsv'
[6.280s] INFO:colcon.colcon_core.shell:Creating environment hook '/home/matylda-hayne/mtrx3760_p2/MTRX3760_PROJECT_2/install/shared_interfaces/share/shared_interfaces/hook/cmake_prefix_path.sh'
[6.280s] Level 1:colcon.colcon_core.environment:checking '/home/matylda-hayne/mtrx3760_p2/MTRX3760_PROJECT_2/install/shared_interfaces/lib'
[6.280s] Level 1:colcon.colcon_core.shell:create_environment_hook('shared_interfaces', 'ld_library_path_lib')
[6.280s] INFO:colcon.colcon_core.shell:Creating environment hook '/home/matylda-hayne/mtrx3760_p2/MTRX3760_PROJECT_2/install/shared_interfaces/share/shared_interfaces/hook/ld_library_path_lib.ps1'
[6.280s] INFO:colcon.colcon_core.shell:Creating environment descriptor '/home/matylda-hayne/mtrx3760_p2/MTRX3760_PROJECT_2/install/shared_interfaces/share/shared_interfaces/hook/ld_library_path_lib.dsv'
[6.281s] INFO:colcon.colcon_core.shell:Creating environment hook '/home/matylda-hayne/mtrx3760_p2/MTRX3760_PROJECT_2/install/shared_interfaces/share/shared_interfaces/hook/ld_library_path_lib.sh'
[6.281s] Level 1:colcon.colcon_core.environment:checking '/home/matylda-hayne/mtrx3760_p2/MTRX3760_PROJECT_2/install/shared_interfaces/bin'
[6.281s] Level 1:colcon.colcon_core.environment:checking '/home/matylda-hayne/mtrx3760_p2/MTRX3760_PROJECT_2/install/shared_interfaces/lib/pkgconfig/shared_interfaces.pc'
[6.281s] Level 1:colcon.colcon_core.environment:checking '/home/matylda-hayne/mtrx3760_p2/MTRX3760_PROJECT_2/install/shared_interfaces/lib/python3.12/site-packages'
[6.281s] Level 1:colcon.colcon_core.shell:create_environment_hook('shared_interfaces', 'pythonpath')
[6.281s] INFO:colcon.colcon_core.shell:Creating environment hook '/home/matylda-hayne/mtrx3760_p2/MTRX3760_PROJECT_2/install/shared_interfaces/share/shared_interfaces/hook/pythonpath.ps1'
[6.282s] INFO:colcon.colcon_core.shell:Creating environment descriptor '/home/matylda-hayne/mtrx3760_p2/MTRX3760_PROJECT_2/install/shared_interfaces/share/shared_interfaces/hook/pythonpath.dsv'
[6.282s] INFO:colcon.colcon_core.shell:Creating environment hook '/home/matylda-hayne/mtrx3760_p2/MTRX3760_PROJECT_2/install/shared_interfaces/share/shared_interfaces/hook/pythonpath.sh'
[6.282s] Level 1:colcon.colcon_core.environment:checking '/home/matylda-hayne/mtrx3760_p2/MTRX3760_PROJECT_2/install/shared_interfaces/bin'
[6.282s] INFO:colcon.colcon_core.shell:Creating package script '/home/matylda-hayne/mtrx3760_p2/MTRX3760_PROJECT_2/install/shared_interfaces/share/shared_interfaces/package.ps1'
[6.283s] INFO:colcon.colcon_core.shell:Creating package descriptor '/home/matylda-hayne/mtrx3760_p2/MTRX3760_PROJECT_2/install/shared_interfaces/share/shared_interfaces/package.dsv'
[6.283s] INFO:colcon.colcon_core.shell:Creating package script '/home/matylda-hayne/mtrx3760_p2/MTRX3760_PROJECT_2/install/shared_interfaces/share/shared_interfaces/package.sh'
[6.283s] INFO:colcon.colcon_core.shell:Creating package script '/home/matylda-hayne/mtrx3760_p2/MTRX3760_PROJECT_2/install/shared_interfaces/share/shared_interfaces/package.bash'
[6.283s] INFO:colcon.colcon_core.shell:Creating package script '/home/matylda-hayne/mtrx3760_p2/MTRX3760_PROJECT_2/install/shared_interfaces/share/shared_interfaces/package.zsh'
[6.284s] Level 1:colcon.colcon_core.environment:create_file_with_runtime_dependencies(/home/matylda-hayne/mtrx3760_p2/MTRX3760_PROJECT_2/install/shared_interfaces/share/colcon-core/packages/shared_interfaces)
[6.284s] INFO:colcon.colcon_ros.task.ament_cmake.build:Building ROS package in '/home/matylda-hayne/mtrx3760_p2/MTRX3760_PROJECT_2/ros2_ws/src/user_interface' with build type 'ament_cmake'
[6.284s] INFO:colcon.colcon_cmake.task.cmake.build:Building CMake package in '/home/matylda-hayne/mtrx3760_p2/MTRX3760_PROJECT_2/ros2_ws/src/user_interface'
[6.284s] INFO:colcon.colcon_core.shell:Skip shell extension 'powershell' for command environment: Not usable outside of PowerShell
[6.284s] DEBUG:colcon.colcon_core.shell:Skip shell extension 'dsv' for command environment
[6.294s] DEBUG:colcon.colcon_core.event_handler.log_command:Invoking command in '/home/matylda-hayne/mtrx3760_p2/MTRX3760_PROJECT_2/build/user_interface': AMENT_PREFIX_PATH=/home/matylda-hayne/mtrx3760_p2/MTRX3760_PROJECT_2/install/shared_interfaces:${AMENT_PREFIX_PATH} CMAKE_PREFIX_PATH=/home/matylda-hayne/mtrx3760_p2/MTRX3760_PROJECT_2/install/shared_interfaces:/home/matylda-hayne/turtlebot3_ws/install/turtlebot3:/home/matylda-hayne/turtlebot3_ws/install/turtlebot3_simulations:/home/matylda-hayne/turtlebot3_ws/install/turtlebot3_bringup:/home/matylda-hayne/turtlebot3_ws/install/turtlebot3_node:/home/matylda-hayne/turtlebot3_ws/install/turtlebot3_navigation2:/home/matylda-hayne/turtlebot3_ws/install/turtlebot3_fake_node:/home/matylda-hayne/turtlebot3_ws/install/turtlebot3_msgs:/home/matylda-hayne/turtlebot3_ws/install/turtlebot3_gazebo:/home/matylda-hayne/turtlebot3_ws/install/turtlebot3_description:/home/matylda-hayne/turtlebot3_ws/install/turtlebot3_cartographer:/home/matylda-hayne/turtlebot3_ws/install/dynamixel_sdk_examples:/home/matylda-hayne/turtlebot3_ws/install/dynamixel_sdk_custom_interfaces:/home/matylda-hayne/turtlebot3_ws/install/dynamixel_sdk:/home/matylda-hayne/install/turtlebot_maze_solver:/home/matylda-hayne/install/polygon_plugins:/home/matylda-hayne/install/polygon_base:/home/matylda-hayne/mtrx3760_ws/install/turtlebot_maze_solver:/opt/ros/jazzy/opt/gz_sim_vendor:/opt/ros/jazzy/opt/gz_sensors_vendor:/opt/ros/jazzy/opt/gz_physics_vendor:/opt/ros/jazzy/opt/sdformat_vendor:/opt/ros/jazzy/opt/gz_gui_vendor:/opt/ros/jazzy/opt/gz_transport_vendor:/opt/ros/jazzy/opt/gz_rendering_vendor:/opt/ros/jazzy/opt/gz_plugin_vendor:/opt/ros/jazzy/opt/gz_fuel_tools_vendor:/opt/ros/jazzy/opt/gz_msgs_vendor:/opt/ros/jazzy/opt/gz_common_vendor:/opt/ros/jazzy/opt/gz_math_vendor:/opt/ros/jazzy/opt/gz_utils_vendor:/opt/ros/jazzy/opt/gz_tools_vendor:/opt/ros/jazzy/opt/gz_ogre_next_vendor:/opt/ros/jazzy/opt/gz_dartsim_vendor:/opt/ros/jazzy/opt/gz_cmake_vendor:/home/matylda-hayne/turtlebot3_ws/install/turtlebot3_teleop:/home/matylda-hayne/turtlebot3_ws/install/turtlebot3_example:/opt/ros/jazzy DEBUGINFOD_URLS=https://debuginfod.ubuntu.com LD_LIBRARY_PATH=/home/matylda-hayne/mtrx3760_p2/MTRX3760_PROJECT_2/install/shared_interfaces/lib:${LD_LIBRARY_PATH} PYTHONPATH=/home/matylda-hayne/mtrx3760_p2/MTRX3760_PROJECT_2/install/shared_interfaces/lib/python3.12/site-packages:${PYTHONPATH} /usr/bin/cmake /home/matylda-hayne/mtrx3760_p2/MTRX3760_PROJECT_2/ros2_ws/src/user_interface -DCMAKE_INSTALL_PREFIX=/home/matylda-hayne/mtrx3760_p2/MTRX3760_PROJECT_2/install/user_interface
[7.677s] DEBUG:colcon.colcon_core.event_handler.log_command:Invoked command in '/home/matylda-hayne/mtrx3760_p2/MTRX3760_PROJECT_2/build/user_interface' returned '0': AMENT_PREFIX_PATH=/home/matylda-hayne/mtrx3760_p2/MTRX3760_PROJECT_2/install/shared_interfaces:${AMENT_PREFIX_PATH} CMAKE_PREFIX_PATH=/home/matylda-hayne/mtrx3760_p2/MTRX3760_PROJECT_2/install/shared_interfaces:/home/matylda-hayne/turtlebot3_ws/install/turtlebot3:/home/matylda-hayne/turtlebot3_ws/install/turtlebot3_simulations:/home/matylda-hayne/turtlebot3_ws/install/turtlebot3_bringup:/home/matylda-hayne/turtlebot3_ws/install/turtlebot3_node:/home/matylda-hayne/turtlebot3_ws/install/turtlebot3_navigation2:/home/matylda-hayne/turtlebot3_ws/install/turtlebot3_fake_node:/home/matylda-hayne/turtlebot3_ws/install/turtlebot3_msgs:/home/matylda-hayne/turtlebot3_ws/install/turtlebot3_gazebo:/home/matylda-hayne/turtlebot3_ws/install/turtlebot3_description:/home/matylda-hayne/turtlebot3_ws/install/turtlebot3_cartographer:/home/matylda-hayne/turtlebot3_ws/install/dynamixel_sdk_examples:/home/matylda-hayne/turtlebot3_ws/install/dynamixel_sdk_custom_interfaces:/home/matylda-hayne/turtlebot3_ws/install/dynamixel_sdk:/home/matylda-hayne/install/turtlebot_maze_solver:/home/matylda-hayne/install/polygon_plugins:/home/matylda-hayne/install/polygon_base:/home/matylda-hayne/mtrx3760_ws/install/turtlebot_maze_solver:/opt/ros/jazzy/opt/gz_sim_vendor:/opt/ros/jazzy/opt/gz_sensors_vendor:/opt/ros/jazzy/opt/gz_physics_vendor:/opt/ros/jazzy/opt/sdformat_vendor:/opt/ros/jazzy/opt/gz_gui_vendor:/opt/ros/jazzy/opt/gz_transport_vendor:/opt/ros/jazzy/opt/gz_rendering_vendor:/opt/ros/jazzy/opt/gz_plugin_vendor:/opt/ros/jazzy/opt/gz_fuel_tools_vendor:/opt/ros/jazzy/opt/gz_msgs_vendor:/opt/ros/jazzy/opt/gz_common_vendor:/opt/ros/jazzy/opt/gz_math_vendor:/opt/ros/jazzy/opt/gz_utils_vendor:/opt/ros/jazzy/opt/gz_tools_vendor:/opt/ros/jazzy/opt/gz_ogre_next_vendor:/opt/ros/jazzy/opt/gz_dartsim_vendor:/opt/ros/jazzy/opt/gz_cmake_vendor:/home/matylda-hayne/turtlebot3_ws/install/turtlebot3_teleop:/home/matylda-hayne/turtlebot3_ws/install/turtlebot3_example:/opt/ros/jazzy DEBUGINFOD_URLS=https://debuginfod.ubuntu.com LD_LIBRARY_PATH=/home/matylda-hayne/mtrx3760_p2/MTRX3760_PROJECT_2/install/shared_interfaces/lib:${LD_LIBRARY_PATH} PYTHONPATH=/home/matylda-hayne/mtrx3760_p2/MTRX3760_PROJECT_2/install/shared_interfaces/lib/python3.12/site-packages:${PYTHONPATH} /usr/bin/cmake /home/matylda-hayne/mtrx3760_p2/MTRX3760_PROJECT_2/ros2_ws/src/user_interface -DCMAKE_INSTALL_PREFIX=/home/matylda-hayne/mtrx3760_p2/MTRX3760_PROJECT_2/install/user_interface
[7.678s] DEBUG:colcon.colcon_core.event_handler.log_command:Invoking command in '/home/matylda-hayne/mtrx3760_p2/MTRX3760_PROJECT_2/build/user_interface': AMENT_PREFIX_PATH=/home/matylda-hayne/mtrx3760_p2/MTRX3760_PROJECT_2/install/shared_interfaces:${AMENT_PREFIX_PATH} CMAKE_PREFIX_PATH=/home/matylda-hayne/mtrx3760_p2/MTRX3760_PROJECT_2/install/shared_interfaces:/home/matylda-hayne/turtlebot3_ws/install/turtlebot3:/home/matylda-hayne/turtlebot3_ws/install/turtlebot3_simulations:/home/matylda-hayne/turtlebot3_ws/install/turtlebot3_bringup:/home/matylda-hayne/turtlebot3_ws/install/turtlebot3_node:/home/matylda-hayne/turtlebot3_ws/install/turtlebot3_navigation2:/home/matylda-hayne/turtlebot3_ws/install/turtlebot3_fake_node:/home/matylda-hayne/turtlebot3_ws/install/turtlebot3_msgs:/home/matylda-hayne/turtlebot3_ws/install/turtlebot3_gazebo:/home/matylda-hayne/turtlebot3_ws/install/turtlebot3_description:/home/matylda-hayne/turtlebot3_ws/install/turtlebot3_cartographer:/home/matylda-hayne/turtlebot3_ws/install/dynamixel_sdk_examples:/home/matylda-hayne/turtlebot3_ws/install/dynamixel_sdk_custom_interfaces:/home/matylda-hayne/turtlebot3_ws/install/dynamixel_sdk:/home/matylda-hayne/install/turtlebot_maze_solver:/home/matylda-hayne/install/polygon_plugins:/home/matylda-hayne/install/polygon_base:/home/matylda-hayne/mtrx3760_ws/install/turtlebot_maze_solver:/opt/ros/jazzy/opt/gz_sim_vendor:/opt/ros/jazzy/opt/gz_sensors_vendor:/opt/ros/jazzy/opt/gz_physics_vendor:/opt/ros/jazzy/opt/sdformat_vendor:/opt/ros/jazzy/opt/gz_gui_vendor:/opt/ros/jazzy/opt/gz_transport_vendor:/opt/ros/jazzy/opt/gz_rendering_vendor:/opt/ros/jazzy/opt/gz_plugin_vendor:/opt/ros/jazzy/opt/gz_fuel_tools_vendor:/opt/ros/jazzy/opt/gz_msgs_vendor:/opt/ros/jazzy/opt/gz_common_vendor:/opt/ros/jazzy/opt/gz_math_vendor:/opt/ros/jazzy/opt/gz_utils_vendor:/opt/ros/jazzy/opt/gz_tools_vendor:/opt/ros/jazzy/opt/gz_ogre_next_vendor:/opt/ros/jazzy/opt/gz_dartsim_vendor:/opt/ros/jazzy/opt/gz_cmake_vendor:/home/matylda-hayne/turtlebot3_ws/install/turtlebot3_teleop:/home/matylda-hayne/turtlebot3_ws/install/turtlebot3_example:/opt/ros/jazzy DEBUGINFOD_URLS=https://debuginfod.ubuntu.com LD_LIBRARY_PATH=/home/matylda-hayne/mtrx3760_p2/MTRX3760_PROJECT_2/install/shared_interfaces/lib:${LD_LIBRARY_PATH} PYTHONPATH=/home/matylda-hayne/mtrx3760_p2/MTRX3760_PROJECT_2/install/shared_interfaces/lib/python3.12/site-packages:${PYTHONPATH} /usr/bin/cmake --build /home/matylda-hayne/mtrx3760_p2/MTRX3760_PROJECT_2/build/user_interface -- -j20 -l20
[12.476s] DEBUG:colcon.colcon_core.event_handler.log_command:Invoked command in '/home/matylda-hayne/mtrx3760_p2/MTRX3760_PROJECT_2/build/user_interface' returned '2': AMENT_PREFIX_PATH=/home/matylda-hayne/mtrx3760_p2/MTRX3760_PROJECT_2/install/shared_interfaces:${AMENT_PREFIX_PATH} CMAKE_PREFIX_PATH=/home/matylda-hayne/mtrx3760_p2/MTRX3760_PROJECT_2/install/shared_interfaces:/home/matylda-hayne/turtlebot3_ws/install/turtlebot3:/home/matylda-hayne/turtlebot3_ws/install/turtlebot3_simulations:/home/matylda-hayne/turtlebot3_ws/install/turtlebot3_bringup:/home/matylda-hayne/turtlebot3_ws/install/turtlebot3_node:/home/matylda-hayne/turtlebot3_ws/install/turtlebot3_navigation2:/home/matylda-hayne/turtlebot3_ws/install/turtlebot3_fake_node:/home/matylda-hayne/turtlebot3_ws/install/turtlebot3_msgs:/home/matylda-hayne/turtlebot3_ws/install/turtlebot3_gazebo:/home/matylda-hayne/turtlebot3_ws/install/turtlebot3_description:/home/matylda-hayne/turtlebot3_ws/install/turtlebot3_cartographer:/home/matylda-hayne/turtlebot3_ws/install/dynamixel_sdk_examples:/home/matylda-hayne/turtlebot3_ws/install/dynamixel_sdk_custom_interfaces:/home/matylda-hayne/turtlebot3_ws/install/dynamixel_sdk:/home/matylda-hayne/install/turtlebot_maze_solver:/home/matylda-hayne/install/polygon_plugins:/home/matylda-hayne/install/polygon_base:/home/matylda-hayne/mtrx3760_ws/install/turtlebot_maze_solver:/opt/ros/jazzy/opt/gz_sim_vendor:/opt/ros/jazzy/opt/gz_sensors_vendor:/opt/ros/jazzy/opt/gz_physics_vendor:/opt/ros/jazzy/opt/sdformat_vendor:/opt/ros/jazzy/opt/gz_gui_vendor:/opt/ros/jazzy/opt/gz_transport_vendor:/opt/ros/jazzy/opt/gz_rendering_vendor:/opt/ros/jazzy/opt/gz_plugin_vendor:/opt/ros/jazzy/opt/gz_fuel_tools_vendor:/opt/ros/jazzy/opt/gz_msgs_vendor:/opt/ros/jazzy/opt/gz_common_vendor:/opt/ros/jazzy/opt/gz_math_vendor:/opt/ros/jazzy/opt/gz_utils_vendor:/opt/ros/jazzy/opt/gz_tools_vendor:/opt/ros/jazzy/opt/gz_ogre_next_vendor:/opt/ros/jazzy/opt/gz_dartsim_vendor:/opt/ros/jazzy/opt/gz_cmake_vendor:/home/matylda-hayne/turtlebot3_ws/install/turtlebot3_teleop:/home/matylda-hayne/turtlebot3_ws/install/turtlebot3_example:/opt/ros/jazzy DEBUGINFOD_URLS=https://debuginfod.ubuntu.com LD_LIBRARY_PATH=/home/matylda-hayne/mtrx3760_p2/MTRX3760_PROJECT_2/install/shared_interfaces/lib:${LD_LIBRARY_PATH} PYTHONPATH=/home/matylda-hayne/mtrx3760_p2/MTRX3760_PROJECT_2/install/shared_interfaces/lib/python3.12/site-packages:${PYTHONPATH} /usr/bin/cmake --build /home/matylda-hayne/mtrx3760_p2/MTRX3760_PROJECT_2/build/user_interface -- -j20 -l20
[12.476s] Level 1:colcon.colcon_core.environment:create_environment_scripts_only(user_interface)
[12.476s] Level 1:colcon.colcon_core.environment:checking '/home/matylda-hayne/mtrx3760_p2/MTRX3760_PROJECT_2/install/user_interface' for CMake module files
[12.477s] Level 1:colcon.colcon_core.environment:checking '/home/matylda-hayne/mtrx3760_p2/MTRX3760_PROJECT_2/install/user_interface' for CMake config files
[12.477s] Level 1:colcon.colcon_core.environment:checking '/home/matylda-hayne/mtrx3760_p2/MTRX3760_PROJECT_2/install/user_interface/bin'
[12.477s] Level 1:colcon.colcon_core.environment:checking '/home/matylda-hayne/mtrx3760_p2/MTRX3760_PROJECT_2/install/user_interface/lib/pkgconfig/user_interface.pc'
[12.477s] Level 1:colcon.colcon_core.environment:checking '/home/matylda-hayne/mtrx3760_p2/MTRX3760_PROJECT_2/install/user_interface/lib/python3.12/site-packages'
[12.477s] Level 1:colcon.colcon_core.environment:checking '/home/matylda-hayne/mtrx3760_p2/MTRX3760_PROJECT_2/install/user_interface/bin'
[12.478s] INFO:colcon.colcon_core.shell:Creating package script '/home/matylda-hayne/mtrx3760_p2/MTRX3760_PROJECT_2/install/user_interface/share/user_interface/package.ps1'
[12.478s] INFO:colcon.colcon_core.shell:Creating package descriptor '/home/matylda-hayne/mtrx3760_p2/MTRX3760_PROJECT_2/install/user_interface/share/user_interface/package.dsv'
[12.479s] INFO:colcon.colcon_core.shell:Creating package script '/home/matylda-hayne/mtrx3760_p2/MTRX3760_PROJECT_2/install/user_interface/share/user_interface/package.sh'
[12.479s] INFO:colcon.colcon_core.shell:Creating package script '/home/matylda-hayne/mtrx3760_p2/MTRX3760_PROJECT_2/install/user_interface/share/user_interface/package.bash'
[12.479s] INFO:colcon.colcon_core.shell:Creating package script '/home/matylda-hayne/mtrx3760_p2/MTRX3760_PROJECT_2/install/user_interface/share/user_interface/package.zsh'
[12.480s] Level 1:colcon.colcon_core.environment:create_file_with_runtime_dependencies(/home/matylda-hayne/mtrx3760_p2/MTRX3760_PROJECT_2/install/user_interface/share/colcon-core/packages/user_interface)
[12.490s] DEBUG:colcon.colcon_parallel_executor.executor.parallel:closing loop
[12.491s] DEBUG:colcon.colcon_parallel_executor.executor.parallel:loop closed
[12.491s] DEBUG:colcon.colcon_parallel_executor.executor.parallel:run_until_complete finished with '2'
[12.491s] DEBUG:colcon.colcon_core.event_reactor:joining thread
[12.498s] INFO:colcon.colcon_core.plugin_system:Skipping extension 'colcon_notification.desktop_notification.terminal_notifier': Not used on non-Darwin systems
[12.498s] INFO:colcon.colcon_core.plugin_system:Skipping extension 'colcon_notification.desktop_notification.win32': Not used on non-Windows systems
[12.498s] INFO:colcon.colcon_notification.desktop_notification:Sending desktop notification using 'notify2'
[12.518s] DEBUG:colcon.colcon_core.event_reactor:joined thread
[12.518s] INFO:colcon.colcon_core.shell:Creating prefix script '/home/matylda-hayne/mtrx3760_p2/MTRX3760_PROJECT_2/install/local_setup.ps1'
[12.519s] INFO:colcon.colcon_core.shell:Creating prefix util module '/home/matylda-hayne/mtrx3760_p2/MTRX3760_PROJECT_2/install/_local_setup_util_ps1.py'
[12.520s] INFO:colcon.colcon_core.shell:Creating prefix chain script '/home/matylda-hayne/mtrx3760_p2/MTRX3760_PROJECT_2/install/setup.ps1'
[12.522s] INFO:colcon.colcon_core.shell:Creating prefix script '/home/matylda-hayne/mtrx3760_p2/MTRX3760_PROJECT_2/install/local_setup.sh'
[12.523s] INFO:colcon.colcon_core.shell:Creating prefix util module '/home/matylda-hayne/mtrx3760_p2/MTRX3760_PROJECT_2/install/_local_setup_util_sh.py'
[12.524s] INFO:colcon.colcon_core.shell:Creating prefix chain script '/home/matylda-hayne/mtrx3760_p2/MTRX3760_PROJECT_2/install/setup.sh'
[12.527s] INFO:colcon.colcon_core.shell:Creating prefix script '/home/matylda-hayne/mtrx3760_p2/MTRX3760_PROJECT_2/install/local_setup.bash'
[12.527s] INFO:colcon.colcon_core.shell:Creating prefix chain script '/home/matylda-hayne/mtrx3760_p2/MTRX3760_PROJECT_2/install/setup.bash'
[12.531s] INFO:colcon.colcon_core.shell:Creating prefix script '/home/matylda-hayne/mtrx3760_p2/MTRX3760_PROJECT_2/install/local_setup.zsh'
[12.531s] INFO:colcon.colcon_core.shell:Creating prefix chain script '/home/matylda-hayne/mtrx3760_p2/MTRX3760_PROJECT_2/install/setup.zsh'
