[0.075s] DEBUG:colcon:Command line arguments: ['/usr/bin/colcon', 'build']
[0.075s] DEBUG:colcon:Parsed command line arguments: Namespace(log_base=None, log_level=None, verb_name='build', build_base='build', install_base='install', merge_install=False, symlink_install=False, test_result_base=None, continue_on_error=False, executor='parallel', parallel_workers=8, event_handlers=None, ignore_user_meta=False, metas=['./colcon.meta'], base_paths=['.'], packages_ignore=None, packages_ignore_regex=None, paths=None, packages_up_to=None, packages_up_to_regex=None, packages_above=None, packages_above_and_dependencies=None, packages_above_depth=None, packages_select_by_dep=None, packages_skip_by_dep=None, packages_skip_up_to=None, packages_select_build_failed=False, packages_skip_build_finished=False, packages_select_test_failures=False, packages_skip_test_passed=False, packages_select=None, packages_skip=None, packages_select_regex=None, packages_skip_regex=None, packages_start=None, packages_end=None, allow_overriding=[], cmake_args=None, cmake_target=None, cmake_target_skip_unavailable=False, cmake_clean_cache=False, cmake_clean_first=False, cmake_force_configure=False, ament_cmake_args=None, catkin_cmake_args=None, catkin_skip_building_tests=False, mixin_files=None, mixin=None, verb_parser=<colcon_mixin.mixin.mixin_argument.MixinArgumentDecorator object at 0x7f529a3b25d0>, verb_extension=<colcon_core.verb.build.BuildVerb object at 0x7f529a3b2180>, main=<bound method BuildVerb.main of <colcon_core.verb.build.BuildVerb object at 0x7f529a3b2180>>, mixin_verb=('build',))
[0.100s] Level 1:colcon.colcon_core.package_discovery:discover_packages(colcon_meta) check parameters
[0.100s] Level 1:colcon.colcon_core.package_discovery:discover_packages(recursive) check parameters
[0.100s] Level 1:colcon.colcon_core.package_discovery:discover_packages(ignore) check parameters
[0.100s] Level 1:colcon.colcon_core.package_discovery:discover_packages(path) check parameters
[0.100s] Level 1:colcon.colcon_core.package_discovery:discover_packages(colcon_meta) discover
[0.100s] Level 1:colcon.colcon_core.package_discovery:discover_packages(recursive) discover
[0.100s] INFO:colcon.colcon_core.package_discovery:Crawling recursively for packages in '/home/emily/Documents/MTRX3760/Project2/MTRX3760_PROJECT_2/ros2_ws/src/shared_interfaces'
[0.100s] Level 1:colcon.colcon_core.package_identification:_identify(.) by extensions ['ignore', 'ignore_ament_install']
[0.100s] Level 1:colcon.colcon_core.package_identification:_identify(.) by extension 'ignore'
[0.100s] Level 1:colcon.colcon_core.package_identification:_identify(.) by extension 'ignore_ament_install'
[0.100s] Level 1:colcon.colcon_core.package_identification:_identify(.) by extensions ['colcon_pkg']
[0.100s] Level 1:colcon.colcon_core.package_identification:_identify(.) by extension 'colcon_pkg'
[0.100s] Level 1:colcon.colcon_core.package_identification:_identify(.) by extensions ['colcon_meta']
[0.100s] Level 1:colcon.colcon_core.package_identification:_identify(.) by extension 'colcon_meta'
[0.100s] Level 1:colcon.colcon_core.package_identification:_identify(.) by extensions ['ros']
[0.100s] Level 1:colcon.colcon_core.package_identification:_identify(.) by extension 'ros'
[0.118s] DEBUG:colcon.colcon_core.package_identification:Package '.' with type 'ros.ament_cmake' and name 'shared_interfaces'
[0.118s] Level 1:colcon.colcon_core.package_discovery:discover_packages(recursive) using defaults
[0.118s] Level 1:colcon.colcon_core.package_discovery:discover_packages(ignore) discover
[0.118s] Level 1:colcon.colcon_core.package_discovery:discover_packages(ignore) using defaults
[0.118s] Level 1:colcon.colcon_core.package_discovery:discover_packages(path) discover
[0.118s] Level 1:colcon.colcon_core.package_discovery:discover_packages(path) using defaults
[0.129s] Level 1:colcon.colcon_core.package_discovery:discover_packages(prefix_path) check parameters
[0.130s] Level 1:colcon.colcon_core.package_discovery:discover_packages(prefix_path) discover
[0.131s] DEBUG:colcon.colcon_installed_package_information.package_discovery:Found 15 installed packages in /home/emily/turtlebot3_ws/install
[0.131s] DEBUG:colcon.colcon_installed_package_information.package_discovery:Found 1 installed packages in /home/emily/Documents/MTRX3760/Project1/MTRX3760_Project1/ros2/turtlebot_maze_solver/install
[0.132s] DEBUG:colcon.colcon_installed_package_information.package_discovery:Found 411 installed packages in /opt/ros/jazzy
[0.134s] Level 1:colcon.colcon_core.package_discovery:discover_packages(prefix_path) using defaults
[0.171s] Level 5:colcon.colcon_core.verb:set package 'shared_interfaces' build argument 'cmake_args' from command line to 'None'
[0.171s] Level 5:colcon.colcon_core.verb:set package 'shared_interfaces' build argument 'cmake_target' from command line to 'None'
[0.171s] Level 5:colcon.colcon_core.verb:set package 'shared_interfaces' build argument 'cmake_target_skip_unavailable' from command line to 'False'
[0.171s] Level 5:colcon.colcon_core.verb:set package 'shared_interfaces' build argument 'cmake_clean_cache' from command line to 'False'
[0.171s] Level 5:colcon.colcon_core.verb:set package 'shared_interfaces' build argument 'cmake_clean_first' from command line to 'False'
[0.171s] Level 5:colcon.colcon_core.verb:set package 'shared_interfaces' build argument 'cmake_force_configure' from command line to 'False'
[0.171s] Level 5:colcon.colcon_core.verb:set package 'shared_interfaces' build argument 'ament_cmake_args' from command line to 'None'
[0.171s] Level 5:colcon.colcon_core.verb:set package 'shared_interfaces' build argument 'catkin_cmake_args' from command line to 'None'
[0.171s] Level 5:colcon.colcon_core.verb:set package 'shared_interfaces' build argument 'catkin_skip_building_tests' from command line to 'False'
[0.171s] DEBUG:colcon.colcon_core.verb:Building package 'shared_interfaces' with the following arguments: {'ament_cmake_args': None, 'build_base': '/home/emily/Documents/MTRX3760/Project2/MTRX3760_PROJECT_2/ros2_ws/src/shared_interfaces/build/shared_interfaces', 'catkin_cmake_args': None, 'catkin_skip_building_tests': False, 'cmake_args': None, 'cmake_clean_cache': False, 'cmake_clean_first': False, 'cmake_force_configure': False, 'cmake_target': None, 'cmake_target_skip_unavailable': False, 'install_base': '/home/emily/Documents/MTRX3760/Project2/MTRX3760_PROJECT_2/ros2_ws/src/shared_interfaces/install/shared_interfaces', 'merge_install': False, 'path': '/home/emily/Documents/MTRX3760/Project2/MTRX3760_PROJECT_2/ros2_ws/src/shared_interfaces', 'symlink_install': False, 'test_result_base': None}
[0.171s] INFO:colcon.colcon_core.executor:Executing jobs using 'parallel' executor
[0.172s] DEBUG:colcon.colcon_parallel_executor.executor.parallel:run_until_complete
[0.172s] INFO:colcon.colcon_ros.task.ament_cmake.build:Building ROS package in '/home/emily/Documents/MTRX3760/Project2/MTRX3760_PROJECT_2/ros2_ws/src/shared_interfaces' with build type 'ament_cmake'
[0.172s] INFO:colcon.colcon_cmake.task.cmake.build:Building CMake package in '/home/emily/Documents/MTRX3760/Project2/MTRX3760_PROJECT_2/ros2_ws/src/shared_interfaces'
[0.173s] INFO:colcon.colcon_core.plugin_system:Skipping extension 'colcon_core.shell.bat': Not used on non-Windows systems
[0.173s] INFO:colcon.colcon_core.shell:Skip shell extension 'powershell' for command environment: Not usable outside of PowerShell
[0.174s] DEBUG:colcon.colcon_core.shell:Skip shell extension 'dsv' for command environment
[0.180s] DEBUG:colcon.colcon_core.event_handler.log_command:Invoking command in '/home/emily/Documents/MTRX3760/Project2/MTRX3760_PROJECT_2/ros2_ws/src/shared_interfaces/build/shared_interfaces': CMAKE_PREFIX_PATH=${CMAKE_PREFIX_PATH}:/home/emily/turtlebot3_ws/install/turtlebot3_teleop:/home/emily/turtlebot3_ws/install/turtlebot3_example:/opt/ros/jazzy DEBUGINFOD_URLS=https://debuginfod.ubuntu.com /usr/bin/cmake /home/emily/Documents/MTRX3760/Project2/MTRX3760_PROJECT_2/ros2_ws/src/shared_interfaces -DCMAKE_INSTALL_PREFIX=/home/emily/Documents/MTRX3760/Project2/MTRX3760_PROJECT_2/ros2_ws/src/shared_interfaces/install/shared_interfaces
[1.008s] DEBUG:colcon.colcon_core.event_handler.log_command:Invoked command in '/home/emily/Documents/MTRX3760/Project2/MTRX3760_PROJECT_2/ros2_ws/src/shared_interfaces/build/shared_interfaces' returned '1': CMAKE_PREFIX_PATH=${CMAKE_PREFIX_PATH}:/home/emily/turtlebot3_ws/install/turtlebot3_teleop:/home/emily/turtlebot3_ws/install/turtlebot3_example:/opt/ros/jazzy DEBUGINFOD_URLS=https://debuginfod.ubuntu.com /usr/bin/cmake /home/emily/Documents/MTRX3760/Project2/MTRX3760_PROJECT_2/ros2_ws/src/shared_interfaces -DCMAKE_INSTALL_PREFIX=/home/emily/Documents/MTRX3760/Project2/MTRX3760_PROJECT_2/ros2_ws/src/shared_interfaces/install/shared_interfaces
[1.017s] Level 1:colcon.colcon_core.environment:create_environment_scripts_only(shared_interfaces)
[1.018s] Level 1:colcon.colcon_core.environment:checking '/home/emily/Documents/MTRX3760/Project2/MTRX3760_PROJECT_2/ros2_ws/src/shared_interfaces/install/shared_interfaces' for CMake module files
[1.019s] Level 1:colcon.colcon_core.environment:checking '/home/emily/Documents/MTRX3760/Project2/MTRX3760_PROJECT_2/ros2_ws/src/shared_interfaces/install/shared_interfaces' for CMake config files
[1.019s] Level 1:colcon.colcon_core.environment:checking '/home/emily/Documents/MTRX3760/Project2/MTRX3760_PROJECT_2/ros2_ws/src/shared_interfaces/install/shared_interfaces/bin'
[1.019s] Level 1:colcon.colcon_core.environment:checking '/home/emily/Documents/MTRX3760/Project2/MTRX3760_PROJECT_2/ros2_ws/src/shared_interfaces/install/shared_interfaces/lib/pkgconfig/shared_interfaces.pc'
[1.019s] Level 1:colcon.colcon_core.environment:checking '/home/emily/Documents/MTRX3760/Project2/MTRX3760_PROJECT_2/ros2_ws/src/shared_interfaces/install/shared_interfaces/lib/python3.12/site-packages'
[1.019s] Level 1:colcon.colcon_core.environment:checking '/home/emily/Documents/MTRX3760/Project2/MTRX3760_PROJECT_2/ros2_ws/src/shared_interfaces/install/shared_interfaces/bin'
[1.019s] INFO:colcon.colcon_core.shell:Creating package script '/home/emily/Documents/MTRX3760/Project2/MTRX3760_PROJECT_2/ros2_ws/src/shared_interfaces/install/shared_interfaces/share/shared_interfaces/package.ps1'
[1.020s] INFO:colcon.colcon_core.shell:Creating package descriptor '/home/emily/Documents/MTRX3760/Project2/MTRX3760_PROJECT_2/ros2_ws/src/shared_interfaces/install/shared_interfaces/share/shared_interfaces/package.dsv'
[1.020s] INFO:colcon.colcon_core.shell:Creating package script '/home/emily/Documents/MTRX3760/Project2/MTRX3760_PROJECT_2/ros2_ws/src/shared_interfaces/install/shared_interfaces/share/shared_interfaces/package.sh'
[1.020s] INFO:colcon.colcon_core.shell:Creating package script '/home/emily/Documents/MTRX3760/Project2/MTRX3760_PROJECT_2/ros2_ws/src/shared_interfaces/install/shared_interfaces/share/shared_interfaces/package.bash'
[1.021s] INFO:colcon.colcon_core.shell:Creating package script '/home/emily/Documents/MTRX3760/Project2/MTRX3760_PROJECT_2/ros2_ws/src/shared_interfaces/install/shared_interfaces/share/shared_interfaces/package.zsh'
[1.021s] Level 1:colcon.colcon_core.environment:create_file_with_runtime_dependencies(/home/emily/Documents/MTRX3760/Project2/MTRX3760_PROJECT_2/ros2_ws/src/shared_interfaces/install/shared_interfaces/share/colcon-core/packages/shared_interfaces)
[1.031s] DEBUG:colcon.colcon_parallel_executor.executor.parallel:closing loop
[1.031s] DEBUG:colcon.colcon_parallel_executor.executor.parallel:loop closed
[1.031s] DEBUG:colcon.colcon_parallel_executor.executor.parallel:run_until_complete finished with '1'
[1.031s] DEBUG:colcon.colcon_core.event_reactor:joining thread
[1.036s] INFO:colcon.colcon_core.plugin_system:Skipping extension 'colcon_notification.desktop_notification.terminal_notifier': Not used on non-Darwin systems
[1.036s] INFO:colcon.colcon_core.plugin_system:Skipping extension 'colcon_notification.desktop_notification.win32': Not used on non-Windows systems
[1.036s] INFO:colcon.colcon_notification.desktop_notification:Sending desktop notification using 'notify2'
[1.053s] DEBUG:colcon.colcon_core.event_reactor:joined thread
[1.054s] INFO:colcon.colcon_core.shell:Creating prefix script '/home/emily/Documents/MTRX3760/Project2/MTRX3760_PROJECT_2/ros2_ws/src/shared_interfaces/install/local_setup.ps1'
[1.054s] INFO:colcon.colcon_core.shell:Creating prefix util module '/home/emily/Documents/MTRX3760/Project2/MTRX3760_PROJECT_2/ros2_ws/src/shared_interfaces/install/_local_setup_util_ps1.py'
[1.055s] INFO:colcon.colcon_core.shell:Creating prefix chain script '/home/emily/Documents/MTRX3760/Project2/MTRX3760_PROJECT_2/ros2_ws/src/shared_interfaces/install/setup.ps1'
[1.056s] INFO:colcon.colcon_core.shell:Creating prefix script '/home/emily/Documents/MTRX3760/Project2/MTRX3760_PROJECT_2/ros2_ws/src/shared_interfaces/install/local_setup.sh'
[1.057s] INFO:colcon.colcon_core.shell:Creating prefix util module '/home/emily/Documents/MTRX3760/Project2/MTRX3760_PROJECT_2/ros2_ws/src/shared_interfaces/install/_local_setup_util_sh.py'
[1.057s] INFO:colcon.colcon_core.shell:Creating prefix chain script '/home/emily/Documents/MTRX3760/Project2/MTRX3760_PROJECT_2/ros2_ws/src/shared_interfaces/install/setup.sh'
[1.058s] INFO:colcon.colcon_core.shell:Creating prefix script '/home/emily/Documents/MTRX3760/Project2/MTRX3760_PROJECT_2/ros2_ws/src/shared_interfaces/install/local_setup.bash'
[1.059s] INFO:colcon.colcon_core.shell:Creating prefix chain script '/home/emily/Documents/MTRX3760/Project2/MTRX3760_PROJECT_2/ros2_ws/src/shared_interfaces/install/setup.bash'
[1.059s] INFO:colcon.colcon_core.shell:Creating prefix script '/home/emily/Documents/MTRX3760/Project2/MTRX3760_PROJECT_2/ros2_ws/src/shared_interfaces/install/local_setup.zsh'
[1.060s] INFO:colcon.colcon_core.shell:Creating prefix chain script '/home/emily/Documents/MTRX3760/Project2/MTRX3760_PROJECT_2/ros2_ws/src/shared_interfaces/install/setup.zsh'
