-- Found ament_cmake: 2.5.4 (/opt/ros/jazzy/share/ament_cmake/cmake)
-- Found rclcpp: 28.1.11 (/opt/ros/jazzy/share/rclcpp/cmake)
-- Found rosidl_generator_c: 4.6.6 (/opt/ros/jazzy/share/rosidl_generator_c/cmake)
-- Found rosidl_generator_cpp: 4.6.6 (/opt/ros/jazzy/share/rosidl_generator_cpp/cmake)
-- Using all available rosidl_typesupport_c: rosidl_typesupport_fastrtps_c;rosidl_typesupport_introspection_c
-- Using all available rosidl_typesupport_cpp: rosidl_typesupport_fastrtps_cpp;rosidl_typesupport_introspection_cpp
-- Found rmw_implementation_cmake: 7.3.2 (/opt/ros/jazzy/share/rmw_implementation_cmake/cmake)
-- Found rmw_cyclonedds_cpp: 2.2.3 (/opt/ros/jazzy/share/rmw_cyclonedds_cpp/cmake)
-- Using RMW implementation 'rmw_cyclonedds_cpp' as default
-- Found std_msgs: 5.3.6 (/opt/ros/jazzy/share/std_msgs/cmake)
-- Found geometry_msgs: 5.3.6 (/opt/ros/jazzy/share/geometry_msgs/cmake)
-- Found nav_msgs: 5.3.6 (/opt/ros/jazzy/share/nav_msgs/cmake)
-- Found shared_interfaces: 0.0.0 (/home/matylda-hayne/mtrx3760_p2/MTRX3760_PROJECT_2/install/shared_interfaces/share/shared_interfaces/cmake)
[33mCMake Warning (dev) at /usr/share/cmake-3.28/Modules/FindOpenGL.cmake:381 (message):
  Policy CMP0072 is not set: FindOpenGL prefers GLVND by default when
  available.  Run "cmake --help-policy CMP0072" for policy details.  Use the
  cmake_policy command to set the policy and suppress this warning.

  FindOpenGL found both a legacy GL library:

    OPENGL_gl_LIBRARY: /usr/lib/x86_64-linux-gnu/libGL.so

  and GLVND libraries for OpenGL and GLX:

    OPENGL_opengl_LIBRARY: /usr/lib/x86_64-linux-gnu/libOpenGL.so
    OPENGL_glx_LIBRARY: /usr/lib/x86_64-linux-gnu/libGLX.so

  OpenGL_GL_PREFERENCE has not been set to "GLVND" or "LEGACY", so for
  compatibility with CMake 3.10 and below the legacy GL library will be used.
Call Stack (most recent call first):
  CMakeLists.txt:18 (find_package)
This warning is for project developers.  Use -Wno-dev to suppress it.
[0m
-- Configuring done (0.4s)
-- Generating done (0.0s)
-- Build files have been written to: /home/matylda-hayne/mtrx3760_p2/MTRX3760_PROJECT_2/build/user_interface
[ 27%] [32mBuilding CXX object CMakeFiles/user_interface_lib.dir/vendor/imgui/imgui_widgets.cpp.o[0m
[ 27%] [32mBuilding CXX object CMakeFiles/user_interface_lib.dir/vendor/imgui/imgui_demo.cpp.o[0m
[ 27%] [32mBuilding CXX object CMakeFiles/user_interface_lib.dir/vendor/imgui/imgui_tables.cpp.o[0m
[ 36%] [32mBuilding CXX object CMakeFiles/user_interface_lib.dir/vendor/imgui/backends/imgui_impl_opengl3.cpp.o[0m
[ 45%] [32mBuilding CXX object CMakeFiles/user_interface_lib.dir/vendor/imgui/imgui.cpp.o[0m
[ 54%] [32mBuilding CXX object CMakeFiles/user_interface_lib.dir/src/user_interface.cpp.o[0m
[ 63%] [32mBuilding CXX object CMakeFiles/user_interface_lib.dir/vendor/imgui/imgui_draw.cpp.o[0m
[ 72%] [32mBuilding CXX object CMakeFiles/user_interface_lib.dir/vendor/imgui/backends/imgui_impl_glfw.cpp.o[0m
[01m[K/home/matylda-hayne/mtrx3760_p2/MTRX3760_PROJECT_2/ros2_ws/src/user_interface/src/user_interface.cpp:36:10:[m[K [01;31m[Kfatal error: [m[Kstb/stb_image.h: No such file or directory
   36 | #include [01;31m[K"stb/stb_image.h"[m[K
      |          [01;31m[K^~~~~~~~~~~~~~~~~[m[K
compilation terminated.
gmake[2]: *** [CMakeFiles/user_interface_lib.dir/build.make:76: CMakeFiles/user_interface_lib.dir/src/user_interface.cpp.o] Error 1
gmake[2]: *** Waiting for unfinished jobs....
gmake[1]: *** [CMakeFiles/Makefile2:139: CMakeFiles/user_interface_lib.dir/all] Error 2
gmake: *** [Makefile:146: all] Error 2
