[0.086s] DEBUG:colcon:Command line arguments: ['/usr/bin/colcon', 'build', '--packages-select', 'robot']
[0.086s] DEBUG:colcon:Parsed command line arguments: Namespace(log_base=None, log_level=None, verb_name='build', build_base='build', install_base='install', merge_install=False, symlink_install=False, test_result_base=None, continue_on_error=False, executor='parallel', parallel_workers=20, event_handlers=None, ignore_user_meta=False, metas=['./colcon.meta'], base_paths=['.'], packages_ignore=None, packages_ignore_regex=None, paths=None, packages_up_to=None, packages_up_to_regex=None, packages_above=None, packages_above_and_dependencies=None, packages_above_depth=None, packages_select_by_dep=None, packages_skip_by_dep=None, packages_skip_up_to=None, packages_select_build_failed=False, packages_skip_build_finished=False, packages_select_test_failures=False, packages_skip_test_passed=False, packages_select=['robot'], packages_skip=None, packages_select_regex=None, packages_skip_regex=None, packages_start=None, packages_end=None, allow_overriding=[], cmake_args=None, cmake_target=None, cmake_target_skip_unavailable=False, cmake_clean_cache=False, cmake_clean_first=False, cmake_force_configure=False, ament_cmake_args=None, catkin_cmake_args=None, catkin_skip_building_tests=False, mixin_files=None, mixin=None, verb_parser=<colcon_mixin.mixin.mixin_argument.MixinArgumentDecorator object at 0x7100a08a9a30>, verb_extension=<colcon_core.verb.build.BuildVerb object at 0x7100a08a96d0>, main=<bound method BuildVerb.main of <colcon_core.verb.build.BuildVerb object at 0x7100a08a96d0>>, mixin_verb=('build',))
[0.113s] Level 1:colcon.colcon_core.package_discovery:discover_packages(colcon_meta) check parameters
[0.113s] Level 1:colcon.colcon_core.package_discovery:discover_packages(recursive) check parameters
[0.113s] Level 1:colcon.colcon_core.package_discovery:discover_packages(ignore) check parameters
[0.113s] Level 1:colcon.colcon_core.package_discovery:discover_packages(path) check parameters
[0.113s] Level 1:colcon.colcon_core.package_discovery:discover_packages(colcon_meta) discover
[0.113s] Level 1:colcon.colcon_core.package_discovery:discover_packages(recursive) discover
[0.113s] INFO:colcon.colcon_core.package_discovery:Crawling recursively for packages in '/home/matylda-hayne/mtrx3760_p2/MTRX3760_PROJECT_2'
[0.113s] Level 1:colcon.colcon_core.package_identification:_identify(.) by extensions ['ignore', 'ignore_ament_install']
[0.113s] Level 1:colcon.colcon_core.package_identification:_identify(.) by extension 'ignore'
[0.113s] Level 1:colcon.colcon_core.package_identification:_identify(.) by extension 'ignore_ament_install'
[0.113s] Level 1:colcon.colcon_core.package_identification:_identify(.) by extensions ['colcon_pkg']
[0.113s] Level 1:colcon.colcon_core.package_identification:_identify(.) by extension 'colcon_pkg'
[0.113s] Level 1:colcon.colcon_core.package_identification:_identify(.) by extensions ['colcon_meta']
[0.113s] Level 1:colcon.colcon_core.package_identification:_identify(.) by extension 'colcon_meta'
[0.113s] Level 1:colcon.colcon_core.package_identification:_identify(.) by extensions ['ros']
[0.113s] Level 1:colcon.colcon_core.package_identification:_identify(.) by extension 'ros'
[0.130s] Level 1:colcon.colcon_core.package_identification:_identify(.) by extensions ['cmake', 'python']
[0.130s] Level 1:colcon.colcon_core.package_identification:_identify(.) by extension 'cmake'
[0.130s] Level 1:colcon.colcon_core.package_identification:_identify(.) by extension 'python'
[0.130s] Level 1:colcon.colcon_core.package_identification:_identify(.) by extensions ['python_setup_py']
[0.130s] Level 1:colcon.colcon_core.package_identification:_identify(.) by extension 'python_setup_py'
[0.130s] Level 1:colcon.colcon_core.package_identification:_identify(build) by extensions ['ignore', 'ignore_ament_install']
[0.130s] Level 1:colcon.colcon_core.package_identification:_identify(build) by extension 'ignore'
[0.130s] Level 1:colcon.colcon_core.package_identification:_identify(build) ignored
[0.130s] Level 1:colcon.colcon_core.package_identification:_identify(docs) by extensions ['ignore', 'ignore_ament_install']
[0.130s] Level 1:colcon.colcon_core.package_identification:_identify(docs) by extension 'ignore'
[0.130s] Level 1:colcon.colcon_core.package_identification:_identify(docs) by extension 'ignore_ament_install'
[0.130s] Level 1:colcon.colcon_core.package_identification:_identify(docs) by extensions ['colcon_pkg']
[0.130s] Level 1:colcon.colcon_core.package_identification:_identify(docs) by extension 'colcon_pkg'
[0.130s] Level 1:colcon.colcon_core.package_identification:_identify(docs) by extensions ['colcon_meta']
[0.130s] Level 1:colcon.colcon_core.package_identification:_identify(docs) by extension 'colcon_meta'
[0.130s] Level 1:colcon.colcon_core.package_identification:_identify(docs) by extensions ['ros']
[0.130s] Level 1:colcon.colcon_core.package_identification:_identify(docs) by extension 'ros'
[0.130s] Level 1:colcon.colcon_core.package_identification:_identify(docs) by extensions ['cmake', 'python']
[0.130s] Level 1:colcon.colcon_core.package_identification:_identify(docs) by extension 'cmake'
[0.130s] Level 1:colcon.colcon_core.package_identification:_identify(docs) by extension 'python'
[0.130s] Level 1:colcon.colcon_core.package_identification:_identify(docs) by extensions ['python_setup_py']
[0.130s] Level 1:colcon.colcon_core.package_identification:_identify(docs) by extension 'python_setup_py'
[0.130s] Level 1:colcon.colcon_core.package_identification:_identify(install) by extensions ['ignore', 'ignore_ament_install']
[0.130s] Level 1:colcon.colcon_core.package_identification:_identify(install) by extension 'ignore'
[0.130s] Level 1:colcon.colcon_core.package_identification:_identify(install) ignored
[0.130s] Level 1:colcon.colcon_core.package_identification:_identify(log) by extensions ['ignore', 'ignore_ament_install']
[0.130s] Level 1:colcon.colcon_core.package_identification:_identify(log) by extension 'ignore'
[0.130s] Level 1:colcon.colcon_core.package_identification:_identify(log) ignored
[0.130s] Level 1:colcon.colcon_core.package_identification:_identify(ros2_ws) by extensions ['ignore', 'ignore_ament_install']
[0.130s] Level 1:colcon.colcon_core.package_identification:_identify(ros2_ws) by extension 'ignore'
[0.130s] Level 1:colcon.colcon_core.package_identification:_identify(ros2_ws) by extension 'ignore_ament_install'
[0.130s] Level 1:colcon.colcon_core.package_identification:_identify(ros2_ws) by extensions ['colcon_pkg']
[0.130s] Level 1:colcon.colcon_core.package_identification:_identify(ros2_ws) by extension 'colcon_pkg'
[0.130s] Level 1:colcon.colcon_core.package_identification:_identify(ros2_ws) by extensions ['colcon_meta']
[0.130s] Level 1:colcon.colcon_core.package_identification:_identify(ros2_ws) by extension 'colcon_meta'
[0.131s] Level 1:colcon.colcon_core.package_identification:_identify(ros2_ws) by extensions ['ros']
[0.131s] Level 1:colcon.colcon_core.package_identification:_identify(ros2_ws) by extension 'ros'
[0.131s] Level 1:colcon.colcon_core.package_identification:_identify(ros2_ws) by extensions ['cmake', 'python']
[0.131s] Level 1:colcon.colcon_core.package_identification:_identify(ros2_ws) by extension 'cmake'
[0.131s] Level 1:colcon.colcon_core.package_identification:_identify(ros2_ws) by extension 'python'
[0.131s] Level 1:colcon.colcon_core.package_identification:_identify(ros2_ws) by extensions ['python_setup_py']
[0.131s] Level 1:colcon.colcon_core.package_identification:_identify(ros2_ws) by extension 'python_setup_py'
[0.131s] Level 1:colcon.colcon_core.package_identification:_identify(ros2_ws/build) by extensions ['ignore', 'ignore_ament_install']
[0.131s] Level 1:colcon.colcon_core.package_identification:_identify(ros2_ws/build) by extension 'ignore'
[0.131s] Level 1:colcon.colcon_core.package_identification:_identify(ros2_ws/build) ignored
[0.131s] Level 1:colcon.colcon_core.package_identification:_identify(ros2_ws/install) by extensions ['ignore', 'ignore_ament_install']
[0.131s] Level 1:colcon.colcon_core.package_identification:_identify(ros2_ws/install) by extension 'ignore'
[0.131s] Level 1:colcon.colcon_core.package_identification:_identify(ros2_ws/install) ignored
[0.131s] Level 1:colcon.colcon_core.package_identification:_identify(ros2_ws/log) by extensions ['ignore', 'ignore_ament_install']
[0.131s] Level 1:colcon.colcon_core.package_identification:_identify(ros2_ws/log) by extension 'ignore'
[0.131s] Level 1:colcon.colcon_core.package_identification:_identify(ros2_ws/log) ignored
[0.131s] Level 1:colcon.colcon_core.package_identification:_identify(ros2_ws/src) by extensions ['ignore', 'ignore_ament_install']
[0.131s] Level 1:colcon.colcon_core.package_identification:_identify(ros2_ws/src) by extension 'ignore'
[0.131s] Level 1:colcon.colcon_core.package_identification:_identify(ros2_ws/src) by extension 'ignore_ament_install'
[0.131s] Level 1:colcon.colcon_core.package_identification:_identify(ros2_ws/src) by extensions ['colcon_pkg']
[0.131s] Level 1:colcon.colcon_core.package_identification:_identify(ros2_ws/src) by extension 'colcon_pkg'
[0.131s] Level 1:colcon.colcon_core.package_identification:_identify(ros2_ws/src) by extensions ['colcon_meta']
[0.131s] Level 1:colcon.colcon_core.package_identification:_identify(ros2_ws/src) by extension 'colcon_meta'
[0.131s] Level 1:colcon.colcon_core.package_identification:_identify(ros2_ws/src) by extensions ['ros']
[0.131s] Level 1:colcon.colcon_core.package_identification:_identify(ros2_ws/src) by extension 'ros'
[0.131s] Level 1:colcon.colcon_core.package_identification:_identify(ros2_ws/src) by extensions ['cmake', 'python']
[0.131s] Level 1:colcon.colcon_core.package_identification:_identify(ros2_ws/src) by extension 'cmake'
[0.131s] Level 1:colcon.colcon_core.package_identification:_identify(ros2_ws/src) by extension 'python'
[0.131s] Level 1:colcon.colcon_core.package_identification:_identify(ros2_ws/src) by extensions ['python_setup_py']
[0.131s] Level 1:colcon.colcon_core.package_identification:_identify(ros2_ws/src) by extension 'python_setup_py'
[0.131s] Level 1:colcon.colcon_core.package_identification:_identify(ros2_ws/src/build) by extensions ['ignore', 'ignore_ament_install']
[0.131s] Level 1:colcon.colcon_core.package_identification:_identify(ros2_ws/src/build) by extension 'ignore'
[0.131s] Level 1:colcon.colcon_core.package_identification:_identify(ros2_ws/src/build) ignored
[0.131s] Level 1:colcon.colcon_core.package_identification:_identify(ros2_ws/src/drive) by extensions ['ignore', 'ignore_ament_install']
[0.131s] Level 1:colcon.colcon_core.package_identification:_identify(ros2_ws/src/drive) by extension 'ignore'
[0.131s] Level 1:colcon.colcon_core.package_identification:_identify(ros2_ws/src/drive) by extension 'ignore_ament_install'
[0.131s] Level 1:colcon.colcon_core.package_identification:_identify(ros2_ws/src/drive) by extensions ['colcon_pkg']
[0.131s] Level 1:colcon.colcon_core.package_identification:_identify(ros2_ws/src/drive) by extension 'colcon_pkg'
[0.131s] Level 1:colcon.colcon_core.package_identification:_identify(ros2_ws/src/drive) by extensions ['colcon_meta']
[0.131s] Level 1:colcon.colcon_core.package_identification:_identify(ros2_ws/src/drive) by extension 'colcon_meta'
[0.131s] Level 1:colcon.colcon_core.package_identification:_identify(ros2_ws/src/drive) by extensions ['ros']
[0.131s] Level 1:colcon.colcon_core.package_identification:_identify(ros2_ws/src/drive) by extension 'ros'
[0.131s] Level 1:colcon.colcon_core.package_identification:_identify(ros2_ws/src/drive) by extensions ['cmake', 'python']
[0.131s] Level 1:colcon.colcon_core.package_identification:_identify(ros2_ws/src/drive) by extension 'cmake'
[0.131s] Level 1:colcon.colcon_core.package_identification:_identify(ros2_ws/src/drive) by extension 'python'
[0.132s] Level 1:colcon.colcon_core.package_identification:_identify(ros2_ws/src/drive) by extensions ['python_setup_py']
[0.132s] Level 1:colcon.colcon_core.package_identification:_identify(ros2_ws/src/drive) by extension 'python_setup_py'
[0.132s] Level 1:colcon.colcon_core.package_identification:_identify(ros2_ws/src/install) by extensions ['ignore', 'ignore_ament_install']
[0.132s] Level 1:colcon.colcon_core.package_identification:_identify(ros2_ws/src/install) by extension 'ignore'
[0.132s] Level 1:colcon.colcon_core.package_identification:_identify(ros2_ws/src/install) ignored
[0.132s] Level 1:colcon.colcon_core.package_identification:_identify(ros2_ws/src/log) by extensions ['ignore', 'ignore_ament_install']
[0.132s] Level 1:colcon.colcon_core.package_identification:_identify(ros2_ws/src/log) by extension 'ignore'
[0.132s] Level 1:colcon.colcon_core.package_identification:_identify(ros2_ws/src/log) ignored
[0.132s] Level 1:colcon.colcon_core.package_identification:_identify(ros2_ws/src/robot) by extensions ['ignore', 'ignore_ament_install']
[0.132s] Level 1:colcon.colcon_core.package_identification:_identify(ros2_ws/src/robot) by extension 'ignore'
[0.132s] Level 1:colcon.colcon_core.package_identification:_identify(ros2_ws/src/robot) by extension 'ignore_ament_install'
[0.132s] Level 1:colcon.colcon_core.package_identification:_identify(ros2_ws/src/robot) by extensions ['colcon_pkg']
[0.132s] Level 1:colcon.colcon_core.package_identification:_identify(ros2_ws/src/robot) by extension 'colcon_pkg'
[0.132s] Level 1:colcon.colcon_core.package_identification:_identify(ros2_ws/src/robot) by extensions ['colcon_meta']
[0.132s] Level 1:colcon.colcon_core.package_identification:_identify(ros2_ws/src/robot) by extension 'colcon_meta'
[0.132s] Level 1:colcon.colcon_core.package_identification:_identify(ros2_ws/src/robot) by extensions ['ros']
[0.132s] Level 1:colcon.colcon_core.package_identification:_identify(ros2_ws/src/robot) by extension 'ros'
[0.134s] DEBUG:colcon.colcon_core.package_identification:Package 'ros2_ws/src/robot' with type 'ros.ament_cmake' and name 'robot'
[0.134s] Level 1:colcon.colcon_core.package_identification:_identify(ros2_ws/src/vision) by extensions ['ignore', 'ignore_ament_install']
[0.134s] Level 1:colcon.colcon_core.package_identification:_identify(ros2_ws/src/vision) by extension 'ignore'
[0.134s] Level 1:colcon.colcon_core.package_identification:_identify(ros2_ws/src/vision) by extension 'ignore_ament_install'
[0.134s] Level 1:colcon.colcon_core.package_identification:_identify(ros2_ws/src/vision) by extensions ['colcon_pkg']
[0.134s] Level 1:colcon.colcon_core.package_identification:_identify(ros2_ws/src/vision) by extension 'colcon_pkg'
[0.134s] Level 1:colcon.colcon_core.package_identification:_identify(ros2_ws/src/vision) by extensions ['colcon_meta']
[0.134s] Level 1:colcon.colcon_core.package_identification:_identify(ros2_ws/src/vision) by extension 'colcon_meta'
[0.134s] Level 1:colcon.colcon_core.package_identification:_identify(ros2_ws/src/vision) by extensions ['ros']
[0.134s] Level 1:colcon.colcon_core.package_identification:_identify(ros2_ws/src/vision) by extension 'ros'
[0.134s] Level 1:colcon.colcon_core.package_identification:_identify(ros2_ws/src/vision) by extensions ['cmake', 'python']
[0.134s] Level 1:colcon.colcon_core.package_identification:_identify(ros2_ws/src/vision) by extension 'cmake'
[0.134s] Level 1:colcon.colcon_core.package_identification:_identify(ros2_ws/src/vision) by extension 'python'
[0.134s] Level 1:colcon.colcon_core.package_identification:_identify(ros2_ws/src/vision) by extensions ['python_setup_py']
[0.134s] Level 1:colcon.colcon_core.package_identification:_identify(ros2_ws/src/vision) by extension 'python_setup_py'
[0.134s] Level 1:colcon.colcon_core.package_identification:_identify(style) by extensions ['ignore', 'ignore_ament_install']
[0.134s] Level 1:colcon.colcon_core.package_identification:_identify(style) by extension 'ignore'
[0.134s] Level 1:colcon.colcon_core.package_identification:_identify(style) by extension 'ignore_ament_install'
[0.134s] Level 1:colcon.colcon_core.package_identification:_identify(style) by extensions ['colcon_pkg']
[0.134s] Level 1:colcon.colcon_core.package_identification:_identify(style) by extension 'colcon_pkg'
[0.134s] Level 1:colcon.colcon_core.package_identification:_identify(style) by extensions ['colcon_meta']
[0.134s] Level 1:colcon.colcon_core.package_identification:_identify(style) by extension 'colcon_meta'
[0.134s] Level 1:colcon.colcon_core.package_identification:_identify(style) by extensions ['ros']
[0.134s] Level 1:colcon.colcon_core.package_identification:_identify(style) by extension 'ros'
[0.134s] Level 1:colcon.colcon_core.package_identification:_identify(style) by extensions ['cmake', 'python']
[0.134s] Level 1:colcon.colcon_core.package_identification:_identify(style) by extension 'cmake'
[0.134s] Level 1:colcon.colcon_core.package_identification:_identify(style) by extension 'python'
[0.134s] Level 1:colcon.colcon_core.package_identification:_identify(style) by extensions ['python_setup_py']
[0.134s] Level 1:colcon.colcon_core.package_identification:_identify(style) by extension 'python_setup_py'
[0.134s] Level 1:colcon.colcon_core.package_discovery:discover_packages(recursive) using defaults
[0.134s] Level 1:colcon.colcon_core.package_discovery:discover_packages(ignore) discover
[0.134s] Level 1:colcon.colcon_core.package_discovery:discover_packages(ignore) using defaults
[0.134s] Level 1:colcon.colcon_core.package_discovery:discover_packages(path) discover
[0.134s] Level 1:colcon.colcon_core.package_discovery:discover_packages(path) using defaults
[0.147s] Level 1:colcon.colcon_core.package_discovery:discover_packages(prefix_path) check parameters
[0.147s] Level 1:colcon.colcon_core.package_discovery:discover_packages(prefix_path) discover
[0.149s] DEBUG:colcon.colcon_installed_package_information.package_discovery:Found 15 installed packages in /home/matylda-hayne/turtlebot3_ws/install
[0.149s] DEBUG:colcon.colcon_installed_package_information.package_discovery:Found 0 installed packages in /home/matylda-hayne/turtlebot3_ws/src/turtlebot3_simulations/turtlebot3_gazebo/launch/install
[0.149s] DEBUG:colcon.colcon_installed_package_information.package_discovery:Found 3 installed packages in /home/matylda-hayne/install
[0.150s] DEBUG:colcon.colcon_installed_package_information.package_discovery:Found 1 installed packages in /home/matylda-hayne/mtrx3760_ws/install
[0.150s] DEBUG:colcon.colcon_installed_package_information.package_discovery:Found 397 installed packages in /opt/ros/jazzy
[0.151s] Level 1:colcon.colcon_core.package_discovery:discover_packages(prefix_path) using defaults
[0.199s] Level 5:colcon.colcon_core.verb:set package 'robot' build argument 'cmake_args' from command line to 'None'
[0.199s] Level 5:colcon.colcon_core.verb:set package 'robot' build argument 'cmake_target' from command line to 'None'
[0.199s] Level 5:colcon.colcon_core.verb:set package 'robot' build argument 'cmake_target_skip_unavailable' from command line to 'False'
[0.199s] Level 5:colcon.colcon_core.verb:set package 'robot' build argument 'cmake_clean_cache' from command line to 'False'
[0.199s] Level 5:colcon.colcon_core.verb:set package 'robot' build argument 'cmake_clean_first' from command line to 'False'
[0.199s] Level 5:colcon.colcon_core.verb:set package 'robot' build argument 'cmake_force_configure' from command line to 'False'
[0.199s] Level 5:colcon.colcon_core.verb:set package 'robot' build argument 'ament_cmake_args' from command line to 'None'
[0.199s] Level 5:colcon.colcon_core.verb:set package 'robot' build argument 'catkin_cmake_args' from command line to 'None'
[0.199s] Level 5:colcon.colcon_core.verb:set package 'robot' build argument 'catkin_skip_building_tests' from command line to 'False'
[0.199s] DEBUG:colcon.colcon_core.verb:Building package 'robot' with the following arguments: {'ament_cmake_args': None, 'build_base': '/home/matylda-hayne/mtrx3760_p2/MTRX3760_PROJECT_2/build/robot', 'catkin_cmake_args': None, 'catkin_skip_building_tests': False, 'cmake_args': None, 'cmake_clean_cache': False, 'cmake_clean_first': False, 'cmake_force_configure': False, 'cmake_target': None, 'cmake_target_skip_unavailable': False, 'install_base': '/home/matylda-hayne/mtrx3760_p2/MTRX3760_PROJECT_2/install/robot', 'merge_install': False, 'path': '/home/matylda-hayne/mtrx3760_p2/MTRX3760_PROJECT_2/ros2_ws/src/robot', 'symlink_install': False, 'test_result_base': None}
[0.199s] INFO:colcon.colcon_core.executor:Executing jobs using 'parallel' executor
[0.200s] DEBUG:colcon.colcon_parallel_executor.executor.parallel:run_until_complete
[0.200s] INFO:colcon.colcon_ros.task.ament_cmake.build:Building ROS package in '/home/matylda-hayne/mtrx3760_p2/MTRX3760_PROJECT_2/ros2_ws/src/robot' with build type 'ament_cmake'
[0.200s] INFO:colcon.colcon_cmake.task.cmake.build:Building CMake package in '/home/matylda-hayne/mtrx3760_p2/MTRX3760_PROJECT_2/ros2_ws/src/robot'
[0.202s] INFO:colcon.colcon_core.plugin_system:Skipping extension 'colcon_core.shell.bat': Not used on non-Windows systems
[0.202s] INFO:colcon.colcon_core.shell:Skip shell extension 'powershell' for command environment: Not usable outside of PowerShell
[0.202s] DEBUG:colcon.colcon_core.shell:Skip shell extension 'dsv' for command environment
[0.209s] DEBUG:colcon.colcon_core.event_handler.log_command:Invoking command in '/home/matylda-hayne/mtrx3760_p2/MTRX3760_PROJECT_2/build/robot': CMAKE_PREFIX_PATH=${CMAKE_PREFIX_PATH}:/home/matylda-hayne/turtlebot3_ws/install/turtlebot3_teleop:/home/matylda-hayne/turtlebot3_ws/install/turtlebot3_example:/opt/ros/jazzy DEBUGINFOD_URLS=https://debuginfod.ubuntu.com /usr/bin/cmake /home/matylda-hayne/mtrx3760_p2/MTRX3760_PROJECT_2/ros2_ws/src/robot -DCMAKE_INSTALL_PREFIX=/home/matylda-hayne/mtrx3760_p2/MTRX3760_PROJECT_2/install/robot
[1.545s] DEBUG:colcon.colcon_core.event_handler.log_command:Invoked command in '/home/matylda-hayne/mtrx3760_p2/MTRX3760_PROJECT_2/build/robot' returned '0': CMAKE_PREFIX_PATH=${CMAKE_PREFIX_PATH}:/home/matylda-hayne/turtlebot3_ws/install/turtlebot3_teleop:/home/matylda-hayne/turtlebot3_ws/install/turtlebot3_example:/opt/ros/jazzy DEBUGINFOD_URLS=https://debuginfod.ubuntu.com /usr/bin/cmake /home/matylda-hayne/mtrx3760_p2/MTRX3760_PROJECT_2/ros2_ws/src/robot -DCMAKE_INSTALL_PREFIX=/home/matylda-hayne/mtrx3760_p2/MTRX3760_PROJECT_2/install/robot
[1.546s] DEBUG:colcon.colcon_core.event_handler.log_command:Invoking command in '/home/matylda-hayne/mtrx3760_p2/MTRX3760_PROJECT_2/build/robot': CMAKE_PREFIX_PATH=${CMAKE_PREFIX_PATH}:/home/matylda-hayne/turtlebot3_ws/install/turtlebot3_teleop:/home/matylda-hayne/turtlebot3_ws/install/turtlebot3_example:/opt/ros/jazzy DEBUGINFOD_URLS=https://debuginfod.ubuntu.com /usr/bin/cmake --build /home/matylda-hayne/mtrx3760_p2/MTRX3760_PROJECT_2/build/robot -- -j20 -l20
[8.177s] DEBUG:colcon.colcon_core.event_handler.log_command:Invoked command in '/home/matylda-hayne/mtrx3760_p2/MTRX3760_PROJECT_2/build/robot' returned '0': CMAKE_PREFIX_PATH=${CMAKE_PREFIX_PATH}:/home/matylda-hayne/turtlebot3_ws/install/turtlebot3_teleop:/home/matylda-hayne/turtlebot3_ws/install/turtlebot3_example:/opt/ros/jazzy DEBUGINFOD_URLS=https://debuginfod.ubuntu.com /usr/bin/cmake --build /home/matylda-hayne/mtrx3760_p2/MTRX3760_PROJECT_2/build/robot -- -j20 -l20
[8.184s] DEBUG:colcon.colcon_core.event_handler.log_command:Invoking command in '/home/matylda-hayne/mtrx3760_p2/MTRX3760_PROJECT_2/build/robot': CMAKE_PREFIX_PATH=${CMAKE_PREFIX_PATH}:/home/matylda-hayne/turtlebot3_ws/install/turtlebot3_teleop:/home/matylda-hayne/turtlebot3_ws/install/turtlebot3_example:/opt/ros/jazzy DEBUGINFOD_URLS=https://debuginfod.ubuntu.com /usr/bin/cmake --install /home/matylda-hayne/mtrx3760_p2/MTRX3760_PROJECT_2/build/robot
[8.195s] Level 1:colcon.colcon_core.environment:create_environment_scripts_only(robot)
[8.196s] DEBUG:colcon.colcon_core.event_handler.log_command:Invoked command in '/home/matylda-hayne/mtrx3760_p2/MTRX3760_PROJECT_2/build/robot' returned '0': CMAKE_PREFIX_PATH=${CMAKE_PREFIX_PATH}:/home/matylda-hayne/turtlebot3_ws/install/turtlebot3_teleop:/home/matylda-hayne/turtlebot3_ws/install/turtlebot3_example:/opt/ros/jazzy DEBUGINFOD_URLS=https://debuginfod.ubuntu.com /usr/bin/cmake --install /home/matylda-hayne/mtrx3760_p2/MTRX3760_PROJECT_2/build/robot
[8.197s] Level 1:colcon.colcon_core.environment:checking '/home/matylda-hayne/mtrx3760_p2/MTRX3760_PROJECT_2/install/robot' for CMake module files
[8.198s] Level 1:colcon.colcon_core.environment:checking '/home/matylda-hayne/mtrx3760_p2/MTRX3760_PROJECT_2/install/robot' for CMake config files
[8.198s] Level 1:colcon.colcon_core.shell:create_environment_hook('robot', 'cmake_prefix_path')
[8.198s] INFO:colcon.colcon_core.shell:Creating environment hook '/home/matylda-hayne/mtrx3760_p2/MTRX3760_PROJECT_2/install/robot/share/robot/hook/cmake_prefix_path.ps1'
[8.198s] INFO:colcon.colcon_core.shell:Creating environment descriptor '/home/matylda-hayne/mtrx3760_p2/MTRX3760_PROJECT_2/install/robot/share/robot/hook/cmake_prefix_path.dsv'
[8.199s] INFO:colcon.colcon_core.shell:Creating environment hook '/home/matylda-hayne/mtrx3760_p2/MTRX3760_PROJECT_2/install/robot/share/robot/hook/cmake_prefix_path.sh'
[8.199s] Level 1:colcon.colcon_core.environment:checking '/home/matylda-hayne/mtrx3760_p2/MTRX3760_PROJECT_2/install/robot/lib'
[8.199s] Level 1:colcon.colcon_core.environment:checking '/home/matylda-hayne/mtrx3760_p2/MTRX3760_PROJECT_2/install/robot/bin'
[8.200s] Level 1:colcon.colcon_core.environment:checking '/home/matylda-hayne/mtrx3760_p2/MTRX3760_PROJECT_2/install/robot/lib/pkgconfig/robot.pc'
[8.200s] Level 1:colcon.colcon_core.environment:checking '/home/matylda-hayne/mtrx3760_p2/MTRX3760_PROJECT_2/install/robot/lib/python3.12/site-packages'
[8.200s] Level 1:colcon.colcon_core.environment:checking '/home/matylda-hayne/mtrx3760_p2/MTRX3760_PROJECT_2/install/robot/bin'
[8.200s] INFO:colcon.colcon_core.shell:Creating package script '/home/matylda-hayne/mtrx3760_p2/MTRX3760_PROJECT_2/install/robot/share/robot/package.ps1'
[8.200s] INFO:colcon.colcon_core.shell:Creating package descriptor '/home/matylda-hayne/mtrx3760_p2/MTRX3760_PROJECT_2/install/robot/share/robot/package.dsv'
[8.201s] INFO:colcon.colcon_core.shell:Creating package script '/home/matylda-hayne/mtrx3760_p2/MTRX3760_PROJECT_2/install/robot/share/robot/package.sh'
[8.201s] INFO:colcon.colcon_core.shell:Creating package script '/home/matylda-hayne/mtrx3760_p2/MTRX3760_PROJECT_2/install/robot/share/robot/package.bash'
[8.202s] INFO:colcon.colcon_core.shell:Creating package script '/home/matylda-hayne/mtrx3760_p2/MTRX3760_PROJECT_2/install/robot/share/robot/package.zsh'
[8.202s] Level 1:colcon.colcon_core.environment:create_file_with_runtime_dependencies(/home/matylda-hayne/mtrx3760_p2/MTRX3760_PROJECT_2/install/robot/share/colcon-core/packages/robot)
[8.203s] Level 1:colcon.colcon_core.environment:create_environment_scripts_only(robot)
[8.203s] Level 1:colcon.colcon_core.environment:checking '/home/matylda-hayne/mtrx3760_p2/MTRX3760_PROJECT_2/install/robot' for CMake module files
[8.203s] Level 1:colcon.colcon_core.environment:checking '/home/matylda-hayne/mtrx3760_p2/MTRX3760_PROJECT_2/install/robot' for CMake config files
[8.203s] Level 1:colcon.colcon_core.shell:create_environment_hook('robot', 'cmake_prefix_path')
[8.203s] INFO:colcon.colcon_core.shell:Creating environment hook '/home/matylda-hayne/mtrx3760_p2/MTRX3760_PROJECT_2/install/robot/share/robot/hook/cmake_prefix_path.ps1'
[8.203s] INFO:colcon.colcon_core.shell:Creating environment descriptor '/home/matylda-hayne/mtrx3760_p2/MTRX3760_PROJECT_2/install/robot/share/robot/hook/cmake_prefix_path.dsv'
[8.203s] INFO:colcon.colcon_core.shell:Creating environment hook '/home/matylda-hayne/mtrx3760_p2/MTRX3760_PROJECT_2/install/robot/share/robot/hook/cmake_prefix_path.sh'
[8.204s] Level 1:colcon.colcon_core.environment:checking '/home/matylda-hayne/mtrx3760_p2/MTRX3760_PROJECT_2/install/robot/lib'
[8.204s] Level 1:colcon.colcon_core.environment:checking '/home/matylda-hayne/mtrx3760_p2/MTRX3760_PROJECT_2/install/robot/bin'
[8.204s] Level 1:colcon.colcon_core.environment:checking '/home/matylda-hayne/mtrx3760_p2/MTRX3760_PROJECT_2/install/robot/lib/pkgconfig/robot.pc'
[8.204s] Level 1:colcon.colcon_core.environment:checking '/home/matylda-hayne/mtrx3760_p2/MTRX3760_PROJECT_2/install/robot/lib/python3.12/site-packages'
[8.204s] Level 1:colcon.colcon_core.environment:checking '/home/matylda-hayne/mtrx3760_p2/MTRX3760_PROJECT_2/install/robot/bin'
[8.204s] INFO:colcon.colcon_core.shell:Creating package script '/home/matylda-hayne/mtrx3760_p2/MTRX3760_PROJECT_2/install/robot/share/robot/package.ps1'
[8.204s] INFO:colcon.colcon_core.shell:Creating package descriptor '/home/matylda-hayne/mtrx3760_p2/MTRX3760_PROJECT_2/install/robot/share/robot/package.dsv'
[8.205s] INFO:colcon.colcon_core.shell:Creating package script '/home/matylda-hayne/mtrx3760_p2/MTRX3760_PROJECT_2/install/robot/share/robot/package.sh'
[8.205s] INFO:colcon.colcon_core.shell:Creating package script '/home/matylda-hayne/mtrx3760_p2/MTRX3760_PROJECT_2/install/robot/share/robot/package.bash'
[8.205s] INFO:colcon.colcon_core.shell:Creating package script '/home/matylda-hayne/mtrx3760_p2/MTRX3760_PROJECT_2/install/robot/share/robot/package.zsh'
[8.205s] Level 1:colcon.colcon_core.environment:create_file_with_runtime_dependencies(/home/matylda-hayne/mtrx3760_p2/MTRX3760_PROJECT_2/install/robot/share/colcon-core/packages/robot)
[8.205s] DEBUG:colcon.colcon_parallel_executor.executor.parallel:closing loop
[8.205s] DEBUG:colcon.colcon_parallel_executor.executor.parallel:loop closed
[8.205s] DEBUG:colcon.colcon_parallel_executor.executor.parallel:run_until_complete finished with '0'
[8.205s] DEBUG:colcon.colcon_core.event_reactor:joining thread
[8.210s] INFO:colcon.colcon_core.plugin_system:Skipping extension 'colcon_notification.desktop_notification.terminal_notifier': Not used on non-Darwin systems
[8.210s] INFO:colcon.colcon_core.plugin_system:Skipping extension 'colcon_notification.desktop_notification.win32': Not used on non-Windows systems
[8.210s] INFO:colcon.colcon_notification.desktop_notification:Sending desktop notification using 'notify2'
[8.228s] DEBUG:colcon.colcon_core.event_reactor:joined thread
[8.229s] INFO:colcon.colcon_core.shell:Creating prefix script '/home/matylda-hayne/mtrx3760_p2/MTRX3760_PROJECT_2/install/local_setup.ps1'
[8.230s] INFO:colcon.colcon_core.shell:Creating prefix util module '/home/matylda-hayne/mtrx3760_p2/MTRX3760_PROJECT_2/install/_local_setup_util_ps1.py'
[8.233s] INFO:colcon.colcon_core.shell:Creating prefix chain script '/home/matylda-hayne/mtrx3760_p2/MTRX3760_PROJECT_2/install/setup.ps1'
[8.235s] INFO:colcon.colcon_core.shell:Creating prefix script '/home/matylda-hayne/mtrx3760_p2/MTRX3760_PROJECT_2/install/local_setup.sh'
[8.236s] INFO:colcon.colcon_core.shell:Creating prefix util module '/home/matylda-hayne/mtrx3760_p2/MTRX3760_PROJECT_2/install/_local_setup_util_sh.py'
[8.237s] INFO:colcon.colcon_core.shell:Creating prefix chain script '/home/matylda-hayne/mtrx3760_p2/MTRX3760_PROJECT_2/install/setup.sh'
[8.238s] INFO:colcon.colcon_core.shell:Creating prefix script '/home/matylda-hayne/mtrx3760_p2/MTRX3760_PROJECT_2/install/local_setup.bash'
[8.238s] INFO:colcon.colcon_core.shell:Creating prefix chain script '/home/matylda-hayne/mtrx3760_p2/MTRX3760_PROJECT_2/install/setup.bash'
[8.240s] INFO:colcon.colcon_core.shell:Creating prefix script '/home/matylda-hayne/mtrx3760_p2/MTRX3760_PROJECT_2/install/local_setup.zsh'
[8.240s] INFO:colcon.colcon_core.shell:Creating prefix chain script '/home/matylda-hayne/mtrx3760_p2/MTRX3760_PROJECT_2/install/setup.zsh'
