[0.044s] Invoking command in '/home/matylda-hayne/mtrx3760_p2/MTRX3760_PROJECT_2/ros2_ws/build/shared_interfaces': CMAKE_PREFIX_PATH=${CMAKE_PREFIX_PATH}:/home/matylda-hayne/turtlebot3_ws/install/turtlebot3_teleop:/home/matylda-hayne/turtlebot3_ws/install/turtlebot3_example:/opt/ros/jazzy DEBUGINFOD_URLS=https://debuginfod.ubuntu.com /usr/bin/cmake --build /home/matylda-hayne/mtrx3760_p2/MTRX3760_PROJECT_2/ros2_ws/build/shared_interfaces -- -j20 -l20
[0.159s] [  1%] Built target shared_interfaces__rosidl_generator_type_description
[0.174s] [  1%] Built target ament_cmake_python_copy_shared_interfaces
[0.211s] [  2%] Built target shared_interfaces__cpp
[0.221s] [ 26%] Built target shared_interfaces__rosidl_generator_c
[0.282s] [ 35%] Built target shared_interfaces__rosidl_typesupport_c
[0.285s] [ 45%] Built target shared_interfaces__rosidl_typesupport_fastrtps_c
[0.288s] [ 54%] Built target shared_interfaces__rosidl_typesupport_introspection_c
[0.289s] [ 73%] Built target shared_interfaces__rosidl_typesupport_cpp
[0.290s] [ 73%] Built target shared_interfaces__rosidl_typesupport_introspection_cpp
[0.292s] [ 83%] Built target shared_interfaces__rosidl_typesupport_fastrtps_cpp
[0.345s] [ 83%] Built target shared_interfaces
[0.395s] [ 84%] Built target shared_interfaces__py
[0.443s] [ 92%] Built target shared_interfaces__rosidl_generator_py
[0.486s] [ 95%] Built target shared_interfaces_s__rosidl_typesupport_c
[0.487s] [ 97%] Built target shared_interfaces_s__rosidl_typesupport_introspection_c
[0.488s] [100%] Built target shared_interfaces_s__rosidl_typesupport_fastrtps_c
[0.551s] running egg_info
[0.574s] writing shared_interfaces.egg-info/PKG-INFO
[0.574s] writing dependency_links to shared_interfaces.egg-info/dependency_links.txt
[0.574s] writing top-level names to shared_interfaces.egg-info/top_level.txt
[0.666s] reading manifest file 'shared_interfaces.egg-info/SOURCES.txt'
[0.668s] writing manifest file 'shared_interfaces.egg-info/SOURCES.txt'
[0.709s] [100%] Built target ament_cmake_python_build_shared_interfaces_egg
[0.741s] Invoked command in '/home/matylda-hayne/mtrx3760_p2/MTRX3760_PROJECT_2/ros2_ws/build/shared_interfaces' returned '0': CMAKE_PREFIX_PATH=${CMAKE_PREFIX_PATH}:/home/matylda-hayne/turtlebot3_ws/install/turtlebot3_teleop:/home/matylda-hayne/turtlebot3_ws/install/turtlebot3_example:/opt/ros/jazzy DEBUGINFOD_URLS=https://debuginfod.ubuntu.com /usr/bin/cmake --build /home/matylda-hayne/mtrx3760_p2/MTRX3760_PROJECT_2/ros2_ws/build/shared_interfaces -- -j20 -l20
[0.744s] Invoking command in '/home/matylda-hayne/mtrx3760_p2/MTRX3760_PROJECT_2/ros2_ws/build/shared_interfaces': CMAKE_PREFIX_PATH=${CMAKE_PREFIX_PATH}:/home/matylda-hayne/turtlebot3_ws/install/turtlebot3_teleop:/home/matylda-hayne/turtlebot3_ws/install/turtlebot3_example:/opt/ros/jazzy DEBUGINFOD_URLS=https://debuginfod.ubuntu.com /usr/bin/cmake --install /home/matylda-hayne/mtrx3760_p2/MTRX3760_PROJECT_2/ros2_ws/build/shared_interfaces
[0.763s] -- Install configuration: ""
[0.764s] -- Up-to-date: /home/matylda-hayne/mtrx3760_p2/MTRX3760_PROJECT_2/ros2_ws/install/shared_interfaces/share/ament_index/resource_index/rosidl_interfaces/shared_interfaces
[0.764s] -- Up-to-date: /home/matylda-hayne/mtrx3760_p2/MTRX3760_PROJECT_2/ros2_ws/install/shared_interfaces/share/shared_interfaces/msg/AddLog.json
[0.764s] -- Up-to-date: /home/matylda-hayne/mtrx3760_p2/MTRX3760_PROJECT_2/ros2_ws/install/shared_interfaces/share/shared_interfaces/msg/CheckLog.json
[0.765s] -- Up-to-date: /home/matylda-hayne/mtrx3760_p2/MTRX3760_PROJECT_2/ros2_ws/install/shared_interfaces/share/shared_interfaces/srv/NavigationMode.json
[0.765s] -- Up-to-date: /home/matylda-hayne/mtrx3760_p2/MTRX3760_PROJECT_2/ros2_ws/install/shared_interfaces/share/shared_interfaces/srv/RobotType.json
[0.765s] -- Up-to-date: /home/matylda-hayne/mtrx3760_p2/MTRX3760_PROJECT_2/ros2_ws/install/shared_interfaces/share/shared_interfaces/srv/Detecting.json
[0.766s] -- Up-to-date: /home/matylda-hayne/mtrx3760_p2/MTRX3760_PROJECT_2/ros2_ws/install/shared_interfaces/share/shared_interfaces/srv/Charging.json
[0.766s] -- Up-to-date: /home/matylda-hayne/mtrx3760_p2/MTRX3760_PROJECT_2/ros2_ws/install/shared_interfaces/include/shared_interfaces/shared_interfaces
[0.766s] -- Up-to-date: /home/matylda-hayne/mtrx3760_p2/MTRX3760_PROJECT_2/ros2_ws/install/shared_interfaces/include/shared_interfaces/shared_interfaces/srv
[0.766s] -- Up-to-date: /home/matylda-hayne/mtrx3760_p2/MTRX3760_PROJECT_2/ros2_ws/install/shared_interfaces/include/shared_interfaces/shared_interfaces/srv/robot_type.h
[0.767s] -- Up-to-date: /home/matylda-hayne/mtrx3760_p2/MTRX3760_PROJECT_2/ros2_ws/install/shared_interfaces/include/shared_interfaces/shared_interfaces/srv/charging.h
[0.767s] -- Up-to-date: /home/matylda-hayne/mtrx3760_p2/MTRX3760_PROJECT_2/ros2_ws/install/shared_interfaces/include/shared_interfaces/shared_interfaces/srv/detail
[0.767s] -- Up-to-date: /home/matylda-hayne/mtrx3760_p2/MTRX3760_PROJECT_2/ros2_ws/install/shared_interfaces/include/shared_interfaces/shared_interfaces/srv/detail/navigation_mode__functions.h
[0.768s] -- Up-to-date: /home/matylda-hayne/mtrx3760_p2/MTRX3760_PROJECT_2/ros2_ws/install/shared_interfaces/include/shared_interfaces/shared_interfaces/srv/detail/robot_type__struct.h
[0.768s] -- Up-to-date: /home/matylda-hayne/mtrx3760_p2/MTRX3760_PROJECT_2/ros2_ws/install/shared_interfaces/include/shared_interfaces/shared_interfaces/srv/detail/navigation_mode__description.c
[0.768s] -- Up-to-date: /home/matylda-hayne/mtrx3760_p2/MTRX3760_PROJECT_2/ros2_ws/install/shared_interfaces/include/shared_interfaces/shared_interfaces/srv/detail/robot_type__functions.c
[0.768s] -- Up-to-date: /home/matylda-hayne/mtrx3760_p2/MTRX3760_PROJECT_2/ros2_ws/install/shared_interfaces/include/shared_interfaces/shared_interfaces/srv/detail/charging__type_support.h
[0.768s] -- Up-to-date: /home/matylda-hayne/mtrx3760_p2/MTRX3760_PROJECT_2/ros2_ws/install/shared_interfaces/include/shared_interfaces/shared_interfaces/srv/detail/charging__struct.h
[0.769s] -- Up-to-date: /home/matylda-hayne/mtrx3760_p2/MTRX3760_PROJECT_2/ros2_ws/install/shared_interfaces/include/shared_interfaces/shared_interfaces/srv/detail/detecting__description.c
[0.769s] -- Up-to-date: /home/matylda-hayne/mtrx3760_p2/MTRX3760_PROJECT_2/ros2_ws/install/shared_interfaces/include/shared_interfaces/shared_interfaces/srv/detail/charging__functions.c
[0.769s] -- Up-to-date: /home/matylda-hayne/mtrx3760_p2/MTRX3760_PROJECT_2/ros2_ws/install/shared_interfaces/include/shared_interfaces/shared_interfaces/srv/detail/charging__functions.h
[0.769s] -- Up-to-date: /home/matylda-hayne/mtrx3760_p2/MTRX3760_PROJECT_2/ros2_ws/install/shared_interfaces/include/shared_interfaces/shared_interfaces/srv/detail/robot_type__type_support.c
[0.770s] -- Up-to-date: /home/matylda-hayne/mtrx3760_p2/MTRX3760_PROJECT_2/ros2_ws/install/shared_interfaces/include/shared_interfaces/shared_interfaces/srv/detail/detecting__type_support.h
[0.770s] -- Up-to-date: /home/matylda-hayne/mtrx3760_p2/MTRX3760_PROJECT_2/ros2_ws/install/shared_interfaces/include/shared_interfaces/shared_interfaces/srv/detail/navigation_mode__functions.c
[0.770s] -- Up-to-date: /home/matylda-hayne/mtrx3760_p2/MTRX3760_PROJECT_2/ros2_ws/install/shared_interfaces/include/shared_interfaces/shared_interfaces/srv/detail/robot_type__functions.h
[0.770s] -- Up-to-date: /home/matylda-hayne/mtrx3760_p2/MTRX3760_PROJECT_2/ros2_ws/install/shared_interfaces/include/shared_interfaces/shared_interfaces/srv/detail/robot_type__description.c
[0.771s] -- Up-to-date: /home/matylda-hayne/mtrx3760_p2/MTRX3760_PROJECT_2/ros2_ws/install/shared_interfaces/include/shared_interfaces/shared_interfaces/srv/detail/navigation_mode__type_support.c
[0.771s] -- Up-to-date: /home/matylda-hayne/mtrx3760_p2/MTRX3760_PROJECT_2/ros2_ws/install/shared_interfaces/include/shared_interfaces/shared_interfaces/srv/detail/detecting__functions.h
[0.771s] -- Up-to-date: /home/matylda-hayne/mtrx3760_p2/MTRX3760_PROJECT_2/ros2_ws/install/shared_interfaces/include/shared_interfaces/shared_interfaces/srv/detail/detecting__type_support.c
[0.771s] -- Up-to-date: /home/matylda-hayne/mtrx3760_p2/MTRX3760_PROJECT_2/ros2_ws/install/shared_interfaces/include/shared_interfaces/shared_interfaces/srv/detail/navigation_mode__struct.h
[0.772s] -- Up-to-date: /home/matylda-hayne/mtrx3760_p2/MTRX3760_PROJECT_2/ros2_ws/install/shared_interfaces/include/shared_interfaces/shared_interfaces/srv/detail/charging__description.c
[0.772s] -- Up-to-date: /home/matylda-hayne/mtrx3760_p2/MTRX3760_PROJECT_2/ros2_ws/install/shared_interfaces/include/shared_interfaces/shared_interfaces/srv/detail/robot_type__type_support.h
[0.772s] -- Up-to-date: /home/matylda-hayne/mtrx3760_p2/MTRX3760_PROJECT_2/ros2_ws/install/shared_interfaces/include/shared_interfaces/shared_interfaces/srv/detail/detecting__struct.h
[0.772s] -- Up-to-date: /home/matylda-hayne/mtrx3760_p2/MTRX3760_PROJECT_2/ros2_ws/install/shared_interfaces/include/shared_interfaces/shared_interfaces/srv/detail/charging__type_support.c
[0.772s] -- Up-to-date: /home/matylda-hayne/mtrx3760_p2/MTRX3760_PROJECT_2/ros2_ws/install/shared_interfaces/include/shared_interfaces/shared_interfaces/srv/detail/detecting__functions.c
[0.773s] -- Up-to-date: /home/matylda-hayne/mtrx3760_p2/MTRX3760_PROJECT_2/ros2_ws/install/shared_interfaces/include/shared_interfaces/shared_interfaces/srv/detail/navigation_mode__type_support.h
[0.773s] -- Up-to-date: /home/matylda-hayne/mtrx3760_p2/MTRX3760_PROJECT_2/ros2_ws/install/shared_interfaces/include/shared_interfaces/shared_interfaces/srv/detecting.h
[0.773s] -- Up-to-date: /home/matylda-hayne/mtrx3760_p2/MTRX3760_PROJECT_2/ros2_ws/install/shared_interfaces/include/shared_interfaces/shared_interfaces/srv/navigation_mode.h
[0.773s] -- Up-to-date: /home/matylda-hayne/mtrx3760_p2/MTRX3760_PROJECT_2/ros2_ws/install/shared_interfaces/include/shared_interfaces/shared_interfaces/msg
[0.773s] -- Up-to-date: /home/matylda-hayne/mtrx3760_p2/MTRX3760_PROJECT_2/ros2_ws/install/shared_interfaces/include/shared_interfaces/shared_interfaces/msg/rosidl_generator_c__visibility_control.h
[0.774s] -- Up-to-date: /home/matylda-hayne/mtrx3760_p2/MTRX3760_PROJECT_2/ros2_ws/install/shared_interfaces/include/shared_interfaces/shared_interfaces/msg/detail
[0.774s] -- Up-to-date: /home/matylda-hayne/mtrx3760_p2/MTRX3760_PROJECT_2/ros2_ws/install/shared_interfaces/include/shared_interfaces/shared_interfaces/msg/detail/add_log__functions.c
[0.774s] -- Up-to-date: /home/matylda-hayne/mtrx3760_p2/MTRX3760_PROJECT_2/ros2_ws/install/shared_interfaces/include/shared_interfaces/shared_interfaces/msg/detail/add_log__struct.h
[0.774s] -- Up-to-date: /home/matylda-hayne/mtrx3760_p2/MTRX3760_PROJECT_2/ros2_ws/install/shared_interfaces/include/shared_interfaces/shared_interfaces/msg/detail/check_log__type_support.c
[0.774s] -- Up-to-date: /home/matylda-hayne/mtrx3760_p2/MTRX3760_PROJECT_2/ros2_ws/install/shared_interfaces/include/shared_interfaces/shared_interfaces/msg/detail/check_log__type_support.h
[0.775s] -- Up-to-date: /home/matylda-hayne/mtrx3760_p2/MTRX3760_PROJECT_2/ros2_ws/install/shared_interfaces/include/shared_interfaces/shared_interfaces/msg/detail/check_log__description.c
[0.775s] -- Up-to-date: /home/matylda-hayne/mtrx3760_p2/MTRX3760_PROJECT_2/ros2_ws/install/shared_interfaces/include/shared_interfaces/shared_interfaces/msg/detail/check_log__functions.c
[0.775s] -- Up-to-date: /home/matylda-hayne/mtrx3760_p2/MTRX3760_PROJECT_2/ros2_ws/install/shared_interfaces/include/shared_interfaces/shared_interfaces/msg/detail/check_log__struct.h
[0.775s] -- Up-to-date: /home/matylda-hayne/mtrx3760_p2/MTRX3760_PROJECT_2/ros2_ws/install/shared_interfaces/include/shared_interfaces/shared_interfaces/msg/detail/add_log__description.c
[0.775s] -- Up-to-date: /home/matylda-hayne/mtrx3760_p2/MTRX3760_PROJECT_2/ros2_ws/install/shared_interfaces/include/shared_interfaces/shared_interfaces/msg/detail/add_log__functions.h
[0.776s] -- Up-to-date: /home/matylda-hayne/mtrx3760_p2/MTRX3760_PROJECT_2/ros2_ws/install/shared_interfaces/include/shared_interfaces/shared_interfaces/msg/detail/add_log__type_support.h
[0.776s] -- Up-to-date: /home/matylda-hayne/mtrx3760_p2/MTRX3760_PROJECT_2/ros2_ws/install/shared_interfaces/include/shared_interfaces/shared_interfaces/msg/detail/add_log__type_support.c
[0.776s] -- Up-to-date: /home/matylda-hayne/mtrx3760_p2/MTRX3760_PROJECT_2/ros2_ws/install/shared_interfaces/include/shared_interfaces/shared_interfaces/msg/detail/check_log__functions.h
[0.776s] -- Up-to-date: /home/matylda-hayne/mtrx3760_p2/MTRX3760_PROJECT_2/ros2_ws/install/shared_interfaces/include/shared_interfaces/shared_interfaces/msg/check_log.h
[0.776s] -- Up-to-date: /home/matylda-hayne/mtrx3760_p2/MTRX3760_PROJECT_2/ros2_ws/install/shared_interfaces/include/shared_interfaces/shared_interfaces/msg/add_log.h
[0.777s] -- Up-to-date: /home/matylda-hayne/mtrx3760_p2/MTRX3760_PROJECT_2/ros2_ws/install/shared_interfaces/share/shared_interfaces/environment/library_path.sh
[0.777s] -- Up-to-date: /home/matylda-hayne/mtrx3760_p2/MTRX3760_PROJECT_2/ros2_ws/install/shared_interfaces/share/shared_interfaces/environment/library_path.dsv
[0.777s] -- Up-to-date: /home/matylda-hayne/mtrx3760_p2/MTRX3760_PROJECT_2/ros2_ws/install/shared_interfaces/lib/libshared_interfaces__rosidl_generator_c.so
[0.777s] -- Up-to-date: /home/matylda-hayne/mtrx3760_p2/MTRX3760_PROJECT_2/ros2_ws/install/shared_interfaces/include/shared_interfaces/shared_interfaces
[0.777s] -- Up-to-date: /home/matylda-hayne/mtrx3760_p2/MTRX3760_PROJECT_2/ros2_ws/install/shared_interfaces/include/shared_interfaces/shared_interfaces/srv
[0.777s] -- Up-to-date: /home/matylda-hayne/mtrx3760_p2/MTRX3760_PROJECT_2/ros2_ws/install/shared_interfaces/include/shared_interfaces/shared_interfaces/srv/detail
[0.778s] -- Up-to-date: /home/matylda-hayne/mtrx3760_p2/MTRX3760_PROJECT_2/ros2_ws/install/shared_interfaces/include/shared_interfaces/shared_interfaces/srv/detail/robot_type__rosidl_typesupport_fastrtps_c.h
[0.778s] -- Up-to-date: /home/matylda-hayne/mtrx3760_p2/MTRX3760_PROJECT_2/ros2_ws/install/shared_interfaces/include/shared_interfaces/shared_interfaces/srv/detail/charging__rosidl_typesupport_fastrtps_c.h
[0.778s] -- Up-to-date: /home/matylda-hayne/mtrx3760_p2/MTRX3760_PROJECT_2/ros2_ws/install/shared_interfaces/include/shared_interfaces/shared_interfaces/srv/detail/detecting__rosidl_typesupport_fastrtps_c.h
[0.778s] -- Up-to-date: /home/matylda-hayne/mtrx3760_p2/MTRX3760_PROJECT_2/ros2_ws/install/shared_interfaces/include/shared_interfaces/shared_interfaces/srv/detail/navigation_mode__rosidl_typesupport_fastrtps_c.h
[0.778s] -- Up-to-date: /home/matylda-hayne/mtrx3760_p2/MTRX3760_PROJECT_2/ros2_ws/install/shared_interfaces/include/shared_interfaces/shared_interfaces/msg
[0.778s] -- Up-to-date: /home/matylda-hayne/mtrx3760_p2/MTRX3760_PROJECT_2/ros2_ws/install/shared_interfaces/include/shared_interfaces/shared_interfaces/msg/rosidl_typesupport_fastrtps_c__visibility_control.h
[0.778s] -- Up-to-date: /home/matylda-hayne/mtrx3760_p2/MTRX3760_PROJECT_2/ros2_ws/install/shared_interfaces/include/shared_interfaces/shared_interfaces/msg/detail
[0.778s] -- Up-to-date: /home/matylda-hayne/mtrx3760_p2/MTRX3760_PROJECT_2/ros2_ws/install/shared_interfaces/include/shared_interfaces/shared_interfaces/msg/detail/add_log__rosidl_typesupport_fastrtps_c.h
[0.778s] -- Up-to-date: /home/matylda-hayne/mtrx3760_p2/MTRX3760_PROJECT_2/ros2_ws/install/shared_interfaces/include/shared_interfaces/shared_interfaces/msg/detail/check_log__rosidl_typesupport_fastrtps_c.h
[0.778s] -- Up-to-date: /home/matylda-hayne/mtrx3760_p2/MTRX3760_PROJECT_2/ros2_ws/install/shared_interfaces/lib/libshared_interfaces__rosidl_typesupport_fastrtps_c.so
[0.778s] -- Up-to-date: /home/matylda-hayne/mtrx3760_p2/MTRX3760_PROJECT_2/ros2_ws/install/shared_interfaces/include/shared_interfaces/shared_interfaces
[0.778s] -- Up-to-date: /home/matylda-hayne/mtrx3760_p2/MTRX3760_PROJECT_2/ros2_ws/install/shared_interfaces/include/shared_interfaces/shared_interfaces/srv
[0.779s] -- Up-to-date: /home/matylda-hayne/mtrx3760_p2/MTRX3760_PROJECT_2/ros2_ws/install/shared_interfaces/include/shared_interfaces/shared_interfaces/srv/detail
[0.779s] -- Up-to-date: /home/matylda-hayne/mtrx3760_p2/MTRX3760_PROJECT_2/ros2_ws/install/shared_interfaces/include/shared_interfaces/shared_interfaces/srv/detail/charging__rosidl_typesupport_introspection_c.h
[0.779s] -- Up-to-date: /home/matylda-hayne/mtrx3760_p2/MTRX3760_PROJECT_2/ros2_ws/install/shared_interfaces/include/shared_interfaces/shared_interfaces/srv/detail/detecting__rosidl_typesupport_introspection_c.h
[0.779s] -- Up-to-date: /home/matylda-hayne/mtrx3760_p2/MTRX3760_PROJECT_2/ros2_ws/install/shared_interfaces/include/shared_interfaces/shared_interfaces/srv/detail/robot_type__type_support.c
[0.779s] -- Up-to-date: /home/matylda-hayne/mtrx3760_p2/MTRX3760_PROJECT_2/ros2_ws/install/shared_interfaces/include/shared_interfaces/shared_interfaces/srv/detail/navigation_mode__type_support.c
[0.779s] -- Up-to-date: /home/matylda-hayne/mtrx3760_p2/MTRX3760_PROJECT_2/ros2_ws/install/shared_interfaces/include/shared_interfaces/shared_interfaces/srv/detail/navigation_mode__rosidl_typesupport_introspection_c.h
[0.779s] -- Up-to-date: /home/matylda-hayne/mtrx3760_p2/MTRX3760_PROJECT_2/ros2_ws/install/shared_interfaces/include/shared_interfaces/shared_interfaces/srv/detail/robot_type__rosidl_typesupport_introspection_c.h
[0.779s] -- Up-to-date: /home/matylda-hayne/mtrx3760_p2/MTRX3760_PROJECT_2/ros2_ws/install/shared_interfaces/include/shared_interfaces/shared_interfaces/srv/detail/detecting__type_support.c
[0.779s] -- Up-to-date: /home/matylda-hayne/mtrx3760_p2/MTRX3760_PROJECT_2/ros2_ws/install/shared_interfaces/include/shared_interfaces/shared_interfaces/srv/detail/charging__type_support.c
[0.779s] -- Up-to-date: /home/matylda-hayne/mtrx3760_p2/MTRX3760_PROJECT_2/ros2_ws/install/shared_interfaces/include/shared_interfaces/shared_interfaces/msg
[0.780s] -- Up-to-date: /home/matylda-hayne/mtrx3760_p2/MTRX3760_PROJECT_2/ros2_ws/install/shared_interfaces/include/shared_interfaces/shared_interfaces/msg/detail
[0.780s] -- Up-to-date: /home/matylda-hayne/mtrx3760_p2/MTRX3760_PROJECT_2/ros2_ws/install/shared_interfaces/include/shared_interfaces/shared_interfaces/msg/detail/add_log__rosidl_typesupport_introspection_c.h
[0.780s] -- Up-to-date: /home/matylda-hayne/mtrx3760_p2/MTRX3760_PROJECT_2/ros2_ws/install/shared_interfaces/include/shared_interfaces/shared_interfaces/msg/detail/check_log__type_support.c
[0.780s] -- Up-to-date: /home/matylda-hayne/mtrx3760_p2/MTRX3760_PROJECT_2/ros2_ws/install/shared_interfaces/include/shared_interfaces/shared_interfaces/msg/detail/check_log__rosidl_typesupport_introspection_c.h
[0.780s] -- Up-to-date: /home/matylda-hayne/mtrx3760_p2/MTRX3760_PROJECT_2/ros2_ws/install/shared_interfaces/include/shared_interfaces/shared_interfaces/msg/detail/add_log__type_support.c
[0.780s] -- Up-to-date: /home/matylda-hayne/mtrx3760_p2/MTRX3760_PROJECT_2/ros2_ws/install/shared_interfaces/include/shared_interfaces/shared_interfaces/msg/rosidl_typesupport_introspection_c__visibility_control.h
[0.780s] -- Up-to-date: /home/matylda-hayne/mtrx3760_p2/MTRX3760_PROJECT_2/ros2_ws/install/shared_interfaces/lib/libshared_interfaces__rosidl_typesupport_introspection_c.so
[0.780s] -- Up-to-date: /home/matylda-hayne/mtrx3760_p2/MTRX3760_PROJECT_2/ros2_ws/install/shared_interfaces/lib/libshared_interfaces__rosidl_typesupport_c.so
[0.780s] -- Up-to-date: /home/matylda-hayne/mtrx3760_p2/MTRX3760_PROJECT_2/ros2_ws/install/shared_interfaces/include/shared_interfaces/shared_interfaces
[0.781s] -- Up-to-date: /home/matylda-hayne/mtrx3760_p2/MTRX3760_PROJECT_2/ros2_ws/install/shared_interfaces/include/shared_interfaces/shared_interfaces/srv
[0.781s] -- Up-to-date: /home/matylda-hayne/mtrx3760_p2/MTRX3760_PROJECT_2/ros2_ws/install/shared_interfaces/include/shared_interfaces/shared_interfaces/srv/charging.hpp
[0.781s] -- Up-to-date: /home/matylda-hayne/mtrx3760_p2/MTRX3760_PROJECT_2/ros2_ws/install/shared_interfaces/include/shared_interfaces/shared_interfaces/srv/detail
[0.781s] -- Up-to-date: /home/matylda-hayne/mtrx3760_p2/MTRX3760_PROJECT_2/ros2_ws/install/shared_interfaces/include/shared_interfaces/shared_interfaces/srv/detail/navigation_mode__traits.hpp
[0.781s] -- Up-to-date: /home/matylda-hayne/mtrx3760_p2/MTRX3760_PROJECT_2/ros2_ws/install/shared_interfaces/include/shared_interfaces/shared_interfaces/srv/detail/navigation_mode__struct.hpp
[0.781s] -- Up-to-date: /home/matylda-hayne/mtrx3760_p2/MTRX3760_PROJECT_2/ros2_ws/install/shared_interfaces/include/shared_interfaces/shared_interfaces/srv/detail/robot_type__type_support.hpp
[0.781s] -- Up-to-date: /home/matylda-hayne/mtrx3760_p2/MTRX3760_PROJECT_2/ros2_ws/install/shared_interfaces/include/shared_interfaces/shared_interfaces/srv/detail/robot_type__builder.hpp
[0.781s] -- Up-to-date: /home/matylda-hayne/mtrx3760_p2/MTRX3760_PROJECT_2/ros2_ws/install/shared_interfaces/include/shared_interfaces/shared_interfaces/srv/detail/robot_type__traits.hpp
[0.781s] -- Up-to-date: /home/matylda-hayne/mtrx3760_p2/MTRX3760_PROJECT_2/ros2_ws/install/shared_interfaces/include/shared_interfaces/shared_interfaces/srv/detail/charging__struct.hpp
[0.781s] -- Up-to-date: /home/matylda-hayne/mtrx3760_p2/MTRX3760_PROJECT_2/ros2_ws/install/shared_interfaces/include/shared_interfaces/shared_interfaces/srv/detail/detecting__type_support.hpp
[0.781s] -- Up-to-date: /home/matylda-hayne/mtrx3760_p2/MTRX3760_PROJECT_2/ros2_ws/install/shared_interfaces/include/shared_interfaces/shared_interfaces/srv/detail/navigation_mode__type_support.hpp
[0.781s] -- Up-to-date: /home/matylda-hayne/mtrx3760_p2/MTRX3760_PROJECT_2/ros2_ws/install/shared_interfaces/include/shared_interfaces/shared_interfaces/srv/detail/charging__traits.hpp
[0.781s] -- Up-to-date: /home/matylda-hayne/mtrx3760_p2/MTRX3760_PROJECT_2/ros2_ws/install/shared_interfaces/include/shared_interfaces/shared_interfaces/srv/detail/charging__builder.hpp
[0.781s] -- Up-to-date: /home/matylda-hayne/mtrx3760_p2/MTRX3760_PROJECT_2/ros2_ws/install/shared_interfaces/include/shared_interfaces/shared_interfaces/srv/detail/detecting__builder.hpp
[0.782s] -- Up-to-date: /home/matylda-hayne/mtrx3760_p2/MTRX3760_PROJECT_2/ros2_ws/install/shared_interfaces/include/shared_interfaces/shared_interfaces/srv/detail/charging__type_support.hpp
[0.782s] -- Up-to-date: /home/matylda-hayne/mtrx3760_p2/MTRX3760_PROJECT_2/ros2_ws/install/shared_interfaces/include/shared_interfaces/shared_interfaces/srv/detail/detecting__struct.hpp
[0.782s] -- Up-to-date: /home/matylda-hayne/mtrx3760_p2/MTRX3760_PROJECT_2/ros2_ws/install/shared_interfaces/include/shared_interfaces/shared_interfaces/srv/detail/navigation_mode__builder.hpp
[0.782s] -- Up-to-date: /home/matylda-hayne/mtrx3760_p2/MTRX3760_PROJECT_2/ros2_ws/install/shared_interfaces/include/shared_interfaces/shared_interfaces/srv/detail/detecting__traits.hpp
[0.782s] -- Up-to-date: /home/matylda-hayne/mtrx3760_p2/MTRX3760_PROJECT_2/ros2_ws/install/shared_interfaces/include/shared_interfaces/shared_interfaces/srv/detail/robot_type__struct.hpp
[0.782s] -- Up-to-date: /home/matylda-hayne/mtrx3760_p2/MTRX3760_PROJECT_2/ros2_ws/install/shared_interfaces/include/shared_interfaces/shared_interfaces/srv/detecting.hpp
[0.782s] -- Up-to-date: /home/matylda-hayne/mtrx3760_p2/MTRX3760_PROJECT_2/ros2_ws/install/shared_interfaces/include/shared_interfaces/shared_interfaces/srv/navigation_mode.hpp
[0.782s] -- Up-to-date: /home/matylda-hayne/mtrx3760_p2/MTRX3760_PROJECT_2/ros2_ws/install/shared_interfaces/include/shared_interfaces/shared_interfaces/srv/robot_type.hpp
[0.782s] -- Up-to-date: /home/matylda-hayne/mtrx3760_p2/MTRX3760_PROJECT_2/ros2_ws/install/shared_interfaces/include/shared_interfaces/shared_interfaces/msg
[0.782s] -- Up-to-date: /home/matylda-hayne/mtrx3760_p2/MTRX3760_PROJECT_2/ros2_ws/install/shared_interfaces/include/shared_interfaces/shared_interfaces/msg/detail
[0.782s] -- Up-to-date: /home/matylda-hayne/mtrx3760_p2/MTRX3760_PROJECT_2/ros2_ws/install/shared_interfaces/include/shared_interfaces/shared_interfaces/msg/detail/check_log__struct.hpp
[0.782s] -- Up-to-date: /home/matylda-hayne/mtrx3760_p2/MTRX3760_PROJECT_2/ros2_ws/install/shared_interfaces/include/shared_interfaces/shared_interfaces/msg/detail/add_log__struct.hpp
[0.782s] -- Up-to-date: /home/matylda-hayne/mtrx3760_p2/MTRX3760_PROJECT_2/ros2_ws/install/shared_interfaces/include/shared_interfaces/shared_interfaces/msg/detail/check_log__type_support.hpp
[0.782s] -- Up-to-date: /home/matylda-hayne/mtrx3760_p2/MTRX3760_PROJECT_2/ros2_ws/install/shared_interfaces/include/shared_interfaces/shared_interfaces/msg/detail/check_log__builder.hpp
[0.782s] -- Up-to-date: /home/matylda-hayne/mtrx3760_p2/MTRX3760_PROJECT_2/ros2_ws/install/shared_interfaces/include/shared_interfaces/shared_interfaces/msg/detail/add_log__type_support.hpp
[0.782s] -- Up-to-date: /home/matylda-hayne/mtrx3760_p2/MTRX3760_PROJECT_2/ros2_ws/install/shared_interfaces/include/shared_interfaces/shared_interfaces/msg/detail/check_log__traits.hpp
[0.782s] -- Up-to-date: /home/matylda-hayne/mtrx3760_p2/MTRX3760_PROJECT_2/ros2_ws/install/shared_interfaces/include/shared_interfaces/shared_interfaces/msg/detail/add_log__traits.hpp
[0.783s] -- Up-to-date: /home/matylda-hayne/mtrx3760_p2/MTRX3760_PROJECT_2/ros2_ws/install/shared_interfaces/include/shared_interfaces/shared_interfaces/msg/detail/add_log__builder.hpp
[0.783s] -- Up-to-date: /home/matylda-hayne/mtrx3760_p2/MTRX3760_PROJECT_2/ros2_ws/install/shared_interfaces/include/shared_interfaces/shared_interfaces/msg/check_log.hpp
[0.783s] -- Up-to-date: /home/matylda-hayne/mtrx3760_p2/MTRX3760_PROJECT_2/ros2_ws/install/shared_interfaces/include/shared_interfaces/shared_interfaces/msg/rosidl_generator_cpp__visibility_control.hpp
[0.783s] -- Up-to-date: /home/matylda-hayne/mtrx3760_p2/MTRX3760_PROJECT_2/ros2_ws/install/shared_interfaces/include/shared_interfaces/shared_interfaces/msg/add_log.hpp
[0.783s] -- Up-to-date: /home/matylda-hayne/mtrx3760_p2/MTRX3760_PROJECT_2/ros2_ws/install/shared_interfaces/include/shared_interfaces/shared_interfaces
[0.783s] -- Up-to-date: /home/matylda-hayne/mtrx3760_p2/MTRX3760_PROJECT_2/ros2_ws/install/shared_interfaces/include/shared_interfaces/shared_interfaces/srv
[0.783s] -- Up-to-date: /home/matylda-hayne/mtrx3760_p2/MTRX3760_PROJECT_2/ros2_ws/install/shared_interfaces/include/shared_interfaces/shared_interfaces/srv/detail
[0.783s] -- Up-to-date: /home/matylda-hayne/mtrx3760_p2/MTRX3760_PROJECT_2/ros2_ws/install/shared_interfaces/include/shared_interfaces/shared_interfaces/srv/detail/dds_fastrtps
[0.783s] -- Up-to-date: /home/matylda-hayne/mtrx3760_p2/MTRX3760_PROJECT_2/ros2_ws/install/shared_interfaces/include/shared_interfaces/shared_interfaces/srv/detail/navigation_mode__rosidl_typesupport_fastrtps_cpp.hpp
[0.783s] -- Up-to-date: /home/matylda-hayne/mtrx3760_p2/MTRX3760_PROJECT_2/ros2_ws/install/shared_interfaces/include/shared_interfaces/shared_interfaces/srv/detail/robot_type__rosidl_typesupport_fastrtps_cpp.hpp
[0.783s] -- Up-to-date: /home/matylda-hayne/mtrx3760_p2/MTRX3760_PROJECT_2/ros2_ws/install/shared_interfaces/include/shared_interfaces/shared_interfaces/srv/detail/charging__rosidl_typesupport_fastrtps_cpp.hpp
[0.783s] -- Up-to-date: /home/matylda-hayne/mtrx3760_p2/MTRX3760_PROJECT_2/ros2_ws/install/shared_interfaces/include/shared_interfaces/shared_interfaces/srv/detail/detecting__rosidl_typesupport_fastrtps_cpp.hpp
[0.783s] -- Up-to-date: /home/matylda-hayne/mtrx3760_p2/MTRX3760_PROJECT_2/ros2_ws/install/shared_interfaces/include/shared_interfaces/shared_interfaces/msg
[0.783s] -- Up-to-date: /home/matylda-hayne/mtrx3760_p2/MTRX3760_PROJECT_2/ros2_ws/install/shared_interfaces/include/shared_interfaces/shared_interfaces/msg/detail
[0.783s] -- Up-to-date: /home/matylda-hayne/mtrx3760_p2/MTRX3760_PROJECT_2/ros2_ws/install/shared_interfaces/include/shared_interfaces/shared_interfaces/msg/detail/dds_fastrtps
[0.783s] -- Up-to-date: /home/matylda-hayne/mtrx3760_p2/MTRX3760_PROJECT_2/ros2_ws/install/shared_interfaces/include/shared_interfaces/shared_interfaces/msg/detail/check_log__rosidl_typesupport_fastrtps_cpp.hpp
[0.784s] -- Up-to-date: /home/matylda-hayne/mtrx3760_p2/MTRX3760_PROJECT_2/ros2_ws/install/shared_interfaces/include/shared_interfaces/shared_interfaces/msg/detail/add_log__rosidl_typesupport_fastrtps_cpp.hpp
[0.784s] -- Up-to-date: /home/matylda-hayne/mtrx3760_p2/MTRX3760_PROJECT_2/ros2_ws/install/shared_interfaces/include/shared_interfaces/shared_interfaces/msg/rosidl_typesupport_fastrtps_cpp__visibility_control.h
[0.784s] -- Up-to-date: /home/matylda-hayne/mtrx3760_p2/MTRX3760_PROJECT_2/ros2_ws/install/shared_interfaces/lib/libshared_interfaces__rosidl_typesupport_fastrtps_cpp.so
[0.784s] -- Up-to-date: /home/matylda-hayne/mtrx3760_p2/MTRX3760_PROJECT_2/ros2_ws/install/shared_interfaces/include/shared_interfaces/shared_interfaces
[0.784s] -- Up-to-date: /home/matylda-hayne/mtrx3760_p2/MTRX3760_PROJECT_2/ros2_ws/install/shared_interfaces/include/shared_interfaces/shared_interfaces/srv
[0.784s] -- Up-to-date: /home/matylda-hayne/mtrx3760_p2/MTRX3760_PROJECT_2/ros2_ws/install/shared_interfaces/include/shared_interfaces/shared_interfaces/srv/detail
[0.784s] -- Up-to-date: /home/matylda-hayne/mtrx3760_p2/MTRX3760_PROJECT_2/ros2_ws/install/shared_interfaces/include/shared_interfaces/shared_interfaces/srv/detail/robot_type__type_support.cpp
[0.784s] -- Up-to-date: /home/matylda-hayne/mtrx3760_p2/MTRX3760_PROJECT_2/ros2_ws/install/shared_interfaces/include/shared_interfaces/shared_interfaces/srv/detail/detecting__type_support.cpp
[0.784s] -- Up-to-date: /home/matylda-hayne/mtrx3760_p2/MTRX3760_PROJECT_2/ros2_ws/install/shared_interfaces/include/shared_interfaces/shared_interfaces/srv/detail/navigation_mode__rosidl_typesupport_introspection_cpp.hpp
[0.784s] -- Up-to-date: /home/matylda-hayne/mtrx3760_p2/MTRX3760_PROJECT_2/ros2_ws/install/shared_interfaces/include/shared_interfaces/shared_interfaces/srv/detail/charging__type_support.cpp
[0.784s] -- Up-to-date: /home/matylda-hayne/mtrx3760_p2/MTRX3760_PROJECT_2/ros2_ws/install/shared_interfaces/include/shared_interfaces/shared_interfaces/srv/detail/navigation_mode__type_support.cpp
[0.784s] -- Up-to-date: /home/matylda-hayne/mtrx3760_p2/MTRX3760_PROJECT_2/ros2_ws/install/shared_interfaces/include/shared_interfaces/shared_interfaces/srv/detail/robot_type__rosidl_typesupport_introspection_cpp.hpp
[0.784s] -- Up-to-date: /home/matylda-hayne/mtrx3760_p2/MTRX3760_PROJECT_2/ros2_ws/install/shared_interfaces/include/shared_interfaces/shared_interfaces/srv/detail/detecting__rosidl_typesupport_introspection_cpp.hpp
[0.784s] -- Up-to-date: /home/matylda-hayne/mtrx3760_p2/MTRX3760_PROJECT_2/ros2_ws/install/shared_interfaces/include/shared_interfaces/shared_interfaces/srv/detail/charging__rosidl_typesupport_introspection_cpp.hpp
[0.784s] -- Up-to-date: /home/matylda-hayne/mtrx3760_p2/MTRX3760_PROJECT_2/ros2_ws/install/shared_interfaces/include/shared_interfaces/shared_interfaces/msg
[0.784s] -- Up-to-date: /home/matylda-hayne/mtrx3760_p2/MTRX3760_PROJECT_2/ros2_ws/install/shared_interfaces/include/shared_interfaces/shared_interfaces/msg/detail
[0.785s] -- Up-to-date: /home/matylda-hayne/mtrx3760_p2/MTRX3760_PROJECT_2/ros2_ws/install/shared_interfaces/include/shared_interfaces/shared_interfaces/msg/detail/add_log__type_support.cpp
[0.785s] -- Up-to-date: /home/matylda-hayne/mtrx3760_p2/MTRX3760_PROJECT_2/ros2_ws/install/shared_interfaces/include/shared_interfaces/shared_interfaces/msg/detail/check_log__type_support.cpp
[0.785s] -- Up-to-date: /home/matylda-hayne/mtrx3760_p2/MTRX3760_PROJECT_2/ros2_ws/install/shared_interfaces/include/shared_interfaces/shared_interfaces/msg/detail/add_log__rosidl_typesupport_introspection_cpp.hpp
[0.785s] -- Up-to-date: /home/matylda-hayne/mtrx3760_p2/MTRX3760_PROJECT_2/ros2_ws/install/shared_interfaces/include/shared_interfaces/shared_interfaces/msg/detail/check_log__rosidl_typesupport_introspection_cpp.hpp
[0.785s] -- Up-to-date: /home/matylda-hayne/mtrx3760_p2/MTRX3760_PROJECT_2/ros2_ws/install/shared_interfaces/lib/libshared_interfaces__rosidl_typesupport_introspection_cpp.so
[0.785s] -- Up-to-date: /home/matylda-hayne/mtrx3760_p2/MTRX3760_PROJECT_2/ros2_ws/install/shared_interfaces/lib/libshared_interfaces__rosidl_typesupport_cpp.so
[0.785s] -- Up-to-date: /home/matylda-hayne/mtrx3760_p2/MTRX3760_PROJECT_2/ros2_ws/install/shared_interfaces/share/shared_interfaces/environment/pythonpath.sh
[0.785s] -- Up-to-date: /home/matylda-hayne/mtrx3760_p2/MTRX3760_PROJECT_2/ros2_ws/install/shared_interfaces/share/shared_interfaces/environment/pythonpath.dsv
[0.785s] -- Up-to-date: /home/matylda-hayne/mtrx3760_p2/MTRX3760_PROJECT_2/ros2_ws/install/shared_interfaces/lib/python3.12/site-packages/shared_interfaces-0.0.0-py3.12.egg-info
[0.785s] -- Installing: /home/matylda-hayne/mtrx3760_p2/MTRX3760_PROJECT_2/ros2_ws/install/shared_interfaces/lib/python3.12/site-packages/shared_interfaces-0.0.0-py3.12.egg-info/dependency_links.txt
[0.785s] -- Installing: /home/matylda-hayne/mtrx3760_p2/MTRX3760_PROJECT_2/ros2_ws/install/shared_interfaces/lib/python3.12/site-packages/shared_interfaces-0.0.0-py3.12.egg-info/SOURCES.txt
[0.785s] -- Installing: /home/matylda-hayne/mtrx3760_p2/MTRX3760_PROJECT_2/ros2_ws/install/shared_interfaces/lib/python3.12/site-packages/shared_interfaces-0.0.0-py3.12.egg-info/PKG-INFO
[0.785s] -- Installing: /home/matylda-hayne/mtrx3760_p2/MTRX3760_PROJECT_2/ros2_ws/install/shared_interfaces/lib/python3.12/site-packages/shared_interfaces-0.0.0-py3.12.egg-info/top_level.txt
[0.785s] -- Up-to-date: /home/matylda-hayne/mtrx3760_p2/MTRX3760_PROJECT_2/ros2_ws/install/shared_interfaces/lib/python3.12/site-packages/shared_interfaces
[0.785s] -- Up-to-date: /home/matylda-hayne/mtrx3760_p2/MTRX3760_PROJECT_2/ros2_ws/install/shared_interfaces/lib/python3.12/site-packages/shared_interfaces/_shared_interfaces_s.ep.rosidl_typesupport_fastrtps_c.c
[0.785s] -- Up-to-date: /home/matylda-hayne/mtrx3760_p2/MTRX3760_PROJECT_2/ros2_ws/install/shared_interfaces/lib/python3.12/site-packages/shared_interfaces/shared_interfaces_s__rosidl_typesupport_c.so
[0.785s] -- Up-to-date: /home/matylda-hayne/mtrx3760_p2/MTRX3760_PROJECT_2/ros2_ws/install/shared_interfaces/lib/python3.12/site-packages/shared_interfaces/__init__.py
[0.786s] -- Up-to-date: /home/matylda-hayne/mtrx3760_p2/MTRX3760_PROJECT_2/ros2_ws/install/shared_interfaces/lib/python3.12/site-packages/shared_interfaces/srv
[0.786s] -- Up-to-date: /home/matylda-hayne/mtrx3760_p2/MTRX3760_PROJECT_2/ros2_ws/install/shared_interfaces/lib/python3.12/site-packages/shared_interfaces/srv/_charging_s.c
[0.786s] -- Up-to-date: /home/matylda-hayne/mtrx3760_p2/MTRX3760_PROJECT_2/ros2_ws/install/shared_interfaces/lib/python3.12/site-packages/shared_interfaces/srv/_robot_type_s.c
[0.786s] -- Up-to-date: /home/matylda-hayne/mtrx3760_p2/MTRX3760_PROJECT_2/ros2_ws/install/shared_interfaces/lib/python3.12/site-packages/shared_interfaces/srv/_detecting_s.c
[0.786s] -- Up-to-date: /home/matylda-hayne/mtrx3760_p2/MTRX3760_PROJECT_2/ros2_ws/install/shared_interfaces/lib/python3.12/site-packages/shared_interfaces/srv/_navigation_mode_s.c
[0.786s] -- Up-to-date: /home/matylda-hayne/mtrx3760_p2/MTRX3760_PROJECT_2/ros2_ws/install/shared_interfaces/lib/python3.12/site-packages/shared_interfaces/srv/_charging.py
[0.786s] -- Up-to-date: /home/matylda-hayne/mtrx3760_p2/MTRX3760_PROJECT_2/ros2_ws/install/shared_interfaces/lib/python3.12/site-packages/shared_interfaces/srv/__init__.py
[0.786s] -- Up-to-date: /home/matylda-hayne/mtrx3760_p2/MTRX3760_PROJECT_2/ros2_ws/install/shared_interfaces/lib/python3.12/site-packages/shared_interfaces/srv/_robot_type.py
[0.786s] -- Up-to-date: /home/matylda-hayne/mtrx3760_p2/MTRX3760_PROJECT_2/ros2_ws/install/shared_interfaces/lib/python3.12/site-packages/shared_interfaces/srv/_navigation_mode.py
[0.786s] -- Up-to-date: /home/matylda-hayne/mtrx3760_p2/MTRX3760_PROJECT_2/ros2_ws/install/shared_interfaces/lib/python3.12/site-packages/shared_interfaces/srv/_detecting.py
[0.786s] -- Up-to-date: /home/matylda-hayne/mtrx3760_p2/MTRX3760_PROJECT_2/ros2_ws/install/shared_interfaces/lib/python3.12/site-packages/shared_interfaces/shared_interfaces_s__rosidl_typesupport_fastrtps_c.so
[0.786s] -- Up-to-date: /home/matylda-hayne/mtrx3760_p2/MTRX3760_PROJECT_2/ros2_ws/install/shared_interfaces/lib/python3.12/site-packages/shared_interfaces/_shared_interfaces_s.ep.rosidl_typesupport_introspection_c.c
[0.786s] -- Up-to-date: /home/matylda-hayne/mtrx3760_p2/MTRX3760_PROJECT_2/ros2_ws/install/shared_interfaces/lib/python3.12/site-packages/shared_interfaces/shared_interfaces_s__rosidl_typesupport_introspection_c.so
[0.786s] -- Up-to-date: /home/matylda-hayne/mtrx3760_p2/MTRX3760_PROJECT_2/ros2_ws/install/shared_interfaces/lib/python3.12/site-packages/shared_interfaces/_shared_interfaces_s.ep.rosidl_typesupport_c.c
[0.786s] -- Up-to-date: /home/matylda-hayne/mtrx3760_p2/MTRX3760_PROJECT_2/ros2_ws/install/shared_interfaces/lib/python3.12/site-packages/shared_interfaces/msg
[0.786s] -- Up-to-date: /home/matylda-hayne/mtrx3760_p2/MTRX3760_PROJECT_2/ros2_ws/install/shared_interfaces/lib/python3.12/site-packages/shared_interfaces/msg/_check_log.py
[0.787s] -- Up-to-date: /home/matylda-hayne/mtrx3760_p2/MTRX3760_PROJECT_2/ros2_ws/install/shared_interfaces/lib/python3.12/site-packages/shared_interfaces/msg/__init__.py
[0.787s] -- Up-to-date: /home/matylda-hayne/mtrx3760_p2/MTRX3760_PROJECT_2/ros2_ws/install/shared_interfaces/lib/python3.12/site-packages/shared_interfaces/msg/_add_log_s.c
[0.787s] -- Up-to-date: /home/matylda-hayne/mtrx3760_p2/MTRX3760_PROJECT_2/ros2_ws/install/shared_interfaces/lib/python3.12/site-packages/shared_interfaces/msg/_add_log.py
[0.787s] -- Up-to-date: /home/matylda-hayne/mtrx3760_p2/MTRX3760_PROJECT_2/ros2_ws/install/shared_interfaces/lib/python3.12/site-packages/shared_interfaces/msg/_check_log_s.c
[0.847s] Listing '/home/matylda-hayne/mtrx3760_p2/MTRX3760_PROJECT_2/ros2_ws/install/shared_interfaces/lib/python3.12/site-packages/shared_interfaces'...
[0.847s] Listing '/home/matylda-hayne/mtrx3760_p2/MTRX3760_PROJECT_2/ros2_ws/install/shared_interfaces/lib/python3.12/site-packages/shared_interfaces/msg'...
[0.847s] Listing '/home/matylda-hayne/mtrx3760_p2/MTRX3760_PROJECT_2/ros2_ws/install/shared_interfaces/lib/python3.12/site-packages/shared_interfaces/srv'...
[0.855s] -- Up-to-date: /home/matylda-hayne/mtrx3760_p2/MTRX3760_PROJECT_2/ros2_ws/install/shared_interfaces/lib/python3.12/site-packages/shared_interfaces/shared_interfaces_s__rosidl_typesupport_fastrtps_c.so
[0.856s] -- Up-to-date: /home/matylda-hayne/mtrx3760_p2/MTRX3760_PROJECT_2/ros2_ws/install/shared_interfaces/lib/python3.12/site-packages/shared_interfaces/shared_interfaces_s__rosidl_typesupport_introspection_c.so
[0.856s] -- Up-to-date: /home/matylda-hayne/mtrx3760_p2/MTRX3760_PROJECT_2/ros2_ws/install/shared_interfaces/lib/python3.12/site-packages/shared_interfaces/shared_interfaces_s__rosidl_typesupport_c.so
[0.857s] -- Up-to-date: /home/matylda-hayne/mtrx3760_p2/MTRX3760_PROJECT_2/ros2_ws/install/shared_interfaces/lib/libshared_interfaces__rosidl_generator_py.so
[0.857s] -- Up-to-date: /home/matylda-hayne/mtrx3760_p2/MTRX3760_PROJECT_2/ros2_ws/install/shared_interfaces/share/shared_interfaces/msg/AddLog.idl
[0.857s] -- Up-to-date: /home/matylda-hayne/mtrx3760_p2/MTRX3760_PROJECT_2/ros2_ws/install/shared_interfaces/share/shared_interfaces/msg/CheckLog.idl
[0.857s] -- Up-to-date: /home/matylda-hayne/mtrx3760_p2/MTRX3760_PROJECT_2/ros2_ws/install/shared_interfaces/share/shared_interfaces/srv/NavigationMode.idl
[0.857s] -- Up-to-date: /home/matylda-hayne/mtrx3760_p2/MTRX3760_PROJECT_2/ros2_ws/install/shared_interfaces/share/shared_interfaces/srv/RobotType.idl
[0.857s] -- Up-to-date: /home/matylda-hayne/mtrx3760_p2/MTRX3760_PROJECT_2/ros2_ws/install/shared_interfaces/share/shared_interfaces/srv/Detecting.idl
[0.857s] -- Up-to-date: /home/matylda-hayne/mtrx3760_p2/MTRX3760_PROJECT_2/ros2_ws/install/shared_interfaces/share/shared_interfaces/srv/Charging.idl
[0.858s] -- Up-to-date: /home/matylda-hayne/mtrx3760_p2/MTRX3760_PROJECT_2/ros2_ws/install/shared_interfaces/share/shared_interfaces/msg/AddLog.msg
[0.858s] -- Up-to-date: /home/matylda-hayne/mtrx3760_p2/MTRX3760_PROJECT_2/ros2_ws/install/shared_interfaces/share/shared_interfaces/msg/CheckLog.msg
[0.858s] -- Up-to-date: /home/matylda-hayne/mtrx3760_p2/MTRX3760_PROJECT_2/ros2_ws/install/shared_interfaces/share/shared_interfaces/srv/NavigationMode.srv
[0.858s] -- Up-to-date: /home/matylda-hayne/mtrx3760_p2/MTRX3760_PROJECT_2/ros2_ws/install/shared_interfaces/share/shared_interfaces/srv/RobotType.srv
[0.858s] -- Up-to-date: /home/matylda-hayne/mtrx3760_p2/MTRX3760_PROJECT_2/ros2_ws/install/shared_interfaces/share/shared_interfaces/srv/Detecting.srv
[0.858s] -- Up-to-date: /home/matylda-hayne/mtrx3760_p2/MTRX3760_PROJECT_2/ros2_ws/install/shared_interfaces/share/shared_interfaces/srv/Charging.srv
[0.858s] -- Up-to-date: /home/matylda-hayne/mtrx3760_p2/MTRX3760_PROJECT_2/ros2_ws/install/shared_interfaces/share/ament_index/resource_index/package_run_dependencies/shared_interfaces
[0.858s] -- Up-to-date: /home/matylda-hayne/mtrx3760_p2/MTRX3760_PROJECT_2/ros2_ws/install/shared_interfaces/share/ament_index/resource_index/parent_prefix_path/shared_interfaces
[0.858s] -- Up-to-date: /home/matylda-hayne/mtrx3760_p2/MTRX3760_PROJECT_2/ros2_ws/install/shared_interfaces/share/shared_interfaces/environment/ament_prefix_path.sh
[0.858s] -- Up-to-date: /home/matylda-hayne/mtrx3760_p2/MTRX3760_PROJECT_2/ros2_ws/install/shared_interfaces/share/shared_interfaces/environment/ament_prefix_path.dsv
[0.858s] -- Up-to-date: /home/matylda-hayne/mtrx3760_p2/MTRX3760_PROJECT_2/ros2_ws/install/shared_interfaces/share/shared_interfaces/environment/path.sh
[0.858s] -- Up-to-date: /home/matylda-hayne/mtrx3760_p2/MTRX3760_PROJECT_2/ros2_ws/install/shared_interfaces/share/shared_interfaces/environment/path.dsv
[0.859s] -- Up-to-date: /home/matylda-hayne/mtrx3760_p2/MTRX3760_PROJECT_2/ros2_ws/install/shared_interfaces/share/shared_interfaces/local_setup.bash
[0.859s] -- Up-to-date: /home/matylda-hayne/mtrx3760_p2/MTRX3760_PROJECT_2/ros2_ws/install/shared_interfaces/share/shared_interfaces/local_setup.sh
[0.859s] -- Up-to-date: /home/matylda-hayne/mtrx3760_p2/MTRX3760_PROJECT_2/ros2_ws/install/shared_interfaces/share/shared_interfaces/local_setup.zsh
[0.859s] -- Up-to-date: /home/matylda-hayne/mtrx3760_p2/MTRX3760_PROJECT_2/ros2_ws/install/shared_interfaces/share/shared_interfaces/local_setup.dsv
[0.859s] -- Installing: /home/matylda-hayne/mtrx3760_p2/MTRX3760_PROJECT_2/ros2_ws/install/shared_interfaces/share/shared_interfaces/package.dsv
[0.859s] -- Up-to-date: /home/matylda-hayne/mtrx3760_p2/MTRX3760_PROJECT_2/ros2_ws/install/shared_interfaces/share/ament_index/resource_index/packages/shared_interfaces
[0.859s] -- Up-to-date: /home/matylda-hayne/mtrx3760_p2/MTRX3760_PROJECT_2/ros2_ws/install/shared_interfaces/share/shared_interfaces/cmake/export_shared_interfaces__rosidl_generator_cExport.cmake
[0.859s] -- Up-to-date: /home/matylda-hayne/mtrx3760_p2/MTRX3760_PROJECT_2/ros2_ws/install/shared_interfaces/share/shared_interfaces/cmake/export_shared_interfaces__rosidl_generator_cExport-noconfig.cmake
[0.859s] -- Up-to-date: /home/matylda-hayne/mtrx3760_p2/MTRX3760_PROJECT_2/ros2_ws/install/shared_interfaces/share/shared_interfaces/cmake/export_shared_interfaces__rosidl_typesupport_fastrtps_cExport.cmake
[0.859s] -- Up-to-date: /home/matylda-hayne/mtrx3760_p2/MTRX3760_PROJECT_2/ros2_ws/install/shared_interfaces/share/shared_interfaces/cmake/export_shared_interfaces__rosidl_typesupport_fastrtps_cExport-noconfig.cmake
[0.859s] -- Up-to-date: /home/matylda-hayne/mtrx3760_p2/MTRX3760_PROJECT_2/ros2_ws/install/shared_interfaces/share/shared_interfaces/cmake/shared_interfaces__rosidl_typesupport_introspection_cExport.cmake
[0.860s] -- Up-to-date: /home/matylda-hayne/mtrx3760_p2/MTRX3760_PROJECT_2/ros2_ws/install/shared_interfaces/share/shared_interfaces/cmake/shared_interfaces__rosidl_typesupport_introspection_cExport-noconfig.cmake
[0.860s] -- Up-to-date: /home/matylda-hayne/mtrx3760_p2/MTRX3760_PROJECT_2/ros2_ws/install/shared_interfaces/share/shared_interfaces/cmake/shared_interfaces__rosidl_typesupport_cExport.cmake
[0.860s] -- Up-to-date: /home/matylda-hayne/mtrx3760_p2/MTRX3760_PROJECT_2/ros2_ws/install/shared_interfaces/share/shared_interfaces/cmake/shared_interfaces__rosidl_typesupport_cExport-noconfig.cmake
[0.860s] -- Up-to-date: /home/matylda-hayne/mtrx3760_p2/MTRX3760_PROJECT_2/ros2_ws/install/shared_interfaces/share/shared_interfaces/cmake/export_shared_interfaces__rosidl_generator_cppExport.cmake
[0.860s] -- Up-to-date: /home/matylda-hayne/mtrx3760_p2/MTRX3760_PROJECT_2/ros2_ws/install/shared_interfaces/share/shared_interfaces/cmake/export_shared_interfaces__rosidl_typesupport_fastrtps_cppExport.cmake
[0.860s] -- Up-to-date: /home/matylda-hayne/mtrx3760_p2/MTRX3760_PROJECT_2/ros2_ws/install/shared_interfaces/share/shared_interfaces/cmake/export_shared_interfaces__rosidl_typesupport_fastrtps_cppExport-noconfig.cmake
[0.860s] -- Up-to-date: /home/matylda-hayne/mtrx3760_p2/MTRX3760_PROJECT_2/ros2_ws/install/shared_interfaces/share/shared_interfaces/cmake/shared_interfaces__rosidl_typesupport_introspection_cppExport.cmake
[0.860s] -- Up-to-date: /home/matylda-hayne/mtrx3760_p2/MTRX3760_PROJECT_2/ros2_ws/install/shared_interfaces/share/shared_interfaces/cmake/shared_interfaces__rosidl_typesupport_introspection_cppExport-noconfig.cmake
[0.860s] -- Up-to-date: /home/matylda-hayne/mtrx3760_p2/MTRX3760_PROJECT_2/ros2_ws/install/shared_interfaces/share/shared_interfaces/cmake/shared_interfaces__rosidl_typesupport_cppExport.cmake
[0.860s] -- Up-to-date: /home/matylda-hayne/mtrx3760_p2/MTRX3760_PROJECT_2/ros2_ws/install/shared_interfaces/share/shared_interfaces/cmake/shared_interfaces__rosidl_typesupport_cppExport-noconfig.cmake
[0.860s] -- Up-to-date: /home/matylda-hayne/mtrx3760_p2/MTRX3760_PROJECT_2/ros2_ws/install/shared_interfaces/share/shared_interfaces/cmake/export_shared_interfaces__rosidl_generator_pyExport.cmake
[0.860s] -- Up-to-date: /home/matylda-hayne/mtrx3760_p2/MTRX3760_PROJECT_2/ros2_ws/install/shared_interfaces/share/shared_interfaces/cmake/export_shared_interfaces__rosidl_generator_pyExport-noconfig.cmake
[0.860s] -- Up-to-date: /home/matylda-hayne/mtrx3760_p2/MTRX3760_PROJECT_2/ros2_ws/install/shared_interfaces/share/shared_interfaces/cmake/rosidl_cmake-extras.cmake
[0.861s] -- Up-to-date: /home/matylda-hayne/mtrx3760_p2/MTRX3760_PROJECT_2/ros2_ws/install/shared_interfaces/share/shared_interfaces/cmake/ament_cmake_export_dependencies-extras.cmake
[0.861s] -- Up-to-date: /home/matylda-hayne/mtrx3760_p2/MTRX3760_PROJECT_2/ros2_ws/install/shared_interfaces/share/shared_interfaces/cmake/ament_cmake_export_include_directories-extras.cmake
[0.861s] -- Up-to-date: /home/matylda-hayne/mtrx3760_p2/MTRX3760_PROJECT_2/ros2_ws/install/shared_interfaces/share/shared_interfaces/cmake/ament_cmake_export_libraries-extras.cmake
[0.861s] -- Up-to-date: /home/matylda-hayne/mtrx3760_p2/MTRX3760_PROJECT_2/ros2_ws/install/shared_interfaces/share/shared_interfaces/cmake/ament_cmake_export_targets-extras.cmake
[0.861s] -- Up-to-date: /home/matylda-hayne/mtrx3760_p2/MTRX3760_PROJECT_2/ros2_ws/install/shared_interfaces/share/shared_interfaces/cmake/rosidl_cmake_export_typesupport_targets-extras.cmake
[0.861s] -- Up-to-date: /home/matylda-hayne/mtrx3760_p2/MTRX3760_PROJECT_2/ros2_ws/install/shared_interfaces/share/shared_interfaces/cmake/rosidl_cmake_export_typesupport_libraries-extras.cmake
[0.861s] -- Up-to-date: /home/matylda-hayne/mtrx3760_p2/MTRX3760_PROJECT_2/ros2_ws/install/shared_interfaces/share/shared_interfaces/cmake/shared_interfacesConfig.cmake
[0.861s] -- Up-to-date: /home/matylda-hayne/mtrx3760_p2/MTRX3760_PROJECT_2/ros2_ws/install/shared_interfaces/share/shared_interfaces/cmake/shared_interfacesConfig-version.cmake
[0.861s] -- Up-to-date: /home/matylda-hayne/mtrx3760_p2/MTRX3760_PROJECT_2/ros2_ws/install/shared_interfaces/share/shared_interfaces/package.xml
[0.864s] Invoked command in '/home/matylda-hayne/mtrx3760_p2/MTRX3760_PROJECT_2/ros2_ws/build/shared_interfaces' returned '0': CMAKE_PREFIX_PATH=${CMAKE_PREFIX_PATH}:/home/matylda-hayne/turtlebot3_ws/install/turtlebot3_teleop:/home/matylda-hayne/turtlebot3_ws/install/turtlebot3_example:/opt/ros/jazzy DEBUGINFOD_URLS=https://debuginfod.ubuntu.com /usr/bin/cmake --install /home/matylda-hayne/mtrx3760_p2/MTRX3760_PROJECT_2/ros2_ws/build/shared_interfaces
