-- Found ament_cmake: 2.5.4 (/opt/ros/jazzy/share/ament_cmake/cmake)
-- Override CMake install command with custom implementation using symlinks instead of copying resources
-- Found rclcpp: 28.1.11 (/opt/ros/jazzy/share/rclcpp/cmake)
-- Found rosidl_generator_c: 4.6.6 (/opt/ros/jazzy/share/rosidl_generator_c/cmake)
-- Found rosidl_generator_cpp: 4.6.6 (/opt/ros/jazzy/share/rosidl_generator_cpp/cmake)
-- Using all available rosidl_typesupport_c: rosidl_typesupport_fastrtps_c;rosidl_typesupport_introspection_c
-- Using all available rosidl_typesupport_cpp: rosidl_typesupport_fastrtps_cpp;rosidl_typesupport_introspection_cpp
-- Found rmw_implementation_cmake: 7.3.2 (/opt/ros/jazzy/share/rmw_implementation_cmake/cmake)
-- Found rmw_cyclonedds_cpp: 2.2.3 (/opt/ros/jazzy/share/rmw_cyclonedds_cpp/cmake)
-- Using RMW implementation 'rmw_cyclonedds_cpp' as default
-- Found std_msgs: 5.3.6 (/opt/ros/jazzy/share/std_msgs/cmake)
-- Found shared_interfaces: 0.0.0 (/home/matylda-hayne/mtrx3760_p2/MTRX3760_PROJECT_2/install/shared_interfaces/share/shared_interfaces/cmake)
-- Found nav_msgs: 5.3.6 (/opt/ros/jazzy/share/nav_msgs/cmake)
-- Configuring done (0.5s)
-- Generating done (0.0s)
-- Build files have been written to: /home/matylda-hayne/mtrx3760_p2/MTRX3760_PROJECT_2/build/user_interface
[  9%] [32mBuilding CXX object CMakeFiles/user_interface_lib.dir/src/user_interface.cpp.o[0m
[ 18%] [32m[1mLinking CXX static library libuser_interface_lib.a[0m
[ 81%] Built target user_interface_lib
[ 90%] [32mBuilding CXX object CMakeFiles/user_interface_bringup.dir/src/user_interface_bringup.cpp.o[0m
[100%] [32m[1mLinking CXX executable user_interface_bringup[0m
[100%] Built target user_interface_bringup
-- Install configuration: ""
-- Execute custom install script
-- Up-to-date symlink: /home/matylda-hayne/mtrx3760_p2/MTRX3760_PROJECT_2/install/user_interface/lib/user_interface/user_interface_bringup
-- Up-to-date symlink: /home/matylda-hayne/mtrx3760_p2/MTRX3760_PROJECT_2/install/user_interface/lib/user_interface/libuser_interface_lib.a
-- Up-to-date symlink: /home/matylda-hayne/mtrx3760_p2/MTRX3760_PROJECT_2/install/user_interface/include/include/user_interface/user_interface.hpp
-- Up-to-date symlink: /home/matylda-hayne/mtrx3760_p2/MTRX3760_PROJECT_2/install/user_interface/share/user_interface/launch/bringup.launch.py
-- Up-to-date symlink: /home/matylda-hayne/mtrx3760_p2/MTRX3760_PROJECT_2/install/user_interface/share/user_interface/resources/defect_log.yaml
-- Up-to-date symlink: /home/matylda-hayne/mtrx3760_p2/MTRX3760_PROJECT_2/install/user_interface/share/user_interface/resources/delivery_log.yaml
-- Up-to-date symlink: /home/matylda-hayne/mtrx3760_p2/MTRX3760_PROJECT_2/install/user_interface/share/user_interface/resources/map.pgm
-- Up-to-date symlink: /home/matylda-hayne/mtrx3760_p2/MTRX3760_PROJECT_2/install/user_interface/share/user_interface/resources/map.yaml
-- Up-to-date symlink: /home/matylda-hayne/mtrx3760_p2/MTRX3760_PROJECT_2/install/user_interface/share/user_interface/resources/pascal.png
-- Up-to-date symlink: /home/matylda-hayne/mtrx3760_p2/MTRX3760_PROJECT_2/install/user_interface/share/user_interface/resources/pascal_intro.txt
-- Up-to-date symlink: /home/matylda-hayne/mtrx3760_p2/MTRX3760_PROJECT_2/install/user_interface/share/user_interface/resources/pascal_serial.txt
-- Up-to-date symlink: /home/matylda-hayne/mtrx3760_p2/MTRX3760_PROJECT_2/install/user_interface/share/user_interface/resources/pascal_intro.txt
-- Up-to-date symlink: /home/matylda-hayne/mtrx3760_p2/MTRX3760_PROJECT_2/install/user_interface/share/user_interface/resources/pascal_serial.txt
-- Up-to-date symlink: /home/matylda-hayne/mtrx3760_p2/MTRX3760_PROJECT_2/install/user_interface/share/ament_index/resource_index/package_run_dependencies/user_interface
-- Up-to-date symlink: /home/matylda-hayne/mtrx3760_p2/MTRX3760_PROJECT_2/install/user_interface/share/ament_index/resource_index/parent_prefix_path/user_interface
-- Up-to-date symlink: /home/matylda-hayne/mtrx3760_p2/MTRX3760_PROJECT_2/install/user_interface/share/user_interface/environment/ament_prefix_path.sh
-- Up-to-date symlink: /home/matylda-hayne/mtrx3760_p2/MTRX3760_PROJECT_2/install/user_interface/share/user_interface/environment/ament_prefix_path.dsv
-- Up-to-date symlink: /home/matylda-hayne/mtrx3760_p2/MTRX3760_PROJECT_2/install/user_interface/share/user_interface/environment/path.sh
-- Up-to-date symlink: /home/matylda-hayne/mtrx3760_p2/MTRX3760_PROJECT_2/install/user_interface/share/user_interface/environment/path.dsv
-- Up-to-date symlink: /home/matylda-hayne/mtrx3760_p2/MTRX3760_PROJECT_2/install/user_interface/share/user_interface/local_setup.bash
-- Up-to-date symlink: /home/matylda-hayne/mtrx3760_p2/MTRX3760_PROJECT_2/install/user_interface/share/user_interface/local_setup.sh
-- Up-to-date symlink: /home/matylda-hayne/mtrx3760_p2/MTRX3760_PROJECT_2/install/user_interface/share/user_interface/local_setup.zsh
-- Up-to-date symlink: /home/matylda-hayne/mtrx3760_p2/MTRX3760_PROJECT_2/install/user_interface/share/user_interface/local_setup.dsv
-- Symlinking: /home/matylda-hayne/mtrx3760_p2/MTRX3760_PROJECT_2/install/user_interface/share/user_interface/package.dsv
-- Up-to-date symlink: /home/matylda-hayne/mtrx3760_p2/MTRX3760_PROJECT_2/install/user_interface/share/ament_index/resource_index/packages/user_interface
-- Up-to-date symlink: /home/matylda-hayne/mtrx3760_p2/MTRX3760_PROJECT_2/install/user_interface/share/user_interface/cmake/user_interfaceConfig.cmake
-- Up-to-date symlink: /home/matylda-hayne/mtrx3760_p2/MTRX3760_PROJECT_2/install/user_interface/share/user_interface/cmake/user_interfaceConfig-version.cmake
-- Up-to-date symlink: /home/matylda-hayne/mtrx3760_p2/MTRX3760_PROJECT_2/install/user_interface/share/user_interface/package.xml
