[0.027s] Invoking command in '/home/matylda-hayne/mtrx3760_p2/MTRX3760_PROJECT_2/ros2_ws/build/shared_interfaces': CMAKE_PREFIX_PATH=${CMAKE_PREFIX_PATH}:/home/matylda-hayne/turtlebot3_ws/install/turtlebot3_teleop:/home/matylda-hayne/turtlebot3_ws/install/turtlebot3_example:/opt/ros/jazzy DEBUGINFOD_URLS=https://debuginfod.ubuntu.com /usr/bin/cmake /home/matylda-hayne/mtrx3760_p2/MTRX3760_PROJECT_2/ros2_ws/src/shared_interfaces -DCMAKE_INSTALL_PREFIX=/home/matylda-hayne/mtrx3760_p2/MTRX3760_PROJECT_2/ros2_ws/install/shared_interfaces
[0.135s] -- The C compiler identification is GNU 13.3.0
[0.239s] -- The CXX compiler identification is GNU 13.3.0
[0.269s] -- Detecting C compiler ABI info
[0.440s] -- Detecting C compiler ABI info - done
[0.459s] -- Check for working C compiler: /usr/bin/cc - skipped
[0.460s] -- Detecting C compile features
[0.460s] -- Detecting C compile features - done
[0.482s] -- Detecting CXX compiler ABI info
[0.682s] -- Detecting CXX compiler ABI info - done
[0.694s] -- Check for working CXX compiler: /usr/bin/c++ - skipped
[0.695s] -- Detecting CXX compile features
[0.695s] -- Detecting CXX compile features - done
[0.701s] -- Found ament_cmake: 2.5.4 (/opt/ros/jazzy/share/ament_cmake/cmake)
[0.975s] -- Found Python3: /usr/bin/python3 (found version "3.12.3") found components: Interpreter 
[1.176s] -- Found rosidl_default_generators: 1.6.0 (/opt/ros/jazzy/share/rosidl_default_generators/cmake)
[1.191s] -- Using all available rosidl_typesupport_c: rosidl_typesupport_fastrtps_c;rosidl_typesupport_introspection_c
[1.284s] -- Using all available rosidl_typesupport_cpp: rosidl_typesupport_fastrtps_cpp;rosidl_typesupport_introspection_cpp
[1.358s] -- Found rosidl_adapter: 4.6.6 (/opt/ros/jazzy/share/rosidl_adapter/cmake)
[1.364s] -- Found std_msgs: 5.3.6 (/opt/ros/jazzy/share/std_msgs/cmake)
[1.418s] -- Found geometry_msgs: 5.3.6 (/opt/ros/jazzy/share/geometry_msgs/cmake)
[2.502s] -- Found ament_cmake_ros: 0.12.0 (/opt/ros/jazzy/share/ament_cmake_ros/cmake)
[3.338s] -- Using all available rosidl_typesupport_c: rosidl_typesupport_fastrtps_c;rosidl_typesupport_introspection_c
[4.318s] -- Using all available rosidl_typesupport_cpp: rosidl_typesupport_fastrtps_cpp;rosidl_typesupport_introspection_cpp
[4.326s] -- Found python_cmake_module: 0.11.1 (/opt/ros/jazzy/share/python_cmake_module/cmake)
[4.549s] -- Found PythonExtra: /usr/bin/python3  
[5.149s] -- Found Python3: /usr/bin/python3 (found version "3.12.3") found components: Interpreter Development NumPy Development.Module Development.Embed 
[5.230s] -- Found ament_lint_auto: 0.17.3 (/opt/ros/jazzy/share/ament_lint_auto/cmake)
[5.276s] -- Added test 'cppcheck' to perform static code analysis on C / C++ code
[5.276s] -- Configured cppcheck include dirs: 
[5.277s] -- Configured cppcheck exclude dirs and/or files: 
[5.278s] -- Added test 'flake8' to check Python code syntax and style conventions
[5.279s] -- Configured 'flake8' exclude dirs and/or files: 
[5.281s] -- Added test 'lint_cmake' to check CMake code style
[5.283s] -- Added test 'pep257' to check Python code against some of the docstring style conventions in PEP 257
[5.289s] -- Added test 'uncrustify' to check C / C++ code style
[5.289s] -- Configured uncrustify additional arguments: 
[5.291s] -- Added test 'xmllint' to check XML markup files
[5.295s] -- Configuring done (5.3s)
[5.351s] -- Generating done (0.0s)
[5.366s] -- Build files have been written to: /home/matylda-hayne/mtrx3760_p2/MTRX3760_PROJECT_2/ros2_ws/build/shared_interfaces
[5.379s] Invoked command in '/home/matylda-hayne/mtrx3760_p2/MTRX3760_PROJECT_2/ros2_ws/build/shared_interfaces' returned '0': CMAKE_PREFIX_PATH=${CMAKE_PREFIX_PATH}:/home/matylda-hayne/turtlebot3_ws/install/turtlebot3_teleop:/home/matylda-hayne/turtlebot3_ws/install/turtlebot3_example:/opt/ros/jazzy DEBUGINFOD_URLS=https://debuginfod.ubuntu.com /usr/bin/cmake /home/matylda-hayne/mtrx3760_p2/MTRX3760_PROJECT_2/ros2_ws/src/shared_interfaces -DCMAKE_INSTALL_PREFIX=/home/matylda-hayne/mtrx3760_p2/MTRX3760_PROJECT_2/ros2_ws/install/shared_interfaces
[5.380s] Invoking command in '/home/matylda-hayne/mtrx3760_p2/MTRX3760_PROJECT_2/ros2_ws/build/shared_interfaces': CMAKE_PREFIX_PATH=${CMAKE_PREFIX_PATH}:/home/matylda-hayne/turtlebot3_ws/install/turtlebot3_teleop:/home/matylda-hayne/turtlebot3_ws/install/turtlebot3_example:/opt/ros/jazzy DEBUGINFOD_URLS=https://debuginfod.ubuntu.com /usr/bin/cmake --build /home/matylda-hayne/mtrx3760_p2/MTRX3760_PROJECT_2/ros2_ws/build/shared_interfaces -- -j20 -l20
[5.467s] [  1%] [34m[1mGenerating type hashes for ROS interfaces[0m
[5.483s] [  1%] Built target ament_cmake_python_copy_shared_interfaces
[5.753s] running egg_info
[5.754s] creating shared_interfaces.egg-info
[5.774s] writing shared_interfaces.egg-info/PKG-INFO
[5.775s] writing dependency_links to shared_interfaces.egg-info/dependency_links.txt
[5.775s] writing top-level names to shared_interfaces.egg-info/top_level.txt
[5.775s] writing manifest file 'shared_interfaces.egg-info/SOURCES.txt'
[5.837s] reading manifest file 'shared_interfaces.egg-info/SOURCES.txt'
[5.837s] writing manifest file 'shared_interfaces.egg-info/SOURCES.txt'
[5.873s] [  1%] Built target ament_cmake_python_build_shared_interfaces_egg
[5.914s] [  1%] Built target shared_interfaces__rosidl_generator_type_description
[5.935s] [  2%] [34m[1mGenerating C code for ROS interfaces[0m
[5.954s] [  3%] [34m[1mGenerating C++ code for ROS interfaces[0m
[6.724s] [  3%] Built target shared_interfaces__cpp
[6.858s] [  4%] [32mBuilding C object CMakeFiles/shared_interfaces__rosidl_generator_c.dir/rosidl_generator_c/shared_interfaces/msg/detail/check_log__functions.c.o[0m
[6.859s] [  5%] [32mBuilding C object CMakeFiles/shared_interfaces__rosidl_generator_c.dir/rosidl_generator_c/shared_interfaces/msg/detail/add_log__type_support.c.o[0m
[6.860s] [  7%] [32mBuilding C object CMakeFiles/shared_interfaces__rosidl_generator_c.dir/rosidl_generator_c/shared_interfaces/msg/detail/check_log__description.c.o[0m
[6.861s] [  8%] [32mBuilding C object CMakeFiles/shared_interfaces__rosidl_generator_c.dir/rosidl_generator_c/shared_interfaces/msg/detail/add_log__description.c.o[0m
[6.861s] [ 11%] [32mBuilding C object CMakeFiles/shared_interfaces__rosidl_generator_c.dir/rosidl_generator_c/shared_interfaces/msg/detail/check_log__type_support.c.o[0m
[6.861s] [ 11%] [32mBuilding C object CMakeFiles/shared_interfaces__rosidl_generator_c.dir/rosidl_generator_c/shared_interfaces/srv/detail/navigation_mode__functions.c.o[0m
[6.861s] [ 11%] [32mBuilding C object CMakeFiles/shared_interfaces__rosidl_generator_c.dir/rosidl_generator_c/shared_interfaces/msg/detail/add_log__functions.c.o[0m
[6.862s] [ 13%] [32mBuilding C object CMakeFiles/shared_interfaces__rosidl_generator_c.dir/rosidl_generator_c/shared_interfaces/srv/detail/navigation_mode__type_support.c.o[0m
[6.862s] [ 14%] [32mBuilding C object CMakeFiles/shared_interfaces__rosidl_generator_c.dir/rosidl_generator_c/shared_interfaces/srv/detail/navigation_mode__description.c.o[0m
[6.862s] [ 15%] [32mBuilding C object CMakeFiles/shared_interfaces__rosidl_generator_c.dir/rosidl_generator_c/shared_interfaces/srv/detail/robot_type__description.c.o[0m
[6.862s] [ 16%] [32mBuilding C object CMakeFiles/shared_interfaces__rosidl_generator_c.dir/rosidl_generator_c/shared_interfaces/srv/detail/robot_type__type_support.c.o[0m
[6.863s] [ 17%] [32mBuilding C object CMakeFiles/shared_interfaces__rosidl_generator_c.dir/rosidl_generator_c/shared_interfaces/srv/detail/robot_type__functions.c.o[0m
[6.863s] [ 20%] [32mBuilding C object CMakeFiles/shared_interfaces__rosidl_generator_c.dir/rosidl_generator_c/shared_interfaces/srv/detail/detecting__functions.c.o[0m
[6.863s] [ 20%] [32mBuilding C object CMakeFiles/shared_interfaces__rosidl_generator_c.dir/rosidl_generator_c/shared_interfaces/srv/detail/detecting__description.c.o[0m
[6.863s] [ 21%] [32mBuilding C object CMakeFiles/shared_interfaces__rosidl_generator_c.dir/rosidl_generator_c/shared_interfaces/srv/detail/charging__functions.c.o[0m
[6.863s] [ 23%] [32mBuilding C object CMakeFiles/shared_interfaces__rosidl_generator_c.dir/rosidl_generator_c/shared_interfaces/srv/detail/detecting__type_support.c.o[0m
[6.864s] [ 23%] [32mBuilding C object CMakeFiles/shared_interfaces__rosidl_generator_c.dir/rosidl_generator_c/shared_interfaces/srv/detail/charging__type_support.c.o[0m
[6.864s] [ 25%] [32mBuilding C object CMakeFiles/shared_interfaces__rosidl_generator_c.dir/rosidl_generator_c/shared_interfaces/srv/detail/charging__description.c.o[0m
[6.981s] [ 26%] [32m[1mLinking C shared library libshared_interfaces__rosidl_generator_c.so[0m
[7.075s] [ 26%] Built target shared_interfaces__rosidl_generator_c
[7.091s] [ 28%] [34m[1mGenerating C++ type support for eProsima Fast-RTPS[0m
[7.091s] [ 28%] [34m[1mGenerating C introspection for ROS interfaces[0m
[7.091s] [ 29%] [34m[1mGenerating C type support for eProsima Fast-RTPS[0m
[7.094s] [ 30%] [34m[1mGenerating C++ introspection for ROS interfaces[0m
[7.096s] [ 32%] [34m[1mGenerating C++ type support dispatch for ROS interfaces[0m
[7.097s] [ 33%] [34m[1mGenerating C type support dispatch for ROS interfaces[0m
[7.708s] [ 34%] [32mBuilding CXX object CMakeFiles/shared_interfaces__rosidl_typesupport_c.dir/rosidl_typesupport_c/shared_interfaces/srv/navigation_mode__type_support.cpp.o[0m
[7.709s] [ 35%] [32mBuilding CXX object CMakeFiles/shared_interfaces__rosidl_typesupport_c.dir/rosidl_typesupport_c/shared_interfaces/srv/charging__type_support.cpp.o[0m
[7.709s] [ 36%] [32mBuilding CXX object CMakeFiles/shared_interfaces__rosidl_typesupport_c.dir/rosidl_typesupport_c/shared_interfaces/srv/detecting__type_support.cpp.o[0m
[7.713s] [ 38%] [32mBuilding CXX object CMakeFiles/shared_interfaces__rosidl_typesupport_c.dir/rosidl_typesupport_c/shared_interfaces/msg/add_log__type_support.cpp.o[0m
[7.713s] [ 39%] [32mBuilding CXX object CMakeFiles/shared_interfaces__rosidl_typesupport_c.dir/rosidl_typesupport_c/shared_interfaces/msg/check_log__type_support.cpp.o[0m
[7.714s] [ 40%] [32mBuilding CXX object CMakeFiles/shared_interfaces__rosidl_typesupport_c.dir/rosidl_typesupport_c/shared_interfaces/srv/robot_type__type_support.cpp.o[0m
[7.784s] [ 41%] [32m[1mLinking CXX shared library libshared_interfaces__rosidl_typesupport_c.so[0m
[7.854s] [ 41%] Built target shared_interfaces__rosidl_typesupport_c
[7.868s] [ 42%] [32mBuilding C object CMakeFiles/shared_interfaces__rosidl_typesupport_introspection_c.dir/rosidl_typesupport_introspection_c/shared_interfaces/msg/detail/check_log__type_support.c.o[0m
[7.869s] [ 44%] [32mBuilding C object CMakeFiles/shared_interfaces__rosidl_typesupport_introspection_c.dir/rosidl_typesupport_introspection_c/shared_interfaces/srv/detail/robot_type__type_support.c.o[0m
[7.870s] [ 45%] [32mBuilding C object CMakeFiles/shared_interfaces__rosidl_typesupport_introspection_c.dir/rosidl_typesupport_introspection_c/shared_interfaces/msg/detail/add_log__type_support.c.o[0m
[7.872s] [ 46%] [32mBuilding C object CMakeFiles/shared_interfaces__rosidl_typesupport_introspection_c.dir/rosidl_typesupport_introspection_c/shared_interfaces/srv/detail/navigation_mode__type_support.c.o[0m
[7.872s] [ 47%] [32mBuilding C object CMakeFiles/shared_interfaces__rosidl_typesupport_introspection_c.dir/rosidl_typesupport_introspection_c/shared_interfaces/srv/detail/detecting__type_support.c.o[0m
[7.873s] [ 48%] [32mBuilding C object CMakeFiles/shared_interfaces__rosidl_typesupport_introspection_c.dir/rosidl_typesupport_introspection_c/shared_interfaces/srv/detail/charging__type_support.c.o[0m
[7.901s] [ 50%] [32mBuilding CXX object CMakeFiles/shared_interfaces__rosidl_typesupport_introspection_cpp.dir/rosidl_typesupport_introspection_cpp/shared_interfaces/msg/detail/add_log__type_support.cpp.o[0m
[7.901s] [ 51%] [32mBuilding CXX object CMakeFiles/shared_interfaces__rosidl_typesupport_introspection_cpp.dir/rosidl_typesupport_introspection_cpp/shared_interfaces/srv/detail/navigation_mode__type_support.cpp.o[0m
[7.902s] [ 53%] [32mBuilding CXX object CMakeFiles/shared_interfaces__rosidl_typesupport_introspection_cpp.dir/rosidl_typesupport_introspection_cpp/shared_interfaces/srv/detail/robot_type__type_support.cpp.o[0m
[7.902s] [ 53%] [32mBuilding CXX object CMakeFiles/shared_interfaces__rosidl_typesupport_introspection_cpp.dir/rosidl_typesupport_introspection_cpp/shared_interfaces/srv/detail/charging__type_support.cpp.o[0m
[7.902s] [ 54%] [32mBuilding CXX object CMakeFiles/shared_interfaces__rosidl_typesupport_introspection_cpp.dir/rosidl_typesupport_introspection_cpp/shared_interfaces/msg/detail/check_log__type_support.cpp.o[0m
[7.904s] [ 55%] [32mBuilding CXX object CMakeFiles/shared_interfaces__rosidl_typesupport_introspection_cpp.dir/rosidl_typesupport_introspection_cpp/shared_interfaces/srv/detail/detecting__type_support.cpp.o[0m
[7.937s] [ 57%] [32mBuilding CXX object CMakeFiles/shared_interfaces__rosidl_typesupport_cpp.dir/rosidl_typesupport_cpp/shared_interfaces/srv/navigation_mode__type_support.cpp.o[0m
[7.938s] [ 58%] [32mBuilding CXX object CMakeFiles/shared_interfaces__rosidl_typesupport_cpp.dir/rosidl_typesupport_cpp/shared_interfaces/srv/detecting__type_support.cpp.o[0m
[7.938s] [ 59%] [32mBuilding CXX object CMakeFiles/shared_interfaces__rosidl_typesupport_cpp.dir/rosidl_typesupport_cpp/shared_interfaces/msg/check_log__type_support.cpp.o[0m
[7.940s] [ 60%] [32mBuilding CXX object CMakeFiles/shared_interfaces__rosidl_typesupport_cpp.dir/rosidl_typesupport_cpp/shared_interfaces/srv/charging__type_support.cpp.o[0m
[7.940s] [ 61%] [32mBuilding CXX object CMakeFiles/shared_interfaces__rosidl_typesupport_cpp.dir/rosidl_typesupport_cpp/shared_interfaces/msg/add_log__type_support.cpp.o[0m
[7.942s] [ 63%] [32mBuilding CXX object CMakeFiles/shared_interfaces__rosidl_typesupport_cpp.dir/rosidl_typesupport_cpp/shared_interfaces/srv/robot_type__type_support.cpp.o[0m
[7.973s] [ 64%] [32m[1mLinking C shared library libshared_interfaces__rosidl_typesupport_introspection_c.so[0m
[8.013s] [ 65%] [32mBuilding CXX object CMakeFiles/shared_interfaces__rosidl_typesupport_fastrtps_cpp.dir/rosidl_typesupport_fastrtps_cpp/shared_interfaces/msg/detail/dds_fastrtps/add_log__type_support.cpp.o[0m
[8.018s] [ 66%] [32mBuilding CXX object CMakeFiles/shared_interfaces__rosidl_typesupport_fastrtps_cpp.dir/rosidl_typesupport_fastrtps_cpp/shared_interfaces/srv/detail/dds_fastrtps/navigation_mode__type_support.cpp.o[0m
[8.023s] [ 67%] [32mBuilding CXX object CMakeFiles/shared_interfaces__rosidl_typesupport_fastrtps_cpp.dir/rosidl_typesupport_fastrtps_cpp/shared_interfaces/srv/detail/dds_fastrtps/charging__type_support.cpp.o[0m
[8.026s] [ 69%] [32mBuilding CXX object CMakeFiles/shared_interfaces__rosidl_typesupport_fastrtps_cpp.dir/rosidl_typesupport_fastrtps_cpp/shared_interfaces/msg/detail/dds_fastrtps/check_log__type_support.cpp.o[0m
[8.035s] [ 70%] [32mBuilding CXX object CMakeFiles/shared_interfaces__rosidl_typesupport_fastrtps_cpp.dir/rosidl_typesupport_fastrtps_cpp/shared_interfaces/srv/detail/dds_fastrtps/robot_type__type_support.cpp.o[0m
[8.038s] [ 71%] [32mBuilding CXX object CMakeFiles/shared_interfaces__rosidl_typesupport_fastrtps_cpp.dir/rosidl_typesupport_fastrtps_cpp/shared_interfaces/srv/detail/dds_fastrtps/detecting__type_support.cpp.o[0m
[8.044s] [ 71%] Built target shared_interfaces__rosidl_typesupport_introspection_c
[8.222s] [ 72%] [32mBuilding CXX object CMakeFiles/shared_interfaces__rosidl_typesupport_fastrtps_c.dir/rosidl_typesupport_fastrtps_c/shared_interfaces/msg/detail/add_log__type_support_c.cpp.o[0m
[8.227s] [ 73%] [32mBuilding CXX object CMakeFiles/shared_interfaces__rosidl_typesupport_fastrtps_c.dir/rosidl_typesupport_fastrtps_c/shared_interfaces/msg/detail/check_log__type_support_c.cpp.o[0m
[8.434s] [ 75%] [32mBuilding CXX object CMakeFiles/shared_interfaces__rosidl_typesupport_fastrtps_c.dir/rosidl_typesupport_fastrtps_c/shared_interfaces/srv/detail/navigation_mode__type_support_c.cpp.o[0m
[8.463s] [ 76%] [32mBuilding CXX object CMakeFiles/shared_interfaces__rosidl_typesupport_fastrtps_c.dir/rosidl_typesupport_fastrtps_c/shared_interfaces/srv/detail/robot_type__type_support_c.cpp.o[0m
[8.605s] [ 77%] [32mBuilding CXX object CMakeFiles/shared_interfaces__rosidl_typesupport_fastrtps_c.dir/rosidl_typesupport_fastrtps_c/shared_interfaces/srv/detail/detecting__type_support_c.cpp.o[0m
[8.642s] [ 78%] [32mBuilding CXX object CMakeFiles/shared_interfaces__rosidl_typesupport_fastrtps_c.dir/rosidl_typesupport_fastrtps_c/shared_interfaces/srv/detail/charging__type_support_c.cpp.o[0m
[8.845s] [ 79%] [32m[1mLinking CXX shared library libshared_interfaces__rosidl_typesupport_introspection_cpp.so[0m
[8.857s] [ 80%] [32m[1mLinking CXX shared library libshared_interfaces__rosidl_typesupport_cpp.so[0m
[8.952s] [ 80%] Built target shared_interfaces__rosidl_typesupport_introspection_cpp
[9.004s] [ 80%] Built target shared_interfaces__rosidl_typesupport_cpp
[9.273s] [ 82%] [32m[1mLinking CXX shared library libshared_interfaces__rosidl_typesupport_fastrtps_cpp.so[0m
[9.383s] [ 82%] Built target shared_interfaces__rosidl_typesupport_fastrtps_cpp
[9.439s] [ 83%] [32m[1mLinking CXX shared library libshared_interfaces__rosidl_typesupport_fastrtps_c.so[0m
[9.562s] [ 83%] Built target shared_interfaces__rosidl_typesupport_fastrtps_c
[9.595s] [ 83%] Built target shared_interfaces
[9.632s] [ 84%] [34m[1mGenerating Python code for ROS interfaces[0m
[10.901s] [ 84%] Built target shared_interfaces__py
[10.932s] [ 86%] [32mBuilding C object CMakeFiles/shared_interfaces__rosidl_generator_py.dir/rosidl_generator_py/shared_interfaces/srv/_navigation_mode_s.c.o[0m
[10.932s] [ 86%] [32mBuilding C object CMakeFiles/shared_interfaces__rosidl_generator_py.dir/rosidl_generator_py/shared_interfaces/srv/_charging_s.c.o[0m
[10.935s] [ 88%] [32mBuilding C object CMakeFiles/shared_interfaces__rosidl_generator_py.dir/rosidl_generator_py/shared_interfaces/srv/_detecting_s.c.o[0m
[10.935s] [ 90%] [32mBuilding C object CMakeFiles/shared_interfaces__rosidl_generator_py.dir/rosidl_generator_py/shared_interfaces/msg/_add_log_s.c.o[0m
[10.936s] [ 90%] [32mBuilding C object CMakeFiles/shared_interfaces__rosidl_generator_py.dir/rosidl_generator_py/shared_interfaces/msg/_check_log_s.c.o[0m
[10.937s] [ 91%] [32mBuilding C object CMakeFiles/shared_interfaces__rosidl_generator_py.dir/rosidl_generator_py/shared_interfaces/srv/_robot_type_s.c.o[0m
[11.166s] [ 92%] [32m[1mLinking C shared library libshared_interfaces__rosidl_generator_py.so[0m
[11.232s] [ 92%] Built target shared_interfaces__rosidl_generator_py
[11.269s] [ 94%] [32mBuilding C object CMakeFiles/shared_interfaces_s__rosidl_typesupport_fastrtps_c.dir/rosidl_generator_py/shared_interfaces/_shared_interfaces_s.ep.rosidl_typesupport_fastrtps_c.c.o[0m
[11.270s] [ 95%] [32mBuilding C object CMakeFiles/shared_interfaces_s__rosidl_typesupport_introspection_c.dir/rosidl_generator_py/shared_interfaces/_shared_interfaces_s.ep.rosidl_typesupport_introspection_c.c.o[0m
[11.270s] [ 96%] [32mBuilding C object CMakeFiles/shared_interfaces_s__rosidl_typesupport_c.dir/rosidl_generator_py/shared_interfaces/_shared_interfaces_s.ep.rosidl_typesupport_c.c.o[0m
[11.440s] [ 97%] [32m[1mLinking C shared module rosidl_generator_py/shared_interfaces/shared_interfaces_s__rosidl_typesupport_introspection_c.so[0m
[11.445s] [100%] [32m[1mLinking C shared module rosidl_generator_py/shared_interfaces/shared_interfaces_s__rosidl_typesupport_fastrtps_c.so[0m
[11.445s] [100%] [32m[1mLinking C shared module rosidl_generator_py/shared_interfaces/shared_interfaces_s__rosidl_typesupport_c.so[0m
[11.489s] [100%] Built target shared_interfaces_s__rosidl_typesupport_introspection_c
[11.490s] [100%] Built target shared_interfaces_s__rosidl_typesupport_fastrtps_c
[11.490s] [100%] Built target shared_interfaces_s__rosidl_typesupport_c
[11.510s] Invoked command in '/home/matylda-hayne/mtrx3760_p2/MTRX3760_PROJECT_2/ros2_ws/build/shared_interfaces' returned '0': CMAKE_PREFIX_PATH=${CMAKE_PREFIX_PATH}:/home/matylda-hayne/turtlebot3_ws/install/turtlebot3_teleop:/home/matylda-hayne/turtlebot3_ws/install/turtlebot3_example:/opt/ros/jazzy DEBUGINFOD_URLS=https://debuginfod.ubuntu.com /usr/bin/cmake --build /home/matylda-hayne/mtrx3760_p2/MTRX3760_PROJECT_2/ros2_ws/build/shared_interfaces -- -j20 -l20
[11.513s] Invoking command in '/home/matylda-hayne/mtrx3760_p2/MTRX3760_PROJECT_2/ros2_ws/build/shared_interfaces': CMAKE_PREFIX_PATH=${CMAKE_PREFIX_PATH}:/home/matylda-hayne/turtlebot3_ws/install/turtlebot3_teleop:/home/matylda-hayne/turtlebot3_ws/install/turtlebot3_example:/opt/ros/jazzy DEBUGINFOD_URLS=https://debuginfod.ubuntu.com /usr/bin/cmake --install /home/matylda-hayne/mtrx3760_p2/MTRX3760_PROJECT_2/ros2_ws/build/shared_interfaces
[11.527s] -- Install configuration: ""
[11.527s] -- Installing: /home/matylda-hayne/mtrx3760_p2/MTRX3760_PROJECT_2/ros2_ws/install/shared_interfaces/share/ament_index/resource_index/rosidl_interfaces/shared_interfaces
[11.527s] -- Installing: /home/matylda-hayne/mtrx3760_p2/MTRX3760_PROJECT_2/ros2_ws/install/shared_interfaces/share/shared_interfaces/msg/AddLog.json
[11.528s] -- Installing: /home/matylda-hayne/mtrx3760_p2/MTRX3760_PROJECT_2/ros2_ws/install/shared_interfaces/share/shared_interfaces/msg/CheckLog.json
[11.528s] -- Installing: /home/matylda-hayne/mtrx3760_p2/MTRX3760_PROJECT_2/ros2_ws/install/shared_interfaces/share/shared_interfaces/srv/NavigationMode.json
[11.528s] -- Installing: /home/matylda-hayne/mtrx3760_p2/MTRX3760_PROJECT_2/ros2_ws/install/shared_interfaces/share/shared_interfaces/srv/RobotType.json
[11.528s] -- Installing: /home/matylda-hayne/mtrx3760_p2/MTRX3760_PROJECT_2/ros2_ws/install/shared_interfaces/share/shared_interfaces/srv/Detecting.json
[11.528s] -- Installing: /home/matylda-hayne/mtrx3760_p2/MTRX3760_PROJECT_2/ros2_ws/install/shared_interfaces/share/shared_interfaces/srv/Charging.json
[11.528s] -- Installing: /home/matylda-hayne/mtrx3760_p2/MTRX3760_PROJECT_2/ros2_ws/install/shared_interfaces/include/shared_interfaces/shared_interfaces
[11.529s] -- Installing: /home/matylda-hayne/mtrx3760_p2/MTRX3760_PROJECT_2/ros2_ws/install/shared_interfaces/include/shared_interfaces/shared_interfaces/srv
[11.529s] -- Installing: /home/matylda-hayne/mtrx3760_p2/MTRX3760_PROJECT_2/ros2_ws/install/shared_interfaces/include/shared_interfaces/shared_interfaces/srv/robot_type.h
[11.529s] -- Installing: /home/matylda-hayne/mtrx3760_p2/MTRX3760_PROJECT_2/ros2_ws/install/shared_interfaces/include/shared_interfaces/shared_interfaces/srv/charging.h
[11.529s] -- Installing: /home/matylda-hayne/mtrx3760_p2/MTRX3760_PROJECT_2/ros2_ws/install/shared_interfaces/include/shared_interfaces/shared_interfaces/srv/detail
[11.529s] -- Installing: /home/matylda-hayne/mtrx3760_p2/MTRX3760_PROJECT_2/ros2_ws/install/shared_interfaces/include/shared_interfaces/shared_interfaces/srv/detail/navigation_mode__functions.h
[11.530s] -- Installing: /home/matylda-hayne/mtrx3760_p2/MTRX3760_PROJECT_2/ros2_ws/install/shared_interfaces/include/shared_interfaces/shared_interfaces/srv/detail/robot_type__struct.h
[11.530s] -- Installing: /home/matylda-hayne/mtrx3760_p2/MTRX3760_PROJECT_2/ros2_ws/install/shared_interfaces/include/shared_interfaces/shared_interfaces/srv/detail/navigation_mode__description.c
[11.530s] -- Installing: /home/matylda-hayne/mtrx3760_p2/MTRX3760_PROJECT_2/ros2_ws/install/shared_interfaces/include/shared_interfaces/shared_interfaces/srv/detail/robot_type__functions.c
[11.530s] -- Installing: /home/matylda-hayne/mtrx3760_p2/MTRX3760_PROJECT_2/ros2_ws/install/shared_interfaces/include/shared_interfaces/shared_interfaces/srv/detail/charging__type_support.h
[11.530s] -- Installing: /home/matylda-hayne/mtrx3760_p2/MTRX3760_PROJECT_2/ros2_ws/install/shared_interfaces/include/shared_interfaces/shared_interfaces/srv/detail/charging__struct.h
[11.530s] -- Installing: /home/matylda-hayne/mtrx3760_p2/MTRX3760_PROJECT_2/ros2_ws/install/shared_interfaces/include/shared_interfaces/shared_interfaces/srv/detail/detecting__description.c
[11.531s] -- Installing: /home/matylda-hayne/mtrx3760_p2/MTRX3760_PROJECT_2/ros2_ws/install/shared_interfaces/include/shared_interfaces/shared_interfaces/srv/detail/charging__functions.c
[11.531s] -- Installing: /home/matylda-hayne/mtrx3760_p2/MTRX3760_PROJECT_2/ros2_ws/install/shared_interfaces/include/shared_interfaces/shared_interfaces/srv/detail/charging__functions.h
[11.531s] -- Installing: /home/matylda-hayne/mtrx3760_p2/MTRX3760_PROJECT_2/ros2_ws/install/shared_interfaces/include/shared_interfaces/shared_interfaces/srv/detail/robot_type__type_support.c
[11.531s] -- Installing: /home/matylda-hayne/mtrx3760_p2/MTRX3760_PROJECT_2/ros2_ws/install/shared_interfaces/include/shared_interfaces/shared_interfaces/srv/detail/detecting__type_support.h
[11.531s] -- Installing: /home/matylda-hayne/mtrx3760_p2/MTRX3760_PROJECT_2/ros2_ws/install/shared_interfaces/include/shared_interfaces/shared_interfaces/srv/detail/navigation_mode__functions.c
[11.532s] -- Installing: /home/matylda-hayne/mtrx3760_p2/MTRX3760_PROJECT_2/ros2_ws/install/shared_interfaces/include/shared_interfaces/shared_interfaces/srv/detail/robot_type__functions.h
[11.532s] -- Installing: /home/matylda-hayne/mtrx3760_p2/MTRX3760_PROJECT_2/ros2_ws/install/shared_interfaces/include/shared_interfaces/shared_interfaces/srv/detail/robot_type__description.c
[11.532s] -- Installing: /home/matylda-hayne/mtrx3760_p2/MTRX3760_PROJECT_2/ros2_ws/install/shared_interfaces/include/shared_interfaces/shared_interfaces/srv/detail/navigation_mode__type_support.c
[11.532s] -- Installing: /home/matylda-hayne/mtrx3760_p2/MTRX3760_PROJECT_2/ros2_ws/install/shared_interfaces/include/shared_interfaces/shared_interfaces/srv/detail/detecting__functions.h
[11.532s] -- Installing: /home/matylda-hayne/mtrx3760_p2/MTRX3760_PROJECT_2/ros2_ws/install/shared_interfaces/include/shared_interfaces/shared_interfaces/srv/detail/detecting__type_support.c
[11.532s] -- Installing: /home/matylda-hayne/mtrx3760_p2/MTRX3760_PROJECT_2/ros2_ws/install/shared_interfaces/include/shared_interfaces/shared_interfaces/srv/detail/navigation_mode__struct.h
[11.532s] -- Installing: /home/matylda-hayne/mtrx3760_p2/MTRX3760_PROJECT_2/ros2_ws/install/shared_interfaces/include/shared_interfaces/shared_interfaces/srv/detail/charging__description.c
[11.532s] -- Installing: /home/matylda-hayne/mtrx3760_p2/MTRX3760_PROJECT_2/ros2_ws/install/shared_interfaces/include/shared_interfaces/shared_interfaces/srv/detail/robot_type__type_support.h
[11.532s] -- Installing: /home/matylda-hayne/mtrx3760_p2/MTRX3760_PROJECT_2/ros2_ws/install/shared_interfaces/include/shared_interfaces/shared_interfaces/srv/detail/detecting__struct.h
[11.532s] -- Installing: /home/matylda-hayne/mtrx3760_p2/MTRX3760_PROJECT_2/ros2_ws/install/shared_interfaces/include/shared_interfaces/shared_interfaces/srv/detail/charging__type_support.c
[11.533s] -- Installing: /home/matylda-hayne/mtrx3760_p2/MTRX3760_PROJECT_2/ros2_ws/install/shared_interfaces/include/shared_interfaces/shared_interfaces/srv/detail/detecting__functions.c
[11.533s] -- Installing: /home/matylda-hayne/mtrx3760_p2/MTRX3760_PROJECT_2/ros2_ws/install/shared_interfaces/include/shared_interfaces/shared_interfaces/srv/detail/navigation_mode__type_support.h
[11.533s] -- Installing: /home/matylda-hayne/mtrx3760_p2/MTRX3760_PROJECT_2/ros2_ws/install/shared_interfaces/include/shared_interfaces/shared_interfaces/srv/detecting.h
[11.533s] -- Installing: /home/matylda-hayne/mtrx3760_p2/MTRX3760_PROJECT_2/ros2_ws/install/shared_interfaces/include/shared_interfaces/shared_interfaces/srv/navigation_mode.h
[11.533s] -- Installing: /home/matylda-hayne/mtrx3760_p2/MTRX3760_PROJECT_2/ros2_ws/install/shared_interfaces/include/shared_interfaces/shared_interfaces/msg
[11.533s] -- Installing: /home/matylda-hayne/mtrx3760_p2/MTRX3760_PROJECT_2/ros2_ws/install/shared_interfaces/include/shared_interfaces/shared_interfaces/msg/rosidl_generator_c__visibility_control.h
[11.533s] -- Installing: /home/matylda-hayne/mtrx3760_p2/MTRX3760_PROJECT_2/ros2_ws/install/shared_interfaces/include/shared_interfaces/shared_interfaces/msg/detail
[11.533s] -- Installing: /home/matylda-hayne/mtrx3760_p2/MTRX3760_PROJECT_2/ros2_ws/install/shared_interfaces/include/shared_interfaces/shared_interfaces/msg/detail/add_log__functions.c
[11.533s] -- Installing: /home/matylda-hayne/mtrx3760_p2/MTRX3760_PROJECT_2/ros2_ws/install/shared_interfaces/include/shared_interfaces/shared_interfaces/msg/detail/add_log__struct.h
[11.533s] -- Installing: /home/matylda-hayne/mtrx3760_p2/MTRX3760_PROJECT_2/ros2_ws/install/shared_interfaces/include/shared_interfaces/shared_interfaces/msg/detail/check_log__type_support.c
[11.534s] -- Installing: /home/matylda-hayne/mtrx3760_p2/MTRX3760_PROJECT_2/ros2_ws/install/shared_interfaces/include/shared_interfaces/shared_interfaces/msg/detail/check_log__type_support.h
[11.534s] -- Installing: /home/matylda-hayne/mtrx3760_p2/MTRX3760_PROJECT_2/ros2_ws/install/shared_interfaces/include/shared_interfaces/shared_interfaces/msg/detail/check_log__description.c
[11.534s] -- Installing: /home/matylda-hayne/mtrx3760_p2/MTRX3760_PROJECT_2/ros2_ws/install/shared_interfaces/include/shared_interfaces/shared_interfaces/msg/detail/check_log__functions.c
[11.534s] -- Installing: /home/matylda-hayne/mtrx3760_p2/MTRX3760_PROJECT_2/ros2_ws/install/shared_interfaces/include/shared_interfaces/shared_interfaces/msg/detail/check_log__struct.h
[11.534s] -- Installing: /home/matylda-hayne/mtrx3760_p2/MTRX3760_PROJECT_2/ros2_ws/install/shared_interfaces/include/shared_interfaces/shared_interfaces/msg/detail/add_log__description.c
[11.534s] -- Installing: /home/matylda-hayne/mtrx3760_p2/MTRX3760_PROJECT_2/ros2_ws/install/shared_interfaces/include/shared_interfaces/shared_interfaces/msg/detail/add_log__functions.h
[11.534s] -- Installing: /home/matylda-hayne/mtrx3760_p2/MTRX3760_PROJECT_2/ros2_ws/install/shared_interfaces/include/shared_interfaces/shared_interfaces/msg/detail/add_log__type_support.h
[11.534s] -- Installing: /home/matylda-hayne/mtrx3760_p2/MTRX3760_PROJECT_2/ros2_ws/install/shared_interfaces/include/shared_interfaces/shared_interfaces/msg/detail/add_log__type_support.c
[11.534s] -- Installing: /home/matylda-hayne/mtrx3760_p2/MTRX3760_PROJECT_2/ros2_ws/install/shared_interfaces/include/shared_interfaces/shared_interfaces/msg/detail/check_log__functions.h
[11.534s] -- Installing: /home/matylda-hayne/mtrx3760_p2/MTRX3760_PROJECT_2/ros2_ws/install/shared_interfaces/include/shared_interfaces/shared_interfaces/msg/check_log.h
[11.535s] -- Installing: /home/matylda-hayne/mtrx3760_p2/MTRX3760_PROJECT_2/ros2_ws/install/shared_interfaces/include/shared_interfaces/shared_interfaces/msg/add_log.h
[11.535s] -- Installing: /home/matylda-hayne/mtrx3760_p2/MTRX3760_PROJECT_2/ros2_ws/install/shared_interfaces/share/shared_interfaces/environment/library_path.sh
[11.535s] -- Installing: /home/matylda-hayne/mtrx3760_p2/MTRX3760_PROJECT_2/ros2_ws/install/shared_interfaces/share/shared_interfaces/environment/library_path.dsv
[11.535s] -- Installing: /home/matylda-hayne/mtrx3760_p2/MTRX3760_PROJECT_2/ros2_ws/install/shared_interfaces/lib/libshared_interfaces__rosidl_generator_c.so
[11.535s] -- Set non-toolchain portion of runtime path of "/home/matylda-hayne/mtrx3760_p2/MTRX3760_PROJECT_2/ros2_ws/install/shared_interfaces/lib/libshared_interfaces__rosidl_generator_c.so" to ""
[11.535s] -- Up-to-date: /home/matylda-hayne/mtrx3760_p2/MTRX3760_PROJECT_2/ros2_ws/install/shared_interfaces/include/shared_interfaces/shared_interfaces
[11.535s] -- Up-to-date: /home/matylda-hayne/mtrx3760_p2/MTRX3760_PROJECT_2/ros2_ws/install/shared_interfaces/include/shared_interfaces/shared_interfaces/srv
[11.535s] -- Up-to-date: /home/matylda-hayne/mtrx3760_p2/MTRX3760_PROJECT_2/ros2_ws/install/shared_interfaces/include/shared_interfaces/shared_interfaces/srv/detail
[11.535s] -- Installing: /home/matylda-hayne/mtrx3760_p2/MTRX3760_PROJECT_2/ros2_ws/install/shared_interfaces/include/shared_interfaces/shared_interfaces/srv/detail/robot_type__rosidl_typesupport_fastrtps_c.h
[11.535s] -- Installing: /home/matylda-hayne/mtrx3760_p2/MTRX3760_PROJECT_2/ros2_ws/install/shared_interfaces/include/shared_interfaces/shared_interfaces/srv/detail/charging__rosidl_typesupport_fastrtps_c.h
[11.535s] -- Installing: /home/matylda-hayne/mtrx3760_p2/MTRX3760_PROJECT_2/ros2_ws/install/shared_interfaces/include/shared_interfaces/shared_interfaces/srv/detail/detecting__rosidl_typesupport_fastrtps_c.h
[11.536s] -- Installing: /home/matylda-hayne/mtrx3760_p2/MTRX3760_PROJECT_2/ros2_ws/install/shared_interfaces/include/shared_interfaces/shared_interfaces/srv/detail/navigation_mode__rosidl_typesupport_fastrtps_c.h
[11.536s] -- Up-to-date: /home/matylda-hayne/mtrx3760_p2/MTRX3760_PROJECT_2/ros2_ws/install/shared_interfaces/include/shared_interfaces/shared_interfaces/msg
[11.536s] -- Installing: /home/matylda-hayne/mtrx3760_p2/MTRX3760_PROJECT_2/ros2_ws/install/shared_interfaces/include/shared_interfaces/shared_interfaces/msg/rosidl_typesupport_fastrtps_c__visibility_control.h
[11.536s] -- Up-to-date: /home/matylda-hayne/mtrx3760_p2/MTRX3760_PROJECT_2/ros2_ws/install/shared_interfaces/include/shared_interfaces/shared_interfaces/msg/detail
[11.536s] -- Installing: /home/matylda-hayne/mtrx3760_p2/MTRX3760_PROJECT_2/ros2_ws/install/shared_interfaces/include/shared_interfaces/shared_interfaces/msg/detail/add_log__rosidl_typesupport_fastrtps_c.h
[11.536s] -- Installing: /home/matylda-hayne/mtrx3760_p2/MTRX3760_PROJECT_2/ros2_ws/install/shared_interfaces/include/shared_interfaces/shared_interfaces/msg/detail/check_log__rosidl_typesupport_fastrtps_c.h
[11.536s] -- Installing: /home/matylda-hayne/mtrx3760_p2/MTRX3760_PROJECT_2/ros2_ws/install/shared_interfaces/lib/libshared_interfaces__rosidl_typesupport_fastrtps_c.so
[11.536s] -- Set non-toolchain portion of runtime path of "/home/matylda-hayne/mtrx3760_p2/MTRX3760_PROJECT_2/ros2_ws/install/shared_interfaces/lib/libshared_interfaces__rosidl_typesupport_fastrtps_c.so" to ""
[11.536s] -- Up-to-date: /home/matylda-hayne/mtrx3760_p2/MTRX3760_PROJECT_2/ros2_ws/install/shared_interfaces/include/shared_interfaces/shared_interfaces
[11.536s] -- Up-to-date: /home/matylda-hayne/mtrx3760_p2/MTRX3760_PROJECT_2/ros2_ws/install/shared_interfaces/include/shared_interfaces/shared_interfaces/srv
[11.537s] -- Up-to-date: /home/matylda-hayne/mtrx3760_p2/MTRX3760_PROJECT_2/ros2_ws/install/shared_interfaces/include/shared_interfaces/shared_interfaces/srv/detail
[11.537s] -- Installing: /home/matylda-hayne/mtrx3760_p2/MTRX3760_PROJECT_2/ros2_ws/install/shared_interfaces/include/shared_interfaces/shared_interfaces/srv/detail/charging__rosidl_typesupport_introspection_c.h
[11.537s] -- Installing: /home/matylda-hayne/mtrx3760_p2/MTRX3760_PROJECT_2/ros2_ws/install/shared_interfaces/include/shared_interfaces/shared_interfaces/srv/detail/detecting__rosidl_typesupport_introspection_c.h
[11.537s] -- Installing: /home/matylda-hayne/mtrx3760_p2/MTRX3760_PROJECT_2/ros2_ws/install/shared_interfaces/include/shared_interfaces/shared_interfaces/srv/detail/robot_type__type_support.c
[11.537s] -- Installing: /home/matylda-hayne/mtrx3760_p2/MTRX3760_PROJECT_2/ros2_ws/install/shared_interfaces/include/shared_interfaces/shared_interfaces/srv/detail/navigation_mode__type_support.c
[11.537s] -- Installing: /home/matylda-hayne/mtrx3760_p2/MTRX3760_PROJECT_2/ros2_ws/install/shared_interfaces/include/shared_interfaces/shared_interfaces/srv/detail/navigation_mode__rosidl_typesupport_introspection_c.h
[11.537s] -- Installing: /home/matylda-hayne/mtrx3760_p2/MTRX3760_PROJECT_2/ros2_ws/install/shared_interfaces/include/shared_interfaces/shared_interfaces/srv/detail/robot_type__rosidl_typesupport_introspection_c.h
[11.537s] -- Installing: /home/matylda-hayne/mtrx3760_p2/MTRX3760_PROJECT_2/ros2_ws/install/shared_interfaces/include/shared_interfaces/shared_interfaces/srv/detail/detecting__type_support.c
[11.537s] -- Installing: /home/matylda-hayne/mtrx3760_p2/MTRX3760_PROJECT_2/ros2_ws/install/shared_interfaces/include/shared_interfaces/shared_interfaces/srv/detail/charging__type_support.c
[11.538s] -- Up-to-date: /home/matylda-hayne/mtrx3760_p2/MTRX3760_PROJECT_2/ros2_ws/install/shared_interfaces/include/shared_interfaces/shared_interfaces/msg
[11.538s] -- Up-to-date: /home/matylda-hayne/mtrx3760_p2/MTRX3760_PROJECT_2/ros2_ws/install/shared_interfaces/include/shared_interfaces/shared_interfaces/msg/detail
[11.538s] -- Installing: /home/matylda-hayne/mtrx3760_p2/MTRX3760_PROJECT_2/ros2_ws/install/shared_interfaces/include/shared_interfaces/shared_interfaces/msg/detail/add_log__rosidl_typesupport_introspection_c.h
[11.538s] -- Installing: /home/matylda-hayne/mtrx3760_p2/MTRX3760_PROJECT_2/ros2_ws/install/shared_interfaces/include/shared_interfaces/shared_interfaces/msg/detail/check_log__type_support.c
[11.538s] -- Installing: /home/matylda-hayne/mtrx3760_p2/MTRX3760_PROJECT_2/ros2_ws/install/shared_interfaces/include/shared_interfaces/shared_interfaces/msg/detail/check_log__rosidl_typesupport_introspection_c.h
[11.538s] -- Installing: /home/matylda-hayne/mtrx3760_p2/MTRX3760_PROJECT_2/ros2_ws/install/shared_interfaces/include/shared_interfaces/shared_interfaces/msg/detail/add_log__type_support.c
[11.538s] -- Installing: /home/matylda-hayne/mtrx3760_p2/MTRX3760_PROJECT_2/ros2_ws/install/shared_interfaces/include/shared_interfaces/shared_interfaces/msg/rosidl_typesupport_introspection_c__visibility_control.h
[11.538s] -- Installing: /home/matylda-hayne/mtrx3760_p2/MTRX3760_PROJECT_2/ros2_ws/install/shared_interfaces/lib/libshared_interfaces__rosidl_typesupport_introspection_c.so
[11.538s] -- Set non-toolchain portion of runtime path of "/home/matylda-hayne/mtrx3760_p2/MTRX3760_PROJECT_2/ros2_ws/install/shared_interfaces/lib/libshared_interfaces__rosidl_typesupport_introspection_c.so" to ""
[11.539s] -- Installing: /home/matylda-hayne/mtrx3760_p2/MTRX3760_PROJECT_2/ros2_ws/install/shared_interfaces/lib/libshared_interfaces__rosidl_typesupport_c.so
[11.539s] -- Set non-toolchain portion of runtime path of "/home/matylda-hayne/mtrx3760_p2/MTRX3760_PROJECT_2/ros2_ws/install/shared_interfaces/lib/libshared_interfaces__rosidl_typesupport_c.so" to ""
[11.539s] -- Up-to-date: /home/matylda-hayne/mtrx3760_p2/MTRX3760_PROJECT_2/ros2_ws/install/shared_interfaces/include/shared_interfaces/shared_interfaces
[11.539s] -- Up-to-date: /home/matylda-hayne/mtrx3760_p2/MTRX3760_PROJECT_2/ros2_ws/install/shared_interfaces/include/shared_interfaces/shared_interfaces/srv
[11.539s] -- Installing: /home/matylda-hayne/mtrx3760_p2/MTRX3760_PROJECT_2/ros2_ws/install/shared_interfaces/include/shared_interfaces/shared_interfaces/srv/charging.hpp
[11.539s] -- Up-to-date: /home/matylda-hayne/mtrx3760_p2/MTRX3760_PROJECT_2/ros2_ws/install/shared_interfaces/include/shared_interfaces/shared_interfaces/srv/detail
[11.539s] -- Installing: /home/matylda-hayne/mtrx3760_p2/MTRX3760_PROJECT_2/ros2_ws/install/shared_interfaces/include/shared_interfaces/shared_interfaces/srv/detail/navigation_mode__traits.hpp
[11.539s] -- Installing: /home/matylda-hayne/mtrx3760_p2/MTRX3760_PROJECT_2/ros2_ws/install/shared_interfaces/include/shared_interfaces/shared_interfaces/srv/detail/navigation_mode__struct.hpp
[11.540s] -- Installing: /home/matylda-hayne/mtrx3760_p2/MTRX3760_PROJECT_2/ros2_ws/install/shared_interfaces/include/shared_interfaces/shared_interfaces/srv/detail/robot_type__type_support.hpp
[11.540s] -- Installing: /home/matylda-hayne/mtrx3760_p2/MTRX3760_PROJECT_2/ros2_ws/install/shared_interfaces/include/shared_interfaces/shared_interfaces/srv/detail/robot_type__builder.hpp
[11.540s] -- Installing: /home/matylda-hayne/mtrx3760_p2/MTRX3760_PROJECT_2/ros2_ws/install/shared_interfaces/include/shared_interfaces/shared_interfaces/srv/detail/robot_type__traits.hpp
[11.540s] -- Installing: /home/matylda-hayne/mtrx3760_p2/MTRX3760_PROJECT_2/ros2_ws/install/shared_interfaces/include/shared_interfaces/shared_interfaces/srv/detail/charging__struct.hpp
[11.540s] -- Installing: /home/matylda-hayne/mtrx3760_p2/MTRX3760_PROJECT_2/ros2_ws/install/shared_interfaces/include/shared_interfaces/shared_interfaces/srv/detail/detecting__type_support.hpp
[11.540s] -- Installing: /home/matylda-hayne/mtrx3760_p2/MTRX3760_PROJECT_2/ros2_ws/install/shared_interfaces/include/shared_interfaces/shared_interfaces/srv/detail/navigation_mode__type_support.hpp
[11.540s] -- Installing: /home/matylda-hayne/mtrx3760_p2/MTRX3760_PROJECT_2/ros2_ws/install/shared_interfaces/include/shared_interfaces/shared_interfaces/srv/detail/charging__traits.hpp
[11.540s] -- Installing: /home/matylda-hayne/mtrx3760_p2/MTRX3760_PROJECT_2/ros2_ws/install/shared_interfaces/include/shared_interfaces/shared_interfaces/srv/detail/charging__builder.hpp
[11.540s] -- Installing: /home/matylda-hayne/mtrx3760_p2/MTRX3760_PROJECT_2/ros2_ws/install/shared_interfaces/include/shared_interfaces/shared_interfaces/srv/detail/detecting__builder.hpp
[11.541s] -- Installing: /home/matylda-hayne/mtrx3760_p2/MTRX3760_PROJECT_2/ros2_ws/install/shared_interfaces/include/shared_interfaces/shared_interfaces/srv/detail/charging__type_support.hpp
[11.541s] -- Installing: /home/matylda-hayne/mtrx3760_p2/MTRX3760_PROJECT_2/ros2_ws/install/shared_interfaces/include/shared_interfaces/shared_interfaces/srv/detail/detecting__struct.hpp
[11.541s] -- Installing: /home/matylda-hayne/mtrx3760_p2/MTRX3760_PROJECT_2/ros2_ws/install/shared_interfaces/include/shared_interfaces/shared_interfaces/srv/detail/navigation_mode__builder.hpp
[11.541s] -- Installing: /home/matylda-hayne/mtrx3760_p2/MTRX3760_PROJECT_2/ros2_ws/install/shared_interfaces/include/shared_interfaces/shared_interfaces/srv/detail/detecting__traits.hpp
[11.541s] -- Installing: /home/matylda-hayne/mtrx3760_p2/MTRX3760_PROJECT_2/ros2_ws/install/shared_interfaces/include/shared_interfaces/shared_interfaces/srv/detail/robot_type__struct.hpp
[11.541s] -- Installing: /home/matylda-hayne/mtrx3760_p2/MTRX3760_PROJECT_2/ros2_ws/install/shared_interfaces/include/shared_interfaces/shared_interfaces/srv/detecting.hpp
[11.541s] -- Installing: /home/matylda-hayne/mtrx3760_p2/MTRX3760_PROJECT_2/ros2_ws/install/shared_interfaces/include/shared_interfaces/shared_interfaces/srv/navigation_mode.hpp
[11.541s] -- Installing: /home/matylda-hayne/mtrx3760_p2/MTRX3760_PROJECT_2/ros2_ws/install/shared_interfaces/include/shared_interfaces/shared_interfaces/srv/robot_type.hpp
[11.541s] -- Up-to-date: /home/matylda-hayne/mtrx3760_p2/MTRX3760_PROJECT_2/ros2_ws/install/shared_interfaces/include/shared_interfaces/shared_interfaces/msg
[11.542s] -- Up-to-date: /home/matylda-hayne/mtrx3760_p2/MTRX3760_PROJECT_2/ros2_ws/install/shared_interfaces/include/shared_interfaces/shared_interfaces/msg/detail
[11.542s] -- Installing: /home/matylda-hayne/mtrx3760_p2/MTRX3760_PROJECT_2/ros2_ws/install/shared_interfaces/include/shared_interfaces/shared_interfaces/msg/detail/check_log__struct.hpp
[11.542s] -- Installing: /home/matylda-hayne/mtrx3760_p2/MTRX3760_PROJECT_2/ros2_ws/install/shared_interfaces/include/shared_interfaces/shared_interfaces/msg/detail/add_log__struct.hpp
[11.542s] -- Installing: /home/matylda-hayne/mtrx3760_p2/MTRX3760_PROJECT_2/ros2_ws/install/shared_interfaces/include/shared_interfaces/shared_interfaces/msg/detail/check_log__type_support.hpp
[11.542s] -- Installing: /home/matylda-hayne/mtrx3760_p2/MTRX3760_PROJECT_2/ros2_ws/install/shared_interfaces/include/shared_interfaces/shared_interfaces/msg/detail/check_log__builder.hpp
[11.542s] -- Installing: /home/matylda-hayne/mtrx3760_p2/MTRX3760_PROJECT_2/ros2_ws/install/shared_interfaces/include/shared_interfaces/shared_interfaces/msg/detail/add_log__type_support.hpp
[11.542s] -- Installing: /home/matylda-hayne/mtrx3760_p2/MTRX3760_PROJECT_2/ros2_ws/install/shared_interfaces/include/shared_interfaces/shared_interfaces/msg/detail/check_log__traits.hpp
[11.542s] -- Installing: /home/matylda-hayne/mtrx3760_p2/MTRX3760_PROJECT_2/ros2_ws/install/shared_interfaces/include/shared_interfaces/shared_interfaces/msg/detail/add_log__traits.hpp
[11.542s] -- Installing: /home/matylda-hayne/mtrx3760_p2/MTRX3760_PROJECT_2/ros2_ws/install/shared_interfaces/include/shared_interfaces/shared_interfaces/msg/detail/add_log__builder.hpp
[11.543s] -- Installing: /home/matylda-hayne/mtrx3760_p2/MTRX3760_PROJECT_2/ros2_ws/install/shared_interfaces/include/shared_interfaces/shared_interfaces/msg/check_log.hpp
[11.543s] -- Installing: /home/matylda-hayne/mtrx3760_p2/MTRX3760_PROJECT_2/ros2_ws/install/shared_interfaces/include/shared_interfaces/shared_interfaces/msg/rosidl_generator_cpp__visibility_control.hpp
[11.543s] -- Installing: /home/matylda-hayne/mtrx3760_p2/MTRX3760_PROJECT_2/ros2_ws/install/shared_interfaces/include/shared_interfaces/shared_interfaces/msg/add_log.hpp
[11.543s] -- Up-to-date: /home/matylda-hayne/mtrx3760_p2/MTRX3760_PROJECT_2/ros2_ws/install/shared_interfaces/include/shared_interfaces/shared_interfaces
[11.543s] -- Up-to-date: /home/matylda-hayne/mtrx3760_p2/MTRX3760_PROJECT_2/ros2_ws/install/shared_interfaces/include/shared_interfaces/shared_interfaces/srv
[11.543s] -- Up-to-date: /home/matylda-hayne/mtrx3760_p2/MTRX3760_PROJECT_2/ros2_ws/install/shared_interfaces/include/shared_interfaces/shared_interfaces/srv/detail
[11.543s] -- Installing: /home/matylda-hayne/mtrx3760_p2/MTRX3760_PROJECT_2/ros2_ws/install/shared_interfaces/include/shared_interfaces/shared_interfaces/srv/detail/dds_fastrtps
[11.543s] -- Installing: /home/matylda-hayne/mtrx3760_p2/MTRX3760_PROJECT_2/ros2_ws/install/shared_interfaces/include/shared_interfaces/shared_interfaces/srv/detail/navigation_mode__rosidl_typesupport_fastrtps_cpp.hpp
[11.543s] -- Installing: /home/matylda-hayne/mtrx3760_p2/MTRX3760_PROJECT_2/ros2_ws/install/shared_interfaces/include/shared_interfaces/shared_interfaces/srv/detail/robot_type__rosidl_typesupport_fastrtps_cpp.hpp
[11.544s] -- Installing: /home/matylda-hayne/mtrx3760_p2/MTRX3760_PROJECT_2/ros2_ws/install/shared_interfaces/include/shared_interfaces/shared_interfaces/srv/detail/charging__rosidl_typesupport_fastrtps_cpp.hpp
[11.544s] -- Installing: /home/matylda-hayne/mtrx3760_p2/MTRX3760_PROJECT_2/ros2_ws/install/shared_interfaces/include/shared_interfaces/shared_interfaces/srv/detail/detecting__rosidl_typesupport_fastrtps_cpp.hpp
[11.544s] -- Up-to-date: /home/matylda-hayne/mtrx3760_p2/MTRX3760_PROJECT_2/ros2_ws/install/shared_interfaces/include/shared_interfaces/shared_interfaces/msg
[11.544s] -- Up-to-date: /home/matylda-hayne/mtrx3760_p2/MTRX3760_PROJECT_2/ros2_ws/install/shared_interfaces/include/shared_interfaces/shared_interfaces/msg/detail
[11.544s] -- Installing: /home/matylda-hayne/mtrx3760_p2/MTRX3760_PROJECT_2/ros2_ws/install/shared_interfaces/include/shared_interfaces/shared_interfaces/msg/detail/dds_fastrtps
[11.544s] -- Installing: /home/matylda-hayne/mtrx3760_p2/MTRX3760_PROJECT_2/ros2_ws/install/shared_interfaces/include/shared_interfaces/shared_interfaces/msg/detail/check_log__rosidl_typesupport_fastrtps_cpp.hpp
[11.544s] -- Installing: /home/matylda-hayne/mtrx3760_p2/MTRX3760_PROJECT_2/ros2_ws/install/shared_interfaces/include/shared_interfaces/shared_interfaces/msg/detail/add_log__rosidl_typesupport_fastrtps_cpp.hpp
[11.544s] -- Installing: /home/matylda-hayne/mtrx3760_p2/MTRX3760_PROJECT_2/ros2_ws/install/shared_interfaces/include/shared_interfaces/shared_interfaces/msg/rosidl_typesupport_fastrtps_cpp__visibility_control.h
[11.544s] -- Installing: /home/matylda-hayne/mtrx3760_p2/MTRX3760_PROJECT_2/ros2_ws/install/shared_interfaces/lib/libshared_interfaces__rosidl_typesupport_fastrtps_cpp.so
[11.544s] -- Set non-toolchain portion of runtime path of "/home/matylda-hayne/mtrx3760_p2/MTRX3760_PROJECT_2/ros2_ws/install/shared_interfaces/lib/libshared_interfaces__rosidl_typesupport_fastrtps_cpp.so" to ""
[11.545s] -- Up-to-date: /home/matylda-hayne/mtrx3760_p2/MTRX3760_PROJECT_2/ros2_ws/install/shared_interfaces/include/shared_interfaces/shared_interfaces
[11.545s] -- Up-to-date: /home/matylda-hayne/mtrx3760_p2/MTRX3760_PROJECT_2/ros2_ws/install/shared_interfaces/include/shared_interfaces/shared_interfaces/srv
[11.545s] -- Up-to-date: /home/matylda-hayne/mtrx3760_p2/MTRX3760_PROJECT_2/ros2_ws/install/shared_interfaces/include/shared_interfaces/shared_interfaces/srv/detail
[11.545s] -- Installing: /home/matylda-hayne/mtrx3760_p2/MTRX3760_PROJECT_2/ros2_ws/install/shared_interfaces/include/shared_interfaces/shared_interfaces/srv/detail/robot_type__type_support.cpp
[11.545s] -- Installing: /home/matylda-hayne/mtrx3760_p2/MTRX3760_PROJECT_2/ros2_ws/install/shared_interfaces/include/shared_interfaces/shared_interfaces/srv/detail/detecting__type_support.cpp
[11.545s] -- Installing: /home/matylda-hayne/mtrx3760_p2/MTRX3760_PROJECT_2/ros2_ws/install/shared_interfaces/include/shared_interfaces/shared_interfaces/srv/detail/navigation_mode__rosidl_typesupport_introspection_cpp.hpp
[11.545s] -- Installing: /home/matylda-hayne/mtrx3760_p2/MTRX3760_PROJECT_2/ros2_ws/install/shared_interfaces/include/shared_interfaces/shared_interfaces/srv/detail/charging__type_support.cpp
[11.545s] -- Installing: /home/matylda-hayne/mtrx3760_p2/MTRX3760_PROJECT_2/ros2_ws/install/shared_interfaces/include/shared_interfaces/shared_interfaces/srv/detail/navigation_mode__type_support.cpp
[11.546s] -- Installing: /home/matylda-hayne/mtrx3760_p2/MTRX3760_PROJECT_2/ros2_ws/install/shared_interfaces/include/shared_interfaces/shared_interfaces/srv/detail/robot_type__rosidl_typesupport_introspection_cpp.hpp
[11.546s] -- Installing: /home/matylda-hayne/mtrx3760_p2/MTRX3760_PROJECT_2/ros2_ws/install/shared_interfaces/include/shared_interfaces/shared_interfaces/srv/detail/detecting__rosidl_typesupport_introspection_cpp.hpp
[11.546s] -- Installing: /home/matylda-hayne/mtrx3760_p2/MTRX3760_PROJECT_2/ros2_ws/install/shared_interfaces/include/shared_interfaces/shared_interfaces/srv/detail/charging__rosidl_typesupport_introspection_cpp.hpp
[11.546s] -- Up-to-date: /home/matylda-hayne/mtrx3760_p2/MTRX3760_PROJECT_2/ros2_ws/install/shared_interfaces/include/shared_interfaces/shared_interfaces/msg
[11.546s] -- Up-to-date: /home/matylda-hayne/mtrx3760_p2/MTRX3760_PROJECT_2/ros2_ws/install/shared_interfaces/include/shared_interfaces/shared_interfaces/msg/detail
[11.546s] -- Installing: /home/matylda-hayne/mtrx3760_p2/MTRX3760_PROJECT_2/ros2_ws/install/shared_interfaces/include/shared_interfaces/shared_interfaces/msg/detail/add_log__type_support.cpp
[11.546s] -- Installing: /home/matylda-hayne/mtrx3760_p2/MTRX3760_PROJECT_2/ros2_ws/install/shared_interfaces/include/shared_interfaces/shared_interfaces/msg/detail/check_log__type_support.cpp
[11.546s] -- Installing: /home/matylda-hayne/mtrx3760_p2/MTRX3760_PROJECT_2/ros2_ws/install/shared_interfaces/include/shared_interfaces/shared_interfaces/msg/detail/add_log__rosidl_typesupport_introspection_cpp.hpp
[11.547s] -- Installing: /home/matylda-hayne/mtrx3760_p2/MTRX3760_PROJECT_2/ros2_ws/install/shared_interfaces/include/shared_interfaces/shared_interfaces/msg/detail/check_log__rosidl_typesupport_introspection_cpp.hpp
[11.547s] -- Installing: /home/matylda-hayne/mtrx3760_p2/MTRX3760_PROJECT_2/ros2_ws/install/shared_interfaces/lib/libshared_interfaces__rosidl_typesupport_introspection_cpp.so
[11.547s] -- Set non-toolchain portion of runtime path of "/home/matylda-hayne/mtrx3760_p2/MTRX3760_PROJECT_2/ros2_ws/install/shared_interfaces/lib/libshared_interfaces__rosidl_typesupport_introspection_cpp.so" to ""
[11.547s] -- Installing: /home/matylda-hayne/mtrx3760_p2/MTRX3760_PROJECT_2/ros2_ws/install/shared_interfaces/lib/libshared_interfaces__rosidl_typesupport_cpp.so
[11.548s] -- Set non-toolchain portion of runtime path of "/home/matylda-hayne/mtrx3760_p2/MTRX3760_PROJECT_2/ros2_ws/install/shared_interfaces/lib/libshared_interfaces__rosidl_typesupport_cpp.so" to ""
[11.548s] -- Installing: /home/matylda-hayne/mtrx3760_p2/MTRX3760_PROJECT_2/ros2_ws/install/shared_interfaces/share/shared_interfaces/environment/pythonpath.sh
[11.548s] -- Installing: /home/matylda-hayne/mtrx3760_p2/MTRX3760_PROJECT_2/ros2_ws/install/shared_interfaces/share/shared_interfaces/environment/pythonpath.dsv
[11.548s] -- Installing: /home/matylda-hayne/mtrx3760_p2/MTRX3760_PROJECT_2/ros2_ws/install/shared_interfaces/lib/python3.12/site-packages/shared_interfaces-0.0.0-py3.12.egg-info
[11.549s] -- Installing: /home/matylda-hayne/mtrx3760_p2/MTRX3760_PROJECT_2/ros2_ws/install/shared_interfaces/lib/python3.12/site-packages/shared_interfaces-0.0.0-py3.12.egg-info/dependency_links.txt
[11.549s] -- Installing: /home/matylda-hayne/mtrx3760_p2/MTRX3760_PROJECT_2/ros2_ws/install/shared_interfaces/lib/python3.12/site-packages/shared_interfaces-0.0.0-py3.12.egg-info/SOURCES.txt
[11.549s] -- Installing: /home/matylda-hayne/mtrx3760_p2/MTRX3760_PROJECT_2/ros2_ws/install/shared_interfaces/lib/python3.12/site-packages/shared_interfaces-0.0.0-py3.12.egg-info/PKG-INFO
[11.549s] -- Installing: /home/matylda-hayne/mtrx3760_p2/MTRX3760_PROJECT_2/ros2_ws/install/shared_interfaces/lib/python3.12/site-packages/shared_interfaces-0.0.0-py3.12.egg-info/top_level.txt
[11.549s] -- Installing: /home/matylda-hayne/mtrx3760_p2/MTRX3760_PROJECT_2/ros2_ws/install/shared_interfaces/lib/python3.12/site-packages/shared_interfaces
[11.549s] -- Installing: /home/matylda-hayne/mtrx3760_p2/MTRX3760_PROJECT_2/ros2_ws/install/shared_interfaces/lib/python3.12/site-packages/shared_interfaces/_shared_interfaces_s.ep.rosidl_typesupport_fastrtps_c.c
[11.549s] -- Installing: /home/matylda-hayne/mtrx3760_p2/MTRX3760_PROJECT_2/ros2_ws/install/shared_interfaces/lib/python3.12/site-packages/shared_interfaces/shared_interfaces_s__rosidl_typesupport_c.so
[11.550s] -- Installing: /home/matylda-hayne/mtrx3760_p2/MTRX3760_PROJECT_2/ros2_ws/install/shared_interfaces/lib/python3.12/site-packages/shared_interfaces/__init__.py
[11.550s] -- Installing: /home/matylda-hayne/mtrx3760_p2/MTRX3760_PROJECT_2/ros2_ws/install/shared_interfaces/lib/python3.12/site-packages/shared_interfaces/srv
[11.550s] -- Installing: /home/matylda-hayne/mtrx3760_p2/MTRX3760_PROJECT_2/ros2_ws/install/shared_interfaces/lib/python3.12/site-packages/shared_interfaces/srv/_charging_s.c
[11.550s] -- Installing: /home/matylda-hayne/mtrx3760_p2/MTRX3760_PROJECT_2/ros2_ws/install/shared_interfaces/lib/python3.12/site-packages/shared_interfaces/srv/_robot_type_s.c
[11.550s] -- Installing: /home/matylda-hayne/mtrx3760_p2/MTRX3760_PROJECT_2/ros2_ws/install/shared_interfaces/lib/python3.12/site-packages/shared_interfaces/srv/_detecting_s.c
[11.550s] -- Installing: /home/matylda-hayne/mtrx3760_p2/MTRX3760_PROJECT_2/ros2_ws/install/shared_interfaces/lib/python3.12/site-packages/shared_interfaces/srv/_navigation_mode_s.c
[11.550s] -- Installing: /home/matylda-hayne/mtrx3760_p2/MTRX3760_PROJECT_2/ros2_ws/install/shared_interfaces/lib/python3.12/site-packages/shared_interfaces/srv/_charging.py
[11.550s] -- Installing: /home/matylda-hayne/mtrx3760_p2/MTRX3760_PROJECT_2/ros2_ws/install/shared_interfaces/lib/python3.12/site-packages/shared_interfaces/srv/__init__.py
[11.551s] -- Installing: /home/matylda-hayne/mtrx3760_p2/MTRX3760_PROJECT_2/ros2_ws/install/shared_interfaces/lib/python3.12/site-packages/shared_interfaces/srv/_robot_type.py
[11.551s] -- Installing: /home/matylda-hayne/mtrx3760_p2/MTRX3760_PROJECT_2/ros2_ws/install/shared_interfaces/lib/python3.12/site-packages/shared_interfaces/srv/_navigation_mode.py
[11.551s] -- Installing: /home/matylda-hayne/mtrx3760_p2/MTRX3760_PROJECT_2/ros2_ws/install/shared_interfaces/lib/python3.12/site-packages/shared_interfaces/srv/_detecting.py
[11.551s] -- Installing: /home/matylda-hayne/mtrx3760_p2/MTRX3760_PROJECT_2/ros2_ws/install/shared_interfaces/lib/python3.12/site-packages/shared_interfaces/shared_interfaces_s__rosidl_typesupport_fastrtps_c.so
[11.551s] -- Installing: /home/matylda-hayne/mtrx3760_p2/MTRX3760_PROJECT_2/ros2_ws/install/shared_interfaces/lib/python3.12/site-packages/shared_interfaces/_shared_interfaces_s.ep.rosidl_typesupport_introspection_c.c
[11.551s] -- Installing: /home/matylda-hayne/mtrx3760_p2/MTRX3760_PROJECT_2/ros2_ws/install/shared_interfaces/lib/python3.12/site-packages/shared_interfaces/shared_interfaces_s__rosidl_typesupport_introspection_c.so
[11.551s] -- Installing: /home/matylda-hayne/mtrx3760_p2/MTRX3760_PROJECT_2/ros2_ws/install/shared_interfaces/lib/python3.12/site-packages/shared_interfaces/_shared_interfaces_s.ep.rosidl_typesupport_c.c
[11.552s] -- Installing: /home/matylda-hayne/mtrx3760_p2/MTRX3760_PROJECT_2/ros2_ws/install/shared_interfaces/lib/python3.12/site-packages/shared_interfaces/msg
[11.552s] -- Installing: /home/matylda-hayne/mtrx3760_p2/MTRX3760_PROJECT_2/ros2_ws/install/shared_interfaces/lib/python3.12/site-packages/shared_interfaces/msg/_check_log.py
[11.552s] -- Installing: /home/matylda-hayne/mtrx3760_p2/MTRX3760_PROJECT_2/ros2_ws/install/shared_interfaces/lib/python3.12/site-packages/shared_interfaces/msg/__init__.py
[11.552s] -- Installing: /home/matylda-hayne/mtrx3760_p2/MTRX3760_PROJECT_2/ros2_ws/install/shared_interfaces/lib/python3.12/site-packages/shared_interfaces/msg/_add_log_s.c
[11.552s] -- Installing: /home/matylda-hayne/mtrx3760_p2/MTRX3760_PROJECT_2/ros2_ws/install/shared_interfaces/lib/python3.12/site-packages/shared_interfaces/msg/_add_log.py
[11.552s] -- Installing: /home/matylda-hayne/mtrx3760_p2/MTRX3760_PROJECT_2/ros2_ws/install/shared_interfaces/lib/python3.12/site-packages/shared_interfaces/msg/_check_log_s.c
[11.628s] Listing '/home/matylda-hayne/mtrx3760_p2/MTRX3760_PROJECT_2/ros2_ws/install/shared_interfaces/lib/python3.12/site-packages/shared_interfaces'...
[11.628s] Compiling '/home/matylda-hayne/mtrx3760_p2/MTRX3760_PROJECT_2/ros2_ws/install/shared_interfaces/lib/python3.12/site-packages/shared_interfaces/__init__.py'...
[11.628s] Listing '/home/matylda-hayne/mtrx3760_p2/MTRX3760_PROJECT_2/ros2_ws/install/shared_interfaces/lib/python3.12/site-packages/shared_interfaces/msg'...
[11.628s] Compiling '/home/matylda-hayne/mtrx3760_p2/MTRX3760_PROJECT_2/ros2_ws/install/shared_interfaces/lib/python3.12/site-packages/shared_interfaces/msg/__init__.py'...
[11.628s] Compiling '/home/matylda-hayne/mtrx3760_p2/MTRX3760_PROJECT_2/ros2_ws/install/shared_interfaces/lib/python3.12/site-packages/shared_interfaces/msg/_add_log.py'...
[11.628s] Compiling '/home/matylda-hayne/mtrx3760_p2/MTRX3760_PROJECT_2/ros2_ws/install/shared_interfaces/lib/python3.12/site-packages/shared_interfaces/msg/_check_log.py'...
[11.628s] Listing '/home/matylda-hayne/mtrx3760_p2/MTRX3760_PROJECT_2/ros2_ws/install/shared_interfaces/lib/python3.12/site-packages/shared_interfaces/srv'...
[11.629s] Compiling '/home/matylda-hayne/mtrx3760_p2/MTRX3760_PROJECT_2/ros2_ws/install/shared_interfaces/lib/python3.12/site-packages/shared_interfaces/srv/__init__.py'...
[11.629s] Compiling '/home/matylda-hayne/mtrx3760_p2/MTRX3760_PROJECT_2/ros2_ws/install/shared_interfaces/lib/python3.12/site-packages/shared_interfaces/srv/_charging.py'...
[11.629s] Compiling '/home/matylda-hayne/mtrx3760_p2/MTRX3760_PROJECT_2/ros2_ws/install/shared_interfaces/lib/python3.12/site-packages/shared_interfaces/srv/_detecting.py'...
[11.629s] Compiling '/home/matylda-hayne/mtrx3760_p2/MTRX3760_PROJECT_2/ros2_ws/install/shared_interfaces/lib/python3.12/site-packages/shared_interfaces/srv/_navigation_mode.py'...
[11.629s] Compiling '/home/matylda-hayne/mtrx3760_p2/MTRX3760_PROJECT_2/ros2_ws/install/shared_interfaces/lib/python3.12/site-packages/shared_interfaces/srv/_robot_type.py'...
[11.635s] -- Installing: /home/matylda-hayne/mtrx3760_p2/MTRX3760_PROJECT_2/ros2_ws/install/shared_interfaces/lib/python3.12/site-packages/shared_interfaces/shared_interfaces_s__rosidl_typesupport_fastrtps_c.so
[11.635s] -- Set non-toolchain portion of runtime path of "/home/matylda-hayne/mtrx3760_p2/MTRX3760_PROJECT_2/ros2_ws/install/shared_interfaces/lib/python3.12/site-packages/shared_interfaces/shared_interfaces_s__rosidl_typesupport_fastrtps_c.so" to ""
[11.636s] -- Installing: /home/matylda-hayne/mtrx3760_p2/MTRX3760_PROJECT_2/ros2_ws/install/shared_interfaces/lib/python3.12/site-packages/shared_interfaces/shared_interfaces_s__rosidl_typesupport_introspection_c.so
[11.636s] -- Set non-toolchain portion of runtime path of "/home/matylda-hayne/mtrx3760_p2/MTRX3760_PROJECT_2/ros2_ws/install/shared_interfaces/lib/python3.12/site-packages/shared_interfaces/shared_interfaces_s__rosidl_typesupport_introspection_c.so" to ""
[11.636s] -- Installing: /home/matylda-hayne/mtrx3760_p2/MTRX3760_PROJECT_2/ros2_ws/install/shared_interfaces/lib/python3.12/site-packages/shared_interfaces/shared_interfaces_s__rosidl_typesupport_c.so
[11.636s] -- Set non-toolchain portion of runtime path of "/home/matylda-hayne/mtrx3760_p2/MTRX3760_PROJECT_2/ros2_ws/install/shared_interfaces/lib/python3.12/site-packages/shared_interfaces/shared_interfaces_s__rosidl_typesupport_c.so" to ""
[11.636s] -- Installing: /home/matylda-hayne/mtrx3760_p2/MTRX3760_PROJECT_2/ros2_ws/install/shared_interfaces/lib/libshared_interfaces__rosidl_generator_py.so
[11.637s] -- Set non-toolchain portion of runtime path of "/home/matylda-hayne/mtrx3760_p2/MTRX3760_PROJECT_2/ros2_ws/install/shared_interfaces/lib/libshared_interfaces__rosidl_generator_py.so" to ""
[11.637s] -- Installing: /home/matylda-hayne/mtrx3760_p2/MTRX3760_PROJECT_2/ros2_ws/install/shared_interfaces/share/shared_interfaces/msg/AddLog.idl
[11.637s] -- Installing: /home/matylda-hayne/mtrx3760_p2/MTRX3760_PROJECT_2/ros2_ws/install/shared_interfaces/share/shared_interfaces/msg/CheckLog.idl
[11.637s] -- Installing: /home/matylda-hayne/mtrx3760_p2/MTRX3760_PROJECT_2/ros2_ws/install/shared_interfaces/share/shared_interfaces/srv/NavigationMode.idl
[11.637s] -- Installing: /home/matylda-hayne/mtrx3760_p2/MTRX3760_PROJECT_2/ros2_ws/install/shared_interfaces/share/shared_interfaces/srv/RobotType.idl
[11.637s] -- Installing: /home/matylda-hayne/mtrx3760_p2/MTRX3760_PROJECT_2/ros2_ws/install/shared_interfaces/share/shared_interfaces/srv/Detecting.idl
[11.637s] -- Installing: /home/matylda-hayne/mtrx3760_p2/MTRX3760_PROJECT_2/ros2_ws/install/shared_interfaces/share/shared_interfaces/srv/Charging.idl
[11.638s] -- Installing: /home/matylda-hayne/mtrx3760_p2/MTRX3760_PROJECT_2/ros2_ws/install/shared_interfaces/share/shared_interfaces/msg/AddLog.msg
[11.638s] -- Installing: /home/matylda-hayne/mtrx3760_p2/MTRX3760_PROJECT_2/ros2_ws/install/shared_interfaces/share/shared_interfaces/msg/CheckLog.msg
[11.638s] -- Installing: /home/matylda-hayne/mtrx3760_p2/MTRX3760_PROJECT_2/ros2_ws/install/shared_interfaces/share/shared_interfaces/srv/NavigationMode.srv
[11.638s] -- Installing: /home/matylda-hayne/mtrx3760_p2/MTRX3760_PROJECT_2/ros2_ws/install/shared_interfaces/share/shared_interfaces/srv/RobotType.srv
[11.638s] -- Installing: /home/matylda-hayne/mtrx3760_p2/MTRX3760_PROJECT_2/ros2_ws/install/shared_interfaces/share/shared_interfaces/srv/Detecting.srv
[11.638s] -- Installing: /home/matylda-hayne/mtrx3760_p2/MTRX3760_PROJECT_2/ros2_ws/install/shared_interfaces/share/shared_interfaces/srv/Charging.srv
[11.638s] -- Installing: /home/matylda-hayne/mtrx3760_p2/MTRX3760_PROJECT_2/ros2_ws/install/shared_interfaces/share/ament_index/resource_index/package_run_dependencies/shared_interfaces
[11.639s] -- Installing: /home/matylda-hayne/mtrx3760_p2/MTRX3760_PROJECT_2/ros2_ws/install/shared_interfaces/share/ament_index/resource_index/parent_prefix_path/shared_interfaces
[11.639s] -- Installing: /home/matylda-hayne/mtrx3760_p2/MTRX3760_PROJECT_2/ros2_ws/install/shared_interfaces/share/shared_interfaces/environment/ament_prefix_path.sh
[11.639s] -- Installing: /home/matylda-hayne/mtrx3760_p2/MTRX3760_PROJECT_2/ros2_ws/install/shared_interfaces/share/shared_interfaces/environment/ament_prefix_path.dsv
[11.639s] -- Installing: /home/matylda-hayne/mtrx3760_p2/MTRX3760_PROJECT_2/ros2_ws/install/shared_interfaces/share/shared_interfaces/environment/path.sh
[11.639s] -- Installing: /home/matylda-hayne/mtrx3760_p2/MTRX3760_PROJECT_2/ros2_ws/install/shared_interfaces/share/shared_interfaces/environment/path.dsv
[11.639s] -- Installing: /home/matylda-hayne/mtrx3760_p2/MTRX3760_PROJECT_2/ros2_ws/install/shared_interfaces/share/shared_interfaces/local_setup.bash
[11.639s] -- Installing: /home/matylda-hayne/mtrx3760_p2/MTRX3760_PROJECT_2/ros2_ws/install/shared_interfaces/share/shared_interfaces/local_setup.sh
[11.639s] -- Installing: /home/matylda-hayne/mtrx3760_p2/MTRX3760_PROJECT_2/ros2_ws/install/shared_interfaces/share/shared_interfaces/local_setup.zsh
[11.640s] -- Installing: /home/matylda-hayne/mtrx3760_p2/MTRX3760_PROJECT_2/ros2_ws/install/shared_interfaces/share/shared_interfaces/local_setup.dsv
[11.640s] -- Installing: /home/matylda-hayne/mtrx3760_p2/MTRX3760_PROJECT_2/ros2_ws/install/shared_interfaces/share/shared_interfaces/package.dsv
[11.640s] -- Installing: /home/matylda-hayne/mtrx3760_p2/MTRX3760_PROJECT_2/ros2_ws/install/shared_interfaces/share/ament_index/resource_index/packages/shared_interfaces
[11.640s] -- Installing: /home/matylda-hayne/mtrx3760_p2/MTRX3760_PROJECT_2/ros2_ws/install/shared_interfaces/share/shared_interfaces/cmake/export_shared_interfaces__rosidl_generator_cExport.cmake
[11.640s] -- Installing: /home/matylda-hayne/mtrx3760_p2/MTRX3760_PROJECT_2/ros2_ws/install/shared_interfaces/share/shared_interfaces/cmake/export_shared_interfaces__rosidl_generator_cExport-noconfig.cmake
[11.640s] -- Installing: /home/matylda-hayne/mtrx3760_p2/MTRX3760_PROJECT_2/ros2_ws/install/shared_interfaces/share/shared_interfaces/cmake/export_shared_interfaces__rosidl_typesupport_fastrtps_cExport.cmake
[11.641s] -- Installing: /home/matylda-hayne/mtrx3760_p2/MTRX3760_PROJECT_2/ros2_ws/install/shared_interfaces/share/shared_interfaces/cmake/export_shared_interfaces__rosidl_typesupport_fastrtps_cExport-noconfig.cmake
[11.641s] -- Installing: /home/matylda-hayne/mtrx3760_p2/MTRX3760_PROJECT_2/ros2_ws/install/shared_interfaces/share/shared_interfaces/cmake/shared_interfaces__rosidl_typesupport_introspection_cExport.cmake
[11.641s] -- Installing: /home/matylda-hayne/mtrx3760_p2/MTRX3760_PROJECT_2/ros2_ws/install/shared_interfaces/share/shared_interfaces/cmake/shared_interfaces__rosidl_typesupport_introspection_cExport-noconfig.cmake
[11.641s] -- Installing: /home/matylda-hayne/mtrx3760_p2/MTRX3760_PROJECT_2/ros2_ws/install/shared_interfaces/share/shared_interfaces/cmake/shared_interfaces__rosidl_typesupport_cExport.cmake
[11.641s] -- Installing: /home/matylda-hayne/mtrx3760_p2/MTRX3760_PROJECT_2/ros2_ws/install/shared_interfaces/share/shared_interfaces/cmake/shared_interfaces__rosidl_typesupport_cExport-noconfig.cmake
[11.641s] -- Installing: /home/matylda-hayne/mtrx3760_p2/MTRX3760_PROJECT_2/ros2_ws/install/shared_interfaces/share/shared_interfaces/cmake/export_shared_interfaces__rosidl_generator_cppExport.cmake
[11.641s] -- Installing: /home/matylda-hayne/mtrx3760_p2/MTRX3760_PROJECT_2/ros2_ws/install/shared_interfaces/share/shared_interfaces/cmake/export_shared_interfaces__rosidl_typesupport_fastrtps_cppExport.cmake
[11.641s] -- Installing: /home/matylda-hayne/mtrx3760_p2/MTRX3760_PROJECT_2/ros2_ws/install/shared_interfaces/share/shared_interfaces/cmake/export_shared_interfaces__rosidl_typesupport_fastrtps_cppExport-noconfig.cmake
[11.641s] -- Installing: /home/matylda-hayne/mtrx3760_p2/MTRX3760_PROJECT_2/ros2_ws/install/shared_interfaces/share/shared_interfaces/cmake/shared_interfaces__rosidl_typesupport_introspection_cppExport.cmake
[11.641s] -- Installing: /home/matylda-hayne/mtrx3760_p2/MTRX3760_PROJECT_2/ros2_ws/install/shared_interfaces/share/shared_interfaces/cmake/shared_interfaces__rosidl_typesupport_introspection_cppExport-noconfig.cmake
[11.641s] -- Installing: /home/matylda-hayne/mtrx3760_p2/MTRX3760_PROJECT_2/ros2_ws/install/shared_interfaces/share/shared_interfaces/cmake/shared_interfaces__rosidl_typesupport_cppExport.cmake
[11.641s] -- Installing: /home/matylda-hayne/mtrx3760_p2/MTRX3760_PROJECT_2/ros2_ws/install/shared_interfaces/share/shared_interfaces/cmake/shared_interfaces__rosidl_typesupport_cppExport-noconfig.cmake
[11.642s] -- Installing: /home/matylda-hayne/mtrx3760_p2/MTRX3760_PROJECT_2/ros2_ws/install/shared_interfaces/share/shared_interfaces/cmake/export_shared_interfaces__rosidl_generator_pyExport.cmake
[11.642s] -- Installing: /home/matylda-hayne/mtrx3760_p2/MTRX3760_PROJECT_2/ros2_ws/install/shared_interfaces/share/shared_interfaces/cmake/export_shared_interfaces__rosidl_generator_pyExport-noconfig.cmake
[11.642s] -- Installing: /home/matylda-hayne/mtrx3760_p2/MTRX3760_PROJECT_2/ros2_ws/install/shared_interfaces/share/shared_interfaces/cmake/rosidl_cmake-extras.cmake
[11.642s] -- Installing: /home/matylda-hayne/mtrx3760_p2/MTRX3760_PROJECT_2/ros2_ws/install/shared_interfaces/share/shared_interfaces/cmake/ament_cmake_export_dependencies-extras.cmake
[11.642s] -- Installing: /home/matylda-hayne/mtrx3760_p2/MTRX3760_PROJECT_2/ros2_ws/install/shared_interfaces/share/shared_interfaces/cmake/ament_cmake_export_include_directories-extras.cmake
[11.642s] -- Installing: /home/matylda-hayne/mtrx3760_p2/MTRX3760_PROJECT_2/ros2_ws/install/shared_interfaces/share/shared_interfaces/cmake/ament_cmake_export_libraries-extras.cmake
[11.642s] -- Installing: /home/matylda-hayne/mtrx3760_p2/MTRX3760_PROJECT_2/ros2_ws/install/shared_interfaces/share/shared_interfaces/cmake/ament_cmake_export_targets-extras.cmake
[11.642s] -- Installing: /home/matylda-hayne/mtrx3760_p2/MTRX3760_PROJECT_2/ros2_ws/install/shared_interfaces/share/shared_interfaces/cmake/rosidl_cmake_export_typesupport_targets-extras.cmake
[11.642s] -- Installing: /home/matylda-hayne/mtrx3760_p2/MTRX3760_PROJECT_2/ros2_ws/install/shared_interfaces/share/shared_interfaces/cmake/rosidl_cmake_export_typesupport_libraries-extras.cmake
[11.642s] -- Installing: /home/matylda-hayne/mtrx3760_p2/MTRX3760_PROJECT_2/ros2_ws/install/shared_interfaces/share/shared_interfaces/cmake/shared_interfacesConfig.cmake
[11.642s] -- Installing: /home/matylda-hayne/mtrx3760_p2/MTRX3760_PROJECT_2/ros2_ws/install/shared_interfaces/share/shared_interfaces/cmake/shared_interfacesConfig-version.cmake
[11.643s] -- Installing: /home/matylda-hayne/mtrx3760_p2/MTRX3760_PROJECT_2/ros2_ws/install/shared_interfaces/share/shared_interfaces/package.xml
[11.645s] Invoked command in '/home/matylda-hayne/mtrx3760_p2/MTRX3760_PROJECT_2/ros2_ws/build/shared_interfaces' returned '0': CMAKE_PREFIX_PATH=${CMAKE_PREFIX_PATH}:/home/matylda-hayne/turtlebot3_ws/install/turtlebot3_teleop:/home/matylda-hayne/turtlebot3_ws/install/turtlebot3_example:/opt/ros/jazzy DEBUGINFOD_URLS=https://debuginfod.ubuntu.com /usr/bin/cmake --install /home/matylda-hayne/mtrx3760_p2/MTRX3760_PROJECT_2/ros2_ws/build/shared_interfaces
