[0.058s] DEBUG:colcon:Command line arguments: ['/usr/bin/colcon', 'build', '--packages-select', 'shared_interfaces', '--cmake-clean-cache']
[0.058s] DEBUG:colcon:Parsed command line arguments: Namespace(log_base=None, log_level=None, verb_name='build', build_base='build', install_base='install', merge_install=False, symlink_install=False, test_result_base=None, continue_on_error=False, executor='parallel', parallel_workers=20, event_handlers=None, ignore_user_meta=False, metas=['./colcon.meta'], base_paths=['.'], packages_ignore=None, packages_ignore_regex=None, paths=None, packages_up_to=None, packages_up_to_regex=None, packages_above=None, packages_above_and_dependencies=None, packages_above_depth=None, packages_select_by_dep=None, packages_skip_by_dep=None, packages_skip_up_to=None, packages_select_build_failed=False, packages_skip_build_finished=False, packages_select_test_failures=False, packages_skip_test_passed=False, packages_select=['shared_interfaces'], packages_skip=None, packages_select_regex=None, packages_skip_regex=None, packages_start=None, packages_end=None, allow_overriding=[], cmake_args=None, cmake_target=None, cmake_target_skip_unavailable=False, cmake_clean_cache=True, cmake_clean_first=False, cmake_force_configure=False, ament_cmake_args=None, catkin_cmake_args=None, catkin_skip_building_tests=False, mixin_files=None, mixin=None, verb_parser=<colcon_mixin.mixin.mixin_argument.MixinArgumentDecorator object at 0x7f6bd1aba0f0>, verb_extension=<colcon_core.verb.build.BuildVerb object at 0x7f6bd1ab9370>, main=<bound method BuildVerb.main of <colcon_core.verb.build.BuildVerb object at 0x7f6bd1ab9370>>, mixin_verb=('build',))
[0.079s] Level 1:colcon.colcon_core.package_discovery:discover_packages(colcon_meta) check parameters
[0.079s] Level 1:colcon.colcon_core.package_discovery:discover_packages(recursive) check parameters
[0.079s] Level 1:colcon.colcon_core.package_discovery:discover_packages(ignore) check parameters
[0.079s] Level 1:colcon.colcon_core.package_discovery:discover_packages(path) check parameters
[0.079s] Level 1:colcon.colcon_core.package_discovery:discover_packages(colcon_meta) discover
[0.079s] Level 1:colcon.colcon_core.package_discovery:discover_packages(recursive) discover
[0.079s] INFO:colcon.colcon_core.package_discovery:Crawling recursively for packages in '/home/matylda-hayne/mtrx3760_p2/MTRX3760_PROJECT_2/ros2_ws/src'
[0.079s] Level 1:colcon.colcon_core.package_identification:_identify(.) by extensions ['ignore', 'ignore_ament_install']
[0.079s] Level 1:colcon.colcon_core.package_identification:_identify(.) by extension 'ignore'
[0.079s] Level 1:colcon.colcon_core.package_identification:_identify(.) by extension 'ignore_ament_install'
[0.079s] Level 1:colcon.colcon_core.package_identification:_identify(.) by extensions ['colcon_pkg']
[0.079s] Level 1:colcon.colcon_core.package_identification:_identify(.) by extension 'colcon_pkg'
[0.079s] Level 1:colcon.colcon_core.package_identification:_identify(.) by extensions ['colcon_meta']
[0.079s] Level 1:colcon.colcon_core.package_identification:_identify(.) by extension 'colcon_meta'
[0.079s] Level 1:colcon.colcon_core.package_identification:_identify(.) by extensions ['ros']
[0.079s] Level 1:colcon.colcon_core.package_identification:_identify(.) by extension 'ros'
[0.094s] Level 1:colcon.colcon_core.package_identification:_identify(.) by extensions ['cmake', 'python']
[0.094s] Level 1:colcon.colcon_core.package_identification:_identify(.) by extension 'cmake'
[0.094s] Level 1:colcon.colcon_core.package_identification:_identify(.) by extension 'python'
[0.094s] Level 1:colcon.colcon_core.package_identification:_identify(.) by extensions ['python_setup_py']
[0.094s] Level 1:colcon.colcon_core.package_identification:_identify(.) by extension 'python_setup_py'
[0.094s] Level 1:colcon.colcon_core.package_identification:_identify(battery) by extensions ['ignore', 'ignore_ament_install']
[0.094s] Level 1:colcon.colcon_core.package_identification:_identify(battery) by extension 'ignore'
[0.094s] Level 1:colcon.colcon_core.package_identification:_identify(battery) by extension 'ignore_ament_install'
[0.094s] Level 1:colcon.colcon_core.package_identification:_identify(battery) by extensions ['colcon_pkg']
[0.094s] Level 1:colcon.colcon_core.package_identification:_identify(battery) by extension 'colcon_pkg'
[0.094s] Level 1:colcon.colcon_core.package_identification:_identify(battery) by extensions ['colcon_meta']
[0.094s] Level 1:colcon.colcon_core.package_identification:_identify(battery) by extension 'colcon_meta'
[0.094s] Level 1:colcon.colcon_core.package_identification:_identify(battery) by extensions ['ros']
[0.094s] Level 1:colcon.colcon_core.package_identification:_identify(battery) by extension 'ros'
[0.095s] DEBUG:colcon.colcon_core.package_identification:Package 'battery' with type 'ros.ament_cmake' and name 'battery'
[0.096s] Level 1:colcon.colcon_core.package_identification:_identify(build) by extensions ['ignore', 'ignore_ament_install']
[0.096s] Level 1:colcon.colcon_core.package_identification:_identify(build) by extension 'ignore'
[0.096s] Level 1:colcon.colcon_core.package_identification:_identify(build) ignored
[0.096s] Level 1:colcon.colcon_core.package_identification:_identify(defect_detector) by extensions ['ignore', 'ignore_ament_install']
[0.096s] Level 1:colcon.colcon_core.package_identification:_identify(defect_detector) by extension 'ignore'
[0.096s] Level 1:colcon.colcon_core.package_identification:_identify(defect_detector) by extension 'ignore_ament_install'
[0.096s] Level 1:colcon.colcon_core.package_identification:_identify(defect_detector) by extensions ['colcon_pkg']
[0.096s] Level 1:colcon.colcon_core.package_identification:_identify(defect_detector) by extension 'colcon_pkg'
[0.096s] Level 1:colcon.colcon_core.package_identification:_identify(defect_detector) by extensions ['colcon_meta']
[0.096s] Level 1:colcon.colcon_core.package_identification:_identify(defect_detector) by extension 'colcon_meta'
[0.096s] Level 1:colcon.colcon_core.package_identification:_identify(defect_detector) by extensions ['ros']
[0.096s] Level 1:colcon.colcon_core.package_identification:_identify(defect_detector) by extension 'ros'
[0.096s] Level 1:colcon.colcon_core.package_identification:_identify(defect_detector) by extensions ['cmake', 'python']
[0.096s] Level 1:colcon.colcon_core.package_identification:_identify(defect_detector) by extension 'cmake'
[0.096s] Level 1:colcon.colcon_core.package_identification:_identify(defect_detector) by extension 'python'
[0.096s] Level 1:colcon.colcon_core.package_identification:_identify(defect_detector) by extensions ['python_setup_py']
[0.096s] Level 1:colcon.colcon_core.package_identification:_identify(defect_detector) by extension 'python_setup_py'
[0.096s] Level 1:colcon.colcon_core.package_identification:_identify(defect_detector/src) by extensions ['ignore', 'ignore_ament_install']
[0.096s] Level 1:colcon.colcon_core.package_identification:_identify(defect_detector/src) by extension 'ignore'
[0.096s] Level 1:colcon.colcon_core.package_identification:_identify(defect_detector/src) by extension 'ignore_ament_install'
[0.096s] Level 1:colcon.colcon_core.package_identification:_identify(defect_detector/src) by extensions ['colcon_pkg']
[0.096s] Level 1:colcon.colcon_core.package_identification:_identify(defect_detector/src) by extension 'colcon_pkg'
[0.096s] Level 1:colcon.colcon_core.package_identification:_identify(defect_detector/src) by extensions ['colcon_meta']
[0.096s] Level 1:colcon.colcon_core.package_identification:_identify(defect_detector/src) by extension 'colcon_meta'
[0.096s] Level 1:colcon.colcon_core.package_identification:_identify(defect_detector/src) by extensions ['ros']
[0.096s] Level 1:colcon.colcon_core.package_identification:_identify(defect_detector/src) by extension 'ros'
[0.096s] Level 1:colcon.colcon_core.package_identification:_identify(defect_detector/src) by extensions ['cmake', 'python']
[0.096s] Level 1:colcon.colcon_core.package_identification:_identify(defect_detector/src) by extension 'cmake'
[0.096s] Level 1:colcon.colcon_core.package_identification:_identify(defect_detector/src) by extension 'python'
[0.096s] Level 1:colcon.colcon_core.package_identification:_identify(defect_detector/src) by extensions ['python_setup_py']
[0.096s] Level 1:colcon.colcon_core.package_identification:_identify(defect_detector/src) by extension 'python_setup_py'
[0.096s] Level 1:colcon.colcon_core.package_identification:_identify(drive) by extensions ['ignore', 'ignore_ament_install']
[0.096s] Level 1:colcon.colcon_core.package_identification:_identify(drive) by extension 'ignore'
[0.096s] Level 1:colcon.colcon_core.package_identification:_identify(drive) by extension 'ignore_ament_install'
[0.096s] Level 1:colcon.colcon_core.package_identification:_identify(drive) by extensions ['colcon_pkg']
[0.096s] Level 1:colcon.colcon_core.package_identification:_identify(drive) by extension 'colcon_pkg'
[0.096s] Level 1:colcon.colcon_core.package_identification:_identify(drive) by extensions ['colcon_meta']
[0.096s] Level 1:colcon.colcon_core.package_identification:_identify(drive) by extension 'colcon_meta'
[0.096s] Level 1:colcon.colcon_core.package_identification:_identify(drive) by extensions ['ros']
[0.096s] Level 1:colcon.colcon_core.package_identification:_identify(drive) by extension 'ros'
[0.096s] Level 1:colcon.colcon_core.package_identification:_identify(drive) by extensions ['cmake', 'python']
[0.097s] Level 1:colcon.colcon_core.package_identification:_identify(drive) by extension 'cmake'
[0.097s] Level 1:colcon.colcon_core.package_identification:_identify(drive) by extension 'python'
[0.097s] Level 1:colcon.colcon_core.package_identification:_identify(drive) by extensions ['python_setup_py']
[0.097s] Level 1:colcon.colcon_core.package_identification:_identify(drive) by extension 'python_setup_py'
[0.097s] Level 1:colcon.colcon_core.package_identification:_identify(install) by extensions ['ignore', 'ignore_ament_install']
[0.097s] Level 1:colcon.colcon_core.package_identification:_identify(install) by extension 'ignore'
[0.097s] Level 1:colcon.colcon_core.package_identification:_identify(install) ignored
[0.097s] Level 1:colcon.colcon_core.package_identification:_identify(log) by extensions ['ignore', 'ignore_ament_install']
[0.097s] Level 1:colcon.colcon_core.package_identification:_identify(log) by extension 'ignore'
[0.097s] Level 1:colcon.colcon_core.package_identification:_identify(log) ignored
[0.097s] Level 1:colcon.colcon_core.package_identification:_identify(logger) by extensions ['ignore', 'ignore_ament_install']
[0.097s] Level 1:colcon.colcon_core.package_identification:_identify(logger) by extension 'ignore'
[0.097s] Level 1:colcon.colcon_core.package_identification:_identify(logger) by extension 'ignore_ament_install'
[0.097s] Level 1:colcon.colcon_core.package_identification:_identify(logger) by extensions ['colcon_pkg']
[0.097s] Level 1:colcon.colcon_core.package_identification:_identify(logger) by extension 'colcon_pkg'
[0.097s] Level 1:colcon.colcon_core.package_identification:_identify(logger) by extensions ['colcon_meta']
[0.097s] Level 1:colcon.colcon_core.package_identification:_identify(logger) by extension 'colcon_meta'
[0.097s] Level 1:colcon.colcon_core.package_identification:_identify(logger) by extensions ['ros']
[0.097s] Level 1:colcon.colcon_core.package_identification:_identify(logger) by extension 'ros'
[0.097s] DEBUG:colcon.colcon_core.package_identification:Package 'logger' with type 'ros.ament_cmake' and name 'logger_pkg'
[0.097s] Level 1:colcon.colcon_core.package_identification:_identify(manager) by extensions ['ignore', 'ignore_ament_install']
[0.097s] Level 1:colcon.colcon_core.package_identification:_identify(manager) by extension 'ignore'
[0.097s] Level 1:colcon.colcon_core.package_identification:_identify(manager) by extension 'ignore_ament_install'
[0.097s] Level 1:colcon.colcon_core.package_identification:_identify(manager) by extensions ['colcon_pkg']
[0.097s] Level 1:colcon.colcon_core.package_identification:_identify(manager) by extension 'colcon_pkg'
[0.097s] Level 1:colcon.colcon_core.package_identification:_identify(manager) by extensions ['colcon_meta']
[0.098s] Level 1:colcon.colcon_core.package_identification:_identify(manager) by extension 'colcon_meta'
[0.098s] Level 1:colcon.colcon_core.package_identification:_identify(manager) by extensions ['ros']
[0.098s] Level 1:colcon.colcon_core.package_identification:_identify(manager) by extension 'ros'
[0.098s] DEBUG:colcon.colcon_core.package_identification:Package 'manager' with type 'ros.ament_cmake' and name 'manager'
[0.098s] Level 1:colcon.colcon_core.package_identification:_identify(navigation) by extensions ['ignore', 'ignore_ament_install']
[0.098s] Level 1:colcon.colcon_core.package_identification:_identify(navigation) by extension 'ignore'
[0.098s] Level 1:colcon.colcon_core.package_identification:_identify(navigation) by extension 'ignore_ament_install'
[0.098s] Level 1:colcon.colcon_core.package_identification:_identify(navigation) by extensions ['colcon_pkg']
[0.098s] Level 1:colcon.colcon_core.package_identification:_identify(navigation) by extension 'colcon_pkg'
[0.098s] Level 1:colcon.colcon_core.package_identification:_identify(navigation) by extensions ['colcon_meta']
[0.098s] Level 1:colcon.colcon_core.package_identification:_identify(navigation) by extension 'colcon_meta'
[0.098s] Level 1:colcon.colcon_core.package_identification:_identify(navigation) by extensions ['ros']
[0.098s] Level 1:colcon.colcon_core.package_identification:_identify(navigation) by extension 'ros'
[0.099s] DEBUG:colcon.colcon_core.package_identification:Package 'navigation' with type 'ros.ament_cmake' and name 'navigation'
[0.099s] Level 1:colcon.colcon_core.package_identification:_identify(shared_interfaces) by extensions ['ignore', 'ignore_ament_install']
[0.099s] Level 1:colcon.colcon_core.package_identification:_identify(shared_interfaces) by extension 'ignore'
[0.099s] Level 1:colcon.colcon_core.package_identification:_identify(shared_interfaces) by extension 'ignore_ament_install'
[0.099s] Level 1:colcon.colcon_core.package_identification:_identify(shared_interfaces) by extensions ['colcon_pkg']
[0.099s] Level 1:colcon.colcon_core.package_identification:_identify(shared_interfaces) by extension 'colcon_pkg'
[0.099s] Level 1:colcon.colcon_core.package_identification:_identify(shared_interfaces) by extensions ['colcon_meta']
[0.099s] Level 1:colcon.colcon_core.package_identification:_identify(shared_interfaces) by extension 'colcon_meta'
[0.099s] Level 1:colcon.colcon_core.package_identification:_identify(shared_interfaces) by extensions ['ros']
[0.099s] Level 1:colcon.colcon_core.package_identification:_identify(shared_interfaces) by extension 'ros'
[0.099s] DEBUG:colcon.colcon_core.package_identification:Package 'shared_interfaces' with type 'ros.ament_cmake' and name 'shared_interfaces'
[0.099s] Level 1:colcon.colcon_core.package_identification:_identify(user_interface) by extensions ['ignore', 'ignore_ament_install']
[0.099s] Level 1:colcon.colcon_core.package_identification:_identify(user_interface) by extension 'ignore'
[0.099s] Level 1:colcon.colcon_core.package_identification:_identify(user_interface) by extension 'ignore_ament_install'
[0.099s] Level 1:colcon.colcon_core.package_identification:_identify(user_interface) by extensions ['colcon_pkg']
[0.099s] Level 1:colcon.colcon_core.package_identification:_identify(user_interface) by extension 'colcon_pkg'
[0.099s] Level 1:colcon.colcon_core.package_identification:_identify(user_interface) by extensions ['colcon_meta']
[0.099s] Level 1:colcon.colcon_core.package_identification:_identify(user_interface) by extension 'colcon_meta'
[0.099s] Level 1:colcon.colcon_core.package_identification:_identify(user_interface) by extensions ['ros']
[0.099s] Level 1:colcon.colcon_core.package_identification:_identify(user_interface) by extension 'ros'
[0.100s] DEBUG:colcon.colcon_core.package_identification:Package 'user_interface' with type 'ros.ament_cmake' and name 'user_interface'
[0.100s] Level 1:colcon.colcon_core.package_identification:_identify(vision) by extensions ['ignore', 'ignore_ament_install']
[0.100s] Level 1:colcon.colcon_core.package_identification:_identify(vision) by extension 'ignore'
[0.100s] Level 1:colcon.colcon_core.package_identification:_identify(vision) by extension 'ignore_ament_install'
[0.100s] Level 1:colcon.colcon_core.package_identification:_identify(vision) by extensions ['colcon_pkg']
[0.100s] Level 1:colcon.colcon_core.package_identification:_identify(vision) by extension 'colcon_pkg'
[0.100s] Level 1:colcon.colcon_core.package_identification:_identify(vision) by extensions ['colcon_meta']
[0.100s] Level 1:colcon.colcon_core.package_identification:_identify(vision) by extension 'colcon_meta'
[0.100s] Level 1:colcon.colcon_core.package_identification:_identify(vision) by extensions ['ros']
[0.100s] Level 1:colcon.colcon_core.package_identification:_identify(vision) by extension 'ros'
[0.100s] Level 1:colcon.colcon_core.package_identification:_identify(vision) by extensions ['cmake', 'python']
[0.100s] Level 1:colcon.colcon_core.package_identification:_identify(vision) by extension 'cmake'
[0.100s] Level 1:colcon.colcon_core.package_identification:_identify(vision) by extension 'python'
[0.100s] Level 1:colcon.colcon_core.package_identification:_identify(vision) by extensions ['python_setup_py']
[0.100s] Level 1:colcon.colcon_core.package_identification:_identify(vision) by extension 'python_setup_py'
[0.100s] Level 1:colcon.colcon_core.package_identification:_identify(warehouse_bringup) by extensions ['ignore', 'ignore_ament_install']
[0.100s] Level 1:colcon.colcon_core.package_identification:_identify(warehouse_bringup) by extension 'ignore'
[0.100s] Level 1:colcon.colcon_core.package_identification:_identify(warehouse_bringup) by extension 'ignore_ament_install'
[0.100s] Level 1:colcon.colcon_core.package_identification:_identify(warehouse_bringup) by extensions ['colcon_pkg']
[0.100s] Level 1:colcon.colcon_core.package_identification:_identify(warehouse_bringup) by extension 'colcon_pkg'
[0.100s] Level 1:colcon.colcon_core.package_identification:_identify(warehouse_bringup) by extensions ['colcon_meta']
[0.100s] Level 1:colcon.colcon_core.package_identification:_identify(warehouse_bringup) by extension 'colcon_meta'
[0.100s] Level 1:colcon.colcon_core.package_identification:_identify(warehouse_bringup) by extensions ['ros']
[0.100s] Level 1:colcon.colcon_core.package_identification:_identify(warehouse_bringup) by extension 'ros'
[0.100s] DEBUG:colcon.colcon_core.package_identification:Package 'warehouse_bringup' with type 'ros.ament_cmake' and name 'warehouse_bringup'
[0.100s] Level 1:colcon.colcon_core.package_discovery:discover_packages(recursive) using defaults
[0.101s] Level 1:colcon.colcon_core.package_discovery:discover_packages(ignore) discover
[0.101s] Level 1:colcon.colcon_core.package_discovery:discover_packages(ignore) using defaults
[0.101s] Level 1:colcon.colcon_core.package_discovery:discover_packages(path) discover
[0.101s] Level 1:colcon.colcon_core.package_discovery:discover_packages(path) using defaults
[0.111s] INFO:colcon.colcon_core.package_selection:Skipping not selected package 'navigation' in 'navigation'
[0.111s] INFO:colcon.colcon_core.package_selection:Skipping not selected package 'warehouse_bringup' in 'warehouse_bringup'
[0.111s] INFO:colcon.colcon_core.package_selection:Skipping not selected package 'battery' in 'battery'
[0.111s] INFO:colcon.colcon_core.package_selection:Skipping not selected package 'logger_pkg' in 'logger'
[0.111s] INFO:colcon.colcon_core.package_selection:Skipping not selected package 'manager' in 'manager'
[0.111s] INFO:colcon.colcon_core.package_selection:Skipping not selected package 'user_interface' in 'user_interface'
[0.111s] Level 1:colcon.colcon_core.package_discovery:discover_packages(prefix_path) check parameters
[0.111s] Level 1:colcon.colcon_core.package_discovery:discover_packages(prefix_path) discover
[0.112s] WARNING:colcon.colcon_ros.prefix_path.ament:The path '/home/matylda-hayne/mtrx3760_p2/MTRX3760_PROJECT_2/ros2_ws/install/shared_interfaces' in the environment variable AMENT_PREFIX_PATH doesn't contain any 'local_setup.*' files.
[0.112s] WARNING:colcon.colcon_ros.prefix_path.ament:The path '/home/matylda-hayne/mtrx3760_p2/MTRX3760_PROJECT_2/ros2_ws/install/user_interface' in the environment variable AMENT_PREFIX_PATH doesn't exist
[0.112s] WARNING:colcon.colcon_ros.prefix_path.ament:The path '/home/matylda-hayne/mtrx3760_p2/MTRX3760_PROJECT_2/ros2_ws/install/robot' in the environment variable AMENT_PREFIX_PATH doesn't exist
[0.112s] WARNING:colcon.colcon_ros.prefix_path.ament:The path '/home/matylda-hayne/mtrx3760_p2/MTRX3760_PROJECT_2/install/user_interface' in the environment variable AMENT_PREFIX_PATH doesn't exist
[0.112s] WARNING:colcon.colcon_ros.prefix_path.ament:The path '/home/matylda-hayne/mtrx3760_p2/MTRX3760_PROJECT_2/install/robot' in the environment variable AMENT_PREFIX_PATH doesn't exist
[0.112s] WARNING:colcon.colcon_ros.prefix_path.catkin:The path '/home/matylda-hayne/mtrx3760_p2/MTRX3760_PROJECT_2/ros2_ws/install/user_interface' in the environment variable CMAKE_PREFIX_PATH doesn't exist
[0.112s] WARNING:colcon.colcon_ros.prefix_path.catkin:The path '/home/matylda-hayne/mtrx3760_p2/MTRX3760_PROJECT_2/ros2_ws/install/robot' in the environment variable CMAKE_PREFIX_PATH doesn't exist
[0.113s] WARNING:colcon.colcon_ros.prefix_path.catkin:The path '/home/matylda-hayne/mtrx3760_p2/MTRX3760_PROJECT_2/install/user_interface' in the environment variable CMAKE_PREFIX_PATH doesn't exist
[0.113s] WARNING:colcon.colcon_ros.prefix_path.catkin:The path '/home/matylda-hayne/mtrx3760_p2/MTRX3760_PROJECT_2/install/robot' in the environment variable CMAKE_PREFIX_PATH doesn't exist
[0.113s] DEBUG:colcon.colcon_installed_package_information.package_discovery:Found 5 installed packages in /home/matylda-hayne/mtrx3760_p2/MTRX3760_PROJECT_2/ros2_ws/src/install
[0.113s] DEBUG:colcon.colcon_installed_package_information.package_discovery:Found 1 installed packages in /home/matylda-hayne/mtrx3760_p2/MTRX3760_PROJECT_2/install
[0.114s] DEBUG:colcon.colcon_installed_package_information.package_discovery:Found 15 installed packages in /home/matylda-hayne/turtlebot3_ws/install
[0.114s] DEBUG:colcon.colcon_installed_package_information.package_discovery:Found 0 installed packages in /home/matylda-hayne/turtlebot3_ws/src/turtlebot3_simulations/turtlebot3_gazebo/launch/install
[0.114s] DEBUG:colcon.colcon_installed_package_information.package_discovery:Found 3 installed packages in /home/matylda-hayne/install
[0.114s] DEBUG:colcon.colcon_installed_package_information.package_discovery:Found 1 installed packages in /home/matylda-hayne/mtrx3760_ws/install
[0.115s] DEBUG:colcon.colcon_installed_package_information.package_discovery:Found 398 installed packages in /opt/ros/jazzy
[0.116s] Level 1:colcon.colcon_core.package_discovery:discover_packages(prefix_path) using defaults
[0.148s] WARNING:colcon.colcon_core.package_selection:Some selected packages are already built in one or more underlay workspaces:
	'shared_interfaces' is in: /home/matylda-hayne/mtrx3760_p2/MTRX3760_PROJECT_2/ros2_ws/src/install/shared_interfaces, /home/matylda-hayne/mtrx3760_p2/MTRX3760_PROJECT_2/install/shared_interfaces
If a package in a merged underlay workspace is overridden and it installs headers, then all packages in the overlay must sort their include directories by workspace order. Failure to do so may result in build failures or undefined behavior at run time.
If the overridden package is used by another package in any underlay, then the overriding package in the overlay must be API and ABI compatible or undefined behavior at run time may occur.

If you understand the risks and want to override a package anyways, add the following to the command line:
	--allow-overriding shared_interfaces

This may be promoted to an error in a future release of colcon-override-check.
[0.149s] Level 5:colcon.colcon_core.verb:set package 'shared_interfaces' build argument 'cmake_args' from command line to 'None'
[0.149s] Level 5:colcon.colcon_core.verb:set package 'shared_interfaces' build argument 'cmake_target' from command line to 'None'
[0.149s] Level 5:colcon.colcon_core.verb:set package 'shared_interfaces' build argument 'cmake_target_skip_unavailable' from command line to 'False'
[0.149s] Level 5:colcon.colcon_core.verb:set package 'shared_interfaces' build argument 'cmake_clean_cache' from command line to 'True'
[0.149s] Level 5:colcon.colcon_core.verb:set package 'shared_interfaces' build argument 'cmake_clean_first' from command line to 'False'
[0.149s] Level 5:colcon.colcon_core.verb:set package 'shared_interfaces' build argument 'cmake_force_configure' from command line to 'False'
[0.149s] Level 5:colcon.colcon_core.verb:set package 'shared_interfaces' build argument 'ament_cmake_args' from command line to 'None'
[0.149s] Level 5:colcon.colcon_core.verb:set package 'shared_interfaces' build argument 'catkin_cmake_args' from command line to 'None'
[0.149s] Level 5:colcon.colcon_core.verb:set package 'shared_interfaces' build argument 'catkin_skip_building_tests' from command line to 'False'
[0.149s] DEBUG:colcon.colcon_core.verb:Building package 'shared_interfaces' with the following arguments: {'ament_cmake_args': None, 'build_base': '/home/matylda-hayne/mtrx3760_p2/MTRX3760_PROJECT_2/ros2_ws/src/build/shared_interfaces', 'catkin_cmake_args': None, 'catkin_skip_building_tests': False, 'cmake_args': None, 'cmake_clean_cache': True, 'cmake_clean_first': False, 'cmake_force_configure': False, 'cmake_target': None, 'cmake_target_skip_unavailable': False, 'install_base': '/home/matylda-hayne/mtrx3760_p2/MTRX3760_PROJECT_2/ros2_ws/src/install/shared_interfaces', 'merge_install': False, 'path': '/home/matylda-hayne/mtrx3760_p2/MTRX3760_PROJECT_2/ros2_ws/src/shared_interfaces', 'symlink_install': False, 'test_result_base': None}
[0.149s] INFO:colcon.colcon_core.executor:Executing jobs using 'parallel' executor
[0.150s] DEBUG:colcon.colcon_parallel_executor.executor.parallel:run_until_complete
[0.150s] INFO:colcon.colcon_ros.task.ament_cmake.build:Building ROS package in '/home/matylda-hayne/mtrx3760_p2/MTRX3760_PROJECT_2/ros2_ws/src/shared_interfaces' with build type 'ament_cmake'
[0.150s] INFO:colcon.colcon_cmake.task.cmake.build:Building CMake package in '/home/matylda-hayne/mtrx3760_p2/MTRX3760_PROJECT_2/ros2_ws/src/shared_interfaces'
[0.152s] INFO:colcon.colcon_core.plugin_system:Skipping extension 'colcon_core.shell.bat': Not used on non-Windows systems
[0.152s] INFO:colcon.colcon_core.shell:Skip shell extension 'powershell' for command environment: Not usable outside of PowerShell
[0.152s] DEBUG:colcon.colcon_core.shell:Skip shell extension 'dsv' for command environment
[0.154s] DEBUG:colcon.colcon_core.shell:Ignoring prefix path '/home/matylda-hayne/mtrx3760_p2/MTRX3760_PROJECT_2/ros2_ws/install'
[0.161s] DEBUG:colcon.colcon_core.event_handler.log_command:Invoking command in '/home/matylda-hayne/mtrx3760_p2/MTRX3760_PROJECT_2/ros2_ws/src/build/shared_interfaces': CMAKE_PREFIX_PATH=${CMAKE_PREFIX_PATH}:/home/matylda-hayne/turtlebot3_ws/install/turtlebot3_teleop:/home/matylda-hayne/turtlebot3_ws/install/turtlebot3_example:/opt/ros/jazzy DEBUGINFOD_URLS=https://debuginfod.ubuntu.com /usr/bin/cmake /home/matylda-hayne/mtrx3760_p2/MTRX3760_PROJECT_2/ros2_ws/src/shared_interfaces -DCMAKE_INSTALL_PREFIX=/home/matylda-hayne/mtrx3760_p2/MTRX3760_PROJECT_2/ros2_ws/src/install/shared_interfaces
[2.762s] DEBUG:colcon.colcon_core.event_handler.log_command:Invoked command in '/home/matylda-hayne/mtrx3760_p2/MTRX3760_PROJECT_2/ros2_ws/src/build/shared_interfaces' returned '0': CMAKE_PREFIX_PATH=${CMAKE_PREFIX_PATH}:/home/matylda-hayne/turtlebot3_ws/install/turtlebot3_teleop:/home/matylda-hayne/turtlebot3_ws/install/turtlebot3_example:/opt/ros/jazzy DEBUGINFOD_URLS=https://debuginfod.ubuntu.com /usr/bin/cmake /home/matylda-hayne/mtrx3760_p2/MTRX3760_PROJECT_2/ros2_ws/src/shared_interfaces -DCMAKE_INSTALL_PREFIX=/home/matylda-hayne/mtrx3760_p2/MTRX3760_PROJECT_2/ros2_ws/src/install/shared_interfaces
[2.763s] DEBUG:colcon.colcon_core.event_handler.log_command:Invoking command in '/home/matylda-hayne/mtrx3760_p2/MTRX3760_PROJECT_2/ros2_ws/src/build/shared_interfaces': CMAKE_PREFIX_PATH=${CMAKE_PREFIX_PATH}:/home/matylda-hayne/turtlebot3_ws/install/turtlebot3_teleop:/home/matylda-hayne/turtlebot3_ws/install/turtlebot3_example:/opt/ros/jazzy DEBUGINFOD_URLS=https://debuginfod.ubuntu.com /usr/bin/cmake --build /home/matylda-hayne/mtrx3760_p2/MTRX3760_PROJECT_2/ros2_ws/src/build/shared_interfaces -- -j20 -l20
[3.047s] DEBUG:colcon.colcon_core.event_handler.log_command:Invoked command in '/home/matylda-hayne/mtrx3760_p2/MTRX3760_PROJECT_2/ros2_ws/src/build/shared_interfaces' returned '0': CMAKE_PREFIX_PATH=${CMAKE_PREFIX_PATH}:/home/matylda-hayne/turtlebot3_ws/install/turtlebot3_teleop:/home/matylda-hayne/turtlebot3_ws/install/turtlebot3_example:/opt/ros/jazzy DEBUGINFOD_URLS=https://debuginfod.ubuntu.com /usr/bin/cmake --build /home/matylda-hayne/mtrx3760_p2/MTRX3760_PROJECT_2/ros2_ws/src/build/shared_interfaces -- -j20 -l20
[3.053s] DEBUG:colcon.colcon_core.event_handler.log_command:Invoking command in '/home/matylda-hayne/mtrx3760_p2/MTRX3760_PROJECT_2/ros2_ws/src/build/shared_interfaces': CMAKE_PREFIX_PATH=${CMAKE_PREFIX_PATH}:/home/matylda-hayne/turtlebot3_ws/install/turtlebot3_teleop:/home/matylda-hayne/turtlebot3_ws/install/turtlebot3_example:/opt/ros/jazzy DEBUGINFOD_URLS=https://debuginfod.ubuntu.com /usr/bin/cmake --install /home/matylda-hayne/mtrx3760_p2/MTRX3760_PROJECT_2/ros2_ws/src/build/shared_interfaces
[3.111s] Level 1:colcon.colcon_core.environment:create_environment_scripts_only(shared_interfaces)
[3.111s] DEBUG:colcon.colcon_core.event_handler.log_command:Invoked command in '/home/matylda-hayne/mtrx3760_p2/MTRX3760_PROJECT_2/ros2_ws/src/build/shared_interfaces' returned '0': CMAKE_PREFIX_PATH=${CMAKE_PREFIX_PATH}:/home/matylda-hayne/turtlebot3_ws/install/turtlebot3_teleop:/home/matylda-hayne/turtlebot3_ws/install/turtlebot3_example:/opt/ros/jazzy DEBUGINFOD_URLS=https://debuginfod.ubuntu.com /usr/bin/cmake --install /home/matylda-hayne/mtrx3760_p2/MTRX3760_PROJECT_2/ros2_ws/src/build/shared_interfaces
[3.113s] Level 1:colcon.colcon_core.environment:checking '/home/matylda-hayne/mtrx3760_p2/MTRX3760_PROJECT_2/ros2_ws/src/install/shared_interfaces' for CMake module files
[3.114s] Level 1:colcon.colcon_core.environment:checking '/home/matylda-hayne/mtrx3760_p2/MTRX3760_PROJECT_2/ros2_ws/src/install/shared_interfaces' for CMake config files
[3.114s] Level 1:colcon.colcon_core.shell:create_environment_hook('shared_interfaces', 'cmake_prefix_path')
[3.114s] INFO:colcon.colcon_core.shell:Creating environment hook '/home/matylda-hayne/mtrx3760_p2/MTRX3760_PROJECT_2/ros2_ws/src/install/shared_interfaces/share/shared_interfaces/hook/cmake_prefix_path.ps1'
[3.115s] INFO:colcon.colcon_core.shell:Creating environment descriptor '/home/matylda-hayne/mtrx3760_p2/MTRX3760_PROJECT_2/ros2_ws/src/install/shared_interfaces/share/shared_interfaces/hook/cmake_prefix_path.dsv'
[3.115s] INFO:colcon.colcon_core.shell:Creating environment hook '/home/matylda-hayne/mtrx3760_p2/MTRX3760_PROJECT_2/ros2_ws/src/install/shared_interfaces/share/shared_interfaces/hook/cmake_prefix_path.sh'
[3.116s] Level 1:colcon.colcon_core.environment:checking '/home/matylda-hayne/mtrx3760_p2/MTRX3760_PROJECT_2/ros2_ws/src/install/shared_interfaces/lib'
[3.116s] Level 1:colcon.colcon_core.shell:create_environment_hook('shared_interfaces', 'ld_library_path_lib')
[3.116s] INFO:colcon.colcon_core.shell:Creating environment hook '/home/matylda-hayne/mtrx3760_p2/MTRX3760_PROJECT_2/ros2_ws/src/install/shared_interfaces/share/shared_interfaces/hook/ld_library_path_lib.ps1'
[3.116s] INFO:colcon.colcon_core.shell:Creating environment descriptor '/home/matylda-hayne/mtrx3760_p2/MTRX3760_PROJECT_2/ros2_ws/src/install/shared_interfaces/share/shared_interfaces/hook/ld_library_path_lib.dsv'
[3.116s] INFO:colcon.colcon_core.shell:Creating environment hook '/home/matylda-hayne/mtrx3760_p2/MTRX3760_PROJECT_2/ros2_ws/src/install/shared_interfaces/share/shared_interfaces/hook/ld_library_path_lib.sh'
[3.116s] Level 1:colcon.colcon_core.environment:checking '/home/matylda-hayne/mtrx3760_p2/MTRX3760_PROJECT_2/ros2_ws/src/install/shared_interfaces/bin'
[3.116s] Level 1:colcon.colcon_core.environment:checking '/home/matylda-hayne/mtrx3760_p2/MTRX3760_PROJECT_2/ros2_ws/src/install/shared_interfaces/lib/pkgconfig/shared_interfaces.pc'
[3.117s] Level 1:colcon.colcon_core.environment:checking '/home/matylda-hayne/mtrx3760_p2/MTRX3760_PROJECT_2/ros2_ws/src/install/shared_interfaces/lib/python3.12/site-packages'
[3.117s] Level 1:colcon.colcon_core.shell:create_environment_hook('shared_interfaces', 'pythonpath')
[3.117s] INFO:colcon.colcon_core.shell:Creating environment hook '/home/matylda-hayne/mtrx3760_p2/MTRX3760_PROJECT_2/ros2_ws/src/install/shared_interfaces/share/shared_interfaces/hook/pythonpath.ps1'
[3.117s] INFO:colcon.colcon_core.shell:Creating environment descriptor '/home/matylda-hayne/mtrx3760_p2/MTRX3760_PROJECT_2/ros2_ws/src/install/shared_interfaces/share/shared_interfaces/hook/pythonpath.dsv'
[3.117s] INFO:colcon.colcon_core.shell:Creating environment hook '/home/matylda-hayne/mtrx3760_p2/MTRX3760_PROJECT_2/ros2_ws/src/install/shared_interfaces/share/shared_interfaces/hook/pythonpath.sh'
[3.117s] Level 1:colcon.colcon_core.environment:checking '/home/matylda-hayne/mtrx3760_p2/MTRX3760_PROJECT_2/ros2_ws/src/install/shared_interfaces/bin'
[3.117s] INFO:colcon.colcon_core.shell:Creating package script '/home/matylda-hayne/mtrx3760_p2/MTRX3760_PROJECT_2/ros2_ws/src/install/shared_interfaces/share/shared_interfaces/package.ps1'
[3.118s] INFO:colcon.colcon_core.shell:Creating package descriptor '/home/matylda-hayne/mtrx3760_p2/MTRX3760_PROJECT_2/ros2_ws/src/install/shared_interfaces/share/shared_interfaces/package.dsv'
[3.118s] INFO:colcon.colcon_core.shell:Creating package script '/home/matylda-hayne/mtrx3760_p2/MTRX3760_PROJECT_2/ros2_ws/src/install/shared_interfaces/share/shared_interfaces/package.sh'
[3.119s] INFO:colcon.colcon_core.shell:Creating package script '/home/matylda-hayne/mtrx3760_p2/MTRX3760_PROJECT_2/ros2_ws/src/install/shared_interfaces/share/shared_interfaces/package.bash'
[3.119s] INFO:colcon.colcon_core.shell:Creating package script '/home/matylda-hayne/mtrx3760_p2/MTRX3760_PROJECT_2/ros2_ws/src/install/shared_interfaces/share/shared_interfaces/package.zsh'
[3.119s] Level 1:colcon.colcon_core.environment:create_file_with_runtime_dependencies(/home/matylda-hayne/mtrx3760_p2/MTRX3760_PROJECT_2/ros2_ws/src/install/shared_interfaces/share/colcon-core/packages/shared_interfaces)
[3.120s] Level 1:colcon.colcon_core.environment:create_environment_scripts_only(shared_interfaces)
[3.120s] Level 1:colcon.colcon_core.environment:checking '/home/matylda-hayne/mtrx3760_p2/MTRX3760_PROJECT_2/ros2_ws/src/install/shared_interfaces' for CMake module files
[3.120s] Level 1:colcon.colcon_core.environment:checking '/home/matylda-hayne/mtrx3760_p2/MTRX3760_PROJECT_2/ros2_ws/src/install/shared_interfaces' for CMake config files
[3.120s] Level 1:colcon.colcon_core.shell:create_environment_hook('shared_interfaces', 'cmake_prefix_path')
[3.121s] INFO:colcon.colcon_core.shell:Creating environment hook '/home/matylda-hayne/mtrx3760_p2/MTRX3760_PROJECT_2/ros2_ws/src/install/shared_interfaces/share/shared_interfaces/hook/cmake_prefix_path.ps1'
[3.121s] INFO:colcon.colcon_core.shell:Creating environment descriptor '/home/matylda-hayne/mtrx3760_p2/MTRX3760_PROJECT_2/ros2_ws/src/install/shared_interfaces/share/shared_interfaces/hook/cmake_prefix_path.dsv'
[3.121s] INFO:colcon.colcon_core.shell:Creating environment hook '/home/matylda-hayne/mtrx3760_p2/MTRX3760_PROJECT_2/ros2_ws/src/install/shared_interfaces/share/shared_interfaces/hook/cmake_prefix_path.sh'
[3.121s] Level 1:colcon.colcon_core.environment:checking '/home/matylda-hayne/mtrx3760_p2/MTRX3760_PROJECT_2/ros2_ws/src/install/shared_interfaces/lib'
[3.121s] Level 1:colcon.colcon_core.shell:create_environment_hook('shared_interfaces', 'ld_library_path_lib')
[3.121s] INFO:colcon.colcon_core.shell:Creating environment hook '/home/matylda-hayne/mtrx3760_p2/MTRX3760_PROJECT_2/ros2_ws/src/install/shared_interfaces/share/shared_interfaces/hook/ld_library_path_lib.ps1'
[3.122s] INFO:colcon.colcon_core.shell:Creating environment descriptor '/home/matylda-hayne/mtrx3760_p2/MTRX3760_PROJECT_2/ros2_ws/src/install/shared_interfaces/share/shared_interfaces/hook/ld_library_path_lib.dsv'
[3.122s] INFO:colcon.colcon_core.shell:Creating environment hook '/home/matylda-hayne/mtrx3760_p2/MTRX3760_PROJECT_2/ros2_ws/src/install/shared_interfaces/share/shared_interfaces/hook/ld_library_path_lib.sh'
[3.122s] Level 1:colcon.colcon_core.environment:checking '/home/matylda-hayne/mtrx3760_p2/MTRX3760_PROJECT_2/ros2_ws/src/install/shared_interfaces/bin'
[3.122s] Level 1:colcon.colcon_core.environment:checking '/home/matylda-hayne/mtrx3760_p2/MTRX3760_PROJECT_2/ros2_ws/src/install/shared_interfaces/lib/pkgconfig/shared_interfaces.pc'
[3.122s] Level 1:colcon.colcon_core.environment:checking '/home/matylda-hayne/mtrx3760_p2/MTRX3760_PROJECT_2/ros2_ws/src/install/shared_interfaces/lib/python3.12/site-packages'
[3.122s] Level 1:colcon.colcon_core.shell:create_environment_hook('shared_interfaces', 'pythonpath')
[3.122s] INFO:colcon.colcon_core.shell:Creating environment hook '/home/matylda-hayne/mtrx3760_p2/MTRX3760_PROJECT_2/ros2_ws/src/install/shared_interfaces/share/shared_interfaces/hook/pythonpath.ps1'
[3.123s] INFO:colcon.colcon_core.shell:Creating environment descriptor '/home/matylda-hayne/mtrx3760_p2/MTRX3760_PROJECT_2/ros2_ws/src/install/shared_interfaces/share/shared_interfaces/hook/pythonpath.dsv'
[3.123s] INFO:colcon.colcon_core.shell:Creating environment hook '/home/matylda-hayne/mtrx3760_p2/MTRX3760_PROJECT_2/ros2_ws/src/install/shared_interfaces/share/shared_interfaces/hook/pythonpath.sh'
[3.123s] Level 1:colcon.colcon_core.environment:checking '/home/matylda-hayne/mtrx3760_p2/MTRX3760_PROJECT_2/ros2_ws/src/install/shared_interfaces/bin'
[3.123s] INFO:colcon.colcon_core.shell:Creating package script '/home/matylda-hayne/mtrx3760_p2/MTRX3760_PROJECT_2/ros2_ws/src/install/shared_interfaces/share/shared_interfaces/package.ps1'
[3.123s] INFO:colcon.colcon_core.shell:Creating package descriptor '/home/matylda-hayne/mtrx3760_p2/MTRX3760_PROJECT_2/ros2_ws/src/install/shared_interfaces/share/shared_interfaces/package.dsv'
[3.124s] INFO:colcon.colcon_core.shell:Creating package script '/home/matylda-hayne/mtrx3760_p2/MTRX3760_PROJECT_2/ros2_ws/src/install/shared_interfaces/share/shared_interfaces/package.sh'
[3.124s] INFO:colcon.colcon_core.shell:Creating package script '/home/matylda-hayne/mtrx3760_p2/MTRX3760_PROJECT_2/ros2_ws/src/install/shared_interfaces/share/shared_interfaces/package.bash'
[3.124s] INFO:colcon.colcon_core.shell:Creating package script '/home/matylda-hayne/mtrx3760_p2/MTRX3760_PROJECT_2/ros2_ws/src/install/shared_interfaces/share/shared_interfaces/package.zsh'
[3.124s] Level 1:colcon.colcon_core.environment:create_file_with_runtime_dependencies(/home/matylda-hayne/mtrx3760_p2/MTRX3760_PROJECT_2/ros2_ws/src/install/shared_interfaces/share/colcon-core/packages/shared_interfaces)
[3.124s] DEBUG:colcon.colcon_parallel_executor.executor.parallel:closing loop
[3.124s] DEBUG:colcon.colcon_parallel_executor.executor.parallel:loop closed
[3.125s] DEBUG:colcon.colcon_parallel_executor.executor.parallel:run_until_complete finished with '0'
[3.125s] DEBUG:colcon.colcon_core.event_reactor:joining thread
[3.128s] INFO:colcon.colcon_core.plugin_system:Skipping extension 'colcon_notification.desktop_notification.terminal_notifier': Not used on non-Darwin systems
[3.128s] INFO:colcon.colcon_core.plugin_system:Skipping extension 'colcon_notification.desktop_notification.win32': Not used on non-Windows systems
[3.128s] INFO:colcon.colcon_notification.desktop_notification:Sending desktop notification using 'notify2'
[3.140s] DEBUG:colcon.colcon_core.event_reactor:joined thread
[3.141s] INFO:colcon.colcon_core.shell:Creating prefix script '/home/matylda-hayne/mtrx3760_p2/MTRX3760_PROJECT_2/ros2_ws/src/install/local_setup.ps1'
[3.141s] INFO:colcon.colcon_core.shell:Creating prefix util module '/home/matylda-hayne/mtrx3760_p2/MTRX3760_PROJECT_2/ros2_ws/src/install/_local_setup_util_ps1.py'
[3.142s] INFO:colcon.colcon_core.shell:Creating prefix chain script '/home/matylda-hayne/mtrx3760_p2/MTRX3760_PROJECT_2/ros2_ws/src/install/setup.ps1'
[3.144s] INFO:colcon.colcon_core.shell:Creating prefix script '/home/matylda-hayne/mtrx3760_p2/MTRX3760_PROJECT_2/ros2_ws/src/install/local_setup.sh'
[3.144s] INFO:colcon.colcon_core.shell:Creating prefix util module '/home/matylda-hayne/mtrx3760_p2/MTRX3760_PROJECT_2/ros2_ws/src/install/_local_setup_util_sh.py'
[3.145s] INFO:colcon.colcon_core.shell:Creating prefix chain script '/home/matylda-hayne/mtrx3760_p2/MTRX3760_PROJECT_2/ros2_ws/src/install/setup.sh'
[3.146s] INFO:colcon.colcon_core.shell:Creating prefix script '/home/matylda-hayne/mtrx3760_p2/MTRX3760_PROJECT_2/ros2_ws/src/install/local_setup.bash'
[3.146s] INFO:colcon.colcon_core.shell:Creating prefix chain script '/home/matylda-hayne/mtrx3760_p2/MTRX3760_PROJECT_2/ros2_ws/src/install/setup.bash'
[3.147s] INFO:colcon.colcon_core.shell:Creating prefix script '/home/matylda-hayne/mtrx3760_p2/MTRX3760_PROJECT_2/ros2_ws/src/install/local_setup.zsh'
[3.147s] INFO:colcon.colcon_core.shell:Creating prefix chain script '/home/matylda-hayne/mtrx3760_p2/MTRX3760_PROJECT_2/ros2_ws/src/install/setup.zsh'
