[0.008s] Invoking command in '/home/matylda-hayne/mtrx3760_p2/MTRX3760_PROJECT_2/build/robot': CMAKE_PREFIX_PATH=${CMAKE_PREFIX_PATH}:/home/matylda-hayne/turtlebot3_ws/install/turtlebot3_teleop:/home/matylda-hayne/turtlebot3_ws/install/turtlebot3_example:/opt/ros/jazzy DEBUGINFOD_URLS=https://debuginfod.ubuntu.com /usr/bin/cmake --build /home/matylda-hayne/mtrx3760_p2/MTRX3760_PROJECT_2/build/robot -- -j20 -l20
[0.031s] -- Found ament_cmake: 2.5.4 (/opt/ros/jazzy/share/ament_cmake/cmake)
[0.188s] -- Found rclcpp: 28.1.11 (/opt/ros/jazzy/share/rclcpp/cmake)
[0.205s] -- Found rosidl_generator_c: 4.6.6 (/opt/ros/jazzy/share/rosidl_generator_c/cmake)
[0.211s] -- Found rosidl_generator_cpp: 4.6.6 (/opt/ros/jazzy/share/rosidl_generator_cpp/cmake)
[0.223s] -- Using all available rosidl_typesupport_c: rosidl_typesupport_fastrtps_c;rosidl_typesupport_introspection_c
[0.234s] -- Using all available rosidl_typesupport_cpp: rosidl_typesupport_fastrtps_cpp;rosidl_typesupport_introspection_cpp
[0.270s] -- Found rmw_implementation_cmake: 7.3.2 (/opt/ros/jazzy/share/rmw_implementation_cmake/cmake)
[0.272s] -- Found rmw_fastrtps_cpp: 8.4.3 (/opt/ros/jazzy/share/rmw_fastrtps_cpp/cmake)
[0.328s] -- Using RMW implementation 'rmw_fastrtps_cpp' as default
[0.367s] -- Found std_msgs: 5.3.6 (/opt/ros/jazzy/share/std_msgs/cmake)
[0.374s] -- Found example_interfaces: 0.12.0 (/opt/ros/jazzy/share/example_interfaces/cmake)
[0.405s] -- Found geometry_msgs: 5.3.6 (/opt/ros/jazzy/share/geometry_msgs/cmake)
[0.415s] -- Found nav_msgs: 5.3.6 (/opt/ros/jazzy/share/nav_msgs/cmake)
[0.435s] -- Found rosidl_default_generators: 1.6.0 (/opt/ros/jazzy/share/rosidl_default_generators/cmake)
[0.441s] -- Found rosidl_adapter: 4.6.6 (/opt/ros/jazzy/share/rosidl_adapter/cmake)
[0.442s] [33mCMake Warning (dev) at /usr/share/cmake-3.28/Modules/FindOpenGL.cmake:381 (message):
[0.442s]   Policy CMP0072 is not set: FindOpenGL prefers GLVND by default when
[0.442s]   available.  Run "cmake --help-policy CMP0072" for policy details.  Use the
[0.443s]   cmake_policy command to set the policy and suppress this warning.
[0.443s] 
[0.443s]   FindOpenGL found both a legacy GL library:
[0.443s] 
[0.443s]     OPENGL_gl_LIBRARY: /usr/lib/x86_64-linux-gnu/libGL.so
[0.443s] 
[0.443s]   and GLVND libraries for OpenGL and GLX:
[0.443s] 
[0.443s]     OPENGL_opengl_LIBRARY: /usr/lib/x86_64-linux-gnu/libOpenGL.so
[0.443s]     OPENGL_glx_LIBRARY: /usr/lib/x86_64-linux-gnu/libGLX.so
[0.443s] 
[0.443s]   OpenGL_GL_PREFERENCE has not been set to "GLVND" or "LEGACY", so for
[0.443s]   compatibility with CMake 3.10 and below the legacy GL library will be used.
[0.443s] Call Stack (most recent call first):
[0.443s]   CMakeLists.txt:18 (find_package)
[0.444s] This warning is for project developers.  Use -Wno-dev to suppress it.
[0.444s] [0m
[0.477s] -- Found ament_lint_auto: 0.17.3 (/opt/ros/jazzy/share/ament_lint_auto/cmake)
[0.573s] -- Added test 'cppcheck' to perform static code analysis on C / C++ code
[0.573s] -- Configured cppcheck include dirs: $<BUILD_INTERFACE:/home/matylda-hayne/mtrx3760_p2/MTRX3760_PROJECT_2/ros2_ws/src/robot/include>;/home/matylda-hayne/mtrx3760_p2/MTRX3760_PROJECT_2/ros2_ws/src/robot/vendor/imgui;/home/matylda-hayne/mtrx3760_p2/MTRX3760_PROJECT_2/ros2_ws/src/robot/vendor/imgui/backends;/home/matylda-hayne/mtrx3760_p2/MTRX3760_PROJECT_2/ros2_ws/src/robot/vendor
[0.573s] -- Configured cppcheck exclude dirs and/or files: 
[0.578s] -- Added test 'flake8' to check Python code syntax and style conventions
[0.578s] -- Configured 'flake8' exclude dirs and/or files: 
[0.586s] -- Added test 'lint_cmake' to check CMake code style
[0.590s] -- Added test 'pep257' to check Python code against some of the docstring style conventions in PEP 257
[0.629s] -- Added test 'uncrustify' to check C / C++ code style
[0.629s] -- Configured uncrustify additional arguments: 
[0.634s] -- Added test 'xmllint' to check XML markup files
[0.635s] -- Configuring done (0.6s)
[0.645s] -- Generating done (0.0s)
[0.649s] -- Build files have been written to: /home/matylda-hayne/mtrx3760_p2/MTRX3760_PROJECT_2/build/robot
[0.684s] [ 75%] Built target robot_gui
[0.685s] [100%] Built target robot_node
[0.693s] Invoked command in '/home/matylda-hayne/mtrx3760_p2/MTRX3760_PROJECT_2/build/robot' returned '0': CMAKE_PREFIX_PATH=${CMAKE_PREFIX_PATH}:/home/matylda-hayne/turtlebot3_ws/install/turtlebot3_teleop:/home/matylda-hayne/turtlebot3_ws/install/turtlebot3_example:/opt/ros/jazzy DEBUGINFOD_URLS=https://debuginfod.ubuntu.com /usr/bin/cmake --build /home/matylda-hayne/mtrx3760_p2/MTRX3760_PROJECT_2/build/robot -- -j20 -l20
[0.701s] Invoking command in '/home/matylda-hayne/mtrx3760_p2/MTRX3760_PROJECT_2/build/robot': CMAKE_PREFIX_PATH=${CMAKE_PREFIX_PATH}:/home/matylda-hayne/turtlebot3_ws/install/turtlebot3_teleop:/home/matylda-hayne/turtlebot3_ws/install/turtlebot3_example:/opt/ros/jazzy DEBUGINFOD_URLS=https://debuginfod.ubuntu.com /usr/bin/cmake --install /home/matylda-hayne/mtrx3760_p2/MTRX3760_PROJECT_2/build/robot
[0.706s] -- Install configuration: ""
[0.707s] -- Up-to-date: /home/matylda-hayne/mtrx3760_p2/MTRX3760_PROJECT_2/install/robot/lib/robot/robot_node
[0.707s] -- Up-to-date: /home/matylda-hayne/mtrx3760_p2/MTRX3760_PROJECT_2/install/robot/lib/robot/robot_gui
[0.707s] -- Up-to-date: /home/matylda-hayne/mtrx3760_p2/MTRX3760_PROJECT_2/install/robot/include
[0.707s] -- Up-to-date: /home/matylda-hayne/mtrx3760_p2/MTRX3760_PROJECT_2/install/robot/include/robot
[0.707s] -- Up-to-date: /home/matylda-hayne/mtrx3760_p2/MTRX3760_PROJECT_2/install/robot/include/robot/robot_node.h
[0.707s] -- Up-to-date: /home/matylda-hayne/mtrx3760_p2/MTRX3760_PROJECT_2/install/robot/include/robot/robot_logic.h
[0.707s] -- Up-to-date: /home/matylda-hayne/mtrx3760_p2/MTRX3760_PROJECT_2/install/robot/share/robot/launch
[0.707s] -- Up-to-date: /home/matylda-hayne/mtrx3760_p2/MTRX3760_PROJECT_2/install/robot/share/robot/launch/bringup.launch.py
[0.707s] -- Installing: /home/matylda-hayne/mtrx3760_p2/MTRX3760_PROJECT_2/install/robot/share/robot/resources
[0.707s] -- Installing: /home/matylda-hayne/mtrx3760_p2/MTRX3760_PROJECT_2/install/robot/share/robot/resources/turtle.png
[0.708s] -- Up-to-date: /home/matylda-hayne/mtrx3760_p2/MTRX3760_PROJECT_2/install/robot/lib/robot/gui.py
[0.708s] -- Up-to-date: /home/matylda-hayne/mtrx3760_p2/MTRX3760_PROJECT_2/install/robot/share/ament_index/resource_index/package_run_dependencies/robot
[0.710s] -- Up-to-date: /home/matylda-hayne/mtrx3760_p2/MTRX3760_PROJECT_2/install/robot/share/ament_index/resource_index/parent_prefix_path/robot
[0.710s] -- Up-to-date: /home/matylda-hayne/mtrx3760_p2/MTRX3760_PROJECT_2/install/robot/share/robot/environment/ament_prefix_path.sh
[0.710s] -- Up-to-date: /home/matylda-hayne/mtrx3760_p2/MTRX3760_PROJECT_2/install/robot/share/robot/environment/ament_prefix_path.dsv
[0.710s] -- Up-to-date: /home/matylda-hayne/mtrx3760_p2/MTRX3760_PROJECT_2/install/robot/share/robot/environment/path.sh
[0.710s] -- Up-to-date: /home/matylda-hayne/mtrx3760_p2/MTRX3760_PROJECT_2/install/robot/share/robot/environment/path.dsv
[0.710s] -- Up-to-date: /home/matylda-hayne/mtrx3760_p2/MTRX3760_PROJECT_2/install/robot/share/robot/local_setup.bash
[0.711s] -- Up-to-date: /home/matylda-hayne/mtrx3760_p2/MTRX3760_PROJECT_2/install/robot/share/robot/local_setup.sh
[0.711s] -- Up-to-date: /home/matylda-hayne/mtrx3760_p2/MTRX3760_PROJECT_2/install/robot/share/robot/local_setup.zsh
[0.711s] -- Up-to-date: /home/matylda-hayne/mtrx3760_p2/MTRX3760_PROJECT_2/install/robot/share/robot/local_setup.dsv
[0.711s] -- Installing: /home/matylda-hayne/mtrx3760_p2/MTRX3760_PROJECT_2/install/robot/share/robot/package.dsv
[0.711s] -- Up-to-date: /home/matylda-hayne/mtrx3760_p2/MTRX3760_PROJECT_2/install/robot/share/ament_index/resource_index/packages/robot
[0.711s] -- Up-to-date: /home/matylda-hayne/mtrx3760_p2/MTRX3760_PROJECT_2/install/robot/share/robot/cmake/robotConfig.cmake
[0.711s] -- Up-to-date: /home/matylda-hayne/mtrx3760_p2/MTRX3760_PROJECT_2/install/robot/share/robot/cmake/robotConfig-version.cmake
[0.711s] -- Up-to-date: /home/matylda-hayne/mtrx3760_p2/MTRX3760_PROJECT_2/install/robot/share/robot/package.xml
[0.711s] Invoked command in '/home/matylda-hayne/mtrx3760_p2/MTRX3760_PROJECT_2/build/robot' returned '0': CMAKE_PREFIX_PATH=${CMAKE_PREFIX_PATH}:/home/matylda-hayne/turtlebot3_ws/install/turtlebot3_teleop:/home/matylda-hayne/turtlebot3_ws/install/turtlebot3_example:/opt/ros/jazzy DEBUGINFOD_URLS=https://debuginfod.ubuntu.com /usr/bin/cmake --install /home/matylda-hayne/mtrx3760_p2/MTRX3760_PROJECT_2/build/robot
