[0.009s] Invoking command in '/home/emily/Documents/MTRX3760/Project2/MTRX3760_PROJECT_2/ros2_ws/src/shared_interfaces/build/shared_interfaces': CMAKE_PREFIX_PATH=${CMAKE_PREFIX_PATH}:/home/emily/turtlebot3_ws/install/turtlebot3_teleop:/home/emily/turtlebot3_ws/install/turtlebot3_example:/opt/ros/jazzy DEBUGINFOD_URLS=https://debuginfod.ubuntu.com /usr/bin/cmake /home/emily/Documents/MTRX3760/Project2/MTRX3760_PROJECT_2/ros2_ws/src/shared_interfaces -DCMAKE_INSTALL_PREFIX=/home/emily/Documents/MTRX3760/Project2/MTRX3760_PROJECT_2/ros2_ws/src/shared_interfaces/install/shared_interfaces
[0.019s] -- Found ament_cmake: 2.5.4 (/opt/ros/jazzy/share/ament_cmake/cmake)
[0.170s] -- Found rosidl_default_generators: 1.6.0 (/opt/ros/jazzy/share/rosidl_default_generators/cmake)
[0.173s] -- Using all available rosidl_typesupport_c: rosidl_typesupport_fastrtps_c;rosidl_typesupport_introspection_c
[0.196s] -- Using all available rosidl_typesupport_cpp: rosidl_typesupport_fastrtps_cpp;rosidl_typesupport_introspection_cpp
[0.216s] -- Found rosidl_adapter: 4.6.6 (/opt/ros/jazzy/share/rosidl_adapter/cmake)
[0.217s] -- Found std_msgs: 5.3.6 (/opt/ros/jazzy/share/std_msgs/cmake)
[0.234s] -- Found geometry_msgs: 5.3.6 (/opt/ros/jazzy/share/geometry_msgs/cmake)
[0.431s] [31mCMake Error at /opt/ros/jazzy/share/rosidl_adapter/cmake/rosidl_adapt_interfaces.cmake:57 (message):
[0.431s]   execute_process(/usr/bin/python3 -m rosidl_adapter --package-name
[0.431s]   shared_interfaces --arguments-file
[0.431s]   /home/emily/Documents/MTRX3760/Project2/MTRX3760_PROJECT_2/ros2_ws/src/shared_interfaces/build/shared_interfaces/rosidl_adapter__arguments__shared_interfaces.json
[0.431s]   --output-dir
[0.431s]   /home/emily/Documents/MTRX3760/Project2/MTRX3760_PROJECT_2/ros2_ws/src/shared_interfaces/build/shared_interfaces/rosidl_adapter/shared_interfaces
[0.431s]   --output-file
[0.431s]   /home/emily/Documents/MTRX3760/Project2/MTRX3760_PROJECT_2/ros2_ws/src/shared_interfaces/build/shared_interfaces/rosidl_adapter/shared_interfaces.idls)
[0.431s]   returned error code 1:
[0.431s] 
[0.431s]   Error processing 'geometry_msgs/msg/PoseStamped pose' of
[0.431s]   'shared_interfaces/navigationMode_Request': 'geometry_msgs/msg/PoseStamped'
[0.431s] 
[0.431s]   Traceback (most recent call last):
[0.431s] 
[0.431s]     File "<frozen runpy>", line 198, in _run_module_as_main
[0.432s]     File "<frozen runpy>", line 88, in _run_code
[0.432s]     File "/opt/ros/jazzy/lib/python3.12/site-packages/rosidl_adapter/__main__.py", line 19, in <module>
[0.432s]       sys.exit(main())
[0.432s]                ^^^^^^
[0.432s]     File "/opt/ros/jazzy/lib/python3.12/site-packages/rosidl_adapter/main.py", line 53, in main
[0.432s]       abs_idl_file = convert_to_idl(
[0.432s]                      ^^^^^^^^^^^^^^^
[0.432s]     File "/opt/ros/jazzy/lib/python3.12/site-packages/rosidl_adapter/__init__.py", line 24, in convert_to_idl
[0.432s]       return convert_srv_to_idl(
[0.432s]              ^^^^^^^^^^^^^^^^^^^
[0.432s]     File "/opt/ros/jazzy/lib/python3.12/site-packages/rosidl_adapter/srv/__init__.py", line 28, in convert_srv_to_idl
[0.432s]       srv = parse_service_string(package_name, input_file.stem, content)
[0.432s]             ^^^^^^^^^^^^^^^^^^^^^^^^^^^^^^^^^^^^^^^^^^^^^^^^^^^^^^^^^^^^
[0.432s]     File "/opt/ros/jazzy/lib/python3.12/site-packages/rosidl_adapter/parser.py", line 860, in parse_service_string
[0.432s]       request_message = parse_message_string(
[0.432s]                         ^^^^^^^^^^^^^^^^^^^^^
[0.432s]     File "/opt/ros/jazzy/lib/python3.12/site-packages/rosidl_adapter/parser.py", line 521, in parse_message_string
[0.432s]       Type(type_string, context_package_name=pkg_name),
[0.432s]       ^^^^^^^^^^^^^^^^^^^^^^^^^^^^^^^^^^^^^^^^^^^^^^^^
[0.432s]     File "/opt/ros/jazzy/lib/python3.12/site-packages/rosidl_adapter/parser.py", line 278, in __init__
[0.432s]       super(Type, self).__init__(
[0.432s]     File "/opt/ros/jazzy/lib/python3.12/site-packages/rosidl_adapter/parser.py", line 191, in __init__
[0.432s]       raise InvalidResourceName(type_string)
[0.433s] 
[0.433s]   rosidl_adapter.parser.InvalidResourceName: geometry_msgs/msg/PoseStamped
[0.433s] 
[0.433s] Call Stack (most recent call first):
[0.433s]   /opt/ros/jazzy/share/rosidl_cmake/cmake/rosidl_generate_interfaces.cmake:132 (rosidl_adapt_interfaces)
[0.433s]   CMakeLists.txt:17 (rosidl_generate_interfaces)
[0.433s] 
[0.433s] [0m
[0.433s] -- Configuring incomplete, errors occurred!
[0.435s] Invoked command in '/home/emily/Documents/MTRX3760/Project2/MTRX3760_PROJECT_2/ros2_ws/src/shared_interfaces/build/shared_interfaces' returned '1': CMAKE_PREFIX_PATH=${CMAKE_PREFIX_PATH}:/home/emily/turtlebot3_ws/install/turtlebot3_teleop:/home/emily/turtlebot3_ws/install/turtlebot3_example:/opt/ros/jazzy DEBUGINFOD_URLS=https://debuginfod.ubuntu.com /usr/bin/cmake /home/emily/Documents/MTRX3760/Project2/MTRX3760_PROJECT_2/ros2_ws/src/shared_interfaces -DCMAKE_INSTALL_PREFIX=/home/emily/Documents/MTRX3760/Project2/MTRX3760_PROJECT_2/ros2_ws/src/shared_interfaces/install/shared_interfaces
