[0.129s] DEBUG:colcon:Command line arguments: ['/usr/bin/colcon', 'build']
[0.129s] DEBUG:colcon:Parsed command line arguments: Namespace(log_base=None, log_level=None, verb_name='build', build_base='build', install_base='install', merge_install=False, symlink_install=False, test_result_base=None, continue_on_error=False, executor='parallel', parallel_workers=20, event_handlers=None, ignore_user_meta=False, metas=['./colcon.meta'], base_paths=['.'], packages_ignore=None, packages_ignore_regex=None, paths=None, packages_up_to=None, packages_up_to_regex=None, packages_above=None, packages_above_and_dependencies=None, packages_above_depth=None, packages_select_by_dep=None, packages_skip_by_dep=None, packages_skip_up_to=None, packages_select_build_failed=False, packages_skip_build_finished=False, packages_select_test_failures=False, packages_skip_test_passed=False, packages_select=None, packages_skip=None, packages_select_regex=None, packages_skip_regex=None, packages_start=None, packages_end=None, allow_overriding=[], cmake_args=None, cmake_target=None, cmake_target_skip_unavailable=False, cmake_clean_cache=False, cmake_clean_first=False, cmake_force_configure=False, ament_cmake_args=None, catkin_cmake_args=None, catkin_skip_building_tests=False, mixin_files=None, mixin=None, verb_parser=<colcon_mixin.mixin.mixin_argument.MixinArgumentDecorator object at 0x75765d075f40>, verb_extension=<colcon_core.verb.build.BuildVerb object at 0x75765d075b80>, main=<bound method BuildVerb.main of <colcon_core.verb.build.BuildVerb object at 0x75765d075b80>>, mixin_verb=('build',))
[0.177s] Level 1:colcon.colcon_core.package_discovery:discover_packages(colcon_meta) check parameters
[0.177s] Level 1:colcon.colcon_core.package_discovery:discover_packages(recursive) check parameters
[0.177s] Level 1:colcon.colcon_core.package_discovery:discover_packages(ignore) check parameters
[0.177s] Level 1:colcon.colcon_core.package_discovery:discover_packages(path) check parameters
[0.177s] Level 1:colcon.colcon_core.package_discovery:discover_packages(colcon_meta) discover
[0.177s] Level 1:colcon.colcon_core.package_discovery:discover_packages(recursive) discover
[0.177s] INFO:colcon.colcon_core.package_discovery:Crawling recursively for packages in '/home/matylda-hayne/mtrx3760_p2/MTRX3760_PROJECT_2/ros2_ws'
[0.177s] Level 1:colcon.colcon_core.package_identification:_identify(.) by extensions ['ignore', 'ignore_ament_install']
[0.177s] Level 1:colcon.colcon_core.package_identification:_identify(.) by extension 'ignore'
[0.177s] Level 1:colcon.colcon_core.package_identification:_identify(.) by extension 'ignore_ament_install'
[0.177s] Level 1:colcon.colcon_core.package_identification:_identify(.) by extensions ['colcon_pkg']
[0.177s] Level 1:colcon.colcon_core.package_identification:_identify(.) by extension 'colcon_pkg'
[0.177s] Level 1:colcon.colcon_core.package_identification:_identify(.) by extensions ['colcon_meta']
[0.177s] Level 1:colcon.colcon_core.package_identification:_identify(.) by extension 'colcon_meta'
[0.177s] Level 1:colcon.colcon_core.package_identification:_identify(.) by extensions ['ros']
[0.178s] Level 1:colcon.colcon_core.package_identification:_identify(.) by extension 'ros'
[0.212s] Level 1:colcon.colcon_core.package_identification:_identify(.) by extensions ['cmake', 'python']
[0.212s] Level 1:colcon.colcon_core.package_identification:_identify(.) by extension 'cmake'
[0.212s] Level 1:colcon.colcon_core.package_identification:_identify(.) by extension 'python'
[0.212s] Level 1:colcon.colcon_core.package_identification:_identify(.) by extensions ['python_setup_py']
[0.212s] Level 1:colcon.colcon_core.package_identification:_identify(.) by extension 'python_setup_py'
[0.212s] Level 1:colcon.colcon_core.package_identification:_identify(build) by extensions ['ignore', 'ignore_ament_install']
[0.212s] Level 1:colcon.colcon_core.package_identification:_identify(build) by extension 'ignore'
[0.212s] Level 1:colcon.colcon_core.package_identification:_identify(build) ignored
[0.213s] Level 1:colcon.colcon_core.package_identification:_identify(install) by extensions ['ignore', 'ignore_ament_install']
[0.213s] Level 1:colcon.colcon_core.package_identification:_identify(install) by extension 'ignore'
[0.213s] Level 1:colcon.colcon_core.package_identification:_identify(install) ignored
[0.213s] Level 1:colcon.colcon_core.package_identification:_identify(log) by extensions ['ignore', 'ignore_ament_install']
[0.213s] Level 1:colcon.colcon_core.package_identification:_identify(log) by extension 'ignore'
[0.213s] Level 1:colcon.colcon_core.package_identification:_identify(log) ignored
[0.213s] Level 1:colcon.colcon_core.package_identification:_identify(src) by extensions ['ignore', 'ignore_ament_install']
[0.213s] Level 1:colcon.colcon_core.package_identification:_identify(src) by extension 'ignore'
[0.213s] Level 1:colcon.colcon_core.package_identification:_identify(src) by extension 'ignore_ament_install'
[0.214s] Level 1:colcon.colcon_core.package_identification:_identify(src) by extensions ['colcon_pkg']
[0.214s] Level 1:colcon.colcon_core.package_identification:_identify(src) by extension 'colcon_pkg'
[0.214s] Level 1:colcon.colcon_core.package_identification:_identify(src) by extensions ['colcon_meta']
[0.214s] Level 1:colcon.colcon_core.package_identification:_identify(src) by extension 'colcon_meta'
[0.214s] Level 1:colcon.colcon_core.package_identification:_identify(src) by extensions ['ros']
[0.214s] Level 1:colcon.colcon_core.package_identification:_identify(src) by extension 'ros'
[0.214s] Level 1:colcon.colcon_core.package_identification:_identify(src) by extensions ['cmake', 'python']
[0.214s] Level 1:colcon.colcon_core.package_identification:_identify(src) by extension 'cmake'
[0.214s] Level 1:colcon.colcon_core.package_identification:_identify(src) by extension 'python'
[0.214s] Level 1:colcon.colcon_core.package_identification:_identify(src) by extensions ['python_setup_py']
[0.214s] Level 1:colcon.colcon_core.package_identification:_identify(src) by extension 'python_setup_py'
[0.214s] Level 1:colcon.colcon_core.package_identification:_identify(src/build) by extensions ['ignore', 'ignore_ament_install']
[0.214s] Level 1:colcon.colcon_core.package_identification:_identify(src/build) by extension 'ignore'
[0.214s] Level 1:colcon.colcon_core.package_identification:_identify(src/build) ignored
[0.214s] Level 1:colcon.colcon_core.package_identification:_identify(src/drive) by extensions ['ignore', 'ignore_ament_install']
[0.215s] Level 1:colcon.colcon_core.package_identification:_identify(src/drive) by extension 'ignore'
[0.215s] Level 1:colcon.colcon_core.package_identification:_identify(src/drive) by extension 'ignore_ament_install'
[0.215s] Level 1:colcon.colcon_core.package_identification:_identify(src/drive) by extensions ['colcon_pkg']
[0.215s] Level 1:colcon.colcon_core.package_identification:_identify(src/drive) by extension 'colcon_pkg'
[0.215s] Level 1:colcon.colcon_core.package_identification:_identify(src/drive) by extensions ['colcon_meta']
[0.215s] Level 1:colcon.colcon_core.package_identification:_identify(src/drive) by extension 'colcon_meta'
[0.215s] Level 1:colcon.colcon_core.package_identification:_identify(src/drive) by extensions ['ros']
[0.215s] Level 1:colcon.colcon_core.package_identification:_identify(src/drive) by extension 'ros'
[0.215s] Level 1:colcon.colcon_core.package_identification:_identify(src/drive) by extensions ['cmake', 'python']
[0.215s] Level 1:colcon.colcon_core.package_identification:_identify(src/drive) by extension 'cmake'
[0.215s] Level 1:colcon.colcon_core.package_identification:_identify(src/drive) by extension 'python'
[0.215s] Level 1:colcon.colcon_core.package_identification:_identify(src/drive) by extensions ['python_setup_py']
[0.215s] Level 1:colcon.colcon_core.package_identification:_identify(src/drive) by extension 'python_setup_py'
[0.215s] Level 1:colcon.colcon_core.package_identification:_identify(src/install) by extensions ['ignore', 'ignore_ament_install']
[0.215s] Level 1:colcon.colcon_core.package_identification:_identify(src/install) by extension 'ignore'
[0.216s] Level 1:colcon.colcon_core.package_identification:_identify(src/install) ignored
[0.216s] Level 1:colcon.colcon_core.package_identification:_identify(src/log) by extensions ['ignore', 'ignore_ament_install']
[0.216s] Level 1:colcon.colcon_core.package_identification:_identify(src/log) by extension 'ignore'
[0.216s] Level 1:colcon.colcon_core.package_identification:_identify(src/log) ignored
[0.216s] Level 1:colcon.colcon_core.package_identification:_identify(src/shared_interfaces) by extensions ['ignore', 'ignore_ament_install']
[0.216s] Level 1:colcon.colcon_core.package_identification:_identify(src/shared_interfaces) by extension 'ignore'
[0.216s] Level 1:colcon.colcon_core.package_identification:_identify(src/shared_interfaces) by extension 'ignore_ament_install'
[0.216s] Level 1:colcon.colcon_core.package_identification:_identify(src/shared_interfaces) by extensions ['colcon_pkg']
[0.216s] Level 1:colcon.colcon_core.package_identification:_identify(src/shared_interfaces) by extension 'colcon_pkg'
[0.216s] Level 1:colcon.colcon_core.package_identification:_identify(src/shared_interfaces) by extensions ['colcon_meta']
[0.216s] Level 1:colcon.colcon_core.package_identification:_identify(src/shared_interfaces) by extension 'colcon_meta'
[0.216s] Level 1:colcon.colcon_core.package_identification:_identify(src/shared_interfaces) by extensions ['ros']
[0.216s] Level 1:colcon.colcon_core.package_identification:_identify(src/shared_interfaces) by extension 'ros'
[0.221s] DEBUG:colcon.colcon_core.package_identification:Package 'src/shared_interfaces' with type 'ros.ament_cmake' and name 'shared_interfaces'
[0.221s] Level 1:colcon.colcon_core.package_identification:_identify(src/user_interface) by extensions ['ignore', 'ignore_ament_install']
[0.221s] Level 1:colcon.colcon_core.package_identification:_identify(src/user_interface) by extension 'ignore'
[0.221s] Level 1:colcon.colcon_core.package_identification:_identify(src/user_interface) by extension 'ignore_ament_install'
[0.221s] Level 1:colcon.colcon_core.package_identification:_identify(src/user_interface) by extensions ['colcon_pkg']
[0.221s] Level 1:colcon.colcon_core.package_identification:_identify(src/user_interface) by extension 'colcon_pkg'
[0.221s] Level 1:colcon.colcon_core.package_identification:_identify(src/user_interface) by extensions ['colcon_meta']
[0.221s] Level 1:colcon.colcon_core.package_identification:_identify(src/user_interface) by extension 'colcon_meta'
[0.221s] Level 1:colcon.colcon_core.package_identification:_identify(src/user_interface) by extensions ['ros']
[0.221s] Level 1:colcon.colcon_core.package_identification:_identify(src/user_interface) by extension 'ros'
[0.223s] DEBUG:colcon.colcon_core.package_identification:Package 'src/user_interface' with type 'ros.ament_cmake' and name 'user_interface'
[0.223s] Level 1:colcon.colcon_core.package_identification:_identify(src/vision) by extensions ['ignore', 'ignore_ament_install']
[0.223s] Level 1:colcon.colcon_core.package_identification:_identify(src/vision) by extension 'ignore'
[0.223s] Level 1:colcon.colcon_core.package_identification:_identify(src/vision) by extension 'ignore_ament_install'
[0.223s] Level 1:colcon.colcon_core.package_identification:_identify(src/vision) by extensions ['colcon_pkg']
[0.223s] Level 1:colcon.colcon_core.package_identification:_identify(src/vision) by extension 'colcon_pkg'
[0.223s] Level 1:colcon.colcon_core.package_identification:_identify(src/vision) by extensions ['colcon_meta']
[0.223s] Level 1:colcon.colcon_core.package_identification:_identify(src/vision) by extension 'colcon_meta'
[0.224s] Level 1:colcon.colcon_core.package_identification:_identify(src/vision) by extensions ['ros']
[0.224s] Level 1:colcon.colcon_core.package_identification:_identify(src/vision) by extension 'ros'
[0.224s] Level 1:colcon.colcon_core.package_identification:_identify(src/vision) by extensions ['cmake', 'python']
[0.224s] Level 1:colcon.colcon_core.package_identification:_identify(src/vision) by extension 'cmake'
[0.224s] Level 1:colcon.colcon_core.package_identification:_identify(src/vision) by extension 'python'
[0.224s] Level 1:colcon.colcon_core.package_identification:_identify(src/vision) by extensions ['python_setup_py']
[0.224s] Level 1:colcon.colcon_core.package_identification:_identify(src/vision) by extension 'python_setup_py'
[0.224s] Level 1:colcon.colcon_core.package_discovery:discover_packages(recursive) using defaults
[0.224s] Level 1:colcon.colcon_core.package_discovery:discover_packages(ignore) discover
[0.224s] Level 1:colcon.colcon_core.package_discovery:discover_packages(ignore) using defaults
[0.224s] Level 1:colcon.colcon_core.package_discovery:discover_packages(path) discover
[0.224s] Level 1:colcon.colcon_core.package_discovery:discover_packages(path) using defaults
[0.251s] Level 1:colcon.colcon_core.package_discovery:discover_packages(prefix_path) check parameters
[0.251s] Level 1:colcon.colcon_core.package_discovery:discover_packages(prefix_path) discover
[0.253s] WARNING:colcon.colcon_ros.prefix_path.ament:The path '/home/matylda-hayne/mtrx3760_p2/MTRX3760_PROJECT_2/ros2_ws/install/robot' in the environment variable AMENT_PREFIX_PATH doesn't exist
[0.253s] WARNING:colcon.colcon_ros.prefix_path.ament:The path '/home/matylda-hayne/mtrx3760_p2/MTRX3760_PROJECT_2/install/user_interface' in the environment variable AMENT_PREFIX_PATH doesn't exist
[0.253s] WARNING:colcon.colcon_ros.prefix_path.ament:The path '/home/matylda-hayne/mtrx3760_p2/MTRX3760_PROJECT_2/install/shared_interfaces' in the environment variable AMENT_PREFIX_PATH doesn't exist
[0.254s] WARNING:colcon.colcon_ros.prefix_path.catkin:The path '/home/matylda-hayne/mtrx3760_p2/MTRX3760_PROJECT_2/ros2_ws/install/robot' in the environment variable CMAKE_PREFIX_PATH doesn't exist
[0.254s] WARNING:colcon.colcon_ros.prefix_path.catkin:The path '/home/matylda-hayne/mtrx3760_p2/MTRX3760_PROJECT_2/install/user_interface' in the environment variable CMAKE_PREFIX_PATH doesn't exist
[0.254s] WARNING:colcon.colcon_ros.prefix_path.catkin:The path '/home/matylda-hayne/mtrx3760_p2/MTRX3760_PROJECT_2/install/shared_interfaces' in the environment variable CMAKE_PREFIX_PATH doesn't exist
[0.255s] DEBUG:colcon.colcon_installed_package_information.package_discovery:Found 6 installed packages in /home/matylda-hayne/mtrx3760_p2/MTRX3760_PROJECT_2/ros2_ws/install
[0.256s] DEBUG:colcon.colcon_installed_package_information.package_discovery:Found 6 installed packages in /home/matylda-hayne/mtrx3760_p2/MTRX3760_PROJECT_2/ros2_ws/src/install
[0.257s] DEBUG:colcon.colcon_installed_package_information.package_discovery:Found 1 installed packages in /home/matylda-hayne/mtrx3760_p2/MTRX3760_PROJECT_2/install
[0.257s] DEBUG:colcon.colcon_installed_package_information.package_discovery:Found 15 installed packages in /home/matylda-hayne/turtlebot3_ws/install
[0.258s] DEBUG:colcon.colcon_installed_package_information.package_discovery:Found 0 installed packages in /home/matylda-hayne/turtlebot3_ws/src/turtlebot3_simulations/turtlebot3_gazebo/launch/install
[0.258s] DEBUG:colcon.colcon_installed_package_information.package_discovery:Found 3 installed packages in /home/matylda-hayne/install
[0.259s] DEBUG:colcon.colcon_installed_package_information.package_discovery:Found 1 installed packages in /home/matylda-hayne/mtrx3760_ws/install
[0.261s] DEBUG:colcon.colcon_installed_package_information.package_discovery:Found 398 installed packages in /opt/ros/jazzy
[0.263s] Level 1:colcon.colcon_core.package_discovery:discover_packages(prefix_path) using defaults
[0.335s] WARNING:colcon.colcon_core.package_selection:Some selected packages are already built in one or more underlay workspaces:
	'shared_interfaces' is in: /home/matylda-hayne/mtrx3760_p2/MTRX3760_PROJECT_2/ros2_ws/install/shared_interfaces, /home/matylda-hayne/mtrx3760_p2/MTRX3760_PROJECT_2/ros2_ws/src/install/shared_interfaces
If a package in a merged underlay workspace is overridden and it installs headers, then all packages in the overlay must sort their include directories by workspace order. Failure to do so may result in build failures or undefined behavior at run time.
If the overridden package is used by another package in any underlay, then the overriding package in the overlay must be API and ABI compatible or undefined behavior at run time may occur.

If you understand the risks and want to override a package anyways, add the following to the command line:
	--allow-overriding shared_interfaces

This may be promoted to an error in a future release of colcon-override-check.
[0.337s] Level 5:colcon.colcon_core.verb:set package 'shared_interfaces' build argument 'cmake_args' from command line to 'None'
[0.337s] Level 5:colcon.colcon_core.verb:set package 'shared_interfaces' build argument 'cmake_target' from command line to 'None'
[0.337s] Level 5:colcon.colcon_core.verb:set package 'shared_interfaces' build argument 'cmake_target_skip_unavailable' from command line to 'False'
[0.337s] Level 5:colcon.colcon_core.verb:set package 'shared_interfaces' build argument 'cmake_clean_cache' from command line to 'False'
[0.337s] Level 5:colcon.colcon_core.verb:set package 'shared_interfaces' build argument 'cmake_clean_first' from command line to 'False'
[0.337s] Level 5:colcon.colcon_core.verb:set package 'shared_interfaces' build argument 'cmake_force_configure' from command line to 'False'
[0.337s] Level 5:colcon.colcon_core.verb:set package 'shared_interfaces' build argument 'ament_cmake_args' from command line to 'None'
[0.337s] Level 5:colcon.colcon_core.verb:set package 'shared_interfaces' build argument 'catkin_cmake_args' from command line to 'None'
[0.337s] Level 5:colcon.colcon_core.verb:set package 'shared_interfaces' build argument 'catkin_skip_building_tests' from command line to 'False'
[0.337s] DEBUG:colcon.colcon_core.verb:Building package 'shared_interfaces' with the following arguments: {'ament_cmake_args': None, 'build_base': '/home/matylda-hayne/mtrx3760_p2/MTRX3760_PROJECT_2/ros2_ws/build/shared_interfaces', 'catkin_cmake_args': None, 'catkin_skip_building_tests': False, 'cmake_args': None, 'cmake_clean_cache': False, 'cmake_clean_first': False, 'cmake_force_configure': False, 'cmake_target': None, 'cmake_target_skip_unavailable': False, 'install_base': '/home/matylda-hayne/mtrx3760_p2/MTRX3760_PROJECT_2/ros2_ws/install/shared_interfaces', 'merge_install': False, 'path': '/home/matylda-hayne/mtrx3760_p2/MTRX3760_PROJECT_2/ros2_ws/src/shared_interfaces', 'symlink_install': False, 'test_result_base': None}
[0.338s] Level 5:colcon.colcon_core.verb:set package 'user_interface' build argument 'cmake_args' from command line to 'None'
[0.338s] Level 5:colcon.colcon_core.verb:set package 'user_interface' build argument 'cmake_target' from command line to 'None'
[0.338s] Level 5:colcon.colcon_core.verb:set package 'user_interface' build argument 'cmake_target_skip_unavailable' from command line to 'False'
[0.338s] Level 5:colcon.colcon_core.verb:set package 'user_interface' build argument 'cmake_clean_cache' from command line to 'False'
[0.338s] Level 5:colcon.colcon_core.verb:set package 'user_interface' build argument 'cmake_clean_first' from command line to 'False'
[0.338s] Level 5:colcon.colcon_core.verb:set package 'user_interface' build argument 'cmake_force_configure' from command line to 'False'
[0.338s] Level 5:colcon.colcon_core.verb:set package 'user_interface' build argument 'ament_cmake_args' from command line to 'None'
[0.338s] Level 5:colcon.colcon_core.verb:set package 'user_interface' build argument 'catkin_cmake_args' from command line to 'None'
[0.338s] Level 5:colcon.colcon_core.verb:set package 'user_interface' build argument 'catkin_skip_building_tests' from command line to 'False'
[0.338s] DEBUG:colcon.colcon_core.verb:Building package 'user_interface' with the following arguments: {'ament_cmake_args': None, 'build_base': '/home/matylda-hayne/mtrx3760_p2/MTRX3760_PROJECT_2/ros2_ws/build/user_interface', 'catkin_cmake_args': None, 'catkin_skip_building_tests': False, 'cmake_args': None, 'cmake_clean_cache': False, 'cmake_clean_first': False, 'cmake_force_configure': False, 'cmake_target': None, 'cmake_target_skip_unavailable': False, 'install_base': '/home/matylda-hayne/mtrx3760_p2/MTRX3760_PROJECT_2/ros2_ws/install/user_interface', 'merge_install': False, 'path': '/home/matylda-hayne/mtrx3760_p2/MTRX3760_PROJECT_2/ros2_ws/src/user_interface', 'symlink_install': False, 'test_result_base': None}
[0.338s] INFO:colcon.colcon_core.executor:Executing jobs using 'parallel' executor
[0.340s] DEBUG:colcon.colcon_parallel_executor.executor.parallel:run_until_complete
[0.340s] INFO:colcon.colcon_ros.task.ament_cmake.build:Building ROS package in '/home/matylda-hayne/mtrx3760_p2/MTRX3760_PROJECT_2/ros2_ws/src/shared_interfaces' with build type 'ament_cmake'
[0.340s] INFO:colcon.colcon_cmake.task.cmake.build:Building CMake package in '/home/matylda-hayne/mtrx3760_p2/MTRX3760_PROJECT_2/ros2_ws/src/shared_interfaces'
[0.342s] INFO:colcon.colcon_core.plugin_system:Skipping extension 'colcon_core.shell.bat': Not used on non-Windows systems
[0.343s] INFO:colcon.colcon_core.shell:Skip shell extension 'powershell' for command environment: Not usable outside of PowerShell
[0.343s] DEBUG:colcon.colcon_core.shell:Skip shell extension 'dsv' for command environment
[0.366s] DEBUG:colcon.colcon_core.event_handler.log_command:Invoking command in '/home/matylda-hayne/mtrx3760_p2/MTRX3760_PROJECT_2/ros2_ws/build/shared_interfaces': CMAKE_PREFIX_PATH=${CMAKE_PREFIX_PATH}:/home/matylda-hayne/turtlebot3_ws/install/turtlebot3_teleop:/home/matylda-hayne/turtlebot3_ws/install/turtlebot3_example:/opt/ros/jazzy DEBUGINFOD_URLS=https://debuginfod.ubuntu.com /usr/bin/cmake --build /home/matylda-hayne/mtrx3760_p2/MTRX3760_PROJECT_2/ros2_ws/build/shared_interfaces -- -j20 -l20
[1.092s] DEBUG:colcon.colcon_core.event_handler.log_command:Invoked command in '/home/matylda-hayne/mtrx3760_p2/MTRX3760_PROJECT_2/ros2_ws/build/shared_interfaces' returned '0': CMAKE_PREFIX_PATH=${CMAKE_PREFIX_PATH}:/home/matylda-hayne/turtlebot3_ws/install/turtlebot3_teleop:/home/matylda-hayne/turtlebot3_ws/install/turtlebot3_example:/opt/ros/jazzy DEBUGINFOD_URLS=https://debuginfod.ubuntu.com /usr/bin/cmake --build /home/matylda-hayne/mtrx3760_p2/MTRX3760_PROJECT_2/ros2_ws/build/shared_interfaces -- -j20 -l20
[1.111s] DEBUG:colcon.colcon_core.event_handler.log_command:Invoking command in '/home/matylda-hayne/mtrx3760_p2/MTRX3760_PROJECT_2/ros2_ws/build/shared_interfaces': CMAKE_PREFIX_PATH=${CMAKE_PREFIX_PATH}:/home/matylda-hayne/turtlebot3_ws/install/turtlebot3_teleop:/home/matylda-hayne/turtlebot3_ws/install/turtlebot3_example:/opt/ros/jazzy DEBUGINFOD_URLS=https://debuginfod.ubuntu.com /usr/bin/cmake --install /home/matylda-hayne/mtrx3760_p2/MTRX3760_PROJECT_2/ros2_ws/build/shared_interfaces
[1.223s] Level 1:colcon.colcon_core.environment:create_environment_scripts_only(shared_interfaces)
[1.224s] DEBUG:colcon.colcon_core.event_handler.log_command:Invoked command in '/home/matylda-hayne/mtrx3760_p2/MTRX3760_PROJECT_2/ros2_ws/build/shared_interfaces' returned '0': CMAKE_PREFIX_PATH=${CMAKE_PREFIX_PATH}:/home/matylda-hayne/turtlebot3_ws/install/turtlebot3_teleop:/home/matylda-hayne/turtlebot3_ws/install/turtlebot3_example:/opt/ros/jazzy DEBUGINFOD_URLS=https://debuginfod.ubuntu.com /usr/bin/cmake --install /home/matylda-hayne/mtrx3760_p2/MTRX3760_PROJECT_2/ros2_ws/build/shared_interfaces
[1.227s] Level 1:colcon.colcon_core.environment:checking '/home/matylda-hayne/mtrx3760_p2/MTRX3760_PROJECT_2/ros2_ws/install/shared_interfaces' for CMake module files
[1.227s] Level 1:colcon.colcon_core.environment:checking '/home/matylda-hayne/mtrx3760_p2/MTRX3760_PROJECT_2/ros2_ws/install/shared_interfaces' for CMake config files
[1.228s] Level 1:colcon.colcon_core.shell:create_environment_hook('shared_interfaces', 'cmake_prefix_path')
[1.229s] INFO:colcon.colcon_core.shell:Creating environment hook '/home/matylda-hayne/mtrx3760_p2/MTRX3760_PROJECT_2/ros2_ws/install/shared_interfaces/share/shared_interfaces/hook/cmake_prefix_path.ps1'
[1.229s] INFO:colcon.colcon_core.shell:Creating environment descriptor '/home/matylda-hayne/mtrx3760_p2/MTRX3760_PROJECT_2/ros2_ws/install/shared_interfaces/share/shared_interfaces/hook/cmake_prefix_path.dsv'
[1.230s] INFO:colcon.colcon_core.shell:Creating environment hook '/home/matylda-hayne/mtrx3760_p2/MTRX3760_PROJECT_2/ros2_ws/install/shared_interfaces/share/shared_interfaces/hook/cmake_prefix_path.sh'
[1.231s] Level 1:colcon.colcon_core.environment:checking '/home/matylda-hayne/mtrx3760_p2/MTRX3760_PROJECT_2/ros2_ws/install/shared_interfaces/lib'
[1.231s] Level 1:colcon.colcon_core.shell:create_environment_hook('shared_interfaces', 'ld_library_path_lib')
[1.231s] INFO:colcon.colcon_core.shell:Creating environment hook '/home/matylda-hayne/mtrx3760_p2/MTRX3760_PROJECT_2/ros2_ws/install/shared_interfaces/share/shared_interfaces/hook/ld_library_path_lib.ps1'
[1.232s] INFO:colcon.colcon_core.shell:Creating environment descriptor '/home/matylda-hayne/mtrx3760_p2/MTRX3760_PROJECT_2/ros2_ws/install/shared_interfaces/share/shared_interfaces/hook/ld_library_path_lib.dsv'
[1.232s] INFO:colcon.colcon_core.shell:Creating environment hook '/home/matylda-hayne/mtrx3760_p2/MTRX3760_PROJECT_2/ros2_ws/install/shared_interfaces/share/shared_interfaces/hook/ld_library_path_lib.sh'
[1.232s] Level 1:colcon.colcon_core.environment:checking '/home/matylda-hayne/mtrx3760_p2/MTRX3760_PROJECT_2/ros2_ws/install/shared_interfaces/bin'
[1.232s] Level 1:colcon.colcon_core.environment:checking '/home/matylda-hayne/mtrx3760_p2/MTRX3760_PROJECT_2/ros2_ws/install/shared_interfaces/lib/pkgconfig/shared_interfaces.pc'
[1.233s] Level 1:colcon.colcon_core.environment:checking '/home/matylda-hayne/mtrx3760_p2/MTRX3760_PROJECT_2/ros2_ws/install/shared_interfaces/lib/python3.12/site-packages'
[1.233s] Level 1:colcon.colcon_core.shell:create_environment_hook('shared_interfaces', 'pythonpath')
[1.233s] INFO:colcon.colcon_core.shell:Creating environment hook '/home/matylda-hayne/mtrx3760_p2/MTRX3760_PROJECT_2/ros2_ws/install/shared_interfaces/share/shared_interfaces/hook/pythonpath.ps1'
[1.234s] INFO:colcon.colcon_core.shell:Creating environment descriptor '/home/matylda-hayne/mtrx3760_p2/MTRX3760_PROJECT_2/ros2_ws/install/shared_interfaces/share/shared_interfaces/hook/pythonpath.dsv'
[1.234s] INFO:colcon.colcon_core.shell:Creating environment hook '/home/matylda-hayne/mtrx3760_p2/MTRX3760_PROJECT_2/ros2_ws/install/shared_interfaces/share/shared_interfaces/hook/pythonpath.sh'
[1.234s] Level 1:colcon.colcon_core.environment:checking '/home/matylda-hayne/mtrx3760_p2/MTRX3760_PROJECT_2/ros2_ws/install/shared_interfaces/bin'
[1.235s] INFO:colcon.colcon_core.shell:Creating package script '/home/matylda-hayne/mtrx3760_p2/MTRX3760_PROJECT_2/ros2_ws/install/shared_interfaces/share/shared_interfaces/package.ps1'
[1.236s] INFO:colcon.colcon_core.shell:Creating package descriptor '/home/matylda-hayne/mtrx3760_p2/MTRX3760_PROJECT_2/ros2_ws/install/shared_interfaces/share/shared_interfaces/package.dsv'
[1.236s] INFO:colcon.colcon_core.shell:Creating package script '/home/matylda-hayne/mtrx3760_p2/MTRX3760_PROJECT_2/ros2_ws/install/shared_interfaces/share/shared_interfaces/package.sh'
[1.237s] INFO:colcon.colcon_core.shell:Creating package script '/home/matylda-hayne/mtrx3760_p2/MTRX3760_PROJECT_2/ros2_ws/install/shared_interfaces/share/shared_interfaces/package.bash'
[1.238s] INFO:colcon.colcon_core.shell:Creating package script '/home/matylda-hayne/mtrx3760_p2/MTRX3760_PROJECT_2/ros2_ws/install/shared_interfaces/share/shared_interfaces/package.zsh'
[1.238s] Level 1:colcon.colcon_core.environment:create_file_with_runtime_dependencies(/home/matylda-hayne/mtrx3760_p2/MTRX3760_PROJECT_2/ros2_ws/install/shared_interfaces/share/colcon-core/packages/shared_interfaces)
[1.239s] Level 1:colcon.colcon_core.environment:create_environment_scripts_only(shared_interfaces)
[1.239s] Level 1:colcon.colcon_core.environment:checking '/home/matylda-hayne/mtrx3760_p2/MTRX3760_PROJECT_2/ros2_ws/install/shared_interfaces' for CMake module files
[1.240s] Level 1:colcon.colcon_core.environment:checking '/home/matylda-hayne/mtrx3760_p2/MTRX3760_PROJECT_2/ros2_ws/install/shared_interfaces' for CMake config files
[1.241s] Level 1:colcon.colcon_core.shell:create_environment_hook('shared_interfaces', 'cmake_prefix_path')
[1.241s] INFO:colcon.colcon_core.shell:Creating environment hook '/home/matylda-hayne/mtrx3760_p2/MTRX3760_PROJECT_2/ros2_ws/install/shared_interfaces/share/shared_interfaces/hook/cmake_prefix_path.ps1'
[1.242s] INFO:colcon.colcon_core.shell:Creating environment descriptor '/home/matylda-hayne/mtrx3760_p2/MTRX3760_PROJECT_2/ros2_ws/install/shared_interfaces/share/shared_interfaces/hook/cmake_prefix_path.dsv'
[1.242s] INFO:colcon.colcon_core.shell:Creating environment hook '/home/matylda-hayne/mtrx3760_p2/MTRX3760_PROJECT_2/ros2_ws/install/shared_interfaces/share/shared_interfaces/hook/cmake_prefix_path.sh'
[1.243s] Level 1:colcon.colcon_core.environment:checking '/home/matylda-hayne/mtrx3760_p2/MTRX3760_PROJECT_2/ros2_ws/install/shared_interfaces/lib'
[1.243s] Level 1:colcon.colcon_core.shell:create_environment_hook('shared_interfaces', 'ld_library_path_lib')
[1.243s] INFO:colcon.colcon_core.shell:Creating environment hook '/home/matylda-hayne/mtrx3760_p2/MTRX3760_PROJECT_2/ros2_ws/install/shared_interfaces/share/shared_interfaces/hook/ld_library_path_lib.ps1'
[1.243s] INFO:colcon.colcon_core.shell:Creating environment descriptor '/home/matylda-hayne/mtrx3760_p2/MTRX3760_PROJECT_2/ros2_ws/install/shared_interfaces/share/shared_interfaces/hook/ld_library_path_lib.dsv'
[1.244s] INFO:colcon.colcon_core.shell:Creating environment hook '/home/matylda-hayne/mtrx3760_p2/MTRX3760_PROJECT_2/ros2_ws/install/shared_interfaces/share/shared_interfaces/hook/ld_library_path_lib.sh'
[1.244s] Level 1:colcon.colcon_core.environment:checking '/home/matylda-hayne/mtrx3760_p2/MTRX3760_PROJECT_2/ros2_ws/install/shared_interfaces/bin'
[1.244s] Level 1:colcon.colcon_core.environment:checking '/home/matylda-hayne/mtrx3760_p2/MTRX3760_PROJECT_2/ros2_ws/install/shared_interfaces/lib/pkgconfig/shared_interfaces.pc'
[1.244s] Level 1:colcon.colcon_core.environment:checking '/home/matylda-hayne/mtrx3760_p2/MTRX3760_PROJECT_2/ros2_ws/install/shared_interfaces/lib/python3.12/site-packages'
[1.245s] Level 1:colcon.colcon_core.shell:create_environment_hook('shared_interfaces', 'pythonpath')
[1.245s] INFO:colcon.colcon_core.shell:Creating environment hook '/home/matylda-hayne/mtrx3760_p2/MTRX3760_PROJECT_2/ros2_ws/install/shared_interfaces/share/shared_interfaces/hook/pythonpath.ps1'
[1.245s] INFO:colcon.colcon_core.shell:Creating environment descriptor '/home/matylda-hayne/mtrx3760_p2/MTRX3760_PROJECT_2/ros2_ws/install/shared_interfaces/share/shared_interfaces/hook/pythonpath.dsv'
[1.245s] INFO:colcon.colcon_core.shell:Creating environment hook '/home/matylda-hayne/mtrx3760_p2/MTRX3760_PROJECT_2/ros2_ws/install/shared_interfaces/share/shared_interfaces/hook/pythonpath.sh'
[1.246s] Level 1:colcon.colcon_core.environment:checking '/home/matylda-hayne/mtrx3760_p2/MTRX3760_PROJECT_2/ros2_ws/install/shared_interfaces/bin'
[1.246s] INFO:colcon.colcon_core.shell:Creating package script '/home/matylda-hayne/mtrx3760_p2/MTRX3760_PROJECT_2/ros2_ws/install/shared_interfaces/share/shared_interfaces/package.ps1'
[1.247s] INFO:colcon.colcon_core.shell:Creating package descriptor '/home/matylda-hayne/mtrx3760_p2/MTRX3760_PROJECT_2/ros2_ws/install/shared_interfaces/share/shared_interfaces/package.dsv'
[1.248s] INFO:colcon.colcon_core.shell:Creating package script '/home/matylda-hayne/mtrx3760_p2/MTRX3760_PROJECT_2/ros2_ws/install/shared_interfaces/share/shared_interfaces/package.sh'
[1.248s] INFO:colcon.colcon_core.shell:Creating package script '/home/matylda-hayne/mtrx3760_p2/MTRX3760_PROJECT_2/ros2_ws/install/shared_interfaces/share/shared_interfaces/package.bash'
[1.249s] INFO:colcon.colcon_core.shell:Creating package script '/home/matylda-hayne/mtrx3760_p2/MTRX3760_PROJECT_2/ros2_ws/install/shared_interfaces/share/shared_interfaces/package.zsh'
[1.249s] Level 1:colcon.colcon_core.environment:create_file_with_runtime_dependencies(/home/matylda-hayne/mtrx3760_p2/MTRX3760_PROJECT_2/ros2_ws/install/shared_interfaces/share/colcon-core/packages/shared_interfaces)
[1.249s] INFO:colcon.colcon_ros.task.ament_cmake.build:Building ROS package in '/home/matylda-hayne/mtrx3760_p2/MTRX3760_PROJECT_2/ros2_ws/src/user_interface' with build type 'ament_cmake'
[1.250s] INFO:colcon.colcon_cmake.task.cmake.build:Building CMake package in '/home/matylda-hayne/mtrx3760_p2/MTRX3760_PROJECT_2/ros2_ws/src/user_interface'
[1.250s] INFO:colcon.colcon_core.shell:Skip shell extension 'powershell' for command environment: Not usable outside of PowerShell
[1.250s] DEBUG:colcon.colcon_core.shell:Skip shell extension 'dsv' for command environment
[1.288s] DEBUG:colcon.colcon_core.event_handler.log_command:Invoking command in '/home/matylda-hayne/mtrx3760_p2/MTRX3760_PROJECT_2/ros2_ws/build/user_interface': CMAKE_PREFIX_PATH=/home/matylda-hayne/mtrx3760_p2/MTRX3760_PROJECT_2/ros2_ws/install/shared_interfaces:/home/matylda-hayne/mtrx3760_p2/MTRX3760_PROJECT_2/ros2_ws/install/logger_pkg:/home/matylda-hayne/mtrx3760_p2/MTRX3760_PROJECT_2/ros2_ws/install/warehouse_bringup:/home/matylda-hayne/mtrx3760_p2/MTRX3760_PROJECT_2/ros2_ws/install/manager:/home/matylda-hayne/mtrx3760_p2/MTRX3760_PROJECT_2/ros2_ws/install/battery:/home/matylda-hayne/mtrx3760_p2/MTRX3760_PROJECT_2/ros2_ws/src/install/warehouse_bringup:/home/matylda-hayne/mtrx3760_p2/MTRX3760_PROJECT_2/ros2_ws/src/install/shared_interfaces:/home/matylda-hayne/mtrx3760_p2/MTRX3760_PROJECT_2/ros2_ws/install/user_interface:/home/matylda-hayne/mtrx3760_p2/MTRX3760_PROJECT_2/ros2_ws/install/robot:/home/matylda-hayne/mtrx3760_p2/MTRX3760_PROJECT_2/install/user_interface:/home/matylda-hayne/mtrx3760_p2/MTRX3760_PROJECT_2/install/shared_interfaces:/home/matylda-hayne/mtrx3760_p2/MTRX3760_PROJECT_2/install/robot:/home/matylda-hayne/turtlebot3_ws/install/turtlebot3:/home/matylda-hayne/turtlebot3_ws/install/turtlebot3_simulations:/home/matylda-hayne/turtlebot3_ws/install/turtlebot3_bringup:/home/matylda-hayne/turtlebot3_ws/install/turtlebot3_node:/home/matylda-hayne/turtlebot3_ws/install/turtlebot3_navigation2:/home/matylda-hayne/turtlebot3_ws/install/turtlebot3_fake_node:/home/matylda-hayne/turtlebot3_ws/install/turtlebot3_msgs:/home/matylda-hayne/turtlebot3_ws/install/turtlebot3_gazebo:/home/matylda-hayne/turtlebot3_ws/install/turtlebot3_description:/home/matylda-hayne/turtlebot3_ws/install/turtlebot3_cartographer:/home/matylda-hayne/turtlebot3_ws/install/dynamixel_sdk_examples:/home/matylda-hayne/turtlebot3_ws/install/dynamixel_sdk_custom_interfaces:/home/matylda-hayne/turtlebot3_ws/install/dynamixel_sdk:/home/matylda-hayne/install/turtlebot_maze_solver:/home/matylda-hayne/install/polygon_plugins:/home/matylda-hayne/install/polygon_base:/home/matylda-hayne/mtrx3760_ws/install/turtlebot_maze_solver:/opt/ros/jazzy/opt/gz_sim_vendor:/opt/ros/jazzy/opt/gz_sensors_vendor:/opt/ros/jazzy/opt/gz_physics_vendor:/opt/ros/jazzy/opt/sdformat_vendor:/opt/ros/jazzy/opt/gz_gui_vendor:/opt/ros/jazzy/opt/gz_transport_vendor:/opt/ros/jazzy/opt/gz_rendering_vendor:/opt/ros/jazzy/opt/gz_plugin_vendor:/opt/ros/jazzy/opt/gz_fuel_tools_vendor:/opt/ros/jazzy/opt/gz_msgs_vendor:/opt/ros/jazzy/opt/gz_common_vendor:/opt/ros/jazzy/opt/gz_math_vendor:/opt/ros/jazzy/opt/gz_utils_vendor:/opt/ros/jazzy/opt/gz_tools_vendor:/opt/ros/jazzy/opt/gz_ogre_next_vendor:/opt/ros/jazzy/opt/gz_dartsim_vendor:/opt/ros/jazzy/opt/gz_cmake_vendor:/home/matylda-hayne/turtlebot3_ws/install/turtlebot3_teleop:/home/matylda-hayne/turtlebot3_ws/install/turtlebot3_example:/opt/ros/jazzy DEBUGINFOD_URLS=https://debuginfod.ubuntu.com LD_LIBRARY_PATH=/home/matylda-hayne/mtrx3760_p2/MTRX3760_PROJECT_2/ros2_ws/install/shared_interfaces/lib:/home/matylda-hayne/mtrx3760_p2/MTRX3760_PROJECT_2/ros2_ws/install/manager/lib:/home/matylda-hayne/mtrx3760_p2/MTRX3760_PROJECT_2/ros2_ws/src/install/shared_interfaces/lib:/home/matylda-hayne/mtrx3760_p2/MTRX3760_PROJECT_2/install/shared_interfaces/lib:/home/matylda-hayne/turtlebot3_ws/install/turtlebot3_msgs/lib:/home/matylda-hayne/turtlebot3_ws/install/dynamixel_sdk_custom_interfaces/lib:/home/matylda-hayne/turtlebot3_ws/install/dynamixel_sdk/lib:/home/matylda-hayne/install/polygon_plugins/lib:/home/matylda-hayne/mtrx3760_ws/install/turtlebot_maze_solver/lib:/opt/ros/jazzy/opt/gz_sim_vendor/lib:/opt/ros/jazzy/opt/gz_sensors_vendor/lib:/opt/ros/jazzy/opt/gz_physics_vendor/lib:/opt/ros/jazzy/opt/sdformat_vendor/lib:/opt/ros/jazzy/opt/rviz_ogre_vendor/lib:/opt/ros/jazzy/lib/x86_64-linux-gnu:/opt/ros/jazzy/opt/gz_gui_vendor/lib:/opt/ros/jazzy/opt/gz_transport_vendor/lib:/opt/ros/jazzy/opt/gz_rendering_vendor/lib:/opt/ros/jazzy/opt/gz_plugin_vendor/lib:/opt/ros/jazzy/opt/gz_fuel_tools_vendor/lib:/opt/ros/jazzy/opt/gz_msgs_vendor/lib:/opt/ros/jazzy/opt/gz_common_vendor/lib:/opt/ros/jazzy/opt/gz_math_vendor/lib:/opt/ros/jazzy/opt/gz_utils_vendor/lib:/opt/ros/jazzy/opt/gz_tools_vendor/lib:/opt/ros/jazzy/opt/gz_ogre_next_vendor/lib:/opt/ros/jazzy/opt/gz_dartsim_vendor/lib:/opt/ros/jazzy/opt/gz_cmake_vendor/lib:/opt/ros/jazzy/lib PYTHONPATH=/home/matylda-hayne/mtrx3760_p2/MTRX3760_PROJECT_2/ros2_ws/install/shared_interfaces/lib/python3.12/site-packages:/home/matylda-hayne/mtrx3760_p2/MTRX3760_PROJECT_2/ros2_ws/src/install/shared_interfaces/lib/python3.12/site-packages:/home/matylda-hayne/mtrx3760_p2/MTRX3760_PROJECT_2/install/shared_interfaces/lib/python3.12/site-packages:/home/matylda-hayne/turtlebot3_ws/build/turtlebot3_teleop:/home/matylda-hayne/turtlebot3_ws/install/turtlebot3_teleop/lib/python3.12/site-packages:/home/matylda-hayne/turtlebot3_ws/build/turtlebot3_example:/home/matylda-hayne/turtlebot3_ws/install/turtlebot3_example/lib/python3.12/site-packages:/home/matylda-hayne/turtlebot3_ws/install/turtlebot3_msgs/lib/python3.12/site-packages:/home/matylda-hayne/turtlebot3_ws/install/dynamixel_sdk_custom_interfaces/lib/python3.12/site-packages:/home/matylda-hayne/turtlebot3_ws/install/dynamixel_sdk/lib/python3.12/site-packages:/home/matylda-hayne/mtrx3760_ws/install/turtlebot_maze_solver/lib/python3.12/site-packages:/opt/ros/jazzy/lib/python3.12/site-packages /usr/bin/cmake --build /home/matylda-hayne/mtrx3760_p2/MTRX3760_PROJECT_2/ros2_ws/build/user_interface -- -j20 -l20
[17.283s] DEBUG:colcon.colcon_core.event_handler.log_command:Invoked command in '/home/matylda-hayne/mtrx3760_p2/MTRX3760_PROJECT_2/ros2_ws/build/user_interface' returned '0': CMAKE_PREFIX_PATH=/home/matylda-hayne/mtrx3760_p2/MTRX3760_PROJECT_2/ros2_ws/install/shared_interfaces:/home/matylda-hayne/mtrx3760_p2/MTRX3760_PROJECT_2/ros2_ws/install/logger_pkg:/home/matylda-hayne/mtrx3760_p2/MTRX3760_PROJECT_2/ros2_ws/install/warehouse_bringup:/home/matylda-hayne/mtrx3760_p2/MTRX3760_PROJECT_2/ros2_ws/install/manager:/home/matylda-hayne/mtrx3760_p2/MTRX3760_PROJECT_2/ros2_ws/install/battery:/home/matylda-hayne/mtrx3760_p2/MTRX3760_PROJECT_2/ros2_ws/src/install/warehouse_bringup:/home/matylda-hayne/mtrx3760_p2/MTRX3760_PROJECT_2/ros2_ws/src/install/shared_interfaces:/home/matylda-hayne/mtrx3760_p2/MTRX3760_PROJECT_2/ros2_ws/install/user_interface:/home/matylda-hayne/mtrx3760_p2/MTRX3760_PROJECT_2/ros2_ws/install/robot:/home/matylda-hayne/mtrx3760_p2/MTRX3760_PROJECT_2/install/user_interface:/home/matylda-hayne/mtrx3760_p2/MTRX3760_PROJECT_2/install/shared_interfaces:/home/matylda-hayne/mtrx3760_p2/MTRX3760_PROJECT_2/install/robot:/home/matylda-hayne/turtlebot3_ws/install/turtlebot3:/home/matylda-hayne/turtlebot3_ws/install/turtlebot3_simulations:/home/matylda-hayne/turtlebot3_ws/install/turtlebot3_bringup:/home/matylda-hayne/turtlebot3_ws/install/turtlebot3_node:/home/matylda-hayne/turtlebot3_ws/install/turtlebot3_navigation2:/home/matylda-hayne/turtlebot3_ws/install/turtlebot3_fake_node:/home/matylda-hayne/turtlebot3_ws/install/turtlebot3_msgs:/home/matylda-hayne/turtlebot3_ws/install/turtlebot3_gazebo:/home/matylda-hayne/turtlebot3_ws/install/turtlebot3_description:/home/matylda-hayne/turtlebot3_ws/install/turtlebot3_cartographer:/home/matylda-hayne/turtlebot3_ws/install/dynamixel_sdk_examples:/home/matylda-hayne/turtlebot3_ws/install/dynamixel_sdk_custom_interfaces:/home/matylda-hayne/turtlebot3_ws/install/dynamixel_sdk:/home/matylda-hayne/install/turtlebot_maze_solver:/home/matylda-hayne/install/polygon_plugins:/home/matylda-hayne/install/polygon_base:/home/matylda-hayne/mtrx3760_ws/install/turtlebot_maze_solver:/opt/ros/jazzy/opt/gz_sim_vendor:/opt/ros/jazzy/opt/gz_sensors_vendor:/opt/ros/jazzy/opt/gz_physics_vendor:/opt/ros/jazzy/opt/sdformat_vendor:/opt/ros/jazzy/opt/gz_gui_vendor:/opt/ros/jazzy/opt/gz_transport_vendor:/opt/ros/jazzy/opt/gz_rendering_vendor:/opt/ros/jazzy/opt/gz_plugin_vendor:/opt/ros/jazzy/opt/gz_fuel_tools_vendor:/opt/ros/jazzy/opt/gz_msgs_vendor:/opt/ros/jazzy/opt/gz_common_vendor:/opt/ros/jazzy/opt/gz_math_vendor:/opt/ros/jazzy/opt/gz_utils_vendor:/opt/ros/jazzy/opt/gz_tools_vendor:/opt/ros/jazzy/opt/gz_ogre_next_vendor:/opt/ros/jazzy/opt/gz_dartsim_vendor:/opt/ros/jazzy/opt/gz_cmake_vendor:/home/matylda-hayne/turtlebot3_ws/install/turtlebot3_teleop:/home/matylda-hayne/turtlebot3_ws/install/turtlebot3_example:/opt/ros/jazzy DEBUGINFOD_URLS=https://debuginfod.ubuntu.com LD_LIBRARY_PATH=/home/matylda-hayne/mtrx3760_p2/MTRX3760_PROJECT_2/ros2_ws/install/shared_interfaces/lib:/home/matylda-hayne/mtrx3760_p2/MTRX3760_PROJECT_2/ros2_ws/install/manager/lib:/home/matylda-hayne/mtrx3760_p2/MTRX3760_PROJECT_2/ros2_ws/src/install/shared_interfaces/lib:/home/matylda-hayne/mtrx3760_p2/MTRX3760_PROJECT_2/install/shared_interfaces/lib:/home/matylda-hayne/turtlebot3_ws/install/turtlebot3_msgs/lib:/home/matylda-hayne/turtlebot3_ws/install/dynamixel_sdk_custom_interfaces/lib:/home/matylda-hayne/turtlebot3_ws/install/dynamixel_sdk/lib:/home/matylda-hayne/install/polygon_plugins/lib:/home/matylda-hayne/mtrx3760_ws/install/turtlebot_maze_solver/lib:/opt/ros/jazzy/opt/gz_sim_vendor/lib:/opt/ros/jazzy/opt/gz_sensors_vendor/lib:/opt/ros/jazzy/opt/gz_physics_vendor/lib:/opt/ros/jazzy/opt/sdformat_vendor/lib:/opt/ros/jazzy/opt/rviz_ogre_vendor/lib:/opt/ros/jazzy/lib/x86_64-linux-gnu:/opt/ros/jazzy/opt/gz_gui_vendor/lib:/opt/ros/jazzy/opt/gz_transport_vendor/lib:/opt/ros/jazzy/opt/gz_rendering_vendor/lib:/opt/ros/jazzy/opt/gz_plugin_vendor/lib:/opt/ros/jazzy/opt/gz_fuel_tools_vendor/lib:/opt/ros/jazzy/opt/gz_msgs_vendor/lib:/opt/ros/jazzy/opt/gz_common_vendor/lib:/opt/ros/jazzy/opt/gz_math_vendor/lib:/opt/ros/jazzy/opt/gz_utils_vendor/lib:/opt/ros/jazzy/opt/gz_tools_vendor/lib:/opt/ros/jazzy/opt/gz_ogre_next_vendor/lib:/opt/ros/jazzy/opt/gz_dartsim_vendor/lib:/opt/ros/jazzy/opt/gz_cmake_vendor/lib:/opt/ros/jazzy/lib PYTHONPATH=/home/matylda-hayne/mtrx3760_p2/MTRX3760_PROJECT_2/ros2_ws/install/shared_interfaces/lib/python3.12/site-packages:/home/matylda-hayne/mtrx3760_p2/MTRX3760_PROJECT_2/ros2_ws/src/install/shared_interfaces/lib/python3.12/site-packages:/home/matylda-hayne/mtrx3760_p2/MTRX3760_PROJECT_2/install/shared_interfaces/lib/python3.12/site-packages:/home/matylda-hayne/turtlebot3_ws/build/turtlebot3_teleop:/home/matylda-hayne/turtlebot3_ws/install/turtlebot3_teleop/lib/python3.12/site-packages:/home/matylda-hayne/turtlebot3_ws/build/turtlebot3_example:/home/matylda-hayne/turtlebot3_ws/install/turtlebot3_example/lib/python3.12/site-packages:/home/matylda-hayne/turtlebot3_ws/install/turtlebot3_msgs/lib/python3.12/site-packages:/home/matylda-hayne/turtlebot3_ws/install/dynamixel_sdk_custom_interfaces/lib/python3.12/site-packages:/home/matylda-hayne/turtlebot3_ws/install/dynamixel_sdk/lib/python3.12/site-packages:/home/matylda-hayne/mtrx3760_ws/install/turtlebot_maze_solver/lib/python3.12/site-packages:/opt/ros/jazzy/lib/python3.12/site-packages /usr/bin/cmake --build /home/matylda-hayne/mtrx3760_p2/MTRX3760_PROJECT_2/ros2_ws/build/user_interface -- -j20 -l20
[17.286s] DEBUG:colcon.colcon_core.event_handler.log_command:Invoking command in '/home/matylda-hayne/mtrx3760_p2/MTRX3760_PROJECT_2/ros2_ws/build/user_interface': CMAKE_PREFIX_PATH=/home/matylda-hayne/mtrx3760_p2/MTRX3760_PROJECT_2/ros2_ws/install/shared_interfaces:/home/matylda-hayne/mtrx3760_p2/MTRX3760_PROJECT_2/ros2_ws/install/logger_pkg:/home/matylda-hayne/mtrx3760_p2/MTRX3760_PROJECT_2/ros2_ws/install/warehouse_bringup:/home/matylda-hayne/mtrx3760_p2/MTRX3760_PROJECT_2/ros2_ws/install/manager:/home/matylda-hayne/mtrx3760_p2/MTRX3760_PROJECT_2/ros2_ws/install/battery:/home/matylda-hayne/mtrx3760_p2/MTRX3760_PROJECT_2/ros2_ws/src/install/warehouse_bringup:/home/matylda-hayne/mtrx3760_p2/MTRX3760_PROJECT_2/ros2_ws/src/install/shared_interfaces:/home/matylda-hayne/mtrx3760_p2/MTRX3760_PROJECT_2/ros2_ws/install/user_interface:/home/matylda-hayne/mtrx3760_p2/MTRX3760_PROJECT_2/ros2_ws/install/robot:/home/matylda-hayne/mtrx3760_p2/MTRX3760_PROJECT_2/install/user_interface:/home/matylda-hayne/mtrx3760_p2/MTRX3760_PROJECT_2/install/shared_interfaces:/home/matylda-hayne/mtrx3760_p2/MTRX3760_PROJECT_2/install/robot:/home/matylda-hayne/turtlebot3_ws/install/turtlebot3:/home/matylda-hayne/turtlebot3_ws/install/turtlebot3_simulations:/home/matylda-hayne/turtlebot3_ws/install/turtlebot3_bringup:/home/matylda-hayne/turtlebot3_ws/install/turtlebot3_node:/home/matylda-hayne/turtlebot3_ws/install/turtlebot3_navigation2:/home/matylda-hayne/turtlebot3_ws/install/turtlebot3_fake_node:/home/matylda-hayne/turtlebot3_ws/install/turtlebot3_msgs:/home/matylda-hayne/turtlebot3_ws/install/turtlebot3_gazebo:/home/matylda-hayne/turtlebot3_ws/install/turtlebot3_description:/home/matylda-hayne/turtlebot3_ws/install/turtlebot3_cartographer:/home/matylda-hayne/turtlebot3_ws/install/dynamixel_sdk_examples:/home/matylda-hayne/turtlebot3_ws/install/dynamixel_sdk_custom_interfaces:/home/matylda-hayne/turtlebot3_ws/install/dynamixel_sdk:/home/matylda-hayne/install/turtlebot_maze_solver:/home/matylda-hayne/install/polygon_plugins:/home/matylda-hayne/install/polygon_base:/home/matylda-hayne/mtrx3760_ws/install/turtlebot_maze_solver:/opt/ros/jazzy/opt/gz_sim_vendor:/opt/ros/jazzy/opt/gz_sensors_vendor:/opt/ros/jazzy/opt/gz_physics_vendor:/opt/ros/jazzy/opt/sdformat_vendor:/opt/ros/jazzy/opt/gz_gui_vendor:/opt/ros/jazzy/opt/gz_transport_vendor:/opt/ros/jazzy/opt/gz_rendering_vendor:/opt/ros/jazzy/opt/gz_plugin_vendor:/opt/ros/jazzy/opt/gz_fuel_tools_vendor:/opt/ros/jazzy/opt/gz_msgs_vendor:/opt/ros/jazzy/opt/gz_common_vendor:/opt/ros/jazzy/opt/gz_math_vendor:/opt/ros/jazzy/opt/gz_utils_vendor:/opt/ros/jazzy/opt/gz_tools_vendor:/opt/ros/jazzy/opt/gz_ogre_next_vendor:/opt/ros/jazzy/opt/gz_dartsim_vendor:/opt/ros/jazzy/opt/gz_cmake_vendor:/home/matylda-hayne/turtlebot3_ws/install/turtlebot3_teleop:/home/matylda-hayne/turtlebot3_ws/install/turtlebot3_example:/opt/ros/jazzy DEBUGINFOD_URLS=https://debuginfod.ubuntu.com LD_LIBRARY_PATH=/home/matylda-hayne/mtrx3760_p2/MTRX3760_PROJECT_2/ros2_ws/install/shared_interfaces/lib:/home/matylda-hayne/mtrx3760_p2/MTRX3760_PROJECT_2/ros2_ws/install/manager/lib:/home/matylda-hayne/mtrx3760_p2/MTRX3760_PROJECT_2/ros2_ws/src/install/shared_interfaces/lib:/home/matylda-hayne/mtrx3760_p2/MTRX3760_PROJECT_2/install/shared_interfaces/lib:/home/matylda-hayne/turtlebot3_ws/install/turtlebot3_msgs/lib:/home/matylda-hayne/turtlebot3_ws/install/dynamixel_sdk_custom_interfaces/lib:/home/matylda-hayne/turtlebot3_ws/install/dynamixel_sdk/lib:/home/matylda-hayne/install/polygon_plugins/lib:/home/matylda-hayne/mtrx3760_ws/install/turtlebot_maze_solver/lib:/opt/ros/jazzy/opt/gz_sim_vendor/lib:/opt/ros/jazzy/opt/gz_sensors_vendor/lib:/opt/ros/jazzy/opt/gz_physics_vendor/lib:/opt/ros/jazzy/opt/sdformat_vendor/lib:/opt/ros/jazzy/opt/rviz_ogre_vendor/lib:/opt/ros/jazzy/lib/x86_64-linux-gnu:/opt/ros/jazzy/opt/gz_gui_vendor/lib:/opt/ros/jazzy/opt/gz_transport_vendor/lib:/opt/ros/jazzy/opt/gz_rendering_vendor/lib:/opt/ros/jazzy/opt/gz_plugin_vendor/lib:/opt/ros/jazzy/opt/gz_fuel_tools_vendor/lib:/opt/ros/jazzy/opt/gz_msgs_vendor/lib:/opt/ros/jazzy/opt/gz_common_vendor/lib:/opt/ros/jazzy/opt/gz_math_vendor/lib:/opt/ros/jazzy/opt/gz_utils_vendor/lib:/opt/ros/jazzy/opt/gz_tools_vendor/lib:/opt/ros/jazzy/opt/gz_ogre_next_vendor/lib:/opt/ros/jazzy/opt/gz_dartsim_vendor/lib:/opt/ros/jazzy/opt/gz_cmake_vendor/lib:/opt/ros/jazzy/lib PYTHONPATH=/home/matylda-hayne/mtrx3760_p2/MTRX3760_PROJECT_2/ros2_ws/install/shared_interfaces/lib/python3.12/site-packages:/home/matylda-hayne/mtrx3760_p2/MTRX3760_PROJECT_2/ros2_ws/src/install/shared_interfaces/lib/python3.12/site-packages:/home/matylda-hayne/mtrx3760_p2/MTRX3760_PROJECT_2/install/shared_interfaces/lib/python3.12/site-packages:/home/matylda-hayne/turtlebot3_ws/build/turtlebot3_teleop:/home/matylda-hayne/turtlebot3_ws/install/turtlebot3_teleop/lib/python3.12/site-packages:/home/matylda-hayne/turtlebot3_ws/build/turtlebot3_example:/home/matylda-hayne/turtlebot3_ws/install/turtlebot3_example/lib/python3.12/site-packages:/home/matylda-hayne/turtlebot3_ws/install/turtlebot3_msgs/lib/python3.12/site-packages:/home/matylda-hayne/turtlebot3_ws/install/dynamixel_sdk_custom_interfaces/lib/python3.12/site-packages:/home/matylda-hayne/turtlebot3_ws/install/dynamixel_sdk/lib/python3.12/site-packages:/home/matylda-hayne/mtrx3760_ws/install/turtlebot_maze_solver/lib/python3.12/site-packages:/opt/ros/jazzy/lib/python3.12/site-packages /usr/bin/cmake --install /home/matylda-hayne/mtrx3760_p2/MTRX3760_PROJECT_2/ros2_ws/build/user_interface
[17.330s] Level 1:colcon.colcon_core.environment:create_environment_scripts_only(user_interface)
[17.331s] Level 1:colcon.colcon_core.environment:checking '/home/matylda-hayne/mtrx3760_p2/MTRX3760_PROJECT_2/ros2_ws/install/user_interface' for CMake module files
[17.333s] DEBUG:colcon.colcon_core.event_handler.log_command:Invoked command in '/home/matylda-hayne/mtrx3760_p2/MTRX3760_PROJECT_2/ros2_ws/build/user_interface' returned '0': CMAKE_PREFIX_PATH=/home/matylda-hayne/mtrx3760_p2/MTRX3760_PROJECT_2/ros2_ws/install/shared_interfaces:/home/matylda-hayne/mtrx3760_p2/MTRX3760_PROJECT_2/ros2_ws/install/logger_pkg:/home/matylda-hayne/mtrx3760_p2/MTRX3760_PROJECT_2/ros2_ws/install/warehouse_bringup:/home/matylda-hayne/mtrx3760_p2/MTRX3760_PROJECT_2/ros2_ws/install/manager:/home/matylda-hayne/mtrx3760_p2/MTRX3760_PROJECT_2/ros2_ws/install/battery:/home/matylda-hayne/mtrx3760_p2/MTRX3760_PROJECT_2/ros2_ws/src/install/warehouse_bringup:/home/matylda-hayne/mtrx3760_p2/MTRX3760_PROJECT_2/ros2_ws/src/install/shared_interfaces:/home/matylda-hayne/mtrx3760_p2/MTRX3760_PROJECT_2/ros2_ws/install/user_interface:/home/matylda-hayne/mtrx3760_p2/MTRX3760_PROJECT_2/ros2_ws/install/robot:/home/matylda-hayne/mtrx3760_p2/MTRX3760_PROJECT_2/install/user_interface:/home/matylda-hayne/mtrx3760_p2/MTRX3760_PROJECT_2/install/shared_interfaces:/home/matylda-hayne/mtrx3760_p2/MTRX3760_PROJECT_2/install/robot:/home/matylda-hayne/turtlebot3_ws/install/turtlebot3:/home/matylda-hayne/turtlebot3_ws/install/turtlebot3_simulations:/home/matylda-hayne/turtlebot3_ws/install/turtlebot3_bringup:/home/matylda-hayne/turtlebot3_ws/install/turtlebot3_node:/home/matylda-hayne/turtlebot3_ws/install/turtlebot3_navigation2:/home/matylda-hayne/turtlebot3_ws/install/turtlebot3_fake_node:/home/matylda-hayne/turtlebot3_ws/install/turtlebot3_msgs:/home/matylda-hayne/turtlebot3_ws/install/turtlebot3_gazebo:/home/matylda-hayne/turtlebot3_ws/install/turtlebot3_description:/home/matylda-hayne/turtlebot3_ws/install/turtlebot3_cartographer:/home/matylda-hayne/turtlebot3_ws/install/dynamixel_sdk_examples:/home/matylda-hayne/turtlebot3_ws/install/dynamixel_sdk_custom_interfaces:/home/matylda-hayne/turtlebot3_ws/install/dynamixel_sdk:/home/matylda-hayne/install/turtlebot_maze_solver:/home/matylda-hayne/install/polygon_plugins:/home/matylda-hayne/install/polygon_base:/home/matylda-hayne/mtrx3760_ws/install/turtlebot_maze_solver:/opt/ros/jazzy/opt/gz_sim_vendor:/opt/ros/jazzy/opt/gz_sensors_vendor:/opt/ros/jazzy/opt/gz_physics_vendor:/opt/ros/jazzy/opt/sdformat_vendor:/opt/ros/jazzy/opt/gz_gui_vendor:/opt/ros/jazzy/opt/gz_transport_vendor:/opt/ros/jazzy/opt/gz_rendering_vendor:/opt/ros/jazzy/opt/gz_plugin_vendor:/opt/ros/jazzy/opt/gz_fuel_tools_vendor:/opt/ros/jazzy/opt/gz_msgs_vendor:/opt/ros/jazzy/opt/gz_common_vendor:/opt/ros/jazzy/opt/gz_math_vendor:/opt/ros/jazzy/opt/gz_utils_vendor:/opt/ros/jazzy/opt/gz_tools_vendor:/opt/ros/jazzy/opt/gz_ogre_next_vendor:/opt/ros/jazzy/opt/gz_dartsim_vendor:/opt/ros/jazzy/opt/gz_cmake_vendor:/home/matylda-hayne/turtlebot3_ws/install/turtlebot3_teleop:/home/matylda-hayne/turtlebot3_ws/install/turtlebot3_example:/opt/ros/jazzy DEBUGINFOD_URLS=https://debuginfod.ubuntu.com LD_LIBRARY_PATH=/home/matylda-hayne/mtrx3760_p2/MTRX3760_PROJECT_2/ros2_ws/install/shared_interfaces/lib:/home/matylda-hayne/mtrx3760_p2/MTRX3760_PROJECT_2/ros2_ws/install/manager/lib:/home/matylda-hayne/mtrx3760_p2/MTRX3760_PROJECT_2/ros2_ws/src/install/shared_interfaces/lib:/home/matylda-hayne/mtrx3760_p2/MTRX3760_PROJECT_2/install/shared_interfaces/lib:/home/matylda-hayne/turtlebot3_ws/install/turtlebot3_msgs/lib:/home/matylda-hayne/turtlebot3_ws/install/dynamixel_sdk_custom_interfaces/lib:/home/matylda-hayne/turtlebot3_ws/install/dynamixel_sdk/lib:/home/matylda-hayne/install/polygon_plugins/lib:/home/matylda-hayne/mtrx3760_ws/install/turtlebot_maze_solver/lib:/opt/ros/jazzy/opt/gz_sim_vendor/lib:/opt/ros/jazzy/opt/gz_sensors_vendor/lib:/opt/ros/jazzy/opt/gz_physics_vendor/lib:/opt/ros/jazzy/opt/sdformat_vendor/lib:/opt/ros/jazzy/opt/rviz_ogre_vendor/lib:/opt/ros/jazzy/lib/x86_64-linux-gnu:/opt/ros/jazzy/opt/gz_gui_vendor/lib:/opt/ros/jazzy/opt/gz_transport_vendor/lib:/opt/ros/jazzy/opt/gz_rendering_vendor/lib:/opt/ros/jazzy/opt/gz_plugin_vendor/lib:/opt/ros/jazzy/opt/gz_fuel_tools_vendor/lib:/opt/ros/jazzy/opt/gz_msgs_vendor/lib:/opt/ros/jazzy/opt/gz_common_vendor/lib:/opt/ros/jazzy/opt/gz_math_vendor/lib:/opt/ros/jazzy/opt/gz_utils_vendor/lib:/opt/ros/jazzy/opt/gz_tools_vendor/lib:/opt/ros/jazzy/opt/gz_ogre_next_vendor/lib:/opt/ros/jazzy/opt/gz_dartsim_vendor/lib:/opt/ros/jazzy/opt/gz_cmake_vendor/lib:/opt/ros/jazzy/lib PYTHONPATH=/home/matylda-hayne/mtrx3760_p2/MTRX3760_PROJECT_2/ros2_ws/install/shared_interfaces/lib/python3.12/site-packages:/home/matylda-hayne/mtrx3760_p2/MTRX3760_PROJECT_2/ros2_ws/src/install/shared_interfaces/lib/python3.12/site-packages:/home/matylda-hayne/mtrx3760_p2/MTRX3760_PROJECT_2/install/shared_interfaces/lib/python3.12/site-packages:/home/matylda-hayne/turtlebot3_ws/build/turtlebot3_teleop:/home/matylda-hayne/turtlebot3_ws/install/turtlebot3_teleop/lib/python3.12/site-packages:/home/matylda-hayne/turtlebot3_ws/build/turtlebot3_example:/home/matylda-hayne/turtlebot3_ws/install/turtlebot3_example/lib/python3.12/site-packages:/home/matylda-hayne/turtlebot3_ws/install/turtlebot3_msgs/lib/python3.12/site-packages:/home/matylda-hayne/turtlebot3_ws/install/dynamixel_sdk_custom_interfaces/lib/python3.12/site-packages:/home/matylda-hayne/turtlebot3_ws/install/dynamixel_sdk/lib/python3.12/site-packages:/home/matylda-hayne/mtrx3760_ws/install/turtlebot_maze_solver/lib/python3.12/site-packages:/opt/ros/jazzy/lib/python3.12/site-packages /usr/bin/cmake --install /home/matylda-hayne/mtrx3760_p2/MTRX3760_PROJECT_2/ros2_ws/build/user_interface
[17.334s] Level 1:colcon.colcon_core.environment:checking '/home/matylda-hayne/mtrx3760_p2/MTRX3760_PROJECT_2/ros2_ws/install/user_interface' for CMake config files
[17.334s] Level 1:colcon.colcon_core.shell:create_environment_hook('user_interface', 'cmake_prefix_path')
[17.335s] INFO:colcon.colcon_core.shell:Creating environment hook '/home/matylda-hayne/mtrx3760_p2/MTRX3760_PROJECT_2/ros2_ws/install/user_interface/share/user_interface/hook/cmake_prefix_path.ps1'
[17.336s] INFO:colcon.colcon_core.shell:Creating environment descriptor '/home/matylda-hayne/mtrx3760_p2/MTRX3760_PROJECT_2/ros2_ws/install/user_interface/share/user_interface/hook/cmake_prefix_path.dsv'
[17.336s] INFO:colcon.colcon_core.shell:Creating environment hook '/home/matylda-hayne/mtrx3760_p2/MTRX3760_PROJECT_2/ros2_ws/install/user_interface/share/user_interface/hook/cmake_prefix_path.sh'
[17.338s] Level 1:colcon.colcon_core.environment:checking '/home/matylda-hayne/mtrx3760_p2/MTRX3760_PROJECT_2/ros2_ws/install/user_interface/lib'
[17.338s] Level 1:colcon.colcon_core.environment:checking '/home/matylda-hayne/mtrx3760_p2/MTRX3760_PROJECT_2/ros2_ws/install/user_interface/bin'
[17.338s] Level 1:colcon.colcon_core.environment:checking '/home/matylda-hayne/mtrx3760_p2/MTRX3760_PROJECT_2/ros2_ws/install/user_interface/lib/pkgconfig/user_interface.pc'
[17.338s] Level 1:colcon.colcon_core.environment:checking '/home/matylda-hayne/mtrx3760_p2/MTRX3760_PROJECT_2/ros2_ws/install/user_interface/lib/python3.12/site-packages'
[17.339s] Level 1:colcon.colcon_core.environment:checking '/home/matylda-hayne/mtrx3760_p2/MTRX3760_PROJECT_2/ros2_ws/install/user_interface/bin'
[17.339s] INFO:colcon.colcon_core.shell:Creating package script '/home/matylda-hayne/mtrx3760_p2/MTRX3760_PROJECT_2/ros2_ws/install/user_interface/share/user_interface/package.ps1'
[17.340s] INFO:colcon.colcon_core.shell:Creating package descriptor '/home/matylda-hayne/mtrx3760_p2/MTRX3760_PROJECT_2/ros2_ws/install/user_interface/share/user_interface/package.dsv'
[17.340s] INFO:colcon.colcon_core.shell:Creating package script '/home/matylda-hayne/mtrx3760_p2/MTRX3760_PROJECT_2/ros2_ws/install/user_interface/share/user_interface/package.sh'
[17.341s] INFO:colcon.colcon_core.shell:Creating package script '/home/matylda-hayne/mtrx3760_p2/MTRX3760_PROJECT_2/ros2_ws/install/user_interface/share/user_interface/package.bash'
[17.342s] INFO:colcon.colcon_core.shell:Creating package script '/home/matylda-hayne/mtrx3760_p2/MTRX3760_PROJECT_2/ros2_ws/install/user_interface/share/user_interface/package.zsh'
[17.342s] Level 1:colcon.colcon_core.environment:create_file_with_runtime_dependencies(/home/matylda-hayne/mtrx3760_p2/MTRX3760_PROJECT_2/ros2_ws/install/user_interface/share/colcon-core/packages/user_interface)
[17.343s] Level 1:colcon.colcon_core.environment:create_environment_scripts_only(user_interface)
[17.343s] Level 1:colcon.colcon_core.environment:checking '/home/matylda-hayne/mtrx3760_p2/MTRX3760_PROJECT_2/ros2_ws/install/user_interface' for CMake module files
[17.344s] Level 1:colcon.colcon_core.environment:checking '/home/matylda-hayne/mtrx3760_p2/MTRX3760_PROJECT_2/ros2_ws/install/user_interface' for CMake config files
[17.344s] Level 1:colcon.colcon_core.shell:create_environment_hook('user_interface', 'cmake_prefix_path')
[17.344s] INFO:colcon.colcon_core.shell:Creating environment hook '/home/matylda-hayne/mtrx3760_p2/MTRX3760_PROJECT_2/ros2_ws/install/user_interface/share/user_interface/hook/cmake_prefix_path.ps1'
[17.345s] INFO:colcon.colcon_core.shell:Creating environment descriptor '/home/matylda-hayne/mtrx3760_p2/MTRX3760_PROJECT_2/ros2_ws/install/user_interface/share/user_interface/hook/cmake_prefix_path.dsv'
[17.345s] INFO:colcon.colcon_core.shell:Creating environment hook '/home/matylda-hayne/mtrx3760_p2/MTRX3760_PROJECT_2/ros2_ws/install/user_interface/share/user_interface/hook/cmake_prefix_path.sh'
[17.346s] Level 1:colcon.colcon_core.environment:checking '/home/matylda-hayne/mtrx3760_p2/MTRX3760_PROJECT_2/ros2_ws/install/user_interface/lib'
[17.346s] Level 1:colcon.colcon_core.environment:checking '/home/matylda-hayne/mtrx3760_p2/MTRX3760_PROJECT_2/ros2_ws/install/user_interface/bin'
[17.346s] Level 1:colcon.colcon_core.environment:checking '/home/matylda-hayne/mtrx3760_p2/MTRX3760_PROJECT_2/ros2_ws/install/user_interface/lib/pkgconfig/user_interface.pc'
[17.347s] Level 1:colcon.colcon_core.environment:checking '/home/matylda-hayne/mtrx3760_p2/MTRX3760_PROJECT_2/ros2_ws/install/user_interface/lib/python3.12/site-packages'
[17.347s] Level 1:colcon.colcon_core.environment:checking '/home/matylda-hayne/mtrx3760_p2/MTRX3760_PROJECT_2/ros2_ws/install/user_interface/bin'
[17.347s] INFO:colcon.colcon_core.shell:Creating package script '/home/matylda-hayne/mtrx3760_p2/MTRX3760_PROJECT_2/ros2_ws/install/user_interface/share/user_interface/package.ps1'
[17.348s] INFO:colcon.colcon_core.shell:Creating package descriptor '/home/matylda-hayne/mtrx3760_p2/MTRX3760_PROJECT_2/ros2_ws/install/user_interface/share/user_interface/package.dsv'
[17.348s] INFO:colcon.colcon_core.shell:Creating package script '/home/matylda-hayne/mtrx3760_p2/MTRX3760_PROJECT_2/ros2_ws/install/user_interface/share/user_interface/package.sh'
[17.349s] INFO:colcon.colcon_core.shell:Creating package script '/home/matylda-hayne/mtrx3760_p2/MTRX3760_PROJECT_2/ros2_ws/install/user_interface/share/user_interface/package.bash'
[17.349s] INFO:colcon.colcon_core.shell:Creating package script '/home/matylda-hayne/mtrx3760_p2/MTRX3760_PROJECT_2/ros2_ws/install/user_interface/share/user_interface/package.zsh'
[17.350s] Level 1:colcon.colcon_core.environment:create_file_with_runtime_dependencies(/home/matylda-hayne/mtrx3760_p2/MTRX3760_PROJECT_2/ros2_ws/install/user_interface/share/colcon-core/packages/user_interface)
[17.350s] DEBUG:colcon.colcon_parallel_executor.executor.parallel:closing loop
[17.351s] DEBUG:colcon.colcon_parallel_executor.executor.parallel:loop closed
[17.351s] DEBUG:colcon.colcon_parallel_executor.executor.parallel:run_until_complete finished with '0'
[17.351s] DEBUG:colcon.colcon_core.event_reactor:joining thread
[17.361s] INFO:colcon.colcon_core.plugin_system:Skipping extension 'colcon_notification.desktop_notification.terminal_notifier': Not used on non-Darwin systems
[17.361s] INFO:colcon.colcon_core.plugin_system:Skipping extension 'colcon_notification.desktop_notification.win32': Not used on non-Windows systems
[17.362s] INFO:colcon.colcon_notification.desktop_notification:Sending desktop notification using 'notify2'
[17.393s] DEBUG:colcon.colcon_core.event_reactor:joined thread
[17.393s] INFO:colcon.colcon_core.shell:Creating prefix script '/home/matylda-hayne/mtrx3760_p2/MTRX3760_PROJECT_2/ros2_ws/install/local_setup.ps1'
[17.395s] INFO:colcon.colcon_core.shell:Creating prefix util module '/home/matylda-hayne/mtrx3760_p2/MTRX3760_PROJECT_2/ros2_ws/install/_local_setup_util_ps1.py'
[17.398s] INFO:colcon.colcon_core.shell:Creating prefix chain script '/home/matylda-hayne/mtrx3760_p2/MTRX3760_PROJECT_2/ros2_ws/install/setup.ps1'
[17.404s] INFO:colcon.colcon_core.shell:Creating prefix script '/home/matylda-hayne/mtrx3760_p2/MTRX3760_PROJECT_2/ros2_ws/install/local_setup.sh'
[17.406s] INFO:colcon.colcon_core.shell:Creating prefix util module '/home/matylda-hayne/mtrx3760_p2/MTRX3760_PROJECT_2/ros2_ws/install/_local_setup_util_sh.py'
[17.407s] INFO:colcon.colcon_core.shell:Creating prefix chain script '/home/matylda-hayne/mtrx3760_p2/MTRX3760_PROJECT_2/ros2_ws/install/setup.sh'
[17.414s] INFO:colcon.colcon_core.shell:Creating prefix script '/home/matylda-hayne/mtrx3760_p2/MTRX3760_PROJECT_2/ros2_ws/install/local_setup.bash'
[17.414s] INFO:colcon.colcon_core.shell:Creating prefix chain script '/home/matylda-hayne/mtrx3760_p2/MTRX3760_PROJECT_2/ros2_ws/install/setup.bash'
[17.418s] INFO:colcon.colcon_core.shell:Creating prefix script '/home/matylda-hayne/mtrx3760_p2/MTRX3760_PROJECT_2/ros2_ws/install/local_setup.zsh'
[17.419s] INFO:colcon.colcon_core.shell:Creating prefix chain script '/home/matylda-hayne/mtrx3760_p2/MTRX3760_PROJECT_2/ros2_ws/install/setup.zsh'
