[0.009s] Invoking command in '/home/matylda-hayne/mtrx3760_p2/MTRX3760_PROJECT_2/build/user_interface': AMENT_PREFIX_PATH=/home/matylda-hayne/mtrx3760_p2/MTRX3760_PROJECT_2/install/shared_interfaces:${AMENT_PREFIX_PATH} CMAKE_PREFIX_PATH=/home/matylda-hayne/mtrx3760_p2/MTRX3760_PROJECT_2/install/shared_interfaces:/home/matylda-hayne/turtlebot3_ws/install/turtlebot3:/home/matylda-hayne/turtlebot3_ws/install/turtlebot3_simulations:/home/matylda-hayne/turtlebot3_ws/install/turtlebot3_bringup:/home/matylda-hayne/turtlebot3_ws/install/turtlebot3_node:/home/matylda-hayne/turtlebot3_ws/install/turtlebot3_navigation2:/home/matylda-hayne/turtlebot3_ws/install/turtlebot3_fake_node:/home/matylda-hayne/turtlebot3_ws/install/turtlebot3_msgs:/home/matylda-hayne/turtlebot3_ws/install/turtlebot3_gazebo:/home/matylda-hayne/turtlebot3_ws/install/turtlebot3_description:/home/matylda-hayne/turtlebot3_ws/install/turtlebot3_cartographer:/home/matylda-hayne/turtlebot3_ws/install/dynamixel_sdk_examples:/home/matylda-hayne/turtlebot3_ws/install/dynamixel_sdk_custom_interfaces:/home/matylda-hayne/turtlebot3_ws/install/dynamixel_sdk:/home/matylda-hayne/install/turtlebot_maze_solver:/home/matylda-hayne/install/polygon_plugins:/home/matylda-hayne/install/polygon_base:/home/matylda-hayne/mtrx3760_ws/install/turtlebot_maze_solver:/opt/ros/jazzy/opt/gz_sim_vendor:/opt/ros/jazzy/opt/gz_sensors_vendor:/opt/ros/jazzy/opt/gz_physics_vendor:/opt/ros/jazzy/opt/sdformat_vendor:/opt/ros/jazzy/opt/gz_gui_vendor:/opt/ros/jazzy/opt/gz_transport_vendor:/opt/ros/jazzy/opt/gz_rendering_vendor:/opt/ros/jazzy/opt/gz_plugin_vendor:/opt/ros/jazzy/opt/gz_fuel_tools_vendor:/opt/ros/jazzy/opt/gz_msgs_vendor:/opt/ros/jazzy/opt/gz_common_vendor:/opt/ros/jazzy/opt/gz_math_vendor:/opt/ros/jazzy/opt/gz_utils_vendor:/opt/ros/jazzy/opt/gz_tools_vendor:/opt/ros/jazzy/opt/gz_ogre_next_vendor:/opt/ros/jazzy/opt/gz_dartsim_vendor:/opt/ros/jazzy/opt/gz_cmake_vendor:/home/matylda-hayne/turtlebot3_ws/install/turtlebot3_teleop:/home/matylda-hayne/turtlebot3_ws/install/turtlebot3_example:/opt/ros/jazzy DEBUGINFOD_URLS=https://debuginfod.ubuntu.com LD_LIBRARY_PATH=/home/matylda-hayne/mtrx3760_p2/MTRX3760_PROJECT_2/install/shared_interfaces/lib:${LD_LIBRARY_PATH} PYTHONPATH=/home/matylda-hayne/mtrx3760_p2/MTRX3760_PROJECT_2/install/shared_interfaces/lib/python3.12/site-packages:${PYTHONPATH} /usr/bin/cmake --build /home/matylda-hayne/mtrx3760_p2/MTRX3760_PROJECT_2/build/user_interface -- -j20 -l20
[0.034s] -- Found ament_cmake: 2.5.4 (/opt/ros/jazzy/share/ament_cmake/cmake)
[0.197s] -- Found rclcpp: 28.1.11 (/opt/ros/jazzy/share/rclcpp/cmake)
[0.214s] -- Found rosidl_generator_c: 4.6.6 (/opt/ros/jazzy/share/rosidl_generator_c/cmake)
[0.219s] -- Found rosidl_generator_cpp: 4.6.6 (/opt/ros/jazzy/share/rosidl_generator_cpp/cmake)
[0.227s] -- Using all available rosidl_typesupport_c: rosidl_typesupport_fastrtps_c;rosidl_typesupport_introspection_c
[0.235s] -- Using all available rosidl_typesupport_cpp: rosidl_typesupport_fastrtps_cpp;rosidl_typesupport_introspection_cpp
[0.278s] -- Found rmw_implementation_cmake: 7.3.2 (/opt/ros/jazzy/share/rmw_implementation_cmake/cmake)
[0.279s] -- Found rmw_cyclonedds_cpp: 2.2.3 (/opt/ros/jazzy/share/rmw_cyclonedds_cpp/cmake)
[0.294s] -- Using RMW implementation 'rmw_cyclonedds_cpp' as default
[0.329s] -- Found std_msgs: 5.3.6 (/opt/ros/jazzy/share/std_msgs/cmake)
[0.336s] -- Found example_interfaces: 0.12.0 (/opt/ros/jazzy/share/example_interfaces/cmake)
[0.370s] -- Found shared_interfaces: 0.0.0 (/home/matylda-hayne/mtrx3760_p2/MTRX3760_PROJECT_2/install/shared_interfaces/share/shared_interfaces/cmake)
[0.393s] -- Found nav_msgs: 5.3.6 (/opt/ros/jazzy/share/nav_msgs/cmake)
[0.409s] -- Found rosidl_default_generators: 1.6.0 (/opt/ros/jazzy/share/rosidl_default_generators/cmake)
[0.414s] -- Found rosidl_adapter: 4.6.6 (/opt/ros/jazzy/share/rosidl_adapter/cmake)
[0.416s] [33mCMake Warning (dev) at /usr/share/cmake-3.28/Modules/FindOpenGL.cmake:381 (message):
[0.416s]   Policy CMP0072 is not set: FindOpenGL prefers GLVND by default when
[0.416s]   available.  Run "cmake --help-policy CMP0072" for policy details.  Use the
[0.416s]   cmake_policy command to set the policy and suppress this warning.
[0.416s] 
[0.416s]   FindOpenGL found both a legacy GL library:
[0.416s] 
[0.416s]     OPENGL_gl_LIBRARY: /usr/lib/x86_64-linux-gnu/libGL.so
[0.416s] 
[0.416s]   and GLVND libraries for OpenGL and GLX:
[0.416s] 
[0.416s]     OPENGL_opengl_LIBRARY: /usr/lib/x86_64-linux-gnu/libOpenGL.so
[0.416s]     OPENGL_glx_LIBRARY: /usr/lib/x86_64-linux-gnu/libGLX.so
[0.417s] 
[0.417s]   OpenGL_GL_PREFERENCE has not been set to "GLVND" or "LEGACY", so for
[0.417s]   compatibility with CMake 3.10 and below the legacy GL library will be used.
[0.417s] Call Stack (most recent call first):
[0.417s]   CMakeLists.txt:20 (find_package)
[0.417s] This warning is for project developers.  Use -Wno-dev to suppress it.
[0.417s] [0m
[0.452s] -- Found ament_lint_auto: 0.17.3 (/opt/ros/jazzy/share/ament_lint_auto/cmake)
[0.542s] -- Added test 'cppcheck' to perform static code analysis on C / C++ code
[0.542s] -- Configured cppcheck include dirs: /home/matylda-hayne/mtrx3760_p2/MTRX3760_PROJECT_2/ros2_ws/src/user_interface/vendor/imgui;/home/matylda-hayne/mtrx3760_p2/MTRX3760_PROJECT_2/ros2_ws/src/user_interface/vendor/imgui/backends;/home/matylda-hayne/mtrx3760_p2/MTRX3760_PROJECT_2/ros2_ws/src/user_interface/vendor
[0.542s] -- Configured cppcheck exclude dirs and/or files: 
[0.545s] -- Added test 'flake8' to check Python code syntax and style conventions
[0.545s] -- Configured 'flake8' exclude dirs and/or files: 
[0.555s] -- Added test 'lint_cmake' to check CMake code style
[0.559s] -- Added test 'pep257' to check Python code against some of the docstring style conventions in PEP 257
[0.588s] -- Added test 'uncrustify' to check C / C++ code style
[0.588s] -- Configured uncrustify additional arguments: 
[0.592s] -- Added test 'xmllint' to check XML markup files
[0.592s] -- Configuring done (0.6s)
[0.600s] -- Generating done (0.0s)
[0.602s] -- Build files have been written to: /home/matylda-hayne/mtrx3760_p2/MTRX3760_PROJECT_2/build/user_interface
[0.643s] [ 11%] [32mBuilding CXX object CMakeFiles/user_interface.dir/src/user_interface.cpp.o[0m
[0.651s] [01m[K/home/matylda-hayne/mtrx3760_p2/MTRX3760_PROJECT_2/ros2_ws/src/user_interface/src/user_interface.cpp:3:10:[m[K [01;31m[Kfatal error: [m[Kuser_interface.hpp: No such file or directory
[0.651s]     3 | #include [01;31m[K"user_interface.hpp"[m[K
[0.651s]       |          [01;31m[K^~~~~~~~~~~~~~~~~~~~[m[K
[0.651s] compilation terminated.
[0.652s] gmake[2]: *** [CMakeFiles/user_interface.dir/build.make:76: CMakeFiles/user_interface.dir/src/user_interface.cpp.o] Error 1
[0.652s] gmake[1]: *** [CMakeFiles/Makefile2:137: CMakeFiles/user_interface.dir/all] Error 2
[0.653s] gmake: *** [Makefile:146: all] Error 2
[0.655s] Invoked command in '/home/matylda-hayne/mtrx3760_p2/MTRX3760_PROJECT_2/build/user_interface' returned '2': AMENT_PREFIX_PATH=/home/matylda-hayne/mtrx3760_p2/MTRX3760_PROJECT_2/install/shared_interfaces:${AMENT_PREFIX_PATH} CMAKE_PREFIX_PATH=/home/matylda-hayne/mtrx3760_p2/MTRX3760_PROJECT_2/install/shared_interfaces:/home/matylda-hayne/turtlebot3_ws/install/turtlebot3:/home/matylda-hayne/turtlebot3_ws/install/turtlebot3_simulations:/home/matylda-hayne/turtlebot3_ws/install/turtlebot3_bringup:/home/matylda-hayne/turtlebot3_ws/install/turtlebot3_node:/home/matylda-hayne/turtlebot3_ws/install/turtlebot3_navigation2:/home/matylda-hayne/turtlebot3_ws/install/turtlebot3_fake_node:/home/matylda-hayne/turtlebot3_ws/install/turtlebot3_msgs:/home/matylda-hayne/turtlebot3_ws/install/turtlebot3_gazebo:/home/matylda-hayne/turtlebot3_ws/install/turtlebot3_description:/home/matylda-hayne/turtlebot3_ws/install/turtlebot3_cartographer:/home/matylda-hayne/turtlebot3_ws/install/dynamixel_sdk_examples:/home/matylda-hayne/turtlebot3_ws/install/dynamixel_sdk_custom_interfaces:/home/matylda-hayne/turtlebot3_ws/install/dynamixel_sdk:/home/matylda-hayne/install/turtlebot_maze_solver:/home/matylda-hayne/install/polygon_plugins:/home/matylda-hayne/install/polygon_base:/home/matylda-hayne/mtrx3760_ws/install/turtlebot_maze_solver:/opt/ros/jazzy/opt/gz_sim_vendor:/opt/ros/jazzy/opt/gz_sensors_vendor:/opt/ros/jazzy/opt/gz_physics_vendor:/opt/ros/jazzy/opt/sdformat_vendor:/opt/ros/jazzy/opt/gz_gui_vendor:/opt/ros/jazzy/opt/gz_transport_vendor:/opt/ros/jazzy/opt/gz_rendering_vendor:/opt/ros/jazzy/opt/gz_plugin_vendor:/opt/ros/jazzy/opt/gz_fuel_tools_vendor:/opt/ros/jazzy/opt/gz_msgs_vendor:/opt/ros/jazzy/opt/gz_common_vendor:/opt/ros/jazzy/opt/gz_math_vendor:/opt/ros/jazzy/opt/gz_utils_vendor:/opt/ros/jazzy/opt/gz_tools_vendor:/opt/ros/jazzy/opt/gz_ogre_next_vendor:/opt/ros/jazzy/opt/gz_dartsim_vendor:/opt/ros/jazzy/opt/gz_cmake_vendor:/home/matylda-hayne/turtlebot3_ws/install/turtlebot3_teleop:/home/matylda-hayne/turtlebot3_ws/install/turtlebot3_example:/opt/ros/jazzy DEBUGINFOD_URLS=https://debuginfod.ubuntu.com LD_LIBRARY_PATH=/home/matylda-hayne/mtrx3760_p2/MTRX3760_PROJECT_2/install/shared_interfaces/lib:${LD_LIBRARY_PATH} PYTHONPATH=/home/matylda-hayne/mtrx3760_p2/MTRX3760_PROJECT_2/install/shared_interfaces/lib/python3.12/site-packages:${PYTHONPATH} /usr/bin/cmake --build /home/matylda-hayne/mtrx3760_p2/MTRX3760_PROJECT_2/build/user_interface -- -j20 -l20
