[0.059s] DEBUG:colcon:Command line arguments: ['/usr/bin/colcon', 'build']
[0.059s] DEBUG:colcon:Parsed command line arguments: Namespace(log_base=None, log_level=None, verb_name='build', build_base='build', install_base='install', merge_install=False, symlink_install=False, test_result_base=None, continue_on_error=False, executor='parallel', parallel_workers=20, event_handlers=None, ignore_user_meta=False, metas=['./colcon.meta'], base_paths=['.'], packages_ignore=None, packages_ignore_regex=None, paths=None, packages_up_to=None, packages_up_to_regex=None, packages_above=None, packages_above_and_dependencies=None, packages_above_depth=None, packages_select_by_dep=None, packages_skip_by_dep=None, packages_skip_up_to=None, packages_select_build_failed=False, packages_skip_build_finished=False, packages_select_test_failures=False, packages_skip_test_passed=False, packages_select=None, packages_skip=None, packages_select_regex=None, packages_skip_regex=None, packages_start=None, packages_end=None, allow_overriding=[], cmake_args=None, cmake_target=None, cmake_target_skip_unavailable=False, cmake_clean_cache=False, cmake_clean_first=False, cmake_force_configure=False, ament_cmake_args=None, catkin_cmake_args=None, catkin_skip_building_tests=False, mixin_files=None, mixin=None, verb_parser=<colcon_mixin.mixin.mixin_argument.MixinArgumentDecorator object at 0x74b1934b57c0>, verb_extension=<colcon_core.verb.build.BuildVerb object at 0x74b1934b53d0>, main=<bound method BuildVerb.main of <colcon_core.verb.build.BuildVerb object at 0x74b1934b53d0>>, mixin_verb=('build',))
[0.081s] Level 1:colcon.colcon_core.package_discovery:discover_packages(colcon_meta) check parameters
[0.081s] Level 1:colcon.colcon_core.package_discovery:discover_packages(recursive) check parameters
[0.081s] Level 1:colcon.colcon_core.package_discovery:discover_packages(ignore) check parameters
[0.081s] Level 1:colcon.colcon_core.package_discovery:discover_packages(path) check parameters
[0.081s] Level 1:colcon.colcon_core.package_discovery:discover_packages(colcon_meta) discover
[0.081s] Level 1:colcon.colcon_core.package_discovery:discover_packages(recursive) discover
[0.081s] INFO:colcon.colcon_core.package_discovery:Crawling recursively for packages in '/home/matylda-hayne/mtrx3760_p2/MTRX3760_PROJECT_2'
[0.082s] Level 1:colcon.colcon_core.package_identification:_identify(.) by extensions ['ignore', 'ignore_ament_install']
[0.082s] Level 1:colcon.colcon_core.package_identification:_identify(.) by extension 'ignore'
[0.082s] Level 1:colcon.colcon_core.package_identification:_identify(.) by extension 'ignore_ament_install'
[0.082s] Level 1:colcon.colcon_core.package_identification:_identify(.) by extensions ['colcon_pkg']
[0.082s] Level 1:colcon.colcon_core.package_identification:_identify(.) by extension 'colcon_pkg'
[0.082s] Level 1:colcon.colcon_core.package_identification:_identify(.) by extensions ['colcon_meta']
[0.082s] Level 1:colcon.colcon_core.package_identification:_identify(.) by extension 'colcon_meta'
[0.082s] Level 1:colcon.colcon_core.package_identification:_identify(.) by extensions ['ros']
[0.082s] Level 1:colcon.colcon_core.package_identification:_identify(.) by extension 'ros'
[0.096s] Level 1:colcon.colcon_core.package_identification:_identify(.) by extensions ['cmake', 'python']
[0.096s] Level 1:colcon.colcon_core.package_identification:_identify(.) by extension 'cmake'
[0.096s] Level 1:colcon.colcon_core.package_identification:_identify(.) by extension 'python'
[0.096s] Level 1:colcon.colcon_core.package_identification:_identify(.) by extensions ['python_setup_py']
[0.096s] Level 1:colcon.colcon_core.package_identification:_identify(.) by extension 'python_setup_py'
[0.097s] Level 1:colcon.colcon_core.package_identification:_identify(build) by extensions ['ignore', 'ignore_ament_install']
[0.097s] Level 1:colcon.colcon_core.package_identification:_identify(build) by extension 'ignore'
[0.097s] Level 1:colcon.colcon_core.package_identification:_identify(build) ignored
[0.097s] Level 1:colcon.colcon_core.package_identification:_identify(docs) by extensions ['ignore', 'ignore_ament_install']
[0.097s] Level 1:colcon.colcon_core.package_identification:_identify(docs) by extension 'ignore'
[0.097s] Level 1:colcon.colcon_core.package_identification:_identify(docs) by extension 'ignore_ament_install'
[0.097s] Level 1:colcon.colcon_core.package_identification:_identify(docs) by extensions ['colcon_pkg']
[0.097s] Level 1:colcon.colcon_core.package_identification:_identify(docs) by extension 'colcon_pkg'
[0.097s] Level 1:colcon.colcon_core.package_identification:_identify(docs) by extensions ['colcon_meta']
[0.097s] Level 1:colcon.colcon_core.package_identification:_identify(docs) by extension 'colcon_meta'
[0.097s] Level 1:colcon.colcon_core.package_identification:_identify(docs) by extensions ['ros']
[0.097s] Level 1:colcon.colcon_core.package_identification:_identify(docs) by extension 'ros'
[0.097s] Level 1:colcon.colcon_core.package_identification:_identify(docs) by extensions ['cmake', 'python']
[0.097s] Level 1:colcon.colcon_core.package_identification:_identify(docs) by extension 'cmake'
[0.097s] Level 1:colcon.colcon_core.package_identification:_identify(docs) by extension 'python'
[0.097s] Level 1:colcon.colcon_core.package_identification:_identify(docs) by extensions ['python_setup_py']
[0.097s] Level 1:colcon.colcon_core.package_identification:_identify(docs) by extension 'python_setup_py'
[0.097s] Level 1:colcon.colcon_core.package_identification:_identify(install) by extensions ['ignore', 'ignore_ament_install']
[0.097s] Level 1:colcon.colcon_core.package_identification:_identify(install) by extension 'ignore'
[0.097s] Level 1:colcon.colcon_core.package_identification:_identify(install) ignored
[0.097s] Level 1:colcon.colcon_core.package_identification:_identify(log) by extensions ['ignore', 'ignore_ament_install']
[0.097s] Level 1:colcon.colcon_core.package_identification:_identify(log) by extension 'ignore'
[0.097s] Level 1:colcon.colcon_core.package_identification:_identify(log) ignored
[0.097s] Level 1:colcon.colcon_core.package_identification:_identify(ros2_ws) by extensions ['ignore', 'ignore_ament_install']
[0.097s] Level 1:colcon.colcon_core.package_identification:_identify(ros2_ws) by extension 'ignore'
[0.097s] Level 1:colcon.colcon_core.package_identification:_identify(ros2_ws) by extension 'ignore_ament_install'
[0.097s] Level 1:colcon.colcon_core.package_identification:_identify(ros2_ws) by extensions ['colcon_pkg']
[0.097s] Level 1:colcon.colcon_core.package_identification:_identify(ros2_ws) by extension 'colcon_pkg'
[0.097s] Level 1:colcon.colcon_core.package_identification:_identify(ros2_ws) by extensions ['colcon_meta']
[0.097s] Level 1:colcon.colcon_core.package_identification:_identify(ros2_ws) by extension 'colcon_meta'
[0.097s] Level 1:colcon.colcon_core.package_identification:_identify(ros2_ws) by extensions ['ros']
[0.097s] Level 1:colcon.colcon_core.package_identification:_identify(ros2_ws) by extension 'ros'
[0.097s] Level 1:colcon.colcon_core.package_identification:_identify(ros2_ws) by extensions ['cmake', 'python']
[0.097s] Level 1:colcon.colcon_core.package_identification:_identify(ros2_ws) by extension 'cmake'
[0.097s] Level 1:colcon.colcon_core.package_identification:_identify(ros2_ws) by extension 'python'
[0.097s] Level 1:colcon.colcon_core.package_identification:_identify(ros2_ws) by extensions ['python_setup_py']
[0.097s] Level 1:colcon.colcon_core.package_identification:_identify(ros2_ws) by extension 'python_setup_py'
[0.098s] Level 1:colcon.colcon_core.package_identification:_identify(ros2_ws/build) by extensions ['ignore', 'ignore_ament_install']
[0.098s] Level 1:colcon.colcon_core.package_identification:_identify(ros2_ws/build) by extension 'ignore'
[0.098s] Level 1:colcon.colcon_core.package_identification:_identify(ros2_ws/build) ignored
[0.098s] Level 1:colcon.colcon_core.package_identification:_identify(ros2_ws/install) by extensions ['ignore', 'ignore_ament_install']
[0.098s] Level 1:colcon.colcon_core.package_identification:_identify(ros2_ws/install) by extension 'ignore'
[0.098s] Level 1:colcon.colcon_core.package_identification:_identify(ros2_ws/install) ignored
[0.098s] Level 1:colcon.colcon_core.package_identification:_identify(ros2_ws/log) by extensions ['ignore', 'ignore_ament_install']
[0.098s] Level 1:colcon.colcon_core.package_identification:_identify(ros2_ws/log) by extension 'ignore'
[0.098s] Level 1:colcon.colcon_core.package_identification:_identify(ros2_ws/log) ignored
[0.098s] Level 1:colcon.colcon_core.package_identification:_identify(ros2_ws/src) by extensions ['ignore', 'ignore_ament_install']
[0.098s] Level 1:colcon.colcon_core.package_identification:_identify(ros2_ws/src) by extension 'ignore'
[0.098s] Level 1:colcon.colcon_core.package_identification:_identify(ros2_ws/src) by extension 'ignore_ament_install'
[0.098s] Level 1:colcon.colcon_core.package_identification:_identify(ros2_ws/src) by extensions ['colcon_pkg']
[0.098s] Level 1:colcon.colcon_core.package_identification:_identify(ros2_ws/src) by extension 'colcon_pkg'
[0.098s] Level 1:colcon.colcon_core.package_identification:_identify(ros2_ws/src) by extensions ['colcon_meta']
[0.098s] Level 1:colcon.colcon_core.package_identification:_identify(ros2_ws/src) by extension 'colcon_meta'
[0.098s] Level 1:colcon.colcon_core.package_identification:_identify(ros2_ws/src) by extensions ['ros']
[0.098s] Level 1:colcon.colcon_core.package_identification:_identify(ros2_ws/src) by extension 'ros'
[0.098s] Level 1:colcon.colcon_core.package_identification:_identify(ros2_ws/src) by extensions ['cmake', 'python']
[0.098s] Level 1:colcon.colcon_core.package_identification:_identify(ros2_ws/src) by extension 'cmake'
[0.098s] Level 1:colcon.colcon_core.package_identification:_identify(ros2_ws/src) by extension 'python'
[0.098s] Level 1:colcon.colcon_core.package_identification:_identify(ros2_ws/src) by extensions ['python_setup_py']
[0.098s] Level 1:colcon.colcon_core.package_identification:_identify(ros2_ws/src) by extension 'python_setup_py'
[0.098s] Level 1:colcon.colcon_core.package_identification:_identify(ros2_ws/src/build) by extensions ['ignore', 'ignore_ament_install']
[0.098s] Level 1:colcon.colcon_core.package_identification:_identify(ros2_ws/src/build) by extension 'ignore'
[0.098s] Level 1:colcon.colcon_core.package_identification:_identify(ros2_ws/src/build) ignored
[0.098s] Level 1:colcon.colcon_core.package_identification:_identify(ros2_ws/src/drive) by extensions ['ignore', 'ignore_ament_install']
[0.098s] Level 1:colcon.colcon_core.package_identification:_identify(ros2_ws/src/drive) by extension 'ignore'
[0.098s] Level 1:colcon.colcon_core.package_identification:_identify(ros2_ws/src/drive) by extension 'ignore_ament_install'
[0.098s] Level 1:colcon.colcon_core.package_identification:_identify(ros2_ws/src/drive) by extensions ['colcon_pkg']
[0.098s] Level 1:colcon.colcon_core.package_identification:_identify(ros2_ws/src/drive) by extension 'colcon_pkg'
[0.098s] Level 1:colcon.colcon_core.package_identification:_identify(ros2_ws/src/drive) by extensions ['colcon_meta']
[0.098s] Level 1:colcon.colcon_core.package_identification:_identify(ros2_ws/src/drive) by extension 'colcon_meta'
[0.098s] Level 1:colcon.colcon_core.package_identification:_identify(ros2_ws/src/drive) by extensions ['ros']
[0.098s] Level 1:colcon.colcon_core.package_identification:_identify(ros2_ws/src/drive) by extension 'ros'
[0.098s] Level 1:colcon.colcon_core.package_identification:_identify(ros2_ws/src/drive) by extensions ['cmake', 'python']
[0.098s] Level 1:colcon.colcon_core.package_identification:_identify(ros2_ws/src/drive) by extension 'cmake'
[0.098s] Level 1:colcon.colcon_core.package_identification:_identify(ros2_ws/src/drive) by extension 'python'
[0.099s] Level 1:colcon.colcon_core.package_identification:_identify(ros2_ws/src/drive) by extensions ['python_setup_py']
[0.099s] Level 1:colcon.colcon_core.package_identification:_identify(ros2_ws/src/drive) by extension 'python_setup_py'
[0.099s] Level 1:colcon.colcon_core.package_identification:_identify(ros2_ws/src/install) by extensions ['ignore', 'ignore_ament_install']
[0.099s] Level 1:colcon.colcon_core.package_identification:_identify(ros2_ws/src/install) by extension 'ignore'
[0.099s] Level 1:colcon.colcon_core.package_identification:_identify(ros2_ws/src/install) ignored
[0.099s] Level 1:colcon.colcon_core.package_identification:_identify(ros2_ws/src/log) by extensions ['ignore', 'ignore_ament_install']
[0.099s] Level 1:colcon.colcon_core.package_identification:_identify(ros2_ws/src/log) by extension 'ignore'
[0.099s] Level 1:colcon.colcon_core.package_identification:_identify(ros2_ws/src/log) ignored
[0.099s] Level 1:colcon.colcon_core.package_identification:_identify(ros2_ws/src/shared_interfaces) by extensions ['ignore', 'ignore_ament_install']
[0.099s] Level 1:colcon.colcon_core.package_identification:_identify(ros2_ws/src/shared_interfaces) by extension 'ignore'
[0.099s] Level 1:colcon.colcon_core.package_identification:_identify(ros2_ws/src/shared_interfaces) by extension 'ignore_ament_install'
[0.099s] Level 1:colcon.colcon_core.package_identification:_identify(ros2_ws/src/shared_interfaces) by extensions ['colcon_pkg']
[0.099s] Level 1:colcon.colcon_core.package_identification:_identify(ros2_ws/src/shared_interfaces) by extension 'colcon_pkg'
[0.099s] Level 1:colcon.colcon_core.package_identification:_identify(ros2_ws/src/shared_interfaces) by extensions ['colcon_meta']
[0.099s] Level 1:colcon.colcon_core.package_identification:_identify(ros2_ws/src/shared_interfaces) by extension 'colcon_meta'
[0.099s] Level 1:colcon.colcon_core.package_identification:_identify(ros2_ws/src/shared_interfaces) by extensions ['ros']
[0.099s] Level 1:colcon.colcon_core.package_identification:_identify(ros2_ws/src/shared_interfaces) by extension 'ros'
[0.100s] DEBUG:colcon.colcon_core.package_identification:Package 'ros2_ws/src/shared_interfaces' with type 'ros.ament_cmake' and name 'shared_interfaces'
[0.100s] Level 1:colcon.colcon_core.package_identification:_identify(ros2_ws/src/user_interface) by extensions ['ignore', 'ignore_ament_install']
[0.100s] Level 1:colcon.colcon_core.package_identification:_identify(ros2_ws/src/user_interface) by extension 'ignore'
[0.100s] Level 1:colcon.colcon_core.package_identification:_identify(ros2_ws/src/user_interface) by extension 'ignore_ament_install'
[0.100s] Level 1:colcon.colcon_core.package_identification:_identify(ros2_ws/src/user_interface) by extensions ['colcon_pkg']
[0.100s] Level 1:colcon.colcon_core.package_identification:_identify(ros2_ws/src/user_interface) by extension 'colcon_pkg'
[0.100s] Level 1:colcon.colcon_core.package_identification:_identify(ros2_ws/src/user_interface) by extensions ['colcon_meta']
[0.100s] Level 1:colcon.colcon_core.package_identification:_identify(ros2_ws/src/user_interface) by extension 'colcon_meta'
[0.100s] Level 1:colcon.colcon_core.package_identification:_identify(ros2_ws/src/user_interface) by extensions ['ros']
[0.100s] Level 1:colcon.colcon_core.package_identification:_identify(ros2_ws/src/user_interface) by extension 'ros'
[0.101s] DEBUG:colcon.colcon_core.package_identification:Package 'ros2_ws/src/user_interface' with type 'ros.ament_cmake' and name 'user_interface'
[0.101s] Level 1:colcon.colcon_core.package_identification:_identify(ros2_ws/src/vision) by extensions ['ignore', 'ignore_ament_install']
[0.101s] Level 1:colcon.colcon_core.package_identification:_identify(ros2_ws/src/vision) by extension 'ignore'
[0.101s] Level 1:colcon.colcon_core.package_identification:_identify(ros2_ws/src/vision) by extension 'ignore_ament_install'
[0.101s] Level 1:colcon.colcon_core.package_identification:_identify(ros2_ws/src/vision) by extensions ['colcon_pkg']
[0.101s] Level 1:colcon.colcon_core.package_identification:_identify(ros2_ws/src/vision) by extension 'colcon_pkg'
[0.101s] Level 1:colcon.colcon_core.package_identification:_identify(ros2_ws/src/vision) by extensions ['colcon_meta']
[0.101s] Level 1:colcon.colcon_core.package_identification:_identify(ros2_ws/src/vision) by extension 'colcon_meta'
[0.101s] Level 1:colcon.colcon_core.package_identification:_identify(ros2_ws/src/vision) by extensions ['ros']
[0.101s] Level 1:colcon.colcon_core.package_identification:_identify(ros2_ws/src/vision) by extension 'ros'
[0.101s] Level 1:colcon.colcon_core.package_identification:_identify(ros2_ws/src/vision) by extensions ['cmake', 'python']
[0.101s] Level 1:colcon.colcon_core.package_identification:_identify(ros2_ws/src/vision) by extension 'cmake'
[0.101s] Level 1:colcon.colcon_core.package_identification:_identify(ros2_ws/src/vision) by extension 'python'
[0.101s] Level 1:colcon.colcon_core.package_identification:_identify(ros2_ws/src/vision) by extensions ['python_setup_py']
[0.101s] Level 1:colcon.colcon_core.package_identification:_identify(ros2_ws/src/vision) by extension 'python_setup_py'
[0.101s] Level 1:colcon.colcon_core.package_identification:_identify(style) by extensions ['ignore', 'ignore_ament_install']
[0.101s] Level 1:colcon.colcon_core.package_identification:_identify(style) by extension 'ignore'
[0.101s] Level 1:colcon.colcon_core.package_identification:_identify(style) by extension 'ignore_ament_install'
[0.101s] Level 1:colcon.colcon_core.package_identification:_identify(style) by extensions ['colcon_pkg']
[0.101s] Level 1:colcon.colcon_core.package_identification:_identify(style) by extension 'colcon_pkg'
[0.102s] Level 1:colcon.colcon_core.package_identification:_identify(style) by extensions ['colcon_meta']
[0.102s] Level 1:colcon.colcon_core.package_identification:_identify(style) by extension 'colcon_meta'
[0.102s] Level 1:colcon.colcon_core.package_identification:_identify(style) by extensions ['ros']
[0.102s] Level 1:colcon.colcon_core.package_identification:_identify(style) by extension 'ros'
[0.102s] Level 1:colcon.colcon_core.package_identification:_identify(style) by extensions ['cmake', 'python']
[0.102s] Level 1:colcon.colcon_core.package_identification:_identify(style) by extension 'cmake'
[0.102s] Level 1:colcon.colcon_core.package_identification:_identify(style) by extension 'python'
[0.102s] Level 1:colcon.colcon_core.package_identification:_identify(style) by extensions ['python_setup_py']
[0.102s] Level 1:colcon.colcon_core.package_identification:_identify(style) by extension 'python_setup_py'
[0.102s] Level 1:colcon.colcon_core.package_discovery:discover_packages(recursive) using defaults
[0.102s] Level 1:colcon.colcon_core.package_discovery:discover_packages(ignore) discover
[0.102s] Level 1:colcon.colcon_core.package_discovery:discover_packages(ignore) using defaults
[0.102s] Level 1:colcon.colcon_core.package_discovery:discover_packages(path) discover
[0.102s] Level 1:colcon.colcon_core.package_discovery:discover_packages(path) using defaults
[0.112s] Level 1:colcon.colcon_core.package_discovery:discover_packages(prefix_path) check parameters
[0.112s] Level 1:colcon.colcon_core.package_discovery:discover_packages(prefix_path) discover
[0.114s] DEBUG:colcon.colcon_installed_package_information.package_discovery:Found 15 installed packages in /home/matylda-hayne/turtlebot3_ws/install
[0.114s] DEBUG:colcon.colcon_installed_package_information.package_discovery:Found 0 installed packages in /home/matylda-hayne/turtlebot3_ws/src/turtlebot3_simulations/turtlebot3_gazebo/launch/install
[0.114s] DEBUG:colcon.colcon_installed_package_information.package_discovery:Found 3 installed packages in /home/matylda-hayne/install
[0.114s] DEBUG:colcon.colcon_installed_package_information.package_discovery:Found 1 installed packages in /home/matylda-hayne/mtrx3760_ws/install
[0.115s] DEBUG:colcon.colcon_installed_package_information.package_discovery:Found 398 installed packages in /opt/ros/jazzy
[0.116s] Level 1:colcon.colcon_core.package_discovery:discover_packages(prefix_path) using defaults
[0.144s] Level 5:colcon.colcon_core.verb:set package 'shared_interfaces' build argument 'cmake_args' from command line to 'None'
[0.144s] Level 5:colcon.colcon_core.verb:set package 'shared_interfaces' build argument 'cmake_target' from command line to 'None'
[0.144s] Level 5:colcon.colcon_core.verb:set package 'shared_interfaces' build argument 'cmake_target_skip_unavailable' from command line to 'False'
[0.144s] Level 5:colcon.colcon_core.verb:set package 'shared_interfaces' build argument 'cmake_clean_cache' from command line to 'False'
[0.144s] Level 5:colcon.colcon_core.verb:set package 'shared_interfaces' build argument 'cmake_clean_first' from command line to 'False'
[0.144s] Level 5:colcon.colcon_core.verb:set package 'shared_interfaces' build argument 'cmake_force_configure' from command line to 'False'
[0.144s] Level 5:colcon.colcon_core.verb:set package 'shared_interfaces' build argument 'ament_cmake_args' from command line to 'None'
[0.144s] Level 5:colcon.colcon_core.verb:set package 'shared_interfaces' build argument 'catkin_cmake_args' from command line to 'None'
[0.145s] Level 5:colcon.colcon_core.verb:set package 'shared_interfaces' build argument 'catkin_skip_building_tests' from command line to 'False'
[0.145s] DEBUG:colcon.colcon_core.verb:Building package 'shared_interfaces' with the following arguments: {'ament_cmake_args': None, 'build_base': '/home/matylda-hayne/mtrx3760_p2/MTRX3760_PROJECT_2/build/shared_interfaces', 'catkin_cmake_args': None, 'catkin_skip_building_tests': False, 'cmake_args': None, 'cmake_clean_cache': False, 'cmake_clean_first': False, 'cmake_force_configure': False, 'cmake_target': None, 'cmake_target_skip_unavailable': False, 'install_base': '/home/matylda-hayne/mtrx3760_p2/MTRX3760_PROJECT_2/install/shared_interfaces', 'merge_install': False, 'path': '/home/matylda-hayne/mtrx3760_p2/MTRX3760_PROJECT_2/ros2_ws/src/shared_interfaces', 'symlink_install': False, 'test_result_base': None}
[0.145s] Level 5:colcon.colcon_core.verb:set package 'user_interface' build argument 'cmake_args' from command line to 'None'
[0.145s] Level 5:colcon.colcon_core.verb:set package 'user_interface' build argument 'cmake_target' from command line to 'None'
[0.145s] Level 5:colcon.colcon_core.verb:set package 'user_interface' build argument 'cmake_target_skip_unavailable' from command line to 'False'
[0.145s] Level 5:colcon.colcon_core.verb:set package 'user_interface' build argument 'cmake_clean_cache' from command line to 'False'
[0.145s] Level 5:colcon.colcon_core.verb:set package 'user_interface' build argument 'cmake_clean_first' from command line to 'False'
[0.145s] Level 5:colcon.colcon_core.verb:set package 'user_interface' build argument 'cmake_force_configure' from command line to 'False'
[0.145s] Level 5:colcon.colcon_core.verb:set package 'user_interface' build argument 'ament_cmake_args' from command line to 'None'
[0.145s] Level 5:colcon.colcon_core.verb:set package 'user_interface' build argument 'catkin_cmake_args' from command line to 'None'
[0.145s] Level 5:colcon.colcon_core.verb:set package 'user_interface' build argument 'catkin_skip_building_tests' from command line to 'False'
[0.145s] DEBUG:colcon.colcon_core.verb:Building package 'user_interface' with the following arguments: {'ament_cmake_args': None, 'build_base': '/home/matylda-hayne/mtrx3760_p2/MTRX3760_PROJECT_2/build/user_interface', 'catkin_cmake_args': None, 'catkin_skip_building_tests': False, 'cmake_args': None, 'cmake_clean_cache': False, 'cmake_clean_first': False, 'cmake_force_configure': False, 'cmake_target': None, 'cmake_target_skip_unavailable': False, 'install_base': '/home/matylda-hayne/mtrx3760_p2/MTRX3760_PROJECT_2/install/user_interface', 'merge_install': False, 'path': '/home/matylda-hayne/mtrx3760_p2/MTRX3760_PROJECT_2/ros2_ws/src/user_interface', 'symlink_install': False, 'test_result_base': None}
[0.145s] INFO:colcon.colcon_core.executor:Executing jobs using 'parallel' executor
[0.146s] DEBUG:colcon.colcon_parallel_executor.executor.parallel:run_until_complete
[0.146s] INFO:colcon.colcon_ros.task.ament_cmake.build:Building ROS package in '/home/matylda-hayne/mtrx3760_p2/MTRX3760_PROJECT_2/ros2_ws/src/shared_interfaces' with build type 'ament_cmake'
[0.146s] INFO:colcon.colcon_cmake.task.cmake.build:Building CMake package in '/home/matylda-hayne/mtrx3760_p2/MTRX3760_PROJECT_2/ros2_ws/src/shared_interfaces'
[0.148s] INFO:colcon.colcon_core.plugin_system:Skipping extension 'colcon_core.shell.bat': Not used on non-Windows systems
[0.148s] INFO:colcon.colcon_core.shell:Skip shell extension 'powershell' for command environment: Not usable outside of PowerShell
[0.148s] DEBUG:colcon.colcon_core.shell:Skip shell extension 'dsv' for command environment
[0.158s] DEBUG:colcon.colcon_core.event_handler.log_command:Invoking command in '/home/matylda-hayne/mtrx3760_p2/MTRX3760_PROJECT_2/build/shared_interfaces': CMAKE_PREFIX_PATH=${CMAKE_PREFIX_PATH}:/home/matylda-hayne/turtlebot3_ws/install/turtlebot3_teleop:/home/matylda-hayne/turtlebot3_ws/install/turtlebot3_example:/opt/ros/jazzy DEBUGINFOD_URLS=https://debuginfod.ubuntu.com /usr/bin/cmake --build /home/matylda-hayne/mtrx3760_p2/MTRX3760_PROJECT_2/build/shared_interfaces -- -j20 -l20
[0.467s] DEBUG:colcon.colcon_core.event_handler.log_command:Invoked command in '/home/matylda-hayne/mtrx3760_p2/MTRX3760_PROJECT_2/build/shared_interfaces' returned '0': CMAKE_PREFIX_PATH=${CMAKE_PREFIX_PATH}:/home/matylda-hayne/turtlebot3_ws/install/turtlebot3_teleop:/home/matylda-hayne/turtlebot3_ws/install/turtlebot3_example:/opt/ros/jazzy DEBUGINFOD_URLS=https://debuginfod.ubuntu.com /usr/bin/cmake --build /home/matylda-hayne/mtrx3760_p2/MTRX3760_PROJECT_2/build/shared_interfaces -- -j20 -l20
[0.475s] DEBUG:colcon.colcon_core.event_handler.log_command:Invoking command in '/home/matylda-hayne/mtrx3760_p2/MTRX3760_PROJECT_2/build/shared_interfaces': CMAKE_PREFIX_PATH=${CMAKE_PREFIX_PATH}:/home/matylda-hayne/turtlebot3_ws/install/turtlebot3_teleop:/home/matylda-hayne/turtlebot3_ws/install/turtlebot3_example:/opt/ros/jazzy DEBUGINFOD_URLS=https://debuginfod.ubuntu.com /usr/bin/cmake --install /home/matylda-hayne/mtrx3760_p2/MTRX3760_PROJECT_2/build/shared_interfaces
[0.518s] Level 1:colcon.colcon_core.environment:create_environment_scripts_only(shared_interfaces)
[0.519s] DEBUG:colcon.colcon_core.event_handler.log_command:Invoked command in '/home/matylda-hayne/mtrx3760_p2/MTRX3760_PROJECT_2/build/shared_interfaces' returned '0': CMAKE_PREFIX_PATH=${CMAKE_PREFIX_PATH}:/home/matylda-hayne/turtlebot3_ws/install/turtlebot3_teleop:/home/matylda-hayne/turtlebot3_ws/install/turtlebot3_example:/opt/ros/jazzy DEBUGINFOD_URLS=https://debuginfod.ubuntu.com /usr/bin/cmake --install /home/matylda-hayne/mtrx3760_p2/MTRX3760_PROJECT_2/build/shared_interfaces
[0.520s] Level 1:colcon.colcon_core.environment:checking '/home/matylda-hayne/mtrx3760_p2/MTRX3760_PROJECT_2/install/shared_interfaces' for CMake module files
[0.520s] Level 1:colcon.colcon_core.environment:checking '/home/matylda-hayne/mtrx3760_p2/MTRX3760_PROJECT_2/install/shared_interfaces' for CMake config files
[0.521s] Level 1:colcon.colcon_core.shell:create_environment_hook('shared_interfaces', 'cmake_prefix_path')
[0.521s] INFO:colcon.colcon_core.shell:Creating environment hook '/home/matylda-hayne/mtrx3760_p2/MTRX3760_PROJECT_2/install/shared_interfaces/share/shared_interfaces/hook/cmake_prefix_path.ps1'
[0.521s] INFO:colcon.colcon_core.shell:Creating environment descriptor '/home/matylda-hayne/mtrx3760_p2/MTRX3760_PROJECT_2/install/shared_interfaces/share/shared_interfaces/hook/cmake_prefix_path.dsv'
[0.521s] INFO:colcon.colcon_core.shell:Creating environment hook '/home/matylda-hayne/mtrx3760_p2/MTRX3760_PROJECT_2/install/shared_interfaces/share/shared_interfaces/hook/cmake_prefix_path.sh'
[0.522s] Level 1:colcon.colcon_core.environment:checking '/home/matylda-hayne/mtrx3760_p2/MTRX3760_PROJECT_2/install/shared_interfaces/lib'
[0.522s] Level 1:colcon.colcon_core.shell:create_environment_hook('shared_interfaces', 'ld_library_path_lib')
[0.522s] INFO:colcon.colcon_core.shell:Creating environment hook '/home/matylda-hayne/mtrx3760_p2/MTRX3760_PROJECT_2/install/shared_interfaces/share/shared_interfaces/hook/ld_library_path_lib.ps1'
[0.522s] INFO:colcon.colcon_core.shell:Creating environment descriptor '/home/matylda-hayne/mtrx3760_p2/MTRX3760_PROJECT_2/install/shared_interfaces/share/shared_interfaces/hook/ld_library_path_lib.dsv'
[0.522s] INFO:colcon.colcon_core.shell:Creating environment hook '/home/matylda-hayne/mtrx3760_p2/MTRX3760_PROJECT_2/install/shared_interfaces/share/shared_interfaces/hook/ld_library_path_lib.sh'
[0.523s] Level 1:colcon.colcon_core.environment:checking '/home/matylda-hayne/mtrx3760_p2/MTRX3760_PROJECT_2/install/shared_interfaces/bin'
[0.523s] Level 1:colcon.colcon_core.environment:checking '/home/matylda-hayne/mtrx3760_p2/MTRX3760_PROJECT_2/install/shared_interfaces/lib/pkgconfig/shared_interfaces.pc'
[0.523s] Level 1:colcon.colcon_core.environment:checking '/home/matylda-hayne/mtrx3760_p2/MTRX3760_PROJECT_2/install/shared_interfaces/lib/python3.12/site-packages'
[0.523s] Level 1:colcon.colcon_core.shell:create_environment_hook('shared_interfaces', 'pythonpath')
[0.523s] INFO:colcon.colcon_core.shell:Creating environment hook '/home/matylda-hayne/mtrx3760_p2/MTRX3760_PROJECT_2/install/shared_interfaces/share/shared_interfaces/hook/pythonpath.ps1'
[0.523s] INFO:colcon.colcon_core.shell:Creating environment descriptor '/home/matylda-hayne/mtrx3760_p2/MTRX3760_PROJECT_2/install/shared_interfaces/share/shared_interfaces/hook/pythonpath.dsv'
[0.523s] INFO:colcon.colcon_core.shell:Creating environment hook '/home/matylda-hayne/mtrx3760_p2/MTRX3760_PROJECT_2/install/shared_interfaces/share/shared_interfaces/hook/pythonpath.sh'
[0.523s] Level 1:colcon.colcon_core.environment:checking '/home/matylda-hayne/mtrx3760_p2/MTRX3760_PROJECT_2/install/shared_interfaces/bin'
[0.524s] INFO:colcon.colcon_core.shell:Creating package script '/home/matylda-hayne/mtrx3760_p2/MTRX3760_PROJECT_2/install/shared_interfaces/share/shared_interfaces/package.ps1'
[0.524s] INFO:colcon.colcon_core.shell:Creating package descriptor '/home/matylda-hayne/mtrx3760_p2/MTRX3760_PROJECT_2/install/shared_interfaces/share/shared_interfaces/package.dsv'
[0.524s] INFO:colcon.colcon_core.shell:Creating package script '/home/matylda-hayne/mtrx3760_p2/MTRX3760_PROJECT_2/install/shared_interfaces/share/shared_interfaces/package.sh'
[0.525s] INFO:colcon.colcon_core.shell:Creating package script '/home/matylda-hayne/mtrx3760_p2/MTRX3760_PROJECT_2/install/shared_interfaces/share/shared_interfaces/package.bash'
[0.525s] INFO:colcon.colcon_core.shell:Creating package script '/home/matylda-hayne/mtrx3760_p2/MTRX3760_PROJECT_2/install/shared_interfaces/share/shared_interfaces/package.zsh'
[0.525s] Level 1:colcon.colcon_core.environment:create_file_with_runtime_dependencies(/home/matylda-hayne/mtrx3760_p2/MTRX3760_PROJECT_2/install/shared_interfaces/share/colcon-core/packages/shared_interfaces)
[0.526s] Level 1:colcon.colcon_core.environment:create_environment_scripts_only(shared_interfaces)
[0.526s] Level 1:colcon.colcon_core.environment:checking '/home/matylda-hayne/mtrx3760_p2/MTRX3760_PROJECT_2/install/shared_interfaces' for CMake module files
[0.526s] Level 1:colcon.colcon_core.environment:checking '/home/matylda-hayne/mtrx3760_p2/MTRX3760_PROJECT_2/install/shared_interfaces' for CMake config files
[0.527s] Level 1:colcon.colcon_core.shell:create_environment_hook('shared_interfaces', 'cmake_prefix_path')
[0.527s] INFO:colcon.colcon_core.shell:Creating environment hook '/home/matylda-hayne/mtrx3760_p2/MTRX3760_PROJECT_2/install/shared_interfaces/share/shared_interfaces/hook/cmake_prefix_path.ps1'
[0.527s] INFO:colcon.colcon_core.shell:Creating environment descriptor '/home/matylda-hayne/mtrx3760_p2/MTRX3760_PROJECT_2/install/shared_interfaces/share/shared_interfaces/hook/cmake_prefix_path.dsv'
[0.527s] INFO:colcon.colcon_core.shell:Creating environment hook '/home/matylda-hayne/mtrx3760_p2/MTRX3760_PROJECT_2/install/shared_interfaces/share/shared_interfaces/hook/cmake_prefix_path.sh'
[0.528s] Level 1:colcon.colcon_core.environment:checking '/home/matylda-hayne/mtrx3760_p2/MTRX3760_PROJECT_2/install/shared_interfaces/lib'
[0.528s] Level 1:colcon.colcon_core.shell:create_environment_hook('shared_interfaces', 'ld_library_path_lib')
[0.528s] INFO:colcon.colcon_core.shell:Creating environment hook '/home/matylda-hayne/mtrx3760_p2/MTRX3760_PROJECT_2/install/shared_interfaces/share/shared_interfaces/hook/ld_library_path_lib.ps1'
[0.528s] INFO:colcon.colcon_core.shell:Creating environment descriptor '/home/matylda-hayne/mtrx3760_p2/MTRX3760_PROJECT_2/install/shared_interfaces/share/shared_interfaces/hook/ld_library_path_lib.dsv'
[0.528s] INFO:colcon.colcon_core.shell:Creating environment hook '/home/matylda-hayne/mtrx3760_p2/MTRX3760_PROJECT_2/install/shared_interfaces/share/shared_interfaces/hook/ld_library_path_lib.sh'
[0.528s] Level 1:colcon.colcon_core.environment:checking '/home/matylda-hayne/mtrx3760_p2/MTRX3760_PROJECT_2/install/shared_interfaces/bin'
[0.528s] Level 1:colcon.colcon_core.environment:checking '/home/matylda-hayne/mtrx3760_p2/MTRX3760_PROJECT_2/install/shared_interfaces/lib/pkgconfig/shared_interfaces.pc'
[0.528s] Level 1:colcon.colcon_core.environment:checking '/home/matylda-hayne/mtrx3760_p2/MTRX3760_PROJECT_2/install/shared_interfaces/lib/python3.12/site-packages'
[0.528s] Level 1:colcon.colcon_core.shell:create_environment_hook('shared_interfaces', 'pythonpath')
[0.529s] INFO:colcon.colcon_core.shell:Creating environment hook '/home/matylda-hayne/mtrx3760_p2/MTRX3760_PROJECT_2/install/shared_interfaces/share/shared_interfaces/hook/pythonpath.ps1'
[0.529s] INFO:colcon.colcon_core.shell:Creating environment descriptor '/home/matylda-hayne/mtrx3760_p2/MTRX3760_PROJECT_2/install/shared_interfaces/share/shared_interfaces/hook/pythonpath.dsv'
[0.529s] INFO:colcon.colcon_core.shell:Creating environment hook '/home/matylda-hayne/mtrx3760_p2/MTRX3760_PROJECT_2/install/shared_interfaces/share/shared_interfaces/hook/pythonpath.sh'
[0.529s] Level 1:colcon.colcon_core.environment:checking '/home/matylda-hayne/mtrx3760_p2/MTRX3760_PROJECT_2/install/shared_interfaces/bin'
[0.529s] INFO:colcon.colcon_core.shell:Creating package script '/home/matylda-hayne/mtrx3760_p2/MTRX3760_PROJECT_2/install/shared_interfaces/share/shared_interfaces/package.ps1'
[0.530s] INFO:colcon.colcon_core.shell:Creating package descriptor '/home/matylda-hayne/mtrx3760_p2/MTRX3760_PROJECT_2/install/shared_interfaces/share/shared_interfaces/package.dsv'
[0.530s] INFO:colcon.colcon_core.shell:Creating package script '/home/matylda-hayne/mtrx3760_p2/MTRX3760_PROJECT_2/install/shared_interfaces/share/shared_interfaces/package.sh'
[0.530s] INFO:colcon.colcon_core.shell:Creating package script '/home/matylda-hayne/mtrx3760_p2/MTRX3760_PROJECT_2/install/shared_interfaces/share/shared_interfaces/package.bash'
[0.530s] INFO:colcon.colcon_core.shell:Creating package script '/home/matylda-hayne/mtrx3760_p2/MTRX3760_PROJECT_2/install/shared_interfaces/share/shared_interfaces/package.zsh'
[0.531s] Level 1:colcon.colcon_core.environment:create_file_with_runtime_dependencies(/home/matylda-hayne/mtrx3760_p2/MTRX3760_PROJECT_2/install/shared_interfaces/share/colcon-core/packages/shared_interfaces)
[0.531s] INFO:colcon.colcon_ros.task.ament_cmake.build:Building ROS package in '/home/matylda-hayne/mtrx3760_p2/MTRX3760_PROJECT_2/ros2_ws/src/user_interface' with build type 'ament_cmake'
[0.531s] INFO:colcon.colcon_cmake.task.cmake.build:Building CMake package in '/home/matylda-hayne/mtrx3760_p2/MTRX3760_PROJECT_2/ros2_ws/src/user_interface'
[0.531s] INFO:colcon.colcon_core.shell:Skip shell extension 'powershell' for command environment: Not usable outside of PowerShell
[0.531s] DEBUG:colcon.colcon_core.shell:Skip shell extension 'dsv' for command environment
[0.541s] DEBUG:colcon.colcon_core.event_handler.log_command:Invoking command in '/home/matylda-hayne/mtrx3760_p2/MTRX3760_PROJECT_2/build/user_interface': AMENT_PREFIX_PATH=/home/matylda-hayne/mtrx3760_p2/MTRX3760_PROJECT_2/install/shared_interfaces:${AMENT_PREFIX_PATH} CMAKE_PREFIX_PATH=/home/matylda-hayne/mtrx3760_p2/MTRX3760_PROJECT_2/install/shared_interfaces:/home/matylda-hayne/turtlebot3_ws/install/turtlebot3:/home/matylda-hayne/turtlebot3_ws/install/turtlebot3_simulations:/home/matylda-hayne/turtlebot3_ws/install/turtlebot3_bringup:/home/matylda-hayne/turtlebot3_ws/install/turtlebot3_node:/home/matylda-hayne/turtlebot3_ws/install/turtlebot3_navigation2:/home/matylda-hayne/turtlebot3_ws/install/turtlebot3_fake_node:/home/matylda-hayne/turtlebot3_ws/install/turtlebot3_msgs:/home/matylda-hayne/turtlebot3_ws/install/turtlebot3_gazebo:/home/matylda-hayne/turtlebot3_ws/install/turtlebot3_description:/home/matylda-hayne/turtlebot3_ws/install/turtlebot3_cartographer:/home/matylda-hayne/turtlebot3_ws/install/dynamixel_sdk_examples:/home/matylda-hayne/turtlebot3_ws/install/dynamixel_sdk_custom_interfaces:/home/matylda-hayne/turtlebot3_ws/install/dynamixel_sdk:/home/matylda-hayne/install/turtlebot_maze_solver:/home/matylda-hayne/install/polygon_plugins:/home/matylda-hayne/install/polygon_base:/home/matylda-hayne/mtrx3760_ws/install/turtlebot_maze_solver:/opt/ros/jazzy/opt/gz_sim_vendor:/opt/ros/jazzy/opt/gz_sensors_vendor:/opt/ros/jazzy/opt/gz_physics_vendor:/opt/ros/jazzy/opt/sdformat_vendor:/opt/ros/jazzy/opt/gz_gui_vendor:/opt/ros/jazzy/opt/gz_transport_vendor:/opt/ros/jazzy/opt/gz_rendering_vendor:/opt/ros/jazzy/opt/gz_plugin_vendor:/opt/ros/jazzy/opt/gz_fuel_tools_vendor:/opt/ros/jazzy/opt/gz_msgs_vendor:/opt/ros/jazzy/opt/gz_common_vendor:/opt/ros/jazzy/opt/gz_math_vendor:/opt/ros/jazzy/opt/gz_utils_vendor:/opt/ros/jazzy/opt/gz_tools_vendor:/opt/ros/jazzy/opt/gz_ogre_next_vendor:/opt/ros/jazzy/opt/gz_dartsim_vendor:/opt/ros/jazzy/opt/gz_cmake_vendor:/home/matylda-hayne/turtlebot3_ws/install/turtlebot3_teleop:/home/matylda-hayne/turtlebot3_ws/install/turtlebot3_example:/opt/ros/jazzy DEBUGINFOD_URLS=https://debuginfod.ubuntu.com LD_LIBRARY_PATH=/home/matylda-hayne/mtrx3760_p2/MTRX3760_PROJECT_2/install/shared_interfaces/lib:${LD_LIBRARY_PATH} PYTHONPATH=/home/matylda-hayne/mtrx3760_p2/MTRX3760_PROJECT_2/install/shared_interfaces/lib/python3.12/site-packages:${PYTHONPATH} /usr/bin/cmake --build /home/matylda-hayne/mtrx3760_p2/MTRX3760_PROJECT_2/build/user_interface -- -j20 -l20
[8.788s] DEBUG:colcon.colcon_core.event_handler.log_command:Invoked command in '/home/matylda-hayne/mtrx3760_p2/MTRX3760_PROJECT_2/build/user_interface' returned '0': AMENT_PREFIX_PATH=/home/matylda-hayne/mtrx3760_p2/MTRX3760_PROJECT_2/install/shared_interfaces:${AMENT_PREFIX_PATH} CMAKE_PREFIX_PATH=/home/matylda-hayne/mtrx3760_p2/MTRX3760_PROJECT_2/install/shared_interfaces:/home/matylda-hayne/turtlebot3_ws/install/turtlebot3:/home/matylda-hayne/turtlebot3_ws/install/turtlebot3_simulations:/home/matylda-hayne/turtlebot3_ws/install/turtlebot3_bringup:/home/matylda-hayne/turtlebot3_ws/install/turtlebot3_node:/home/matylda-hayne/turtlebot3_ws/install/turtlebot3_navigation2:/home/matylda-hayne/turtlebot3_ws/install/turtlebot3_fake_node:/home/matylda-hayne/turtlebot3_ws/install/turtlebot3_msgs:/home/matylda-hayne/turtlebot3_ws/install/turtlebot3_gazebo:/home/matylda-hayne/turtlebot3_ws/install/turtlebot3_description:/home/matylda-hayne/turtlebot3_ws/install/turtlebot3_cartographer:/home/matylda-hayne/turtlebot3_ws/install/dynamixel_sdk_examples:/home/matylda-hayne/turtlebot3_ws/install/dynamixel_sdk_custom_interfaces:/home/matylda-hayne/turtlebot3_ws/install/dynamixel_sdk:/home/matylda-hayne/install/turtlebot_maze_solver:/home/matylda-hayne/install/polygon_plugins:/home/matylda-hayne/install/polygon_base:/home/matylda-hayne/mtrx3760_ws/install/turtlebot_maze_solver:/opt/ros/jazzy/opt/gz_sim_vendor:/opt/ros/jazzy/opt/gz_sensors_vendor:/opt/ros/jazzy/opt/gz_physics_vendor:/opt/ros/jazzy/opt/sdformat_vendor:/opt/ros/jazzy/opt/gz_gui_vendor:/opt/ros/jazzy/opt/gz_transport_vendor:/opt/ros/jazzy/opt/gz_rendering_vendor:/opt/ros/jazzy/opt/gz_plugin_vendor:/opt/ros/jazzy/opt/gz_fuel_tools_vendor:/opt/ros/jazzy/opt/gz_msgs_vendor:/opt/ros/jazzy/opt/gz_common_vendor:/opt/ros/jazzy/opt/gz_math_vendor:/opt/ros/jazzy/opt/gz_utils_vendor:/opt/ros/jazzy/opt/gz_tools_vendor:/opt/ros/jazzy/opt/gz_ogre_next_vendor:/opt/ros/jazzy/opt/gz_dartsim_vendor:/opt/ros/jazzy/opt/gz_cmake_vendor:/home/matylda-hayne/turtlebot3_ws/install/turtlebot3_teleop:/home/matylda-hayne/turtlebot3_ws/install/turtlebot3_example:/opt/ros/jazzy DEBUGINFOD_URLS=https://debuginfod.ubuntu.com LD_LIBRARY_PATH=/home/matylda-hayne/mtrx3760_p2/MTRX3760_PROJECT_2/install/shared_interfaces/lib:${LD_LIBRARY_PATH} PYTHONPATH=/home/matylda-hayne/mtrx3760_p2/MTRX3760_PROJECT_2/install/shared_interfaces/lib/python3.12/site-packages:${PYTHONPATH} /usr/bin/cmake --build /home/matylda-hayne/mtrx3760_p2/MTRX3760_PROJECT_2/build/user_interface -- -j20 -l20
[8.789s] DEBUG:colcon.colcon_core.event_handler.log_command:Invoking command in '/home/matylda-hayne/mtrx3760_p2/MTRX3760_PROJECT_2/build/user_interface': AMENT_PREFIX_PATH=/home/matylda-hayne/mtrx3760_p2/MTRX3760_PROJECT_2/install/shared_interfaces:${AMENT_PREFIX_PATH} CMAKE_PREFIX_PATH=/home/matylda-hayne/mtrx3760_p2/MTRX3760_PROJECT_2/install/shared_interfaces:/home/matylda-hayne/turtlebot3_ws/install/turtlebot3:/home/matylda-hayne/turtlebot3_ws/install/turtlebot3_simulations:/home/matylda-hayne/turtlebot3_ws/install/turtlebot3_bringup:/home/matylda-hayne/turtlebot3_ws/install/turtlebot3_node:/home/matylda-hayne/turtlebot3_ws/install/turtlebot3_navigation2:/home/matylda-hayne/turtlebot3_ws/install/turtlebot3_fake_node:/home/matylda-hayne/turtlebot3_ws/install/turtlebot3_msgs:/home/matylda-hayne/turtlebot3_ws/install/turtlebot3_gazebo:/home/matylda-hayne/turtlebot3_ws/install/turtlebot3_description:/home/matylda-hayne/turtlebot3_ws/install/turtlebot3_cartographer:/home/matylda-hayne/turtlebot3_ws/install/dynamixel_sdk_examples:/home/matylda-hayne/turtlebot3_ws/install/dynamixel_sdk_custom_interfaces:/home/matylda-hayne/turtlebot3_ws/install/dynamixel_sdk:/home/matylda-hayne/install/turtlebot_maze_solver:/home/matylda-hayne/install/polygon_plugins:/home/matylda-hayne/install/polygon_base:/home/matylda-hayne/mtrx3760_ws/install/turtlebot_maze_solver:/opt/ros/jazzy/opt/gz_sim_vendor:/opt/ros/jazzy/opt/gz_sensors_vendor:/opt/ros/jazzy/opt/gz_physics_vendor:/opt/ros/jazzy/opt/sdformat_vendor:/opt/ros/jazzy/opt/gz_gui_vendor:/opt/ros/jazzy/opt/gz_transport_vendor:/opt/ros/jazzy/opt/gz_rendering_vendor:/opt/ros/jazzy/opt/gz_plugin_vendor:/opt/ros/jazzy/opt/gz_fuel_tools_vendor:/opt/ros/jazzy/opt/gz_msgs_vendor:/opt/ros/jazzy/opt/gz_common_vendor:/opt/ros/jazzy/opt/gz_math_vendor:/opt/ros/jazzy/opt/gz_utils_vendor:/opt/ros/jazzy/opt/gz_tools_vendor:/opt/ros/jazzy/opt/gz_ogre_next_vendor:/opt/ros/jazzy/opt/gz_dartsim_vendor:/opt/ros/jazzy/opt/gz_cmake_vendor:/home/matylda-hayne/turtlebot3_ws/install/turtlebot3_teleop:/home/matylda-hayne/turtlebot3_ws/install/turtlebot3_example:/opt/ros/jazzy DEBUGINFOD_URLS=https://debuginfod.ubuntu.com LD_LIBRARY_PATH=/home/matylda-hayne/mtrx3760_p2/MTRX3760_PROJECT_2/install/shared_interfaces/lib:${LD_LIBRARY_PATH} PYTHONPATH=/home/matylda-hayne/mtrx3760_p2/MTRX3760_PROJECT_2/install/shared_interfaces/lib/python3.12/site-packages:${PYTHONPATH} /usr/bin/cmake --install /home/matylda-hayne/mtrx3760_p2/MTRX3760_PROJECT_2/build/user_interface
[8.806s] Level 1:colcon.colcon_core.environment:create_environment_scripts_only(user_interface)
[8.806s] Level 1:colcon.colcon_core.environment:checking '/home/matylda-hayne/mtrx3760_p2/MTRX3760_PROJECT_2/install/user_interface' for CMake module files
[8.806s] DEBUG:colcon.colcon_core.event_handler.log_command:Invoked command in '/home/matylda-hayne/mtrx3760_p2/MTRX3760_PROJECT_2/build/user_interface' returned '0': AMENT_PREFIX_PATH=/home/matylda-hayne/mtrx3760_p2/MTRX3760_PROJECT_2/install/shared_interfaces:${AMENT_PREFIX_PATH} CMAKE_PREFIX_PATH=/home/matylda-hayne/mtrx3760_p2/MTRX3760_PROJECT_2/install/shared_interfaces:/home/matylda-hayne/turtlebot3_ws/install/turtlebot3:/home/matylda-hayne/turtlebot3_ws/install/turtlebot3_simulations:/home/matylda-hayne/turtlebot3_ws/install/turtlebot3_bringup:/home/matylda-hayne/turtlebot3_ws/install/turtlebot3_node:/home/matylda-hayne/turtlebot3_ws/install/turtlebot3_navigation2:/home/matylda-hayne/turtlebot3_ws/install/turtlebot3_fake_node:/home/matylda-hayne/turtlebot3_ws/install/turtlebot3_msgs:/home/matylda-hayne/turtlebot3_ws/install/turtlebot3_gazebo:/home/matylda-hayne/turtlebot3_ws/install/turtlebot3_description:/home/matylda-hayne/turtlebot3_ws/install/turtlebot3_cartographer:/home/matylda-hayne/turtlebot3_ws/install/dynamixel_sdk_examples:/home/matylda-hayne/turtlebot3_ws/install/dynamixel_sdk_custom_interfaces:/home/matylda-hayne/turtlebot3_ws/install/dynamixel_sdk:/home/matylda-hayne/install/turtlebot_maze_solver:/home/matylda-hayne/install/polygon_plugins:/home/matylda-hayne/install/polygon_base:/home/matylda-hayne/mtrx3760_ws/install/turtlebot_maze_solver:/opt/ros/jazzy/opt/gz_sim_vendor:/opt/ros/jazzy/opt/gz_sensors_vendor:/opt/ros/jazzy/opt/gz_physics_vendor:/opt/ros/jazzy/opt/sdformat_vendor:/opt/ros/jazzy/opt/gz_gui_vendor:/opt/ros/jazzy/opt/gz_transport_vendor:/opt/ros/jazzy/opt/gz_rendering_vendor:/opt/ros/jazzy/opt/gz_plugin_vendor:/opt/ros/jazzy/opt/gz_fuel_tools_vendor:/opt/ros/jazzy/opt/gz_msgs_vendor:/opt/ros/jazzy/opt/gz_common_vendor:/opt/ros/jazzy/opt/gz_math_vendor:/opt/ros/jazzy/opt/gz_utils_vendor:/opt/ros/jazzy/opt/gz_tools_vendor:/opt/ros/jazzy/opt/gz_ogre_next_vendor:/opt/ros/jazzy/opt/gz_dartsim_vendor:/opt/ros/jazzy/opt/gz_cmake_vendor:/home/matylda-hayne/turtlebot3_ws/install/turtlebot3_teleop:/home/matylda-hayne/turtlebot3_ws/install/turtlebot3_example:/opt/ros/jazzy DEBUGINFOD_URLS=https://debuginfod.ubuntu.com LD_LIBRARY_PATH=/home/matylda-hayne/mtrx3760_p2/MTRX3760_PROJECT_2/install/shared_interfaces/lib:${LD_LIBRARY_PATH} PYTHONPATH=/home/matylda-hayne/mtrx3760_p2/MTRX3760_PROJECT_2/install/shared_interfaces/lib/python3.12/site-packages:${PYTHONPATH} /usr/bin/cmake --install /home/matylda-hayne/mtrx3760_p2/MTRX3760_PROJECT_2/build/user_interface
[8.807s] Level 1:colcon.colcon_core.environment:checking '/home/matylda-hayne/mtrx3760_p2/MTRX3760_PROJECT_2/install/user_interface' for CMake config files
[8.807s] Level 1:colcon.colcon_core.shell:create_environment_hook('user_interface', 'cmake_prefix_path')
[8.808s] INFO:colcon.colcon_core.shell:Creating environment hook '/home/matylda-hayne/mtrx3760_p2/MTRX3760_PROJECT_2/install/user_interface/share/user_interface/hook/cmake_prefix_path.ps1'
[8.808s] INFO:colcon.colcon_core.shell:Creating environment descriptor '/home/matylda-hayne/mtrx3760_p2/MTRX3760_PROJECT_2/install/user_interface/share/user_interface/hook/cmake_prefix_path.dsv'
[8.808s] INFO:colcon.colcon_core.shell:Creating environment hook '/home/matylda-hayne/mtrx3760_p2/MTRX3760_PROJECT_2/install/user_interface/share/user_interface/hook/cmake_prefix_path.sh'
[8.809s] Level 1:colcon.colcon_core.environment:checking '/home/matylda-hayne/mtrx3760_p2/MTRX3760_PROJECT_2/install/user_interface/lib'
[8.809s] Level 1:colcon.colcon_core.environment:checking '/home/matylda-hayne/mtrx3760_p2/MTRX3760_PROJECT_2/install/user_interface/bin'
[8.809s] Level 1:colcon.colcon_core.environment:checking '/home/matylda-hayne/mtrx3760_p2/MTRX3760_PROJECT_2/install/user_interface/lib/pkgconfig/user_interface.pc'
[8.809s] Level 1:colcon.colcon_core.environment:checking '/home/matylda-hayne/mtrx3760_p2/MTRX3760_PROJECT_2/install/user_interface/lib/python3.12/site-packages'
[8.809s] Level 1:colcon.colcon_core.environment:checking '/home/matylda-hayne/mtrx3760_p2/MTRX3760_PROJECT_2/install/user_interface/bin'
[8.810s] INFO:colcon.colcon_core.shell:Creating package script '/home/matylda-hayne/mtrx3760_p2/MTRX3760_PROJECT_2/install/user_interface/share/user_interface/package.ps1'
[8.810s] INFO:colcon.colcon_core.shell:Creating package descriptor '/home/matylda-hayne/mtrx3760_p2/MTRX3760_PROJECT_2/install/user_interface/share/user_interface/package.dsv'
[8.810s] INFO:colcon.colcon_core.shell:Creating package script '/home/matylda-hayne/mtrx3760_p2/MTRX3760_PROJECT_2/install/user_interface/share/user_interface/package.sh'
[8.811s] INFO:colcon.colcon_core.shell:Creating package script '/home/matylda-hayne/mtrx3760_p2/MTRX3760_PROJECT_2/install/user_interface/share/user_interface/package.bash'
[8.811s] INFO:colcon.colcon_core.shell:Creating package script '/home/matylda-hayne/mtrx3760_p2/MTRX3760_PROJECT_2/install/user_interface/share/user_interface/package.zsh'
[8.811s] Level 1:colcon.colcon_core.environment:create_file_with_runtime_dependencies(/home/matylda-hayne/mtrx3760_p2/MTRX3760_PROJECT_2/install/user_interface/share/colcon-core/packages/user_interface)
[8.812s] Level 1:colcon.colcon_core.environment:create_environment_scripts_only(user_interface)
[8.812s] Level 1:colcon.colcon_core.environment:checking '/home/matylda-hayne/mtrx3760_p2/MTRX3760_PROJECT_2/install/user_interface' for CMake module files
[8.812s] Level 1:colcon.colcon_core.environment:checking '/home/matylda-hayne/mtrx3760_p2/MTRX3760_PROJECT_2/install/user_interface' for CMake config files
[8.812s] Level 1:colcon.colcon_core.shell:create_environment_hook('user_interface', 'cmake_prefix_path')
[8.813s] INFO:colcon.colcon_core.shell:Creating environment hook '/home/matylda-hayne/mtrx3760_p2/MTRX3760_PROJECT_2/install/user_interface/share/user_interface/hook/cmake_prefix_path.ps1'
[8.813s] INFO:colcon.colcon_core.shell:Creating environment descriptor '/home/matylda-hayne/mtrx3760_p2/MTRX3760_PROJECT_2/install/user_interface/share/user_interface/hook/cmake_prefix_path.dsv'
[8.813s] INFO:colcon.colcon_core.shell:Creating environment hook '/home/matylda-hayne/mtrx3760_p2/MTRX3760_PROJECT_2/install/user_interface/share/user_interface/hook/cmake_prefix_path.sh'
[8.813s] Level 1:colcon.colcon_core.environment:checking '/home/matylda-hayne/mtrx3760_p2/MTRX3760_PROJECT_2/install/user_interface/lib'
[8.813s] Level 1:colcon.colcon_core.environment:checking '/home/matylda-hayne/mtrx3760_p2/MTRX3760_PROJECT_2/install/user_interface/bin'
[8.813s] Level 1:colcon.colcon_core.environment:checking '/home/matylda-hayne/mtrx3760_p2/MTRX3760_PROJECT_2/install/user_interface/lib/pkgconfig/user_interface.pc'
[8.813s] Level 1:colcon.colcon_core.environment:checking '/home/matylda-hayne/mtrx3760_p2/MTRX3760_PROJECT_2/install/user_interface/lib/python3.12/site-packages'
[8.814s] Level 1:colcon.colcon_core.environment:checking '/home/matylda-hayne/mtrx3760_p2/MTRX3760_PROJECT_2/install/user_interface/bin'
[8.814s] INFO:colcon.colcon_core.shell:Creating package script '/home/matylda-hayne/mtrx3760_p2/MTRX3760_PROJECT_2/install/user_interface/share/user_interface/package.ps1'
[8.814s] INFO:colcon.colcon_core.shell:Creating package descriptor '/home/matylda-hayne/mtrx3760_p2/MTRX3760_PROJECT_2/install/user_interface/share/user_interface/package.dsv'
[8.814s] INFO:colcon.colcon_core.shell:Creating package script '/home/matylda-hayne/mtrx3760_p2/MTRX3760_PROJECT_2/install/user_interface/share/user_interface/package.sh'
[8.814s] INFO:colcon.colcon_core.shell:Creating package script '/home/matylda-hayne/mtrx3760_p2/MTRX3760_PROJECT_2/install/user_interface/share/user_interface/package.bash'
[8.814s] INFO:colcon.colcon_core.shell:Creating package script '/home/matylda-hayne/mtrx3760_p2/MTRX3760_PROJECT_2/install/user_interface/share/user_interface/package.zsh'
[8.815s] Level 1:colcon.colcon_core.environment:create_file_with_runtime_dependencies(/home/matylda-hayne/mtrx3760_p2/MTRX3760_PROJECT_2/install/user_interface/share/colcon-core/packages/user_interface)
[8.815s] DEBUG:colcon.colcon_parallel_executor.executor.parallel:closing loop
[8.815s] DEBUG:colcon.colcon_parallel_executor.executor.parallel:loop closed
[8.815s] DEBUG:colcon.colcon_parallel_executor.executor.parallel:run_until_complete finished with '0'
[8.815s] DEBUG:colcon.colcon_core.event_reactor:joining thread
[8.819s] INFO:colcon.colcon_core.plugin_system:Skipping extension 'colcon_notification.desktop_notification.terminal_notifier': Not used on non-Darwin systems
[8.820s] INFO:colcon.colcon_core.plugin_system:Skipping extension 'colcon_notification.desktop_notification.win32': Not used on non-Windows systems
[8.820s] INFO:colcon.colcon_notification.desktop_notification:Sending desktop notification using 'notify2'
[8.830s] DEBUG:colcon.colcon_core.event_reactor:joined thread
[8.830s] INFO:colcon.colcon_core.shell:Creating prefix script '/home/matylda-hayne/mtrx3760_p2/MTRX3760_PROJECT_2/install/local_setup.ps1'
[8.831s] INFO:colcon.colcon_core.shell:Creating prefix util module '/home/matylda-hayne/mtrx3760_p2/MTRX3760_PROJECT_2/install/_local_setup_util_ps1.py'
[8.832s] INFO:colcon.colcon_core.shell:Creating prefix chain script '/home/matylda-hayne/mtrx3760_p2/MTRX3760_PROJECT_2/install/setup.ps1'
[8.833s] INFO:colcon.colcon_core.shell:Creating prefix script '/home/matylda-hayne/mtrx3760_p2/MTRX3760_PROJECT_2/install/local_setup.sh'
[8.833s] INFO:colcon.colcon_core.shell:Creating prefix util module '/home/matylda-hayne/mtrx3760_p2/MTRX3760_PROJECT_2/install/_local_setup_util_sh.py'
[8.834s] INFO:colcon.colcon_core.shell:Creating prefix chain script '/home/matylda-hayne/mtrx3760_p2/MTRX3760_PROJECT_2/install/setup.sh'
[8.835s] INFO:colcon.colcon_core.shell:Creating prefix script '/home/matylda-hayne/mtrx3760_p2/MTRX3760_PROJECT_2/install/local_setup.bash'
[8.835s] INFO:colcon.colcon_core.shell:Creating prefix chain script '/home/matylda-hayne/mtrx3760_p2/MTRX3760_PROJECT_2/install/setup.bash'
[8.837s] INFO:colcon.colcon_core.shell:Creating prefix script '/home/matylda-hayne/mtrx3760_p2/MTRX3760_PROJECT_2/install/local_setup.zsh'
[8.837s] INFO:colcon.colcon_core.shell:Creating prefix chain script '/home/matylda-hayne/mtrx3760_p2/MTRX3760_PROJECT_2/install/setup.zsh'
