[  1%] Built target shared_interfaces__rosidl_generator_type_description
[  1%] Built target ament_cmake_python_copy_shared_interfaces
[  3%] Built target shared_interfaces__cpp
[ 25%] Built target shared_interfaces__rosidl_generator_c
[ 43%] Built target shared_interfaces__rosidl_typesupport_cpp
[ 43%] Built target shared_interfaces__rosidl_typesupport_c
[ 53%] Built target shared_interfaces__rosidl_typesupport_introspection_c
[ 68%] Built target shared_interfaces__rosidl_typesupport_introspection_cpp
[ 71%] Built target shared_interfaces__rosidl_typesupport_fastrtps_cpp
[ 81%] Built target shared_interfaces__rosidl_typesupport_fastrtps_c
[ 81%] Built target shared_interfaces
[ 82%] Built target shared_interfaces__py
[ 90%] Built target shared_interfaces__rosidl_generator_py
[ 93%] Built target shared_interfaces_s__rosidl_typesupport_c
[100%] Built target shared_interfaces_s__rosidl_typesupport_fastrtps_c
[100%] Built target shared_interfaces_s__rosidl_typesupport_introspection_c
running egg_info
writing shared_interfaces.egg-info/PKG-INFO
writing dependency_links to shared_interfaces.egg-info/dependency_links.txt
writing top-level names to shared_interfaces.egg-info/top_level.txt
reading manifest file 'shared_interfaces.egg-info/SOURCES.txt'
writing manifest file 'shared_interfaces.egg-info/SOURCES.txt'
[100%] Built target ament_cmake_python_build_shared_interfaces_egg
-- Install configuration: ""
-- Up-to-date: /home/matylda-hayne/mtrx3760_p2/MTRX3760_PROJECT_2/install/shared_interfaces/share/ament_index/resource_index/rosidl_interfaces/shared_interfaces
-- Up-to-date: /home/matylda-hayne/mtrx3760_p2/MTRX3760_PROJECT_2/install/shared_interfaces/share/shared_interfaces/msg/DefectInfo.json
-- Up-to-date: /home/matylda-hayne/mtrx3760_p2/MTRX3760_PROJECT_2/install/shared_interfaces/share/shared_interfaces/srv/NavigationMode.json
-- Up-to-date: /home/matylda-hayne/mtrx3760_p2/MTRX3760_PROJECT_2/install/shared_interfaces/share/shared_interfaces/srv/RobotType.json
-- Up-to-date: /home/matylda-hayne/mtrx3760_p2/MTRX3760_PROJECT_2/install/shared_interfaces/share/shared_interfaces/msg/CheckLog.json
-- Up-to-date: /home/matylda-hayne/mtrx3760_p2/MTRX3760_PROJECT_2/install/shared_interfaces/include/shared_interfaces/shared_interfaces
-- Up-to-date: /home/matylda-hayne/mtrx3760_p2/MTRX3760_PROJECT_2/install/shared_interfaces/include/shared_interfaces/shared_interfaces/srv
-- Up-to-date: /home/matylda-hayne/mtrx3760_p2/MTRX3760_PROJECT_2/install/shared_interfaces/include/shared_interfaces/shared_interfaces/srv/robot_type.h
-- Up-to-date: /home/matylda-hayne/mtrx3760_p2/MTRX3760_PROJECT_2/install/shared_interfaces/include/shared_interfaces/shared_interfaces/srv/detail
-- Up-to-date: /home/matylda-hayne/mtrx3760_p2/MTRX3760_PROJECT_2/install/shared_interfaces/include/shared_interfaces/shared_interfaces/srv/detail/navigation_mode__functions.h
-- Up-to-date: /home/matylda-hayne/mtrx3760_p2/MTRX3760_PROJECT_2/install/shared_interfaces/include/shared_interfaces/shared_interfaces/srv/detail/robot_type__struct.h
-- Up-to-date: /home/matylda-hayne/mtrx3760_p2/MTRX3760_PROJECT_2/install/shared_interfaces/include/shared_interfaces/shared_interfaces/srv/detail/navigation_mode__description.c
-- Up-to-date: /home/matylda-hayne/mtrx3760_p2/MTRX3760_PROJECT_2/install/shared_interfaces/include/shared_interfaces/shared_interfaces/srv/detail/robot_type__functions.c
-- Up-to-date: /home/matylda-hayne/mtrx3760_p2/MTRX3760_PROJECT_2/install/shared_interfaces/include/shared_interfaces/shared_interfaces/srv/detail/robot_type__type_support.c
-- Up-to-date: /home/matylda-hayne/mtrx3760_p2/MTRX3760_PROJECT_2/install/shared_interfaces/include/shared_interfaces/shared_interfaces/srv/detail/navigation_mode__functions.c
-- Up-to-date: /home/matylda-hayne/mtrx3760_p2/MTRX3760_PROJECT_2/install/shared_interfaces/include/shared_interfaces/shared_interfaces/srv/detail/robot_type__functions.h
-- Up-to-date: /home/matylda-hayne/mtrx3760_p2/MTRX3760_PROJECT_2/install/shared_interfaces/include/shared_interfaces/shared_interfaces/srv/detail/robot_type__description.c
-- Up-to-date: /home/matylda-hayne/mtrx3760_p2/MTRX3760_PROJECT_2/install/shared_interfaces/include/shared_interfaces/shared_interfaces/srv/detail/navigation_mode__type_support.c
-- Up-to-date: /home/matylda-hayne/mtrx3760_p2/MTRX3760_PROJECT_2/install/shared_interfaces/include/shared_interfaces/shared_interfaces/srv/detail/navigation_mode__struct.h
-- Up-to-date: /home/matylda-hayne/mtrx3760_p2/MTRX3760_PROJECT_2/install/shared_interfaces/include/shared_interfaces/shared_interfaces/srv/detail/robot_type__type_support.h
-- Up-to-date: /home/matylda-hayne/mtrx3760_p2/MTRX3760_PROJECT_2/install/shared_interfaces/include/shared_interfaces/shared_interfaces/srv/detail/navigation_mode__type_support.h
-- Up-to-date: /home/matylda-hayne/mtrx3760_p2/MTRX3760_PROJECT_2/install/shared_interfaces/include/shared_interfaces/shared_interfaces/srv/navigation_mode.h
-- Up-to-date: /home/matylda-hayne/mtrx3760_p2/MTRX3760_PROJECT_2/install/shared_interfaces/include/shared_interfaces/shared_interfaces/msg
-- Up-to-date: /home/matylda-hayne/mtrx3760_p2/MTRX3760_PROJECT_2/install/shared_interfaces/include/shared_interfaces/shared_interfaces/msg/rosidl_generator_c__visibility_control.h
-- Up-to-date: /home/matylda-hayne/mtrx3760_p2/MTRX3760_PROJECT_2/install/shared_interfaces/include/shared_interfaces/shared_interfaces/msg/detail
-- Up-to-date: /home/matylda-hayne/mtrx3760_p2/MTRX3760_PROJECT_2/install/shared_interfaces/include/shared_interfaces/shared_interfaces/msg/detail/defect_info__functions.c
-- Up-to-date: /home/matylda-hayne/mtrx3760_p2/MTRX3760_PROJECT_2/install/shared_interfaces/include/shared_interfaces/shared_interfaces/msg/detail/check_log__type_support.c
-- Up-to-date: /home/matylda-hayne/mtrx3760_p2/MTRX3760_PROJECT_2/install/shared_interfaces/include/shared_interfaces/shared_interfaces/msg/detail/check_log__type_support.h
-- Up-to-date: /home/matylda-hayne/mtrx3760_p2/MTRX3760_PROJECT_2/install/shared_interfaces/include/shared_interfaces/shared_interfaces/msg/detail/check_log__description.c
-- Up-to-date: /home/matylda-hayne/mtrx3760_p2/MTRX3760_PROJECT_2/install/shared_interfaces/include/shared_interfaces/shared_interfaces/msg/detail/defect_info__description.c
-- Up-to-date: /home/matylda-hayne/mtrx3760_p2/MTRX3760_PROJECT_2/install/shared_interfaces/include/shared_interfaces/shared_interfaces/msg/detail/check_log__functions.c
-- Up-to-date: /home/matylda-hayne/mtrx3760_p2/MTRX3760_PROJECT_2/install/shared_interfaces/include/shared_interfaces/shared_interfaces/msg/detail/check_log__struct.h
-- Up-to-date: /home/matylda-hayne/mtrx3760_p2/MTRX3760_PROJECT_2/install/shared_interfaces/include/shared_interfaces/shared_interfaces/msg/detail/defect_info__functions.h
-- Up-to-date: /home/matylda-hayne/mtrx3760_p2/MTRX3760_PROJECT_2/install/shared_interfaces/include/shared_interfaces/shared_interfaces/msg/detail/defect_info__type_support.h
-- Up-to-date: /home/matylda-hayne/mtrx3760_p2/MTRX3760_PROJECT_2/install/shared_interfaces/include/shared_interfaces/shared_interfaces/msg/detail/check_log__functions.h
-- Up-to-date: /home/matylda-hayne/mtrx3760_p2/MTRX3760_PROJECT_2/install/shared_interfaces/include/shared_interfaces/shared_interfaces/msg/detail/defect_info__type_support.c
-- Up-to-date: /home/matylda-hayne/mtrx3760_p2/MTRX3760_PROJECT_2/install/shared_interfaces/include/shared_interfaces/shared_interfaces/msg/detail/defect_info__struct.h
-- Up-to-date: /home/matylda-hayne/mtrx3760_p2/MTRX3760_PROJECT_2/install/shared_interfaces/include/shared_interfaces/shared_interfaces/msg/check_log.h
-- Up-to-date: /home/matylda-hayne/mtrx3760_p2/MTRX3760_PROJECT_2/install/shared_interfaces/include/shared_interfaces/shared_interfaces/msg/defect_info.h
-- Up-to-date: /home/matylda-hayne/mtrx3760_p2/MTRX3760_PROJECT_2/install/shared_interfaces/share/shared_interfaces/environment/library_path.sh
-- Up-to-date: /home/matylda-hayne/mtrx3760_p2/MTRX3760_PROJECT_2/install/shared_interfaces/share/shared_interfaces/environment/library_path.dsv
-- Up-to-date: /home/matylda-hayne/mtrx3760_p2/MTRX3760_PROJECT_2/install/shared_interfaces/lib/libshared_interfaces__rosidl_generator_c.so
-- Up-to-date: /home/matylda-hayne/mtrx3760_p2/MTRX3760_PROJECT_2/install/shared_interfaces/include/shared_interfaces/shared_interfaces
-- Up-to-date: /home/matylda-hayne/mtrx3760_p2/MTRX3760_PROJECT_2/install/shared_interfaces/include/shared_interfaces/shared_interfaces/srv
-- Up-to-date: /home/matylda-hayne/mtrx3760_p2/MTRX3760_PROJECT_2/install/shared_interfaces/include/shared_interfaces/shared_interfaces/srv/detail
-- Up-to-date: /home/matylda-hayne/mtrx3760_p2/MTRX3760_PROJECT_2/install/shared_interfaces/include/shared_interfaces/shared_interfaces/srv/detail/robot_type__rosidl_typesupport_fastrtps_c.h
-- Up-to-date: /home/matylda-hayne/mtrx3760_p2/MTRX3760_PROJECT_2/install/shared_interfaces/include/shared_interfaces/shared_interfaces/srv/detail/navigation_mode__rosidl_typesupport_fastrtps_c.h
-- Up-to-date: /home/matylda-hayne/mtrx3760_p2/MTRX3760_PROJECT_2/install/shared_interfaces/include/shared_interfaces/shared_interfaces/msg
-- Up-to-date: /home/matylda-hayne/mtrx3760_p2/MTRX3760_PROJECT_2/install/shared_interfaces/include/shared_interfaces/shared_interfaces/msg/rosidl_typesupport_fastrtps_c__visibility_control.h
-- Up-to-date: /home/matylda-hayne/mtrx3760_p2/MTRX3760_PROJECT_2/install/shared_interfaces/include/shared_interfaces/shared_interfaces/msg/detail
-- Up-to-date: /home/matylda-hayne/mtrx3760_p2/MTRX3760_PROJECT_2/install/shared_interfaces/include/shared_interfaces/shared_interfaces/msg/detail/check_log__rosidl_typesupport_fastrtps_c.h
-- Up-to-date: /home/matylda-hayne/mtrx3760_p2/MTRX3760_PROJECT_2/install/shared_interfaces/include/shared_interfaces/shared_interfaces/msg/detail/defect_info__rosidl_typesupport_fastrtps_c.h
-- Up-to-date: /home/matylda-hayne/mtrx3760_p2/MTRX3760_PROJECT_2/install/shared_interfaces/lib/libshared_interfaces__rosidl_typesupport_fastrtps_c.so
-- Up-to-date: /home/matylda-hayne/mtrx3760_p2/MTRX3760_PROJECT_2/install/shared_interfaces/include/shared_interfaces/shared_interfaces
-- Up-to-date: /home/matylda-hayne/mtrx3760_p2/MTRX3760_PROJECT_2/install/shared_interfaces/include/shared_interfaces/shared_interfaces/srv
-- Up-to-date: /home/matylda-hayne/mtrx3760_p2/MTRX3760_PROJECT_2/install/shared_interfaces/include/shared_interfaces/shared_interfaces/srv/detail
-- Up-to-date: /home/matylda-hayne/mtrx3760_p2/MTRX3760_PROJECT_2/install/shared_interfaces/include/shared_interfaces/shared_interfaces/srv/detail/robot_type__type_support.c
-- Up-to-date: /home/matylda-hayne/mtrx3760_p2/MTRX3760_PROJECT_2/install/shared_interfaces/include/shared_interfaces/shared_interfaces/srv/detail/navigation_mode__type_support.c
-- Up-to-date: /home/matylda-hayne/mtrx3760_p2/MTRX3760_PROJECT_2/install/shared_interfaces/include/shared_interfaces/shared_interfaces/srv/detail/navigation_mode__rosidl_typesupport_introspection_c.h
-- Up-to-date: /home/matylda-hayne/mtrx3760_p2/MTRX3760_PROJECT_2/install/shared_interfaces/include/shared_interfaces/shared_interfaces/srv/detail/robot_type__rosidl_typesupport_introspection_c.h
-- Up-to-date: /home/matylda-hayne/mtrx3760_p2/MTRX3760_PROJECT_2/install/shared_interfaces/include/shared_interfaces/shared_interfaces/msg
-- Up-to-date: /home/matylda-hayne/mtrx3760_p2/MTRX3760_PROJECT_2/install/shared_interfaces/include/shared_interfaces/shared_interfaces/msg/detail
-- Up-to-date: /home/matylda-hayne/mtrx3760_p2/MTRX3760_PROJECT_2/install/shared_interfaces/include/shared_interfaces/shared_interfaces/msg/detail/check_log__type_support.c
-- Up-to-date: /home/matylda-hayne/mtrx3760_p2/MTRX3760_PROJECT_2/install/shared_interfaces/include/shared_interfaces/shared_interfaces/msg/detail/defect_info__rosidl_typesupport_introspection_c.h
-- Up-to-date: /home/matylda-hayne/mtrx3760_p2/MTRX3760_PROJECT_2/install/shared_interfaces/include/shared_interfaces/shared_interfaces/msg/detail/check_log__rosidl_typesupport_introspection_c.h
-- Up-to-date: /home/matylda-hayne/mtrx3760_p2/MTRX3760_PROJECT_2/install/shared_interfaces/include/shared_interfaces/shared_interfaces/msg/detail/defect_info__type_support.c
-- Up-to-date: /home/matylda-hayne/mtrx3760_p2/MTRX3760_PROJECT_2/install/shared_interfaces/include/shared_interfaces/shared_interfaces/msg/rosidl_typesupport_introspection_c__visibility_control.h
-- Up-to-date: /home/matylda-hayne/mtrx3760_p2/MTRX3760_PROJECT_2/install/shared_interfaces/lib/libshared_interfaces__rosidl_typesupport_introspection_c.so
-- Up-to-date: /home/matylda-hayne/mtrx3760_p2/MTRX3760_PROJECT_2/install/shared_interfaces/lib/libshared_interfaces__rosidl_typesupport_c.so
-- Up-to-date: /home/matylda-hayne/mtrx3760_p2/MTRX3760_PROJECT_2/install/shared_interfaces/include/shared_interfaces/shared_interfaces
-- Up-to-date: /home/matylda-hayne/mtrx3760_p2/MTRX3760_PROJECT_2/install/shared_interfaces/include/shared_interfaces/shared_interfaces/srv
-- Up-to-date: /home/matylda-hayne/mtrx3760_p2/MTRX3760_PROJECT_2/install/shared_interfaces/include/shared_interfaces/shared_interfaces/srv/detail
-- Up-to-date: /home/matylda-hayne/mtrx3760_p2/MTRX3760_PROJECT_2/install/shared_interfaces/include/shared_interfaces/shared_interfaces/srv/detail/navigation_mode__traits.hpp
-- Up-to-date: /home/matylda-hayne/mtrx3760_p2/MTRX3760_PROJECT_2/install/shared_interfaces/include/shared_interfaces/shared_interfaces/srv/detail/navigation_mode__struct.hpp
-- Up-to-date: /home/matylda-hayne/mtrx3760_p2/MTRX3760_PROJECT_2/install/shared_interfaces/include/shared_interfaces/shared_interfaces/srv/detail/robot_type__type_support.hpp
-- Up-to-date: /home/matylda-hayne/mtrx3760_p2/MTRX3760_PROJECT_2/install/shared_interfaces/include/shared_interfaces/shared_interfaces/srv/detail/robot_type__builder.hpp
-- Up-to-date: /home/matylda-hayne/mtrx3760_p2/MTRX3760_PROJECT_2/install/shared_interfaces/include/shared_interfaces/shared_interfaces/srv/detail/robot_type__traits.hpp
-- Up-to-date: /home/matylda-hayne/mtrx3760_p2/MTRX3760_PROJECT_2/install/shared_interfaces/include/shared_interfaces/shared_interfaces/srv/detail/navigation_mode__type_support.hpp
-- Up-to-date: /home/matylda-hayne/mtrx3760_p2/MTRX3760_PROJECT_2/install/shared_interfaces/include/shared_interfaces/shared_interfaces/srv/detail/navigation_mode__builder.hpp
-- Up-to-date: /home/matylda-hayne/mtrx3760_p2/MTRX3760_PROJECT_2/install/shared_interfaces/include/shared_interfaces/shared_interfaces/srv/detail/robot_type__struct.hpp
-- Up-to-date: /home/matylda-hayne/mtrx3760_p2/MTRX3760_PROJECT_2/install/shared_interfaces/include/shared_interfaces/shared_interfaces/srv/navigation_mode.hpp
-- Up-to-date: /home/matylda-hayne/mtrx3760_p2/MTRX3760_PROJECT_2/install/shared_interfaces/include/shared_interfaces/shared_interfaces/srv/robot_type.hpp
-- Up-to-date: /home/matylda-hayne/mtrx3760_p2/MTRX3760_PROJECT_2/install/shared_interfaces/include/shared_interfaces/shared_interfaces/msg
-- Up-to-date: /home/matylda-hayne/mtrx3760_p2/MTRX3760_PROJECT_2/install/shared_interfaces/include/shared_interfaces/shared_interfaces/msg/detail
-- Up-to-date: /home/matylda-hayne/mtrx3760_p2/MTRX3760_PROJECT_2/install/shared_interfaces/include/shared_interfaces/shared_interfaces/msg/detail/defect_info__builder.hpp
-- Up-to-date: /home/matylda-hayne/mtrx3760_p2/MTRX3760_PROJECT_2/install/shared_interfaces/include/shared_interfaces/shared_interfaces/msg/detail/check_log__struct.hpp
-- Up-to-date: /home/matylda-hayne/mtrx3760_p2/MTRX3760_PROJECT_2/install/shared_interfaces/include/shared_interfaces/shared_interfaces/msg/detail/check_log__type_support.hpp
-- Up-to-date: /home/matylda-hayne/mtrx3760_p2/MTRX3760_PROJECT_2/install/shared_interfaces/include/shared_interfaces/shared_interfaces/msg/detail/defect_info__type_support.hpp
-- Up-to-date: /home/matylda-hayne/mtrx3760_p2/MTRX3760_PROJECT_2/install/shared_interfaces/include/shared_interfaces/shared_interfaces/msg/detail/check_log__builder.hpp
-- Up-to-date: /home/matylda-hayne/mtrx3760_p2/MTRX3760_PROJECT_2/install/shared_interfaces/include/shared_interfaces/shared_interfaces/msg/detail/defect_info__traits.hpp
-- Up-to-date: /home/matylda-hayne/mtrx3760_p2/MTRX3760_PROJECT_2/install/shared_interfaces/include/shared_interfaces/shared_interfaces/msg/detail/defect_info__struct.hpp
-- Up-to-date: /home/matylda-hayne/mtrx3760_p2/MTRX3760_PROJECT_2/install/shared_interfaces/include/shared_interfaces/shared_interfaces/msg/detail/check_log__traits.hpp
-- Up-to-date: /home/matylda-hayne/mtrx3760_p2/MTRX3760_PROJECT_2/install/shared_interfaces/include/shared_interfaces/shared_interfaces/msg/check_log.hpp
-- Up-to-date: /home/matylda-hayne/mtrx3760_p2/MTRX3760_PROJECT_2/install/shared_interfaces/include/shared_interfaces/shared_interfaces/msg/rosidl_generator_cpp__visibility_control.hpp
-- Up-to-date: /home/matylda-hayne/mtrx3760_p2/MTRX3760_PROJECT_2/install/shared_interfaces/include/shared_interfaces/shared_interfaces/msg/defect_info.hpp
-- Up-to-date: /home/matylda-hayne/mtrx3760_p2/MTRX3760_PROJECT_2/install/shared_interfaces/include/shared_interfaces/shared_interfaces
-- Up-to-date: /home/matylda-hayne/mtrx3760_p2/MTRX3760_PROJECT_2/install/shared_interfaces/include/shared_interfaces/shared_interfaces/srv
-- Up-to-date: /home/matylda-hayne/mtrx3760_p2/MTRX3760_PROJECT_2/install/shared_interfaces/include/shared_interfaces/shared_interfaces/srv/detail
-- Up-to-date: /home/matylda-hayne/mtrx3760_p2/MTRX3760_PROJECT_2/install/shared_interfaces/include/shared_interfaces/shared_interfaces/srv/detail/dds_fastrtps
-- Up-to-date: /home/matylda-hayne/mtrx3760_p2/MTRX3760_PROJECT_2/install/shared_interfaces/include/shared_interfaces/shared_interfaces/srv/detail/navigation_mode__rosidl_typesupport_fastrtps_cpp.hpp
-- Up-to-date: /home/matylda-hayne/mtrx3760_p2/MTRX3760_PROJECT_2/install/shared_interfaces/include/shared_interfaces/shared_interfaces/srv/detail/robot_type__rosidl_typesupport_fastrtps_cpp.hpp
-- Up-to-date: /home/matylda-hayne/mtrx3760_p2/MTRX3760_PROJECT_2/install/shared_interfaces/include/shared_interfaces/shared_interfaces/msg
-- Up-to-date: /home/matylda-hayne/mtrx3760_p2/MTRX3760_PROJECT_2/install/shared_interfaces/include/shared_interfaces/shared_interfaces/msg/detail
-- Up-to-date: /home/matylda-hayne/mtrx3760_p2/MTRX3760_PROJECT_2/install/shared_interfaces/include/shared_interfaces/shared_interfaces/msg/detail/dds_fastrtps
-- Up-to-date: /home/matylda-hayne/mtrx3760_p2/MTRX3760_PROJECT_2/install/shared_interfaces/include/shared_interfaces/shared_interfaces/msg/detail/check_log__rosidl_typesupport_fastrtps_cpp.hpp
-- Up-to-date: /home/matylda-hayne/mtrx3760_p2/MTRX3760_PROJECT_2/install/shared_interfaces/include/shared_interfaces/shared_interfaces/msg/detail/defect_info__rosidl_typesupport_fastrtps_cpp.hpp
-- Up-to-date: /home/matylda-hayne/mtrx3760_p2/MTRX3760_PROJECT_2/install/shared_interfaces/include/shared_interfaces/shared_interfaces/msg/rosidl_typesupport_fastrtps_cpp__visibility_control.h
-- Up-to-date: /home/matylda-hayne/mtrx3760_p2/MTRX3760_PROJECT_2/install/shared_interfaces/lib/libshared_interfaces__rosidl_typesupport_fastrtps_cpp.so
-- Up-to-date: /home/matylda-hayne/mtrx3760_p2/MTRX3760_PROJECT_2/install/shared_interfaces/include/shared_interfaces/shared_interfaces
-- Up-to-date: /home/matylda-hayne/mtrx3760_p2/MTRX3760_PROJECT_2/install/shared_interfaces/include/shared_interfaces/shared_interfaces/srv
-- Up-to-date: /home/matylda-hayne/mtrx3760_p2/MTRX3760_PROJECT_2/install/shared_interfaces/include/shared_interfaces/shared_interfaces/srv/detail
-- Up-to-date: /home/matylda-hayne/mtrx3760_p2/MTRX3760_PROJECT_2/install/shared_interfaces/include/shared_interfaces/shared_interfaces/srv/detail/robot_type__type_support.cpp
-- Up-to-date: /home/matylda-hayne/mtrx3760_p2/MTRX3760_PROJECT_2/install/shared_interfaces/include/shared_interfaces/shared_interfaces/srv/detail/navigation_mode__rosidl_typesupport_introspection_cpp.hpp
-- Up-to-date: /home/matylda-hayne/mtrx3760_p2/MTRX3760_PROJECT_2/install/shared_interfaces/include/shared_interfaces/shared_interfaces/srv/detail/navigation_mode__type_support.cpp
-- Up-to-date: /home/matylda-hayne/mtrx3760_p2/MTRX3760_PROJECT_2/install/shared_interfaces/include/shared_interfaces/shared_interfaces/srv/detail/robot_type__rosidl_typesupport_introspection_cpp.hpp
-- Up-to-date: /home/matylda-hayne/mtrx3760_p2/MTRX3760_PROJECT_2/install/shared_interfaces/include/shared_interfaces/shared_interfaces/msg
-- Up-to-date: /home/matylda-hayne/mtrx3760_p2/MTRX3760_PROJECT_2/install/shared_interfaces/include/shared_interfaces/shared_interfaces/msg/detail
-- Up-to-date: /home/matylda-hayne/mtrx3760_p2/MTRX3760_PROJECT_2/install/shared_interfaces/include/shared_interfaces/shared_interfaces/msg/detail/defect_info__type_support.cpp
-- Up-to-date: /home/matylda-hayne/mtrx3760_p2/MTRX3760_PROJECT_2/install/shared_interfaces/include/shared_interfaces/shared_interfaces/msg/detail/check_log__type_support.cpp
-- Up-to-date: /home/matylda-hayne/mtrx3760_p2/MTRX3760_PROJECT_2/install/shared_interfaces/include/shared_interfaces/shared_interfaces/msg/detail/defect_info__rosidl_typesupport_introspection_cpp.hpp
-- Up-to-date: /home/matylda-hayne/mtrx3760_p2/MTRX3760_PROJECT_2/install/shared_interfaces/include/shared_interfaces/shared_interfaces/msg/detail/check_log__rosidl_typesupport_introspection_cpp.hpp
-- Up-to-date: /home/matylda-hayne/mtrx3760_p2/MTRX3760_PROJECT_2/install/shared_interfaces/lib/libshared_interfaces__rosidl_typesupport_introspection_cpp.so
-- Up-to-date: /home/matylda-hayne/mtrx3760_p2/MTRX3760_PROJECT_2/install/shared_interfaces/lib/libshared_interfaces__rosidl_typesupport_cpp.so
-- Up-to-date: /home/matylda-hayne/mtrx3760_p2/MTRX3760_PROJECT_2/install/shared_interfaces/share/shared_interfaces/environment/pythonpath.sh
-- Up-to-date: /home/matylda-hayne/mtrx3760_p2/MTRX3760_PROJECT_2/install/shared_interfaces/share/shared_interfaces/environment/pythonpath.dsv
-- Up-to-date: /home/matylda-hayne/mtrx3760_p2/MTRX3760_PROJECT_2/install/shared_interfaces/lib/python3.12/site-packages/shared_interfaces-0.0.0-py3.12.egg-info
-- Installing: /home/matylda-hayne/mtrx3760_p2/MTRX3760_PROJECT_2/install/shared_interfaces/lib/python3.12/site-packages/shared_interfaces-0.0.0-py3.12.egg-info/dependency_links.txt
-- Installing: /home/matylda-hayne/mtrx3760_p2/MTRX3760_PROJECT_2/install/shared_interfaces/lib/python3.12/site-packages/shared_interfaces-0.0.0-py3.12.egg-info/SOURCES.txt
-- Installing: /home/matylda-hayne/mtrx3760_p2/MTRX3760_PROJECT_2/install/shared_interfaces/lib/python3.12/site-packages/shared_interfaces-0.0.0-py3.12.egg-info/PKG-INFO
-- Installing: /home/matylda-hayne/mtrx3760_p2/MTRX3760_PROJECT_2/install/shared_interfaces/lib/python3.12/site-packages/shared_interfaces-0.0.0-py3.12.egg-info/top_level.txt
-- Up-to-date: /home/matylda-hayne/mtrx3760_p2/MTRX3760_PROJECT_2/install/shared_interfaces/lib/python3.12/site-packages/shared_interfaces
-- Up-to-date: /home/matylda-hayne/mtrx3760_p2/MTRX3760_PROJECT_2/install/shared_interfaces/lib/python3.12/site-packages/shared_interfaces/_shared_interfaces_s.ep.rosidl_typesupport_fastrtps_c.c
-- Up-to-date: /home/matylda-hayne/mtrx3760_p2/MTRX3760_PROJECT_2/install/shared_interfaces/lib/python3.12/site-packages/shared_interfaces/shared_interfaces_s__rosidl_typesupport_c.so
-- Up-to-date: /home/matylda-hayne/mtrx3760_p2/MTRX3760_PROJECT_2/install/shared_interfaces/lib/python3.12/site-packages/shared_interfaces/__init__.py
-- Up-to-date: /home/matylda-hayne/mtrx3760_p2/MTRX3760_PROJECT_2/install/shared_interfaces/lib/python3.12/site-packages/shared_interfaces/srv
-- Up-to-date: /home/matylda-hayne/mtrx3760_p2/MTRX3760_PROJECT_2/install/shared_interfaces/lib/python3.12/site-packages/shared_interfaces/srv/_robot_type_s.c
-- Up-to-date: /home/matylda-hayne/mtrx3760_p2/MTRX3760_PROJECT_2/install/shared_interfaces/lib/python3.12/site-packages/shared_interfaces/srv/_navigation_mode_s.c
-- Up-to-date: /home/matylda-hayne/mtrx3760_p2/MTRX3760_PROJECT_2/install/shared_interfaces/lib/python3.12/site-packages/shared_interfaces/srv/__init__.py
-- Up-to-date: /home/matylda-hayne/mtrx3760_p2/MTRX3760_PROJECT_2/install/shared_interfaces/lib/python3.12/site-packages/shared_interfaces/srv/_robot_type.py
-- Up-to-date: /home/matylda-hayne/mtrx3760_p2/MTRX3760_PROJECT_2/install/shared_interfaces/lib/python3.12/site-packages/shared_interfaces/srv/_navigation_mode.py
-- Up-to-date: /home/matylda-hayne/mtrx3760_p2/MTRX3760_PROJECT_2/install/shared_interfaces/lib/python3.12/site-packages/shared_interfaces/shared_interfaces_s__rosidl_typesupport_fastrtps_c.so
-- Up-to-date: /home/matylda-hayne/mtrx3760_p2/MTRX3760_PROJECT_2/install/shared_interfaces/lib/python3.12/site-packages/shared_interfaces/_shared_interfaces_s.ep.rosidl_typesupport_introspection_c.c
-- Up-to-date: /home/matylda-hayne/mtrx3760_p2/MTRX3760_PROJECT_2/install/shared_interfaces/lib/python3.12/site-packages/shared_interfaces/shared_interfaces_s__rosidl_typesupport_introspection_c.so
-- Up-to-date: /home/matylda-hayne/mtrx3760_p2/MTRX3760_PROJECT_2/install/shared_interfaces/lib/python3.12/site-packages/shared_interfaces/_shared_interfaces_s.ep.rosidl_typesupport_c.c
-- Up-to-date: /home/matylda-hayne/mtrx3760_p2/MTRX3760_PROJECT_2/install/shared_interfaces/lib/python3.12/site-packages/shared_interfaces/msg
-- Up-to-date: /home/matylda-hayne/mtrx3760_p2/MTRX3760_PROJECT_2/install/shared_interfaces/lib/python3.12/site-packages/shared_interfaces/msg/_check_log.py
-- Up-to-date: /home/matylda-hayne/mtrx3760_p2/MTRX3760_PROJECT_2/install/shared_interfaces/lib/python3.12/site-packages/shared_interfaces/msg/__init__.py
-- Up-to-date: /home/matylda-hayne/mtrx3760_p2/MTRX3760_PROJECT_2/install/shared_interfaces/lib/python3.12/site-packages/shared_interfaces/msg/_defect_info_s.c
-- Up-to-date: /home/matylda-hayne/mtrx3760_p2/MTRX3760_PROJECT_2/install/shared_interfaces/lib/python3.12/site-packages/shared_interfaces/msg/_defect_info.py
-- Up-to-date: /home/matylda-hayne/mtrx3760_p2/MTRX3760_PROJECT_2/install/shared_interfaces/lib/python3.12/site-packages/shared_interfaces/msg/_check_log_s.c
Listing '/home/matylda-hayne/mtrx3760_p2/MTRX3760_PROJECT_2/install/shared_interfaces/lib/python3.12/site-packages/shared_interfaces'...
Listing '/home/matylda-hayne/mtrx3760_p2/MTRX3760_PROJECT_2/install/shared_interfaces/lib/python3.12/site-packages/shared_interfaces/msg'...
Listing '/home/matylda-hayne/mtrx3760_p2/MTRX3760_PROJECT_2/install/shared_interfaces/lib/python3.12/site-packages/shared_interfaces/srv'...
-- Up-to-date: /home/matylda-hayne/mtrx3760_p2/MTRX3760_PROJECT_2/install/shared_interfaces/lib/python3.12/site-packages/shared_interfaces/shared_interfaces_s__rosidl_typesupport_fastrtps_c.so
-- Up-to-date: /home/matylda-hayne/mtrx3760_p2/MTRX3760_PROJECT_2/install/shared_interfaces/lib/python3.12/site-packages/shared_interfaces/shared_interfaces_s__rosidl_typesupport_introspection_c.so
-- Up-to-date: /home/matylda-hayne/mtrx3760_p2/MTRX3760_PROJECT_2/install/shared_interfaces/lib/python3.12/site-packages/shared_interfaces/shared_interfaces_s__rosidl_typesupport_c.so
-- Up-to-date: /home/matylda-hayne/mtrx3760_p2/MTRX3760_PROJECT_2/install/shared_interfaces/lib/libshared_interfaces__rosidl_generator_py.so
-- Up-to-date: /home/matylda-hayne/mtrx3760_p2/MTRX3760_PROJECT_2/install/shared_interfaces/share/shared_interfaces/msg/DefectInfo.idl
-- Up-to-date: /home/matylda-hayne/mtrx3760_p2/MTRX3760_PROJECT_2/install/shared_interfaces/share/shared_interfaces/srv/NavigationMode.idl
-- Up-to-date: /home/matylda-hayne/mtrx3760_p2/MTRX3760_PROJECT_2/install/shared_interfaces/share/shared_interfaces/srv/RobotType.idl
-- Up-to-date: /home/matylda-hayne/mtrx3760_p2/MTRX3760_PROJECT_2/install/shared_interfaces/share/shared_interfaces/msg/CheckLog.idl
-- Up-to-date: /home/matylda-hayne/mtrx3760_p2/MTRX3760_PROJECT_2/install/shared_interfaces/share/shared_interfaces/msg/DefectInfo.msg
-- Up-to-date: /home/matylda-hayne/mtrx3760_p2/MTRX3760_PROJECT_2/install/shared_interfaces/share/shared_interfaces/srv/NavigationMode.srv
-- Up-to-date: /home/matylda-hayne/mtrx3760_p2/MTRX3760_PROJECT_2/install/shared_interfaces/share/shared_interfaces/srv/RobotType.srv
-- Up-to-date: /home/matylda-hayne/mtrx3760_p2/MTRX3760_PROJECT_2/install/shared_interfaces/share/shared_interfaces/msg/CheckLog.msg
-- Up-to-date: /home/matylda-hayne/mtrx3760_p2/MTRX3760_PROJECT_2/install/shared_interfaces/share/ament_index/resource_index/package_run_dependencies/shared_interfaces
-- Up-to-date: /home/matylda-hayne/mtrx3760_p2/MTRX3760_PROJECT_2/install/shared_interfaces/share/ament_index/resource_index/parent_prefix_path/shared_interfaces
-- Up-to-date: /home/matylda-hayne/mtrx3760_p2/MTRX3760_PROJECT_2/install/shared_interfaces/share/shared_interfaces/environment/ament_prefix_path.sh
-- Up-to-date: /home/matylda-hayne/mtrx3760_p2/MTRX3760_PROJECT_2/install/shared_interfaces/share/shared_interfaces/environment/ament_prefix_path.dsv
-- Up-to-date: /home/matylda-hayne/mtrx3760_p2/MTRX3760_PROJECT_2/install/shared_interfaces/share/shared_interfaces/environment/path.sh
-- Up-to-date: /home/matylda-hayne/mtrx3760_p2/MTRX3760_PROJECT_2/install/shared_interfaces/share/shared_interfaces/environment/path.dsv
-- Up-to-date: /home/matylda-hayne/mtrx3760_p2/MTRX3760_PROJECT_2/install/shared_interfaces/share/shared_interfaces/local_setup.bash
-- Up-to-date: /home/matylda-hayne/mtrx3760_p2/MTRX3760_PROJECT_2/install/shared_interfaces/share/shared_interfaces/local_setup.sh
-- Up-to-date: /home/matylda-hayne/mtrx3760_p2/MTRX3760_PROJECT_2/install/shared_interfaces/share/shared_interfaces/local_setup.zsh
-- Up-to-date: /home/matylda-hayne/mtrx3760_p2/MTRX3760_PROJECT_2/install/shared_interfaces/share/shared_interfaces/local_setup.dsv
-- Installing: /home/matylda-hayne/mtrx3760_p2/MTRX3760_PROJECT_2/install/shared_interfaces/share/shared_interfaces/package.dsv
-- Up-to-date: /home/matylda-hayne/mtrx3760_p2/MTRX3760_PROJECT_2/install/shared_interfaces/share/ament_index/resource_index/packages/shared_interfaces
-- Up-to-date: /home/matylda-hayne/mtrx3760_p2/MTRX3760_PROJECT_2/install/shared_interfaces/share/shared_interfaces/cmake/export_shared_interfaces__rosidl_generator_cExport.cmake
-- Up-to-date: /home/matylda-hayne/mtrx3760_p2/MTRX3760_PROJECT_2/install/shared_interfaces/share/shared_interfaces/cmake/export_shared_interfaces__rosidl_generator_cExport-noconfig.cmake
-- Up-to-date: /home/matylda-hayne/mtrx3760_p2/MTRX3760_PROJECT_2/install/shared_interfaces/share/shared_interfaces/cmake/export_shared_interfaces__rosidl_typesupport_fastrtps_cExport.cmake
-- Up-to-date: /home/matylda-hayne/mtrx3760_p2/MTRX3760_PROJECT_2/install/shared_interfaces/share/shared_interfaces/cmake/export_shared_interfaces__rosidl_typesupport_fastrtps_cExport-noconfig.cmake
-- Up-to-date: /home/matylda-hayne/mtrx3760_p2/MTRX3760_PROJECT_2/install/shared_interfaces/share/shared_interfaces/cmake/shared_interfaces__rosidl_typesupport_introspection_cExport.cmake
-- Up-to-date: /home/matylda-hayne/mtrx3760_p2/MTRX3760_PROJECT_2/install/shared_interfaces/share/shared_interfaces/cmake/shared_interfaces__rosidl_typesupport_introspection_cExport-noconfig.cmake
-- Up-to-date: /home/matylda-hayne/mtrx3760_p2/MTRX3760_PROJECT_2/install/shared_interfaces/share/shared_interfaces/cmake/shared_interfaces__rosidl_typesupport_cExport.cmake
-- Up-to-date: /home/matylda-hayne/mtrx3760_p2/MTRX3760_PROJECT_2/install/shared_interfaces/share/shared_interfaces/cmake/shared_interfaces__rosidl_typesupport_cExport-noconfig.cmake
-- Up-to-date: /home/matylda-hayne/mtrx3760_p2/MTRX3760_PROJECT_2/install/shared_interfaces/share/shared_interfaces/cmake/export_shared_interfaces__rosidl_generator_cppExport.cmake
-- Up-to-date: /home/matylda-hayne/mtrx3760_p2/MTRX3760_PROJECT_2/install/shared_interfaces/share/shared_interfaces/cmake/export_shared_interfaces__rosidl_typesupport_fastrtps_cppExport.cmake
-- Up-to-date: /home/matylda-hayne/mtrx3760_p2/MTRX3760_PROJECT_2/install/shared_interfaces/share/shared_interfaces/cmake/export_shared_interfaces__rosidl_typesupport_fastrtps_cppExport-noconfig.cmake
-- Up-to-date: /home/matylda-hayne/mtrx3760_p2/MTRX3760_PROJECT_2/install/shared_interfaces/share/shared_interfaces/cmake/shared_interfaces__rosidl_typesupport_introspection_cppExport.cmake
-- Up-to-date: /home/matylda-hayne/mtrx3760_p2/MTRX3760_PROJECT_2/install/shared_interfaces/share/shared_interfaces/cmake/shared_interfaces__rosidl_typesupport_introspection_cppExport-noconfig.cmake
-- Up-to-date: /home/matylda-hayne/mtrx3760_p2/MTRX3760_PROJECT_2/install/shared_interfaces/share/shared_interfaces/cmake/shared_interfaces__rosidl_typesupport_cppExport.cmake
-- Up-to-date: /home/matylda-hayne/mtrx3760_p2/MTRX3760_PROJECT_2/install/shared_interfaces/share/shared_interfaces/cmake/shared_interfaces__rosidl_typesupport_cppExport-noconfig.cmake
-- Up-to-date: /home/matylda-hayne/mtrx3760_p2/MTRX3760_PROJECT_2/install/shared_interfaces/share/shared_interfaces/cmake/export_shared_interfaces__rosidl_generator_pyExport.cmake
-- Up-to-date: /home/matylda-hayne/mtrx3760_p2/MTRX3760_PROJECT_2/install/shared_interfaces/share/shared_interfaces/cmake/export_shared_interfaces__rosidl_generator_pyExport-noconfig.cmake
-- Up-to-date: /home/matylda-hayne/mtrx3760_p2/MTRX3760_PROJECT_2/install/shared_interfaces/share/shared_interfaces/cmake/rosidl_cmake-extras.cmake
-- Up-to-date: /home/matylda-hayne/mtrx3760_p2/MTRX3760_PROJECT_2/install/shared_interfaces/share/shared_interfaces/cmake/ament_cmake_export_dependencies-extras.cmake
-- Up-to-date: /home/matylda-hayne/mtrx3760_p2/MTRX3760_PROJECT_2/install/shared_interfaces/share/shared_interfaces/cmake/ament_cmake_export_include_directories-extras.cmake
-- Up-to-date: /home/matylda-hayne/mtrx3760_p2/MTRX3760_PROJECT_2/install/shared_interfaces/share/shared_interfaces/cmake/ament_cmake_export_libraries-extras.cmake
-- Up-to-date: /home/matylda-hayne/mtrx3760_p2/MTRX3760_PROJECT_2/install/shared_interfaces/share/shared_interfaces/cmake/ament_cmake_export_targets-extras.cmake
-- Up-to-date: /home/matylda-hayne/mtrx3760_p2/MTRX3760_PROJECT_2/install/shared_interfaces/share/shared_interfaces/cmake/rosidl_cmake_export_typesupport_targets-extras.cmake
-- Up-to-date: /home/matylda-hayne/mtrx3760_p2/MTRX3760_PROJECT_2/install/shared_interfaces/share/shared_interfaces/cmake/rosidl_cmake_export_typesupport_libraries-extras.cmake
-- Up-to-date: /home/matylda-hayne/mtrx3760_p2/MTRX3760_PROJECT_2/install/shared_interfaces/share/shared_interfaces/cmake/shared_interfacesConfig.cmake
-- Up-to-date: /home/matylda-hayne/mtrx3760_p2/MTRX3760_PROJECT_2/install/shared_interfaces/share/shared_interfaces/cmake/shared_interfacesConfig-version.cmake
-- Up-to-date: /home/matylda-hayne/mtrx3760_p2/MTRX3760_PROJECT_2/install/shared_interfaces/share/shared_interfaces/package.xml
