[0.060s] DEBUG:colcon:Command line arguments: ['/usr/bin/colcon', 'build']
[0.060s] DEBUG:colcon:Parsed command line arguments: Namespace(log_base=None, log_level=None, verb_name='build', build_base='build', install_base='install', merge_install=False, symlink_install=False, test_result_base=None, continue_on_error=False, executor='parallel', parallel_workers=20, event_handlers=None, ignore_user_meta=False, metas=['./colcon.meta'], base_paths=['.'], packages_ignore=None, packages_ignore_regex=None, paths=None, packages_up_to=None, packages_up_to_regex=None, packages_above=None, packages_above_and_dependencies=None, packages_above_depth=None, packages_select_by_dep=None, packages_skip_by_dep=None, packages_skip_up_to=None, packages_select_build_failed=False, packages_skip_build_finished=False, packages_select_test_failures=False, packages_skip_test_passed=False, packages_select=None, packages_skip=None, packages_select_regex=None, packages_skip_regex=None, packages_start=None, packages_end=None, allow_overriding=[], cmake_args=None, cmake_target=None, cmake_target_skip_unavailable=False, cmake_clean_cache=False, cmake_clean_first=False, cmake_force_configure=False, ament_cmake_args=None, catkin_cmake_args=None, catkin_skip_building_tests=False, mixin_files=None, mixin=None, verb_parser=<colcon_mixin.mixin.mixin_argument.MixinArgumentDecorator object at 0x7c1292fb1d60>, verb_extension=<colcon_core.verb.build.BuildVerb object at 0x7c1292fb1970>, main=<bound method BuildVerb.main of <colcon_core.verb.build.BuildVerb object at 0x7c1292fb1970>>, mixin_verb=('build',))
[0.081s] Level 1:colcon.colcon_core.package_discovery:discover_packages(colcon_meta) check parameters
[0.081s] Level 1:colcon.colcon_core.package_discovery:discover_packages(recursive) check parameters
[0.081s] Level 1:colcon.colcon_core.package_discovery:discover_packages(ignore) check parameters
[0.081s] Level 1:colcon.colcon_core.package_discovery:discover_packages(path) check parameters
[0.081s] Level 1:colcon.colcon_core.package_discovery:discover_packages(colcon_meta) discover
[0.081s] Level 1:colcon.colcon_core.package_discovery:discover_packages(recursive) discover
[0.081s] INFO:colcon.colcon_core.package_discovery:Crawling recursively for packages in '/home/matylda-hayne/mtrx3760_p2/MTRX3760_PROJECT_2/ros2_ws/src'
[0.081s] Level 1:colcon.colcon_core.package_identification:_identify(.) by extensions ['ignore', 'ignore_ament_install']
[0.081s] Level 1:colcon.colcon_core.package_identification:_identify(.) by extension 'ignore'
[0.081s] Level 1:colcon.colcon_core.package_identification:_identify(.) by extension 'ignore_ament_install'
[0.081s] Level 1:colcon.colcon_core.package_identification:_identify(.) by extensions ['colcon_pkg']
[0.081s] Level 1:colcon.colcon_core.package_identification:_identify(.) by extension 'colcon_pkg'
[0.081s] Level 1:colcon.colcon_core.package_identification:_identify(.) by extensions ['colcon_meta']
[0.081s] Level 1:colcon.colcon_core.package_identification:_identify(.) by extension 'colcon_meta'
[0.081s] Level 1:colcon.colcon_core.package_identification:_identify(.) by extensions ['ros']
[0.081s] Level 1:colcon.colcon_core.package_identification:_identify(.) by extension 'ros'
[0.096s] Level 1:colcon.colcon_core.package_identification:_identify(.) by extensions ['cmake', 'python']
[0.096s] Level 1:colcon.colcon_core.package_identification:_identify(.) by extension 'cmake'
[0.096s] Level 1:colcon.colcon_core.package_identification:_identify(.) by extension 'python'
[0.096s] Level 1:colcon.colcon_core.package_identification:_identify(.) by extensions ['python_setup_py']
[0.096s] Level 1:colcon.colcon_core.package_identification:_identify(.) by extension 'python_setup_py'
[0.096s] Level 1:colcon.colcon_core.package_identification:_identify(battery) by extensions ['ignore', 'ignore_ament_install']
[0.096s] Level 1:colcon.colcon_core.package_identification:_identify(battery) by extension 'ignore'
[0.096s] Level 1:colcon.colcon_core.package_identification:_identify(battery) by extension 'ignore_ament_install'
[0.096s] Level 1:colcon.colcon_core.package_identification:_identify(battery) by extensions ['colcon_pkg']
[0.096s] Level 1:colcon.colcon_core.package_identification:_identify(battery) by extension 'colcon_pkg'
[0.096s] Level 1:colcon.colcon_core.package_identification:_identify(battery) by extensions ['colcon_meta']
[0.096s] Level 1:colcon.colcon_core.package_identification:_identify(battery) by extension 'colcon_meta'
[0.096s] Level 1:colcon.colcon_core.package_identification:_identify(battery) by extensions ['ros']
[0.096s] Level 1:colcon.colcon_core.package_identification:_identify(battery) by extension 'ros'
[0.097s] DEBUG:colcon.colcon_core.package_identification:Package 'battery' with type 'ros.ament_cmake' and name 'battery'
[0.097s] Level 1:colcon.colcon_core.package_identification:_identify(build) by extensions ['ignore', 'ignore_ament_install']
[0.097s] Level 1:colcon.colcon_core.package_identification:_identify(build) by extension 'ignore'
[0.097s] Level 1:colcon.colcon_core.package_identification:_identify(build) ignored
[0.097s] Level 1:colcon.colcon_core.package_identification:_identify(defect_detector) by extensions ['ignore', 'ignore_ament_install']
[0.097s] Level 1:colcon.colcon_core.package_identification:_identify(defect_detector) by extension 'ignore'
[0.097s] Level 1:colcon.colcon_core.package_identification:_identify(defect_detector) by extension 'ignore_ament_install'
[0.097s] Level 1:colcon.colcon_core.package_identification:_identify(defect_detector) by extensions ['colcon_pkg']
[0.097s] Level 1:colcon.colcon_core.package_identification:_identify(defect_detector) by extension 'colcon_pkg'
[0.097s] Level 1:colcon.colcon_core.package_identification:_identify(defect_detector) by extensions ['colcon_meta']
[0.097s] Level 1:colcon.colcon_core.package_identification:_identify(defect_detector) by extension 'colcon_meta'
[0.097s] Level 1:colcon.colcon_core.package_identification:_identify(defect_detector) by extensions ['ros']
[0.097s] Level 1:colcon.colcon_core.package_identification:_identify(defect_detector) by extension 'ros'
[0.098s] Level 1:colcon.colcon_core.package_identification:_identify(defect_detector) by extensions ['cmake', 'python']
[0.098s] Level 1:colcon.colcon_core.package_identification:_identify(defect_detector) by extension 'cmake'
[0.098s] Level 1:colcon.colcon_core.package_identification:_identify(defect_detector) by extension 'python'
[0.098s] Level 1:colcon.colcon_core.package_identification:_identify(defect_detector) by extensions ['python_setup_py']
[0.098s] Level 1:colcon.colcon_core.package_identification:_identify(defect_detector) by extension 'python_setup_py'
[0.098s] Level 1:colcon.colcon_core.package_identification:_identify(defect_detector/src) by extensions ['ignore', 'ignore_ament_install']
[0.098s] Level 1:colcon.colcon_core.package_identification:_identify(defect_detector/src) by extension 'ignore'
[0.098s] Level 1:colcon.colcon_core.package_identification:_identify(defect_detector/src) by extension 'ignore_ament_install'
[0.098s] Level 1:colcon.colcon_core.package_identification:_identify(defect_detector/src) by extensions ['colcon_pkg']
[0.098s] Level 1:colcon.colcon_core.package_identification:_identify(defect_detector/src) by extension 'colcon_pkg'
[0.098s] Level 1:colcon.colcon_core.package_identification:_identify(defect_detector/src) by extensions ['colcon_meta']
[0.098s] Level 1:colcon.colcon_core.package_identification:_identify(defect_detector/src) by extension 'colcon_meta'
[0.098s] Level 1:colcon.colcon_core.package_identification:_identify(defect_detector/src) by extensions ['ros']
[0.098s] Level 1:colcon.colcon_core.package_identification:_identify(defect_detector/src) by extension 'ros'
[0.098s] Level 1:colcon.colcon_core.package_identification:_identify(defect_detector/src) by extensions ['cmake', 'python']
[0.098s] Level 1:colcon.colcon_core.package_identification:_identify(defect_detector/src) by extension 'cmake'
[0.098s] Level 1:colcon.colcon_core.package_identification:_identify(defect_detector/src) by extension 'python'
[0.098s] Level 1:colcon.colcon_core.package_identification:_identify(defect_detector/src) by extensions ['python_setup_py']
[0.098s] Level 1:colcon.colcon_core.package_identification:_identify(defect_detector/src) by extension 'python_setup_py'
[0.098s] Level 1:colcon.colcon_core.package_identification:_identify(drive) by extensions ['ignore', 'ignore_ament_install']
[0.098s] Level 1:colcon.colcon_core.package_identification:_identify(drive) by extension 'ignore'
[0.098s] Level 1:colcon.colcon_core.package_identification:_identify(drive) by extension 'ignore_ament_install'
[0.098s] Level 1:colcon.colcon_core.package_identification:_identify(drive) by extensions ['colcon_pkg']
[0.098s] Level 1:colcon.colcon_core.package_identification:_identify(drive) by extension 'colcon_pkg'
[0.098s] Level 1:colcon.colcon_core.package_identification:_identify(drive) by extensions ['colcon_meta']
[0.098s] Level 1:colcon.colcon_core.package_identification:_identify(drive) by extension 'colcon_meta'
[0.098s] Level 1:colcon.colcon_core.package_identification:_identify(drive) by extensions ['ros']
[0.098s] Level 1:colcon.colcon_core.package_identification:_identify(drive) by extension 'ros'
[0.098s] Level 1:colcon.colcon_core.package_identification:_identify(drive) by extensions ['cmake', 'python']
[0.098s] Level 1:colcon.colcon_core.package_identification:_identify(drive) by extension 'cmake'
[0.098s] Level 1:colcon.colcon_core.package_identification:_identify(drive) by extension 'python'
[0.098s] Level 1:colcon.colcon_core.package_identification:_identify(drive) by extensions ['python_setup_py']
[0.098s] Level 1:colcon.colcon_core.package_identification:_identify(drive) by extension 'python_setup_py'
[0.098s] Level 1:colcon.colcon_core.package_identification:_identify(install) by extensions ['ignore', 'ignore_ament_install']
[0.098s] Level 1:colcon.colcon_core.package_identification:_identify(install) by extension 'ignore'
[0.098s] Level 1:colcon.colcon_core.package_identification:_identify(install) ignored
[0.098s] Level 1:colcon.colcon_core.package_identification:_identify(log) by extensions ['ignore', 'ignore_ament_install']
[0.098s] Level 1:colcon.colcon_core.package_identification:_identify(log) by extension 'ignore'
[0.098s] Level 1:colcon.colcon_core.package_identification:_identify(log) ignored
[0.098s] Level 1:colcon.colcon_core.package_identification:_identify(logger) by extensions ['ignore', 'ignore_ament_install']
[0.098s] Level 1:colcon.colcon_core.package_identification:_identify(logger) by extension 'ignore'
[0.098s] Level 1:colcon.colcon_core.package_identification:_identify(logger) by extension 'ignore_ament_install'
[0.098s] Level 1:colcon.colcon_core.package_identification:_identify(logger) by extensions ['colcon_pkg']
[0.098s] Level 1:colcon.colcon_core.package_identification:_identify(logger) by extension 'colcon_pkg'
[0.098s] Level 1:colcon.colcon_core.package_identification:_identify(logger) by extensions ['colcon_meta']
[0.098s] Level 1:colcon.colcon_core.package_identification:_identify(logger) by extension 'colcon_meta'
[0.098s] Level 1:colcon.colcon_core.package_identification:_identify(logger) by extensions ['ros']
[0.098s] Level 1:colcon.colcon_core.package_identification:_identify(logger) by extension 'ros'
[0.099s] DEBUG:colcon.colcon_core.package_identification:Package 'logger' with type 'ros.ament_cmake' and name 'logger_pkg'
[0.099s] Level 1:colcon.colcon_core.package_identification:_identify(manager) by extensions ['ignore', 'ignore_ament_install']
[0.099s] Level 1:colcon.colcon_core.package_identification:_identify(manager) by extension 'ignore'
[0.099s] Level 1:colcon.colcon_core.package_identification:_identify(manager) by extension 'ignore_ament_install'
[0.099s] Level 1:colcon.colcon_core.package_identification:_identify(manager) by extensions ['colcon_pkg']
[0.099s] Level 1:colcon.colcon_core.package_identification:_identify(manager) by extension 'colcon_pkg'
[0.099s] Level 1:colcon.colcon_core.package_identification:_identify(manager) by extensions ['colcon_meta']
[0.099s] Level 1:colcon.colcon_core.package_identification:_identify(manager) by extension 'colcon_meta'
[0.099s] Level 1:colcon.colcon_core.package_identification:_identify(manager) by extensions ['ros']
[0.099s] Level 1:colcon.colcon_core.package_identification:_identify(manager) by extension 'ros'
[0.099s] DEBUG:colcon.colcon_core.package_identification:Package 'manager' with type 'ros.ament_cmake' and name 'manager'
[0.099s] Level 1:colcon.colcon_core.package_identification:_identify(navigation) by extensions ['ignore', 'ignore_ament_install']
[0.099s] Level 1:colcon.colcon_core.package_identification:_identify(navigation) by extension 'ignore'
[0.099s] Level 1:colcon.colcon_core.package_identification:_identify(navigation) by extension 'ignore_ament_install'
[0.100s] Level 1:colcon.colcon_core.package_identification:_identify(navigation) by extensions ['colcon_pkg']
[0.100s] Level 1:colcon.colcon_core.package_identification:_identify(navigation) by extension 'colcon_pkg'
[0.100s] Level 1:colcon.colcon_core.package_identification:_identify(navigation) by extensions ['colcon_meta']
[0.100s] Level 1:colcon.colcon_core.package_identification:_identify(navigation) by extension 'colcon_meta'
[0.100s] Level 1:colcon.colcon_core.package_identification:_identify(navigation) by extensions ['ros']
[0.100s] Level 1:colcon.colcon_core.package_identification:_identify(navigation) by extension 'ros'
[0.100s] DEBUG:colcon.colcon_core.package_identification:Package 'navigation' with type 'ros.ament_cmake' and name 'navigation'
[0.100s] Level 1:colcon.colcon_core.package_identification:_identify(navigation_old) by extensions ['ignore', 'ignore_ament_install']
[0.100s] Level 1:colcon.colcon_core.package_identification:_identify(navigation_old) by extension 'ignore'
[0.100s] Level 1:colcon.colcon_core.package_identification:_identify(navigation_old) by extension 'ignore_ament_install'
[0.100s] Level 1:colcon.colcon_core.package_identification:_identify(navigation_old) by extensions ['colcon_pkg']
[0.100s] Level 1:colcon.colcon_core.package_identification:_identify(navigation_old) by extension 'colcon_pkg'
[0.100s] Level 1:colcon.colcon_core.package_identification:_identify(navigation_old) by extensions ['colcon_meta']
[0.100s] Level 1:colcon.colcon_core.package_identification:_identify(navigation_old) by extension 'colcon_meta'
[0.100s] Level 1:colcon.colcon_core.package_identification:_identify(navigation_old) by extensions ['ros']
[0.100s] Level 1:colcon.colcon_core.package_identification:_identify(navigation_old) by extension 'ros'
[0.101s] DEBUG:colcon.colcon_core.package_identification:Package 'navigation_old' with type 'ros.ament_cmake' and name 'navigation'
[0.101s] Level 1:colcon.colcon_core.package_identification:_identify(shared_interfaces) by extensions ['ignore', 'ignore_ament_install']
[0.101s] Level 1:colcon.colcon_core.package_identification:_identify(shared_interfaces) by extension 'ignore'
[0.101s] Level 1:colcon.colcon_core.package_identification:_identify(shared_interfaces) by extension 'ignore_ament_install'
[0.101s] Level 1:colcon.colcon_core.package_identification:_identify(shared_interfaces) by extensions ['colcon_pkg']
[0.101s] Level 1:colcon.colcon_core.package_identification:_identify(shared_interfaces) by extension 'colcon_pkg'
[0.101s] Level 1:colcon.colcon_core.package_identification:_identify(shared_interfaces) by extensions ['colcon_meta']
[0.101s] Level 1:colcon.colcon_core.package_identification:_identify(shared_interfaces) by extension 'colcon_meta'
[0.101s] Level 1:colcon.colcon_core.package_identification:_identify(shared_interfaces) by extensions ['ros']
[0.101s] Level 1:colcon.colcon_core.package_identification:_identify(shared_interfaces) by extension 'ros'
[0.101s] DEBUG:colcon.colcon_core.package_identification:Package 'shared_interfaces' with type 'ros.ament_cmake' and name 'shared_interfaces'
[0.101s] Level 1:colcon.colcon_core.package_identification:_identify(user_interface) by extensions ['ignore', 'ignore_ament_install']
[0.101s] Level 1:colcon.colcon_core.package_identification:_identify(user_interface) by extension 'ignore'
[0.101s] Level 1:colcon.colcon_core.package_identification:_identify(user_interface) by extension 'ignore_ament_install'
[0.101s] Level 1:colcon.colcon_core.package_identification:_identify(user_interface) by extensions ['colcon_pkg']
[0.101s] Level 1:colcon.colcon_core.package_identification:_identify(user_interface) by extension 'colcon_pkg'
[0.101s] Level 1:colcon.colcon_core.package_identification:_identify(user_interface) by extensions ['colcon_meta']
[0.101s] Level 1:colcon.colcon_core.package_identification:_identify(user_interface) by extension 'colcon_meta'
[0.101s] Level 1:colcon.colcon_core.package_identification:_identify(user_interface) by extensions ['ros']
[0.101s] Level 1:colcon.colcon_core.package_identification:_identify(user_interface) by extension 'ros'
[0.102s] DEBUG:colcon.colcon_core.package_identification:Package 'user_interface' with type 'ros.ament_cmake' and name 'user_interface'
[0.102s] Level 1:colcon.colcon_core.package_identification:_identify(vision) by extensions ['ignore', 'ignore_ament_install']
[0.102s] Level 1:colcon.colcon_core.package_identification:_identify(vision) by extension 'ignore'
[0.102s] Level 1:colcon.colcon_core.package_identification:_identify(vision) by extension 'ignore_ament_install'
[0.102s] Level 1:colcon.colcon_core.package_identification:_identify(vision) by extensions ['colcon_pkg']
[0.102s] Level 1:colcon.colcon_core.package_identification:_identify(vision) by extension 'colcon_pkg'
[0.102s] Level 1:colcon.colcon_core.package_identification:_identify(vision) by extensions ['colcon_meta']
[0.102s] Level 1:colcon.colcon_core.package_identification:_identify(vision) by extension 'colcon_meta'
[0.102s] Level 1:colcon.colcon_core.package_identification:_identify(vision) by extensions ['ros']
[0.102s] Level 1:colcon.colcon_core.package_identification:_identify(vision) by extension 'ros'
[0.102s] Level 1:colcon.colcon_core.package_identification:_identify(vision) by extensions ['cmake', 'python']
[0.102s] Level 1:colcon.colcon_core.package_identification:_identify(vision) by extension 'cmake'
[0.102s] Level 1:colcon.colcon_core.package_identification:_identify(vision) by extension 'python'
[0.102s] Level 1:colcon.colcon_core.package_identification:_identify(vision) by extensions ['python_setup_py']
[0.102s] Level 1:colcon.colcon_core.package_identification:_identify(vision) by extension 'python_setup_py'
[0.102s] Level 1:colcon.colcon_core.package_identification:_identify(warehouse_bringup) by extensions ['ignore', 'ignore_ament_install']
[0.102s] Level 1:colcon.colcon_core.package_identification:_identify(warehouse_bringup) by extension 'ignore'
[0.102s] Level 1:colcon.colcon_core.package_identification:_identify(warehouse_bringup) by extension 'ignore_ament_install'
[0.102s] Level 1:colcon.colcon_core.package_identification:_identify(warehouse_bringup) by extensions ['colcon_pkg']
[0.102s] Level 1:colcon.colcon_core.package_identification:_identify(warehouse_bringup) by extension 'colcon_pkg'
[0.102s] Level 1:colcon.colcon_core.package_identification:_identify(warehouse_bringup) by extensions ['colcon_meta']
[0.102s] Level 1:colcon.colcon_core.package_identification:_identify(warehouse_bringup) by extension 'colcon_meta'
[0.102s] Level 1:colcon.colcon_core.package_identification:_identify(warehouse_bringup) by extensions ['ros']
[0.102s] Level 1:colcon.colcon_core.package_identification:_identify(warehouse_bringup) by extension 'ros'
[0.102s] DEBUG:colcon.colcon_core.package_identification:Package 'warehouse_bringup' with type 'ros.ament_cmake' and name 'warehouse_bringup'
[0.102s] Level 1:colcon.colcon_core.package_discovery:discover_packages(recursive) using defaults
[0.102s] Level 1:colcon.colcon_core.package_discovery:discover_packages(ignore) discover
[0.102s] Level 1:colcon.colcon_core.package_discovery:discover_packages(ignore) using defaults
[0.102s] Level 1:colcon.colcon_core.package_discovery:discover_packages(path) discover
[0.102s] Level 1:colcon.colcon_core.package_discovery:discover_packages(path) using defaults
[0.114s] Level 1:colcon.colcon_core.package_discovery:discover_packages(prefix_path) check parameters
[0.114s] Level 1:colcon.colcon_core.package_discovery:discover_packages(prefix_path) discover
[0.114s] WARNING:colcon.colcon_ros.prefix_path.ament:The path '/home/matylda-hayne/mtrx3760_p2/MTRX3760_PROJECT_2/ros2_ws/install/shared_interfaces' in the environment variable AMENT_PREFIX_PATH doesn't contain any 'local_setup.*' files.
[0.114s] WARNING:colcon.colcon_ros.prefix_path.ament:The path '/home/matylda-hayne/mtrx3760_p2/MTRX3760_PROJECT_2/ros2_ws/install/user_interface' in the environment variable AMENT_PREFIX_PATH doesn't exist
[0.114s] WARNING:colcon.colcon_ros.prefix_path.ament:The path '/home/matylda-hayne/mtrx3760_p2/MTRX3760_PROJECT_2/ros2_ws/install/robot' in the environment variable AMENT_PREFIX_PATH doesn't exist
[0.114s] WARNING:colcon.colcon_ros.prefix_path.ament:The path '/home/matylda-hayne/mtrx3760_p2/MTRX3760_PROJECT_2/install/user_interface' in the environment variable AMENT_PREFIX_PATH doesn't exist
[0.114s] WARNING:colcon.colcon_ros.prefix_path.ament:The path '/home/matylda-hayne/mtrx3760_p2/MTRX3760_PROJECT_2/install/robot' in the environment variable AMENT_PREFIX_PATH doesn't exist
[0.115s] WARNING:colcon.colcon_ros.prefix_path.catkin:The path '/home/matylda-hayne/mtrx3760_p2/MTRX3760_PROJECT_2/ros2_ws/install/user_interface' in the environment variable CMAKE_PREFIX_PATH doesn't exist
[0.115s] WARNING:colcon.colcon_ros.prefix_path.catkin:The path '/home/matylda-hayne/mtrx3760_p2/MTRX3760_PROJECT_2/ros2_ws/install/robot' in the environment variable CMAKE_PREFIX_PATH doesn't exist
[0.115s] WARNING:colcon.colcon_ros.prefix_path.catkin:The path '/home/matylda-hayne/mtrx3760_p2/MTRX3760_PROJECT_2/install/user_interface' in the environment variable CMAKE_PREFIX_PATH doesn't exist
[0.115s] WARNING:colcon.colcon_ros.prefix_path.catkin:The path '/home/matylda-hayne/mtrx3760_p2/MTRX3760_PROJECT_2/install/robot' in the environment variable CMAKE_PREFIX_PATH doesn't exist
[0.115s] DEBUG:colcon.colcon_installed_package_information.package_discovery:Found 1 installed packages in /home/matylda-hayne/mtrx3760_p2/MTRX3760_PROJECT_2/install
[0.116s] DEBUG:colcon.colcon_installed_package_information.package_discovery:Found 15 installed packages in /home/matylda-hayne/turtlebot3_ws/install
[0.116s] DEBUG:colcon.colcon_installed_package_information.package_discovery:Found 0 installed packages in /home/matylda-hayne/turtlebot3_ws/src/turtlebot3_simulations/turtlebot3_gazebo/launch/install
[0.116s] DEBUG:colcon.colcon_installed_package_information.package_discovery:Found 3 installed packages in /home/matylda-hayne/install
[0.116s] DEBUG:colcon.colcon_installed_package_information.package_discovery:Found 1 installed packages in /home/matylda-hayne/mtrx3760_ws/install
[0.117s] DEBUG:colcon.colcon_installed_package_information.package_discovery:Found 398 installed packages in /opt/ros/jazzy
[0.118s] Level 1:colcon.colcon_core.package_discovery:discover_packages(prefix_path) using defaults
[0.147s] ERROR:colcon:colcon build: Duplicate package names not supported:
- navigation:
  - navigation
  - navigation_old
