[0.013s] Invoking command in '/home/matylda-hayne/mtrx3760_p2/MTRX3760_PROJECT_2/build/robot': CMAKE_PREFIX_PATH=${CMAKE_PREFIX_PATH}:/home/matylda-hayne/turtlebot3_ws/install/turtlebot3_teleop:/home/matylda-hayne/turtlebot3_ws/install/turtlebot3_example:/opt/ros/jazzy DEBUGINFOD_URLS=https://debuginfod.ubuntu.com /usr/bin/cmake --build /home/matylda-hayne/mtrx3760_p2/MTRX3760_PROJECT_2/build/robot -- -j20 -l20
[0.033s] -- Found ament_cmake: 2.5.4 (/opt/ros/jazzy/share/ament_cmake/cmake)
[0.189s] -- Found rclcpp: 28.1.11 (/opt/ros/jazzy/share/rclcpp/cmake)
[0.206s] -- Found rosidl_generator_c: 4.6.6 (/opt/ros/jazzy/share/rosidl_generator_c/cmake)
[0.213s] -- Found rosidl_generator_cpp: 4.6.6 (/opt/ros/jazzy/share/rosidl_generator_cpp/cmake)
[0.223s] -- Using all available rosidl_typesupport_c: rosidl_typesupport_fastrtps_c;rosidl_typesupport_introspection_c
[0.232s] -- Using all available rosidl_typesupport_cpp: rosidl_typesupport_fastrtps_cpp;rosidl_typesupport_introspection_cpp
[0.270s] -- Found rmw_implementation_cmake: 7.3.2 (/opt/ros/jazzy/share/rmw_implementation_cmake/cmake)
[0.271s] -- Found rmw_fastrtps_cpp: 8.4.3 (/opt/ros/jazzy/share/rmw_fastrtps_cpp/cmake)
[0.325s] -- Using RMW implementation 'rmw_fastrtps_cpp' as default
[0.363s] -- Found std_msgs: 5.3.6 (/opt/ros/jazzy/share/std_msgs/cmake)
[0.371s] -- Found example_interfaces: 0.12.0 (/opt/ros/jazzy/share/example_interfaces/cmake)
[0.401s] -- Found geometry_msgs: 5.3.6 (/opt/ros/jazzy/share/geometry_msgs/cmake)
[0.409s] -- Found nav_msgs: 5.3.6 (/opt/ros/jazzy/share/nav_msgs/cmake)
[0.430s] -- Found rosidl_default_generators: 1.6.0 (/opt/ros/jazzy/share/rosidl_default_generators/cmake)
[0.436s] -- Found rosidl_adapter: 4.6.6 (/opt/ros/jazzy/share/rosidl_adapter/cmake)
[0.437s] [33mCMake Warning (dev) at /usr/share/cmake-3.28/Modules/FindOpenGL.cmake:381 (message):
[0.437s]   Policy CMP0072 is not set: FindOpenGL prefers GLVND by default when
[0.437s]   available.  Run "cmake --help-policy CMP0072" for policy details.  Use the
[0.437s]   cmake_policy command to set the policy and suppress this warning.
[0.437s] 
[0.437s]   FindOpenGL found both a legacy GL library:
[0.438s] 
[0.438s]     OPENGL_gl_LIBRARY: /usr/lib/x86_64-linux-gnu/libGL.so
[0.438s] 
[0.438s]   and GLVND libraries for OpenGL and GLX:
[0.438s] 
[0.438s]     OPENGL_opengl_LIBRARY: /usr/lib/x86_64-linux-gnu/libOpenGL.so
[0.438s]     OPENGL_glx_LIBRARY: /usr/lib/x86_64-linux-gnu/libGLX.so
[0.438s] 
[0.438s]   OpenGL_GL_PREFERENCE has not been set to "GLVND" or "LEGACY", so for
[0.438s]   compatibility with CMake 3.10 and below the legacy GL library will be used.
[0.438s] Call Stack (most recent call first):
[0.438s]   CMakeLists.txt:19 (find_package)
[0.438s] This warning is for project developers.  Use -Wno-dev to suppress it.
[0.438s] [0m
[0.473s] -- Found ament_lint_auto: 0.17.3 (/opt/ros/jazzy/share/ament_lint_auto/cmake)
[0.572s] -- Added test 'cppcheck' to perform static code analysis on C / C++ code
[0.572s] -- Configured cppcheck include dirs: $<BUILD_INTERFACE:/home/matylda-hayne/mtrx3760_p2/MTRX3760_PROJECT_2/ros2_ws/src/robot/include>;/home/matylda-hayne/mtrx3760_p2/MTRX3760_PROJECT_2/ros2_ws/src/robot/vendor/imgui;/home/matylda-hayne/mtrx3760_p2/MTRX3760_PROJECT_2/ros2_ws/src/robot/vendor/imgui/backends;/home/matylda-hayne/mtrx3760_p2/MTRX3760_PROJECT_2/ros2_ws/src/robot/vendor
[0.572s] -- Configured cppcheck exclude dirs and/or files: 
[0.576s] -- Added test 'flake8' to check Python code syntax and style conventions
[0.576s] -- Configured 'flake8' exclude dirs and/or files: 
[0.584s] -- Added test 'lint_cmake' to check CMake code style
[0.588s] -- Added test 'pep257' to check Python code against some of the docstring style conventions in PEP 257
[0.624s] -- Added test 'uncrustify' to check C / C++ code style
[0.624s] -- Configured uncrustify additional arguments: 
[0.629s] -- Added test 'xmllint' to check XML markup files
[0.630s] -- Configuring done (0.6s)
[0.640s] -- Generating done (0.0s)
[0.643s] -- Build files have been written to: /home/matylda-hayne/mtrx3760_p2/MTRX3760_PROJECT_2/build/robot
[0.687s] [  8%] [32mBuilding CXX object CMakeFiles/robot_gui.dir/vendor/imgui/backends/imgui_impl_opengl3.cpp.o[0m
[0.687s] [ 16%] [32mBuilding CXX object CMakeFiles/robot_gui.dir/vendor/imgui/imgui_tables.cpp.o[0m
[0.689s] [ 33%] [32mBuilding CXX object CMakeFiles/robot_gui.dir/vendor/imgui/imgui_draw.cpp.o[0m
[0.689s] [ 33%] [32mBuilding CXX object CMakeFiles/robot_gui.dir/vendor/imgui/imgui_demo.cpp.o[0m
[0.689s] [ 50%] [32mBuilding CXX object CMakeFiles/robot_gui.dir/src/robot_gui.cpp.o[0m
[0.690s] [ 50%] [32mBuilding CXX object CMakeFiles/robot_gui.dir/vendor/imgui/backends/imgui_impl_glfw.cpp.o[0m
[0.690s] [ 58%] [32mBuilding CXX object CMakeFiles/robot_gui.dir/vendor/imgui/imgui.cpp.o[0m
[0.692s] [ 75%] [32mBuilding CXX object CMakeFiles/robot_gui.dir/vendor/imgui/imgui_widgets.cpp.o[0m
[0.692s] [ 91%] Built target robot_node
[1.093s] [01m[K/home/matylda-hayne/mtrx3760_p2/MTRX3760_PROJECT_2/ros2_ws/src/robot/src/robot_gui.cpp:[m[K In function ‘[01m[Kint[01;32m[K main[m[K()[m[K’:
[1.093s] [01m[K/home/matylda-hayne/mtrx3760_p2/MTRX3760_PROJECT_2/ros2_ws/src/robot/src/robot_gui.cpp:127:36:[m[K [01;31m[Kerror: [m[Kcannot convert ‘[01m[Kstd::string[m[K’ {aka ‘[01m[Kstd::__cxx11::basic_string<char>[m[K’} to ‘[01m[Kconst char*[m[K’
[1.093s]   127 |     bool ret = LoadTexturefromFile([01;31m[Kimage_path[m[K,
[1.093s]       |                                    [01;31m[K^~~~~~~~~~[m[K
[1.093s]       |                                    [01;31m[K|[m[K
[1.093s]       |                                    [01;31m[Kstd::string {aka std::__cxx11::basic_string<char>}[m[K
[1.093s] [01m[K/home/matylda-hayne/mtrx3760_p2/MTRX3760_PROJECT_2/ros2_ws/src/robot/src/robot_gui.cpp:54:38:[m[K [01;36m[Knote: [m[K  initializing argument 1 of ‘[01m[Kbool[01;32m[K LoadTexturefromFile[m[K(const char*, GLuint*, int*, int*)[m[K’
[1.093s]    54 | bool LoadTexturefromFile([01;36m[Kconst char* filename[m[K, GLuint* out_texture, int* out_width, int* out_height)
[1.093s]       |                          [01;36m[K~~~~~~~~~~~~^~~~~~~~[m[K
[1.176s] gmake[2]: *** [CMakeFiles/robot_gui.dir/build.make:76: CMakeFiles/robot_gui.dir/src/robot_gui.cpp.o] Error 1
[1.176s] gmake[2]: *** Waiting for unfinished jobs....
[2.156s] gmake[1]: *** [CMakeFiles/Makefile2:165: CMakeFiles/robot_gui.dir/all] Error 2
[2.156s] gmake: *** [Makefile:146: all] Error 2
[2.158s] Invoked command in '/home/matylda-hayne/mtrx3760_p2/MTRX3760_PROJECT_2/build/robot' returned '2': CMAKE_PREFIX_PATH=${CMAKE_PREFIX_PATH}:/home/matylda-hayne/turtlebot3_ws/install/turtlebot3_teleop:/home/matylda-hayne/turtlebot3_ws/install/turtlebot3_example:/opt/ros/jazzy DEBUGINFOD_URLS=https://debuginfod.ubuntu.com /usr/bin/cmake --build /home/matylda-hayne/mtrx3760_p2/MTRX3760_PROJECT_2/build/robot -- -j20 -l20
