[0.023s] Invoking command in '/home/matylda-hayne/mtrx3760_p2/MTRX3760_PROJECT_2/ros2_ws/build/shared_interfaces': CMAKE_PREFIX_PATH=${CMAKE_PREFIX_PATH}:/home/matylda-hayne/turtlebot3_ws/install/turtlebot3_teleop:/home/matylda-hayne/turtlebot3_ws/install/turtlebot3_example:/opt/ros/jazzy DEBUGINFOD_URLS=https://debuginfod.ubuntu.com /usr/bin/cmake --build /home/matylda-hayne/mtrx3760_p2/MTRX3760_PROJECT_2/ros2_ws/build/shared_interfaces -- -j20 -l20
[0.149s] [  1%] Built target shared_interfaces__rosidl_generator_type_description
[0.169s] [  1%] Built target ament_cmake_python_copy_shared_interfaces
[0.202s] [  3%] Built target shared_interfaces__cpp
[0.218s] [ 25%] Built target shared_interfaces__rosidl_generator_c
[0.281s] [ 34%] Built target shared_interfaces__rosidl_typesupport_introspection_c
[0.283s] [ 43%] Built target shared_interfaces__rosidl_typesupport_cpp
[0.284s] [ 59%] Built target shared_interfaces__rosidl_typesupport_fastrtps_cpp
[0.285s] [ 62%] Built target shared_interfaces__rosidl_typesupport_c
[0.287s] [ 71%] Built target shared_interfaces__rosidl_typesupport_introspection_cpp
[0.287s] [ 81%] Built target shared_interfaces__rosidl_typesupport_fastrtps_c
[0.340s] [ 81%] Built target shared_interfaces
[0.394s] [ 82%] Built target shared_interfaces__py
[0.448s] [ 90%] Built target shared_interfaces__rosidl_generator_py
[0.494s] [ 96%] Built target shared_interfaces_s__rosidl_typesupport_introspection_c
[0.494s] [ 96%] Built target shared_interfaces_s__rosidl_typesupport_fastrtps_c
[0.495s] [100%] Built target shared_interfaces_s__rosidl_typesupport_c
[0.569s] running egg_info
[0.595s] writing shared_interfaces.egg-info/PKG-INFO
[0.595s] writing dependency_links to shared_interfaces.egg-info/dependency_links.txt
[0.595s] writing top-level names to shared_interfaces.egg-info/top_level.txt
[0.680s] reading manifest file 'shared_interfaces.egg-info/SOURCES.txt'
[0.681s] writing manifest file 'shared_interfaces.egg-info/SOURCES.txt'
[0.730s] [100%] Built target ament_cmake_python_build_shared_interfaces_egg
[0.749s] Invoked command in '/home/matylda-hayne/mtrx3760_p2/MTRX3760_PROJECT_2/ros2_ws/build/shared_interfaces' returned '0': CMAKE_PREFIX_PATH=${CMAKE_PREFIX_PATH}:/home/matylda-hayne/turtlebot3_ws/install/turtlebot3_teleop:/home/matylda-hayne/turtlebot3_ws/install/turtlebot3_example:/opt/ros/jazzy DEBUGINFOD_URLS=https://debuginfod.ubuntu.com /usr/bin/cmake --build /home/matylda-hayne/mtrx3760_p2/MTRX3760_PROJECT_2/ros2_ws/build/shared_interfaces -- -j20 -l20
[0.773s] Invoking command in '/home/matylda-hayne/mtrx3760_p2/MTRX3760_PROJECT_2/ros2_ws/build/shared_interfaces': CMAKE_PREFIX_PATH=${CMAKE_PREFIX_PATH}:/home/matylda-hayne/turtlebot3_ws/install/turtlebot3_teleop:/home/matylda-hayne/turtlebot3_ws/install/turtlebot3_example:/opt/ros/jazzy DEBUGINFOD_URLS=https://debuginfod.ubuntu.com /usr/bin/cmake --install /home/matylda-hayne/mtrx3760_p2/MTRX3760_PROJECT_2/ros2_ws/build/shared_interfaces
[0.790s] -- Install configuration: ""
[0.790s] -- Up-to-date: /home/matylda-hayne/mtrx3760_p2/MTRX3760_PROJECT_2/ros2_ws/install/shared_interfaces/share/ament_index/resource_index/rosidl_interfaces/shared_interfaces
[0.791s] -- Up-to-date: /home/matylda-hayne/mtrx3760_p2/MTRX3760_PROJECT_2/ros2_ws/install/shared_interfaces/share/shared_interfaces/msg/DefectInfo.json
[0.791s] -- Up-to-date: /home/matylda-hayne/mtrx3760_p2/MTRX3760_PROJECT_2/ros2_ws/install/shared_interfaces/share/shared_interfaces/srv/NavigationMode.json
[0.791s] -- Up-to-date: /home/matylda-hayne/mtrx3760_p2/MTRX3760_PROJECT_2/ros2_ws/install/shared_interfaces/share/shared_interfaces/srv/RobotType.json
[0.791s] -- Up-to-date: /home/matylda-hayne/mtrx3760_p2/MTRX3760_PROJECT_2/ros2_ws/install/shared_interfaces/share/shared_interfaces/msg/CheckLog.json
[0.791s] -- Up-to-date: /home/matylda-hayne/mtrx3760_p2/MTRX3760_PROJECT_2/ros2_ws/install/shared_interfaces/include/shared_interfaces/shared_interfaces
[0.791s] -- Up-to-date: /home/matylda-hayne/mtrx3760_p2/MTRX3760_PROJECT_2/ros2_ws/install/shared_interfaces/include/shared_interfaces/shared_interfaces/srv
[0.791s] -- Up-to-date: /home/matylda-hayne/mtrx3760_p2/MTRX3760_PROJECT_2/ros2_ws/install/shared_interfaces/include/shared_interfaces/shared_interfaces/srv/robot_type.h
[0.792s] -- Up-to-date: /home/matylda-hayne/mtrx3760_p2/MTRX3760_PROJECT_2/ros2_ws/install/shared_interfaces/include/shared_interfaces/shared_interfaces/srv/charging.h
[0.792s] -- Up-to-date: /home/matylda-hayne/mtrx3760_p2/MTRX3760_PROJECT_2/ros2_ws/install/shared_interfaces/include/shared_interfaces/shared_interfaces/srv/detail
[0.792s] -- Up-to-date: /home/matylda-hayne/mtrx3760_p2/MTRX3760_PROJECT_2/ros2_ws/install/shared_interfaces/include/shared_interfaces/shared_interfaces/srv/detail/navigation_mode__functions.h
[0.792s] -- Up-to-date: /home/matylda-hayne/mtrx3760_p2/MTRX3760_PROJECT_2/ros2_ws/install/shared_interfaces/include/shared_interfaces/shared_interfaces/srv/detail/robot_type__struct.h
[0.792s] -- Up-to-date: /home/matylda-hayne/mtrx3760_p2/MTRX3760_PROJECT_2/ros2_ws/install/shared_interfaces/include/shared_interfaces/shared_interfaces/srv/detail/navigation_mode__description.c
[0.792s] -- Up-to-date: /home/matylda-hayne/mtrx3760_p2/MTRX3760_PROJECT_2/ros2_ws/install/shared_interfaces/include/shared_interfaces/shared_interfaces/srv/detail/robot_type__functions.c
[0.792s] -- Up-to-date: /home/matylda-hayne/mtrx3760_p2/MTRX3760_PROJECT_2/ros2_ws/install/shared_interfaces/include/shared_interfaces/shared_interfaces/srv/detail/charging__type_support.h
[0.792s] -- Up-to-date: /home/matylda-hayne/mtrx3760_p2/MTRX3760_PROJECT_2/ros2_ws/install/shared_interfaces/include/shared_interfaces/shared_interfaces/srv/detail/charging__struct.h
[0.793s] -- Up-to-date: /home/matylda-hayne/mtrx3760_p2/MTRX3760_PROJECT_2/ros2_ws/install/shared_interfaces/include/shared_interfaces/shared_interfaces/srv/detail/detecting__description.c
[0.793s] -- Up-to-date: /home/matylda-hayne/mtrx3760_p2/MTRX3760_PROJECT_2/ros2_ws/install/shared_interfaces/include/shared_interfaces/shared_interfaces/srv/detail/charging__functions.c
[0.793s] -- Up-to-date: /home/matylda-hayne/mtrx3760_p2/MTRX3760_PROJECT_2/ros2_ws/install/shared_interfaces/include/shared_interfaces/shared_interfaces/srv/detail/charging__functions.h
[0.793s] -- Up-to-date: /home/matylda-hayne/mtrx3760_p2/MTRX3760_PROJECT_2/ros2_ws/install/shared_interfaces/include/shared_interfaces/shared_interfaces/srv/detail/robot_type__type_support.c
[0.793s] -- Up-to-date: /home/matylda-hayne/mtrx3760_p2/MTRX3760_PROJECT_2/ros2_ws/install/shared_interfaces/include/shared_interfaces/shared_interfaces/srv/detail/detecting__type_support.h
[0.793s] -- Up-to-date: /home/matylda-hayne/mtrx3760_p2/MTRX3760_PROJECT_2/ros2_ws/install/shared_interfaces/include/shared_interfaces/shared_interfaces/srv/detail/navigation_mode__functions.c
[0.793s] -- Up-to-date: /home/matylda-hayne/mtrx3760_p2/MTRX3760_PROJECT_2/ros2_ws/install/shared_interfaces/include/shared_interfaces/shared_interfaces/srv/detail/robot_type__functions.h
[0.793s] -- Up-to-date: /home/matylda-hayne/mtrx3760_p2/MTRX3760_PROJECT_2/ros2_ws/install/shared_interfaces/include/shared_interfaces/shared_interfaces/srv/detail/robot_type__description.c
[0.793s] -- Up-to-date: /home/matylda-hayne/mtrx3760_p2/MTRX3760_PROJECT_2/ros2_ws/install/shared_interfaces/include/shared_interfaces/shared_interfaces/srv/detail/navigation_mode__type_support.c
[0.793s] -- Up-to-date: /home/matylda-hayne/mtrx3760_p2/MTRX3760_PROJECT_2/ros2_ws/install/shared_interfaces/include/shared_interfaces/shared_interfaces/srv/detail/detecting__functions.h
[0.794s] -- Up-to-date: /home/matylda-hayne/mtrx3760_p2/MTRX3760_PROJECT_2/ros2_ws/install/shared_interfaces/include/shared_interfaces/shared_interfaces/srv/detail/detecting__type_support.c
[0.794s] -- Up-to-date: /home/matylda-hayne/mtrx3760_p2/MTRX3760_PROJECT_2/ros2_ws/install/shared_interfaces/include/shared_interfaces/shared_interfaces/srv/detail/navigation_mode__struct.h
[0.794s] -- Up-to-date: /home/matylda-hayne/mtrx3760_p2/MTRX3760_PROJECT_2/ros2_ws/install/shared_interfaces/include/shared_interfaces/shared_interfaces/srv/detail/charging__description.c
[0.794s] -- Up-to-date: /home/matylda-hayne/mtrx3760_p2/MTRX3760_PROJECT_2/ros2_ws/install/shared_interfaces/include/shared_interfaces/shared_interfaces/srv/detail/robot_type__type_support.h
[0.794s] -- Up-to-date: /home/matylda-hayne/mtrx3760_p2/MTRX3760_PROJECT_2/ros2_ws/install/shared_interfaces/include/shared_interfaces/shared_interfaces/srv/detail/detecting__struct.h
[0.794s] -- Up-to-date: /home/matylda-hayne/mtrx3760_p2/MTRX3760_PROJECT_2/ros2_ws/install/shared_interfaces/include/shared_interfaces/shared_interfaces/srv/detail/charging__type_support.c
[0.794s] -- Up-to-date: /home/matylda-hayne/mtrx3760_p2/MTRX3760_PROJECT_2/ros2_ws/install/shared_interfaces/include/shared_interfaces/shared_interfaces/srv/detail/detecting__functions.c
[0.794s] -- Up-to-date: /home/matylda-hayne/mtrx3760_p2/MTRX3760_PROJECT_2/ros2_ws/install/shared_interfaces/include/shared_interfaces/shared_interfaces/srv/detail/navigation_mode__type_support.h
[0.794s] -- Up-to-date: /home/matylda-hayne/mtrx3760_p2/MTRX3760_PROJECT_2/ros2_ws/install/shared_interfaces/include/shared_interfaces/shared_interfaces/srv/detecting.h
[0.795s] -- Up-to-date: /home/matylda-hayne/mtrx3760_p2/MTRX3760_PROJECT_2/ros2_ws/install/shared_interfaces/include/shared_interfaces/shared_interfaces/srv/navigation_mode.h
[0.795s] -- Up-to-date: /home/matylda-hayne/mtrx3760_p2/MTRX3760_PROJECT_2/ros2_ws/install/shared_interfaces/include/shared_interfaces/shared_interfaces/msg
[0.795s] -- Up-to-date: /home/matylda-hayne/mtrx3760_p2/MTRX3760_PROJECT_2/ros2_ws/install/shared_interfaces/include/shared_interfaces/shared_interfaces/msg/rosidl_generator_c__visibility_control.h
[0.795s] -- Up-to-date: /home/matylda-hayne/mtrx3760_p2/MTRX3760_PROJECT_2/ros2_ws/install/shared_interfaces/include/shared_interfaces/shared_interfaces/msg/detail
[0.795s] -- Up-to-date: /home/matylda-hayne/mtrx3760_p2/MTRX3760_PROJECT_2/ros2_ws/install/shared_interfaces/include/shared_interfaces/shared_interfaces/msg/detail/add_log__functions.c
[0.795s] -- Up-to-date: /home/matylda-hayne/mtrx3760_p2/MTRX3760_PROJECT_2/ros2_ws/install/shared_interfaces/include/shared_interfaces/shared_interfaces/msg/detail/add_log__struct.h
[0.795s] -- Up-to-date: /home/matylda-hayne/mtrx3760_p2/MTRX3760_PROJECT_2/ros2_ws/install/shared_interfaces/include/shared_interfaces/shared_interfaces/msg/detail/defect_info__functions.c
[0.795s] -- Up-to-date: /home/matylda-hayne/mtrx3760_p2/MTRX3760_PROJECT_2/ros2_ws/install/shared_interfaces/include/shared_interfaces/shared_interfaces/msg/detail/check_log__type_support.c
[0.795s] -- Up-to-date: /home/matylda-hayne/mtrx3760_p2/MTRX3760_PROJECT_2/ros2_ws/install/shared_interfaces/include/shared_interfaces/shared_interfaces/msg/detail/check_log__type_support.h
[0.795s] -- Up-to-date: /home/matylda-hayne/mtrx3760_p2/MTRX3760_PROJECT_2/ros2_ws/install/shared_interfaces/include/shared_interfaces/shared_interfaces/msg/detail/check_log__description.c
[0.796s] -- Up-to-date: /home/matylda-hayne/mtrx3760_p2/MTRX3760_PROJECT_2/ros2_ws/install/shared_interfaces/include/shared_interfaces/shared_interfaces/msg/detail/defect_info__description.c
[0.796s] -- Up-to-date: /home/matylda-hayne/mtrx3760_p2/MTRX3760_PROJECT_2/ros2_ws/install/shared_interfaces/include/shared_interfaces/shared_interfaces/msg/detail/check_log__functions.c
[0.796s] -- Up-to-date: /home/matylda-hayne/mtrx3760_p2/MTRX3760_PROJECT_2/ros2_ws/install/shared_interfaces/include/shared_interfaces/shared_interfaces/msg/detail/check_log__struct.h
[0.796s] -- Up-to-date: /home/matylda-hayne/mtrx3760_p2/MTRX3760_PROJECT_2/ros2_ws/install/shared_interfaces/include/shared_interfaces/shared_interfaces/msg/detail/add_log__description.c
[0.796s] -- Up-to-date: /home/matylda-hayne/mtrx3760_p2/MTRX3760_PROJECT_2/ros2_ws/install/shared_interfaces/include/shared_interfaces/shared_interfaces/msg/detail/add_log__functions.h
[0.796s] -- Up-to-date: /home/matylda-hayne/mtrx3760_p2/MTRX3760_PROJECT_2/ros2_ws/install/shared_interfaces/include/shared_interfaces/shared_interfaces/msg/detail/defect_info__functions.h
[0.796s] -- Up-to-date: /home/matylda-hayne/mtrx3760_p2/MTRX3760_PROJECT_2/ros2_ws/install/shared_interfaces/include/shared_interfaces/shared_interfaces/msg/detail/add_log__type_support.h
[0.796s] -- Up-to-date: /home/matylda-hayne/mtrx3760_p2/MTRX3760_PROJECT_2/ros2_ws/install/shared_interfaces/include/shared_interfaces/shared_interfaces/msg/detail/defect_info__type_support.h
[0.797s] -- Up-to-date: /home/matylda-hayne/mtrx3760_p2/MTRX3760_PROJECT_2/ros2_ws/install/shared_interfaces/include/shared_interfaces/shared_interfaces/msg/detail/add_log__type_support.c
[0.797s] -- Up-to-date: /home/matylda-hayne/mtrx3760_p2/MTRX3760_PROJECT_2/ros2_ws/install/shared_interfaces/include/shared_interfaces/shared_interfaces/msg/detail/check_log__functions.h
[0.797s] -- Up-to-date: /home/matylda-hayne/mtrx3760_p2/MTRX3760_PROJECT_2/ros2_ws/install/shared_interfaces/include/shared_interfaces/shared_interfaces/msg/detail/defect_info__type_support.c
[0.797s] -- Up-to-date: /home/matylda-hayne/mtrx3760_p2/MTRX3760_PROJECT_2/ros2_ws/install/shared_interfaces/include/shared_interfaces/shared_interfaces/msg/detail/defect_info__struct.h
[0.797s] -- Up-to-date: /home/matylda-hayne/mtrx3760_p2/MTRX3760_PROJECT_2/ros2_ws/install/shared_interfaces/include/shared_interfaces/shared_interfaces/msg/check_log.h
[0.797s] -- Up-to-date: /home/matylda-hayne/mtrx3760_p2/MTRX3760_PROJECT_2/ros2_ws/install/shared_interfaces/include/shared_interfaces/shared_interfaces/msg/defect_info.h
[0.797s] -- Up-to-date: /home/matylda-hayne/mtrx3760_p2/MTRX3760_PROJECT_2/ros2_ws/install/shared_interfaces/include/shared_interfaces/shared_interfaces/msg/add_log.h
[0.797s] -- Up-to-date: /home/matylda-hayne/mtrx3760_p2/MTRX3760_PROJECT_2/ros2_ws/install/shared_interfaces/share/shared_interfaces/environment/library_path.sh
[0.797s] -- Up-to-date: /home/matylda-hayne/mtrx3760_p2/MTRX3760_PROJECT_2/ros2_ws/install/shared_interfaces/share/shared_interfaces/environment/library_path.dsv
[0.798s] -- Up-to-date: /home/matylda-hayne/mtrx3760_p2/MTRX3760_PROJECT_2/ros2_ws/install/shared_interfaces/lib/libshared_interfaces__rosidl_generator_c.so
[0.798s] -- Up-to-date: /home/matylda-hayne/mtrx3760_p2/MTRX3760_PROJECT_2/ros2_ws/install/shared_interfaces/include/shared_interfaces/shared_interfaces
[0.798s] -- Up-to-date: /home/matylda-hayne/mtrx3760_p2/MTRX3760_PROJECT_2/ros2_ws/install/shared_interfaces/include/shared_interfaces/shared_interfaces/srv
[0.798s] -- Up-to-date: /home/matylda-hayne/mtrx3760_p2/MTRX3760_PROJECT_2/ros2_ws/install/shared_interfaces/include/shared_interfaces/shared_interfaces/srv/detail
[0.798s] -- Up-to-date: /home/matylda-hayne/mtrx3760_p2/MTRX3760_PROJECT_2/ros2_ws/install/shared_interfaces/include/shared_interfaces/shared_interfaces/srv/detail/robot_type__rosidl_typesupport_fastrtps_c.h
[0.798s] -- Up-to-date: /home/matylda-hayne/mtrx3760_p2/MTRX3760_PROJECT_2/ros2_ws/install/shared_interfaces/include/shared_interfaces/shared_interfaces/srv/detail/charging__rosidl_typesupport_fastrtps_c.h
[0.798s] -- Up-to-date: /home/matylda-hayne/mtrx3760_p2/MTRX3760_PROJECT_2/ros2_ws/install/shared_interfaces/include/shared_interfaces/shared_interfaces/srv/detail/detecting__rosidl_typesupport_fastrtps_c.h
[0.798s] -- Up-to-date: /home/matylda-hayne/mtrx3760_p2/MTRX3760_PROJECT_2/ros2_ws/install/shared_interfaces/include/shared_interfaces/shared_interfaces/srv/detail/navigation_mode__rosidl_typesupport_fastrtps_c.h
[0.798s] -- Up-to-date: /home/matylda-hayne/mtrx3760_p2/MTRX3760_PROJECT_2/ros2_ws/install/shared_interfaces/include/shared_interfaces/shared_interfaces/msg
[0.799s] -- Up-to-date: /home/matylda-hayne/mtrx3760_p2/MTRX3760_PROJECT_2/ros2_ws/install/shared_interfaces/include/shared_interfaces/shared_interfaces/msg/rosidl_typesupport_fastrtps_c__visibility_control.h
[0.799s] -- Up-to-date: /home/matylda-hayne/mtrx3760_p2/MTRX3760_PROJECT_2/ros2_ws/install/shared_interfaces/include/shared_interfaces/shared_interfaces/msg/detail
[0.799s] -- Up-to-date: /home/matylda-hayne/mtrx3760_p2/MTRX3760_PROJECT_2/ros2_ws/install/shared_interfaces/include/shared_interfaces/shared_interfaces/msg/detail/add_log__rosidl_typesupport_fastrtps_c.h
[0.799s] -- Up-to-date: /home/matylda-hayne/mtrx3760_p2/MTRX3760_PROJECT_2/ros2_ws/install/shared_interfaces/include/shared_interfaces/shared_interfaces/msg/detail/check_log__rosidl_typesupport_fastrtps_c.h
[0.799s] -- Up-to-date: /home/matylda-hayne/mtrx3760_p2/MTRX3760_PROJECT_2/ros2_ws/install/shared_interfaces/include/shared_interfaces/shared_interfaces/msg/detail/defect_info__rosidl_typesupport_fastrtps_c.h
[0.799s] -- Up-to-date: /home/matylda-hayne/mtrx3760_p2/MTRX3760_PROJECT_2/ros2_ws/install/shared_interfaces/lib/libshared_interfaces__rosidl_typesupport_fastrtps_c.so
[0.799s] -- Up-to-date: /home/matylda-hayne/mtrx3760_p2/MTRX3760_PROJECT_2/ros2_ws/install/shared_interfaces/include/shared_interfaces/shared_interfaces
[0.799s] -- Up-to-date: /home/matylda-hayne/mtrx3760_p2/MTRX3760_PROJECT_2/ros2_ws/install/shared_interfaces/include/shared_interfaces/shared_interfaces/srv
[0.800s] -- Up-to-date: /home/matylda-hayne/mtrx3760_p2/MTRX3760_PROJECT_2/ros2_ws/install/shared_interfaces/include/shared_interfaces/shared_interfaces/srv/detail
[0.800s] -- Up-to-date: /home/matylda-hayne/mtrx3760_p2/MTRX3760_PROJECT_2/ros2_ws/install/shared_interfaces/include/shared_interfaces/shared_interfaces/srv/detail/charging__rosidl_typesupport_introspection_c.h
[0.800s] -- Up-to-date: /home/matylda-hayne/mtrx3760_p2/MTRX3760_PROJECT_2/ros2_ws/install/shared_interfaces/include/shared_interfaces/shared_interfaces/srv/detail/detecting__rosidl_typesupport_introspection_c.h
[0.800s] -- Up-to-date: /home/matylda-hayne/mtrx3760_p2/MTRX3760_PROJECT_2/ros2_ws/install/shared_interfaces/include/shared_interfaces/shared_interfaces/srv/detail/robot_type__type_support.c
[0.800s] -- Up-to-date: /home/matylda-hayne/mtrx3760_p2/MTRX3760_PROJECT_2/ros2_ws/install/shared_interfaces/include/shared_interfaces/shared_interfaces/srv/detail/navigation_mode__type_support.c
[0.800s] -- Up-to-date: /home/matylda-hayne/mtrx3760_p2/MTRX3760_PROJECT_2/ros2_ws/install/shared_interfaces/include/shared_interfaces/shared_interfaces/srv/detail/navigation_mode__rosidl_typesupport_introspection_c.h
[0.800s] -- Up-to-date: /home/matylda-hayne/mtrx3760_p2/MTRX3760_PROJECT_2/ros2_ws/install/shared_interfaces/include/shared_interfaces/shared_interfaces/srv/detail/robot_type__rosidl_typesupport_introspection_c.h
[0.801s] -- Up-to-date: /home/matylda-hayne/mtrx3760_p2/MTRX3760_PROJECT_2/ros2_ws/install/shared_interfaces/include/shared_interfaces/shared_interfaces/srv/detail/detecting__type_support.c
[0.801s] -- Up-to-date: /home/matylda-hayne/mtrx3760_p2/MTRX3760_PROJECT_2/ros2_ws/install/shared_interfaces/include/shared_interfaces/shared_interfaces/srv/detail/charging__type_support.c
[0.801s] -- Up-to-date: /home/matylda-hayne/mtrx3760_p2/MTRX3760_PROJECT_2/ros2_ws/install/shared_interfaces/include/shared_interfaces/shared_interfaces/msg
[0.801s] -- Up-to-date: /home/matylda-hayne/mtrx3760_p2/MTRX3760_PROJECT_2/ros2_ws/install/shared_interfaces/include/shared_interfaces/shared_interfaces/msg/detail
[0.801s] -- Up-to-date: /home/matylda-hayne/mtrx3760_p2/MTRX3760_PROJECT_2/ros2_ws/install/shared_interfaces/include/shared_interfaces/shared_interfaces/msg/detail/add_log__rosidl_typesupport_introspection_c.h
[0.801s] -- Up-to-date: /home/matylda-hayne/mtrx3760_p2/MTRX3760_PROJECT_2/ros2_ws/install/shared_interfaces/include/shared_interfaces/shared_interfaces/msg/detail/check_log__type_support.c
[0.801s] -- Up-to-date: /home/matylda-hayne/mtrx3760_p2/MTRX3760_PROJECT_2/ros2_ws/install/shared_interfaces/include/shared_interfaces/shared_interfaces/msg/detail/defect_info__rosidl_typesupport_introspection_c.h
[0.801s] -- Up-to-date: /home/matylda-hayne/mtrx3760_p2/MTRX3760_PROJECT_2/ros2_ws/install/shared_interfaces/include/shared_interfaces/shared_interfaces/msg/detail/check_log__rosidl_typesupport_introspection_c.h
[0.802s] -- Up-to-date: /home/matylda-hayne/mtrx3760_p2/MTRX3760_PROJECT_2/ros2_ws/install/shared_interfaces/include/shared_interfaces/shared_interfaces/msg/detail/add_log__type_support.c
[0.802s] -- Up-to-date: /home/matylda-hayne/mtrx3760_p2/MTRX3760_PROJECT_2/ros2_ws/install/shared_interfaces/include/shared_interfaces/shared_interfaces/msg/detail/defect_info__type_support.c
[0.802s] -- Up-to-date: /home/matylda-hayne/mtrx3760_p2/MTRX3760_PROJECT_2/ros2_ws/install/shared_interfaces/include/shared_interfaces/shared_interfaces/msg/rosidl_typesupport_introspection_c__visibility_control.h
[0.802s] -- Up-to-date: /home/matylda-hayne/mtrx3760_p2/MTRX3760_PROJECT_2/ros2_ws/install/shared_interfaces/lib/libshared_interfaces__rosidl_typesupport_introspection_c.so
[0.802s] -- Up-to-date: /home/matylda-hayne/mtrx3760_p2/MTRX3760_PROJECT_2/ros2_ws/install/shared_interfaces/lib/libshared_interfaces__rosidl_typesupport_c.so
[0.802s] -- Up-to-date: /home/matylda-hayne/mtrx3760_p2/MTRX3760_PROJECT_2/ros2_ws/install/shared_interfaces/include/shared_interfaces/shared_interfaces
[0.802s] -- Up-to-date: /home/matylda-hayne/mtrx3760_p2/MTRX3760_PROJECT_2/ros2_ws/install/shared_interfaces/include/shared_interfaces/shared_interfaces/srv
[0.802s] -- Up-to-date: /home/matylda-hayne/mtrx3760_p2/MTRX3760_PROJECT_2/ros2_ws/install/shared_interfaces/include/shared_interfaces/shared_interfaces/srv/charging.hpp
[0.803s] -- Up-to-date: /home/matylda-hayne/mtrx3760_p2/MTRX3760_PROJECT_2/ros2_ws/install/shared_interfaces/include/shared_interfaces/shared_interfaces/srv/detail
[0.803s] -- Up-to-date: /home/matylda-hayne/mtrx3760_p2/MTRX3760_PROJECT_2/ros2_ws/install/shared_interfaces/include/shared_interfaces/shared_interfaces/srv/detail/navigation_mode__traits.hpp
[0.803s] -- Up-to-date: /home/matylda-hayne/mtrx3760_p2/MTRX3760_PROJECT_2/ros2_ws/install/shared_interfaces/include/shared_interfaces/shared_interfaces/srv/detail/navigation_mode__struct.hpp
[0.803s] -- Up-to-date: /home/matylda-hayne/mtrx3760_p2/MTRX3760_PROJECT_2/ros2_ws/install/shared_interfaces/include/shared_interfaces/shared_interfaces/srv/detail/robot_type__type_support.hpp
[0.803s] -- Up-to-date: /home/matylda-hayne/mtrx3760_p2/MTRX3760_PROJECT_2/ros2_ws/install/shared_interfaces/include/shared_interfaces/shared_interfaces/srv/detail/robot_type__builder.hpp
[0.803s] -- Up-to-date: /home/matylda-hayne/mtrx3760_p2/MTRX3760_PROJECT_2/ros2_ws/install/shared_interfaces/include/shared_interfaces/shared_interfaces/srv/detail/robot_type__traits.hpp
[0.803s] -- Up-to-date: /home/matylda-hayne/mtrx3760_p2/MTRX3760_PROJECT_2/ros2_ws/install/shared_interfaces/include/shared_interfaces/shared_interfaces/srv/detail/charging__struct.hpp
[0.803s] -- Up-to-date: /home/matylda-hayne/mtrx3760_p2/MTRX3760_PROJECT_2/ros2_ws/install/shared_interfaces/include/shared_interfaces/shared_interfaces/srv/detail/detecting__type_support.hpp
[0.803s] -- Up-to-date: /home/matylda-hayne/mtrx3760_p2/MTRX3760_PROJECT_2/ros2_ws/install/shared_interfaces/include/shared_interfaces/shared_interfaces/srv/detail/navigation_mode__type_support.hpp
[0.804s] -- Up-to-date: /home/matylda-hayne/mtrx3760_p2/MTRX3760_PROJECT_2/ros2_ws/install/shared_interfaces/include/shared_interfaces/shared_interfaces/srv/detail/charging__traits.hpp
[0.804s] -- Up-to-date: /home/matylda-hayne/mtrx3760_p2/MTRX3760_PROJECT_2/ros2_ws/install/shared_interfaces/include/shared_interfaces/shared_interfaces/srv/detail/charging__builder.hpp
[0.804s] -- Up-to-date: /home/matylda-hayne/mtrx3760_p2/MTRX3760_PROJECT_2/ros2_ws/install/shared_interfaces/include/shared_interfaces/shared_interfaces/srv/detail/detecting__builder.hpp
[0.804s] -- Up-to-date: /home/matylda-hayne/mtrx3760_p2/MTRX3760_PROJECT_2/ros2_ws/install/shared_interfaces/include/shared_interfaces/shared_interfaces/srv/detail/charging__type_support.hpp
[0.804s] -- Up-to-date: /home/matylda-hayne/mtrx3760_p2/MTRX3760_PROJECT_2/ros2_ws/install/shared_interfaces/include/shared_interfaces/shared_interfaces/srv/detail/detecting__struct.hpp
[0.804s] -- Up-to-date: /home/matylda-hayne/mtrx3760_p2/MTRX3760_PROJECT_2/ros2_ws/install/shared_interfaces/include/shared_interfaces/shared_interfaces/srv/detail/navigation_mode__builder.hpp
[0.804s] -- Up-to-date: /home/matylda-hayne/mtrx3760_p2/MTRX3760_PROJECT_2/ros2_ws/install/shared_interfaces/include/shared_interfaces/shared_interfaces/srv/detail/detecting__traits.hpp
[0.804s] -- Up-to-date: /home/matylda-hayne/mtrx3760_p2/MTRX3760_PROJECT_2/ros2_ws/install/shared_interfaces/include/shared_interfaces/shared_interfaces/srv/detail/robot_type__struct.hpp
[0.804s] -- Up-to-date: /home/matylda-hayne/mtrx3760_p2/MTRX3760_PROJECT_2/ros2_ws/install/shared_interfaces/include/shared_interfaces/shared_interfaces/srv/detecting.hpp
[0.804s] -- Up-to-date: /home/matylda-hayne/mtrx3760_p2/MTRX3760_PROJECT_2/ros2_ws/install/shared_interfaces/include/shared_interfaces/shared_interfaces/srv/navigation_mode.hpp
[0.805s] -- Up-to-date: /home/matylda-hayne/mtrx3760_p2/MTRX3760_PROJECT_2/ros2_ws/install/shared_interfaces/include/shared_interfaces/shared_interfaces/srv/robot_type.hpp
[0.805s] -- Up-to-date: /home/matylda-hayne/mtrx3760_p2/MTRX3760_PROJECT_2/ros2_ws/install/shared_interfaces/include/shared_interfaces/shared_interfaces/msg
[0.805s] -- Up-to-date: /home/matylda-hayne/mtrx3760_p2/MTRX3760_PROJECT_2/ros2_ws/install/shared_interfaces/include/shared_interfaces/shared_interfaces/msg/detail
[0.805s] -- Up-to-date: /home/matylda-hayne/mtrx3760_p2/MTRX3760_PROJECT_2/ros2_ws/install/shared_interfaces/include/shared_interfaces/shared_interfaces/msg/detail/defect_info__builder.hpp
[0.805s] -- Up-to-date: /home/matylda-hayne/mtrx3760_p2/MTRX3760_PROJECT_2/ros2_ws/install/shared_interfaces/include/shared_interfaces/shared_interfaces/msg/detail/check_log__struct.hpp
[0.805s] -- Up-to-date: /home/matylda-hayne/mtrx3760_p2/MTRX3760_PROJECT_2/ros2_ws/install/shared_interfaces/include/shared_interfaces/shared_interfaces/msg/detail/add_log__struct.hpp
[0.805s] -- Up-to-date: /home/matylda-hayne/mtrx3760_p2/MTRX3760_PROJECT_2/ros2_ws/install/shared_interfaces/include/shared_interfaces/shared_interfaces/msg/detail/check_log__type_support.hpp
[0.805s] -- Up-to-date: /home/matylda-hayne/mtrx3760_p2/MTRX3760_PROJECT_2/ros2_ws/install/shared_interfaces/include/shared_interfaces/shared_interfaces/msg/detail/defect_info__type_support.hpp
[0.805s] -- Up-to-date: /home/matylda-hayne/mtrx3760_p2/MTRX3760_PROJECT_2/ros2_ws/install/shared_interfaces/include/shared_interfaces/shared_interfaces/msg/detail/check_log__builder.hpp
[0.805s] -- Up-to-date: /home/matylda-hayne/mtrx3760_p2/MTRX3760_PROJECT_2/ros2_ws/install/shared_interfaces/include/shared_interfaces/shared_interfaces/msg/detail/add_log__type_support.hpp
[0.806s] -- Up-to-date: /home/matylda-hayne/mtrx3760_p2/MTRX3760_PROJECT_2/ros2_ws/install/shared_interfaces/include/shared_interfaces/shared_interfaces/msg/detail/defect_info__traits.hpp
[0.806s] -- Up-to-date: /home/matylda-hayne/mtrx3760_p2/MTRX3760_PROJECT_2/ros2_ws/install/shared_interfaces/include/shared_interfaces/shared_interfaces/msg/detail/defect_info__struct.hpp
[0.806s] -- Up-to-date: /home/matylda-hayne/mtrx3760_p2/MTRX3760_PROJECT_2/ros2_ws/install/shared_interfaces/include/shared_interfaces/shared_interfaces/msg/detail/check_log__traits.hpp
[0.806s] -- Up-to-date: /home/matylda-hayne/mtrx3760_p2/MTRX3760_PROJECT_2/ros2_ws/install/shared_interfaces/include/shared_interfaces/shared_interfaces/msg/detail/add_log__traits.hpp
[0.806s] -- Up-to-date: /home/matylda-hayne/mtrx3760_p2/MTRX3760_PROJECT_2/ros2_ws/install/shared_interfaces/include/shared_interfaces/shared_interfaces/msg/detail/add_log__builder.hpp
[0.806s] -- Up-to-date: /home/matylda-hayne/mtrx3760_p2/MTRX3760_PROJECT_2/ros2_ws/install/shared_interfaces/include/shared_interfaces/shared_interfaces/msg/check_log.hpp
[0.806s] -- Up-to-date: /home/matylda-hayne/mtrx3760_p2/MTRX3760_PROJECT_2/ros2_ws/install/shared_interfaces/include/shared_interfaces/shared_interfaces/msg/rosidl_generator_cpp__visibility_control.hpp
[0.806s] -- Up-to-date: /home/matylda-hayne/mtrx3760_p2/MTRX3760_PROJECT_2/ros2_ws/install/shared_interfaces/include/shared_interfaces/shared_interfaces/msg/add_log.hpp
[0.806s] -- Up-to-date: /home/matylda-hayne/mtrx3760_p2/MTRX3760_PROJECT_2/ros2_ws/install/shared_interfaces/include/shared_interfaces/shared_interfaces/msg/defect_info.hpp
[0.806s] -- Up-to-date: /home/matylda-hayne/mtrx3760_p2/MTRX3760_PROJECT_2/ros2_ws/install/shared_interfaces/include/shared_interfaces/shared_interfaces
[0.807s] -- Up-to-date: /home/matylda-hayne/mtrx3760_p2/MTRX3760_PROJECT_2/ros2_ws/install/shared_interfaces/include/shared_interfaces/shared_interfaces/srv
[0.807s] -- Up-to-date: /home/matylda-hayne/mtrx3760_p2/MTRX3760_PROJECT_2/ros2_ws/install/shared_interfaces/include/shared_interfaces/shared_interfaces/srv/detail
[0.807s] -- Up-to-date: /home/matylda-hayne/mtrx3760_p2/MTRX3760_PROJECT_2/ros2_ws/install/shared_interfaces/include/shared_interfaces/shared_interfaces/srv/detail/dds_fastrtps
[0.807s] -- Up-to-date: /home/matylda-hayne/mtrx3760_p2/MTRX3760_PROJECT_2/ros2_ws/install/shared_interfaces/include/shared_interfaces/shared_interfaces/srv/detail/navigation_mode__rosidl_typesupport_fastrtps_cpp.hpp
[0.807s] -- Up-to-date: /home/matylda-hayne/mtrx3760_p2/MTRX3760_PROJECT_2/ros2_ws/install/shared_interfaces/include/shared_interfaces/shared_interfaces/srv/detail/robot_type__rosidl_typesupport_fastrtps_cpp.hpp
[0.807s] -- Up-to-date: /home/matylda-hayne/mtrx3760_p2/MTRX3760_PROJECT_2/ros2_ws/install/shared_interfaces/include/shared_interfaces/shared_interfaces/srv/detail/charging__rosidl_typesupport_fastrtps_cpp.hpp
[0.807s] -- Up-to-date: /home/matylda-hayne/mtrx3760_p2/MTRX3760_PROJECT_2/ros2_ws/install/shared_interfaces/include/shared_interfaces/shared_interfaces/srv/detail/detecting__rosidl_typesupport_fastrtps_cpp.hpp
[0.807s] -- Up-to-date: /home/matylda-hayne/mtrx3760_p2/MTRX3760_PROJECT_2/ros2_ws/install/shared_interfaces/include/shared_interfaces/shared_interfaces/msg
[0.807s] -- Up-to-date: /home/matylda-hayne/mtrx3760_p2/MTRX3760_PROJECT_2/ros2_ws/install/shared_interfaces/include/shared_interfaces/shared_interfaces/msg/detail
[0.807s] -- Up-to-date: /home/matylda-hayne/mtrx3760_p2/MTRX3760_PROJECT_2/ros2_ws/install/shared_interfaces/include/shared_interfaces/shared_interfaces/msg/detail/dds_fastrtps
[0.808s] -- Up-to-date: /home/matylda-hayne/mtrx3760_p2/MTRX3760_PROJECT_2/ros2_ws/install/shared_interfaces/include/shared_interfaces/shared_interfaces/msg/detail/check_log__rosidl_typesupport_fastrtps_cpp.hpp
[0.808s] -- Up-to-date: /home/matylda-hayne/mtrx3760_p2/MTRX3760_PROJECT_2/ros2_ws/install/shared_interfaces/include/shared_interfaces/shared_interfaces/msg/detail/add_log__rosidl_typesupport_fastrtps_cpp.hpp
[0.808s] -- Up-to-date: /home/matylda-hayne/mtrx3760_p2/MTRX3760_PROJECT_2/ros2_ws/install/shared_interfaces/include/shared_interfaces/shared_interfaces/msg/detail/defect_info__rosidl_typesupport_fastrtps_cpp.hpp
[0.808s] -- Up-to-date: /home/matylda-hayne/mtrx3760_p2/MTRX3760_PROJECT_2/ros2_ws/install/shared_interfaces/include/shared_interfaces/shared_interfaces/msg/rosidl_typesupport_fastrtps_cpp__visibility_control.h
[0.808s] -- Up-to-date: /home/matylda-hayne/mtrx3760_p2/MTRX3760_PROJECT_2/ros2_ws/install/shared_interfaces/lib/libshared_interfaces__rosidl_typesupport_fastrtps_cpp.so
[0.808s] -- Up-to-date: /home/matylda-hayne/mtrx3760_p2/MTRX3760_PROJECT_2/ros2_ws/install/shared_interfaces/include/shared_interfaces/shared_interfaces
[0.808s] -- Up-to-date: /home/matylda-hayne/mtrx3760_p2/MTRX3760_PROJECT_2/ros2_ws/install/shared_interfaces/include/shared_interfaces/shared_interfaces/srv
[0.808s] -- Up-to-date: /home/matylda-hayne/mtrx3760_p2/MTRX3760_PROJECT_2/ros2_ws/install/shared_interfaces/include/shared_interfaces/shared_interfaces/srv/detail
[0.808s] -- Up-to-date: /home/matylda-hayne/mtrx3760_p2/MTRX3760_PROJECT_2/ros2_ws/install/shared_interfaces/include/shared_interfaces/shared_interfaces/srv/detail/robot_type__type_support.cpp
[0.808s] -- Up-to-date: /home/matylda-hayne/mtrx3760_p2/MTRX3760_PROJECT_2/ros2_ws/install/shared_interfaces/include/shared_interfaces/shared_interfaces/srv/detail/detecting__type_support.cpp
[0.808s] -- Up-to-date: /home/matylda-hayne/mtrx3760_p2/MTRX3760_PROJECT_2/ros2_ws/install/shared_interfaces/include/shared_interfaces/shared_interfaces/srv/detail/navigation_mode__rosidl_typesupport_introspection_cpp.hpp
[0.809s] -- Up-to-date: /home/matylda-hayne/mtrx3760_p2/MTRX3760_PROJECT_2/ros2_ws/install/shared_interfaces/include/shared_interfaces/shared_interfaces/srv/detail/charging__type_support.cpp
[0.809s] -- Up-to-date: /home/matylda-hayne/mtrx3760_p2/MTRX3760_PROJECT_2/ros2_ws/install/shared_interfaces/include/shared_interfaces/shared_interfaces/srv/detail/navigation_mode__type_support.cpp
[0.809s] -- Up-to-date: /home/matylda-hayne/mtrx3760_p2/MTRX3760_PROJECT_2/ros2_ws/install/shared_interfaces/include/shared_interfaces/shared_interfaces/srv/detail/robot_type__rosidl_typesupport_introspection_cpp.hpp
[0.809s] -- Up-to-date: /home/matylda-hayne/mtrx3760_p2/MTRX3760_PROJECT_2/ros2_ws/install/shared_interfaces/include/shared_interfaces/shared_interfaces/srv/detail/detecting__rosidl_typesupport_introspection_cpp.hpp
[0.809s] -- Up-to-date: /home/matylda-hayne/mtrx3760_p2/MTRX3760_PROJECT_2/ros2_ws/install/shared_interfaces/include/shared_interfaces/shared_interfaces/srv/detail/charging__rosidl_typesupport_introspection_cpp.hpp
[0.809s] -- Up-to-date: /home/matylda-hayne/mtrx3760_p2/MTRX3760_PROJECT_2/ros2_ws/install/shared_interfaces/include/shared_interfaces/shared_interfaces/msg
[0.809s] -- Up-to-date: /home/matylda-hayne/mtrx3760_p2/MTRX3760_PROJECT_2/ros2_ws/install/shared_interfaces/include/shared_interfaces/shared_interfaces/msg/detail
[0.809s] -- Up-to-date: /home/matylda-hayne/mtrx3760_p2/MTRX3760_PROJECT_2/ros2_ws/install/shared_interfaces/include/shared_interfaces/shared_interfaces/msg/detail/defect_info__type_support.cpp
[0.809s] -- Up-to-date: /home/matylda-hayne/mtrx3760_p2/MTRX3760_PROJECT_2/ros2_ws/install/shared_interfaces/include/shared_interfaces/shared_interfaces/msg/detail/add_log__type_support.cpp
[0.809s] -- Up-to-date: /home/matylda-hayne/mtrx3760_p2/MTRX3760_PROJECT_2/ros2_ws/install/shared_interfaces/include/shared_interfaces/shared_interfaces/msg/detail/check_log__type_support.cpp
[0.809s] -- Up-to-date: /home/matylda-hayne/mtrx3760_p2/MTRX3760_PROJECT_2/ros2_ws/install/shared_interfaces/include/shared_interfaces/shared_interfaces/msg/detail/add_log__rosidl_typesupport_introspection_cpp.hpp
[0.809s] -- Up-to-date: /home/matylda-hayne/mtrx3760_p2/MTRX3760_PROJECT_2/ros2_ws/install/shared_interfaces/include/shared_interfaces/shared_interfaces/msg/detail/defect_info__rosidl_typesupport_introspection_cpp.hpp
[0.810s] -- Up-to-date: /home/matylda-hayne/mtrx3760_p2/MTRX3760_PROJECT_2/ros2_ws/install/shared_interfaces/include/shared_interfaces/shared_interfaces/msg/detail/check_log__rosidl_typesupport_introspection_cpp.hpp
[0.810s] -- Up-to-date: /home/matylda-hayne/mtrx3760_p2/MTRX3760_PROJECT_2/ros2_ws/install/shared_interfaces/lib/libshared_interfaces__rosidl_typesupport_introspection_cpp.so
[0.810s] -- Up-to-date: /home/matylda-hayne/mtrx3760_p2/MTRX3760_PROJECT_2/ros2_ws/install/shared_interfaces/lib/libshared_interfaces__rosidl_typesupport_cpp.so
[0.810s] -- Up-to-date: /home/matylda-hayne/mtrx3760_p2/MTRX3760_PROJECT_2/ros2_ws/install/shared_interfaces/share/shared_interfaces/environment/pythonpath.sh
[0.810s] -- Up-to-date: /home/matylda-hayne/mtrx3760_p2/MTRX3760_PROJECT_2/ros2_ws/install/shared_interfaces/share/shared_interfaces/environment/pythonpath.dsv
[0.810s] -- Up-to-date: /home/matylda-hayne/mtrx3760_p2/MTRX3760_PROJECT_2/ros2_ws/install/shared_interfaces/lib/python3.12/site-packages/shared_interfaces-0.0.0-py3.12.egg-info
[0.810s] -- Installing: /home/matylda-hayne/mtrx3760_p2/MTRX3760_PROJECT_2/ros2_ws/install/shared_interfaces/lib/python3.12/site-packages/shared_interfaces-0.0.0-py3.12.egg-info/dependency_links.txt
[0.810s] -- Installing: /home/matylda-hayne/mtrx3760_p2/MTRX3760_PROJECT_2/ros2_ws/install/shared_interfaces/lib/python3.12/site-packages/shared_interfaces-0.0.0-py3.12.egg-info/SOURCES.txt
[0.810s] -- Installing: /home/matylda-hayne/mtrx3760_p2/MTRX3760_PROJECT_2/ros2_ws/install/shared_interfaces/lib/python3.12/site-packages/shared_interfaces-0.0.0-py3.12.egg-info/PKG-INFO
[0.810s] -- Installing: /home/matylda-hayne/mtrx3760_p2/MTRX3760_PROJECT_2/ros2_ws/install/shared_interfaces/lib/python3.12/site-packages/shared_interfaces-0.0.0-py3.12.egg-info/top_level.txt
[0.810s] -- Up-to-date: /home/matylda-hayne/mtrx3760_p2/MTRX3760_PROJECT_2/ros2_ws/install/shared_interfaces/lib/python3.12/site-packages/shared_interfaces
[0.811s] -- Up-to-date: /home/matylda-hayne/mtrx3760_p2/MTRX3760_PROJECT_2/ros2_ws/install/shared_interfaces/lib/python3.12/site-packages/shared_interfaces/_shared_interfaces_s.ep.rosidl_typesupport_fastrtps_c.c
[0.811s] -- Up-to-date: /home/matylda-hayne/mtrx3760_p2/MTRX3760_PROJECT_2/ros2_ws/install/shared_interfaces/lib/python3.12/site-packages/shared_interfaces/shared_interfaces_s__rosidl_typesupport_c.so
[0.811s] -- Up-to-date: /home/matylda-hayne/mtrx3760_p2/MTRX3760_PROJECT_2/ros2_ws/install/shared_interfaces/lib/python3.12/site-packages/shared_interfaces/__init__.py
[0.811s] -- Up-to-date: /home/matylda-hayne/mtrx3760_p2/MTRX3760_PROJECT_2/ros2_ws/install/shared_interfaces/lib/python3.12/site-packages/shared_interfaces/srv
[0.811s] -- Up-to-date: /home/matylda-hayne/mtrx3760_p2/MTRX3760_PROJECT_2/ros2_ws/install/shared_interfaces/lib/python3.12/site-packages/shared_interfaces/srv/_charging_s.c
[0.811s] -- Up-to-date: /home/matylda-hayne/mtrx3760_p2/MTRX3760_PROJECT_2/ros2_ws/install/shared_interfaces/lib/python3.12/site-packages/shared_interfaces/srv/_robot_type_s.c
[0.811s] -- Up-to-date: /home/matylda-hayne/mtrx3760_p2/MTRX3760_PROJECT_2/ros2_ws/install/shared_interfaces/lib/python3.12/site-packages/shared_interfaces/srv/_detecting_s.c
[0.811s] -- Up-to-date: /home/matylda-hayne/mtrx3760_p2/MTRX3760_PROJECT_2/ros2_ws/install/shared_interfaces/lib/python3.12/site-packages/shared_interfaces/srv/_navigation_mode_s.c
[0.811s] -- Up-to-date: /home/matylda-hayne/mtrx3760_p2/MTRX3760_PROJECT_2/ros2_ws/install/shared_interfaces/lib/python3.12/site-packages/shared_interfaces/srv/_charging.py
[0.811s] -- Up-to-date: /home/matylda-hayne/mtrx3760_p2/MTRX3760_PROJECT_2/ros2_ws/install/shared_interfaces/lib/python3.12/site-packages/shared_interfaces/srv/__init__.py
[0.811s] -- Up-to-date: /home/matylda-hayne/mtrx3760_p2/MTRX3760_PROJECT_2/ros2_ws/install/shared_interfaces/lib/python3.12/site-packages/shared_interfaces/srv/_robot_type.py
[0.811s] -- Up-to-date: /home/matylda-hayne/mtrx3760_p2/MTRX3760_PROJECT_2/ros2_ws/install/shared_interfaces/lib/python3.12/site-packages/shared_interfaces/srv/_navigation_mode.py
[0.811s] -- Up-to-date: /home/matylda-hayne/mtrx3760_p2/MTRX3760_PROJECT_2/ros2_ws/install/shared_interfaces/lib/python3.12/site-packages/shared_interfaces/srv/_detecting.py
[0.811s] -- Up-to-date: /home/matylda-hayne/mtrx3760_p2/MTRX3760_PROJECT_2/ros2_ws/install/shared_interfaces/lib/python3.12/site-packages/shared_interfaces/shared_interfaces_s__rosidl_typesupport_fastrtps_c.so
[0.811s] -- Up-to-date: /home/matylda-hayne/mtrx3760_p2/MTRX3760_PROJECT_2/ros2_ws/install/shared_interfaces/lib/python3.12/site-packages/shared_interfaces/_shared_interfaces_s.ep.rosidl_typesupport_introspection_c.c
[0.812s] -- Up-to-date: /home/matylda-hayne/mtrx3760_p2/MTRX3760_PROJECT_2/ros2_ws/install/shared_interfaces/lib/python3.12/site-packages/shared_interfaces/shared_interfaces_s__rosidl_typesupport_introspection_c.so
[0.812s] -- Up-to-date: /home/matylda-hayne/mtrx3760_p2/MTRX3760_PROJECT_2/ros2_ws/install/shared_interfaces/lib/python3.12/site-packages/shared_interfaces/_shared_interfaces_s.ep.rosidl_typesupport_c.c
[0.812s] -- Up-to-date: /home/matylda-hayne/mtrx3760_p2/MTRX3760_PROJECT_2/ros2_ws/install/shared_interfaces/lib/python3.12/site-packages/shared_interfaces/msg
[0.812s] -- Up-to-date: /home/matylda-hayne/mtrx3760_p2/MTRX3760_PROJECT_2/ros2_ws/install/shared_interfaces/lib/python3.12/site-packages/shared_interfaces/msg/_check_log.py
[0.812s] -- Up-to-date: /home/matylda-hayne/mtrx3760_p2/MTRX3760_PROJECT_2/ros2_ws/install/shared_interfaces/lib/python3.12/site-packages/shared_interfaces/msg/__init__.py
[0.812s] -- Up-to-date: /home/matylda-hayne/mtrx3760_p2/MTRX3760_PROJECT_2/ros2_ws/install/shared_interfaces/lib/python3.12/site-packages/shared_interfaces/msg/_defect_info_s.c
[0.812s] -- Up-to-date: /home/matylda-hayne/mtrx3760_p2/MTRX3760_PROJECT_2/ros2_ws/install/shared_interfaces/lib/python3.12/site-packages/shared_interfaces/msg/_defect_info.py
[0.812s] -- Up-to-date: /home/matylda-hayne/mtrx3760_p2/MTRX3760_PROJECT_2/ros2_ws/install/shared_interfaces/lib/python3.12/site-packages/shared_interfaces/msg/_add_log_s.c
[0.812s] -- Up-to-date: /home/matylda-hayne/mtrx3760_p2/MTRX3760_PROJECT_2/ros2_ws/install/shared_interfaces/lib/python3.12/site-packages/shared_interfaces/msg/_add_log.py
[0.812s] -- Up-to-date: /home/matylda-hayne/mtrx3760_p2/MTRX3760_PROJECT_2/ros2_ws/install/shared_interfaces/lib/python3.12/site-packages/shared_interfaces/msg/_check_log_s.c
[0.874s] Listing '/home/matylda-hayne/mtrx3760_p2/MTRX3760_PROJECT_2/ros2_ws/install/shared_interfaces/lib/python3.12/site-packages/shared_interfaces'...
[0.874s] Listing '/home/matylda-hayne/mtrx3760_p2/MTRX3760_PROJECT_2/ros2_ws/install/shared_interfaces/lib/python3.12/site-packages/shared_interfaces/msg'...
[0.874s] Listing '/home/matylda-hayne/mtrx3760_p2/MTRX3760_PROJECT_2/ros2_ws/install/shared_interfaces/lib/python3.12/site-packages/shared_interfaces/srv'...
[0.881s] -- Up-to-date: /home/matylda-hayne/mtrx3760_p2/MTRX3760_PROJECT_2/ros2_ws/install/shared_interfaces/lib/python3.12/site-packages/shared_interfaces/shared_interfaces_s__rosidl_typesupport_fastrtps_c.so
[0.881s] -- Up-to-date: /home/matylda-hayne/mtrx3760_p2/MTRX3760_PROJECT_2/ros2_ws/install/shared_interfaces/lib/python3.12/site-packages/shared_interfaces/shared_interfaces_s__rosidl_typesupport_introspection_c.so
[0.882s] -- Up-to-date: /home/matylda-hayne/mtrx3760_p2/MTRX3760_PROJECT_2/ros2_ws/install/shared_interfaces/lib/python3.12/site-packages/shared_interfaces/shared_interfaces_s__rosidl_typesupport_c.so
[0.882s] -- Up-to-date: /home/matylda-hayne/mtrx3760_p2/MTRX3760_PROJECT_2/ros2_ws/install/shared_interfaces/lib/libshared_interfaces__rosidl_generator_py.so
[0.882s] -- Up-to-date: /home/matylda-hayne/mtrx3760_p2/MTRX3760_PROJECT_2/ros2_ws/install/shared_interfaces/share/shared_interfaces/msg/DefectInfo.idl
[0.882s] -- Up-to-date: /home/matylda-hayne/mtrx3760_p2/MTRX3760_PROJECT_2/ros2_ws/install/shared_interfaces/share/shared_interfaces/srv/NavigationMode.idl
[0.883s] -- Up-to-date: /home/matylda-hayne/mtrx3760_p2/MTRX3760_PROJECT_2/ros2_ws/install/shared_interfaces/share/shared_interfaces/srv/RobotType.idl
[0.883s] -- Up-to-date: /home/matylda-hayne/mtrx3760_p2/MTRX3760_PROJECT_2/ros2_ws/install/shared_interfaces/share/shared_interfaces/msg/CheckLog.idl
[0.883s] -- Up-to-date: /home/matylda-hayne/mtrx3760_p2/MTRX3760_PROJECT_2/ros2_ws/install/shared_interfaces/share/shared_interfaces/msg/DefectInfo.msg
[0.883s] -- Up-to-date: /home/matylda-hayne/mtrx3760_p2/MTRX3760_PROJECT_2/ros2_ws/install/shared_interfaces/share/shared_interfaces/srv/NavigationMode.srv
[0.883s] -- Up-to-date: /home/matylda-hayne/mtrx3760_p2/MTRX3760_PROJECT_2/ros2_ws/install/shared_interfaces/share/shared_interfaces/srv/RobotType.srv
[0.883s] -- Up-to-date: /home/matylda-hayne/mtrx3760_p2/MTRX3760_PROJECT_2/ros2_ws/install/shared_interfaces/share/shared_interfaces/msg/CheckLog.msg
[0.883s] -- Up-to-date: /home/matylda-hayne/mtrx3760_p2/MTRX3760_PROJECT_2/ros2_ws/install/shared_interfaces/share/ament_index/resource_index/package_run_dependencies/shared_interfaces
[0.883s] -- Up-to-date: /home/matylda-hayne/mtrx3760_p2/MTRX3760_PROJECT_2/ros2_ws/install/shared_interfaces/share/ament_index/resource_index/parent_prefix_path/shared_interfaces
[0.884s] -- Up-to-date: /home/matylda-hayne/mtrx3760_p2/MTRX3760_PROJECT_2/ros2_ws/install/shared_interfaces/share/shared_interfaces/environment/ament_prefix_path.sh
[0.884s] -- Up-to-date: /home/matylda-hayne/mtrx3760_p2/MTRX3760_PROJECT_2/ros2_ws/install/shared_interfaces/share/shared_interfaces/environment/ament_prefix_path.dsv
[0.884s] -- Up-to-date: /home/matylda-hayne/mtrx3760_p2/MTRX3760_PROJECT_2/ros2_ws/install/shared_interfaces/share/shared_interfaces/environment/path.sh
[0.884s] -- Up-to-date: /home/matylda-hayne/mtrx3760_p2/MTRX3760_PROJECT_2/ros2_ws/install/shared_interfaces/share/shared_interfaces/environment/path.dsv
[0.884s] -- Up-to-date: /home/matylda-hayne/mtrx3760_p2/MTRX3760_PROJECT_2/ros2_ws/install/shared_interfaces/share/shared_interfaces/local_setup.bash
[0.884s] -- Up-to-date: /home/matylda-hayne/mtrx3760_p2/MTRX3760_PROJECT_2/ros2_ws/install/shared_interfaces/share/shared_interfaces/local_setup.sh
[0.884s] -- Up-to-date: /home/matylda-hayne/mtrx3760_p2/MTRX3760_PROJECT_2/ros2_ws/install/shared_interfaces/share/shared_interfaces/local_setup.zsh
[0.884s] -- Up-to-date: /home/matylda-hayne/mtrx3760_p2/MTRX3760_PROJECT_2/ros2_ws/install/shared_interfaces/share/shared_interfaces/local_setup.dsv
[0.884s] -- Installing: /home/matylda-hayne/mtrx3760_p2/MTRX3760_PROJECT_2/ros2_ws/install/shared_interfaces/share/shared_interfaces/package.dsv
[0.884s] -- Up-to-date: /home/matylda-hayne/mtrx3760_p2/MTRX3760_PROJECT_2/ros2_ws/install/shared_interfaces/share/ament_index/resource_index/packages/shared_interfaces
[0.884s] -- Up-to-date: /home/matylda-hayne/mtrx3760_p2/MTRX3760_PROJECT_2/ros2_ws/install/shared_interfaces/share/shared_interfaces/cmake/export_shared_interfaces__rosidl_generator_cExport.cmake
[0.885s] -- Up-to-date: /home/matylda-hayne/mtrx3760_p2/MTRX3760_PROJECT_2/ros2_ws/install/shared_interfaces/share/shared_interfaces/cmake/export_shared_interfaces__rosidl_generator_cExport-noconfig.cmake
[0.885s] -- Up-to-date: /home/matylda-hayne/mtrx3760_p2/MTRX3760_PROJECT_2/ros2_ws/install/shared_interfaces/share/shared_interfaces/cmake/export_shared_interfaces__rosidl_typesupport_fastrtps_cExport.cmake
[0.885s] -- Up-to-date: /home/matylda-hayne/mtrx3760_p2/MTRX3760_PROJECT_2/ros2_ws/install/shared_interfaces/share/shared_interfaces/cmake/export_shared_interfaces__rosidl_typesupport_fastrtps_cExport-noconfig.cmake
[0.885s] -- Up-to-date: /home/matylda-hayne/mtrx3760_p2/MTRX3760_PROJECT_2/ros2_ws/install/shared_interfaces/share/shared_interfaces/cmake/shared_interfaces__rosidl_typesupport_introspection_cExport.cmake
[0.885s] -- Up-to-date: /home/matylda-hayne/mtrx3760_p2/MTRX3760_PROJECT_2/ros2_ws/install/shared_interfaces/share/shared_interfaces/cmake/shared_interfaces__rosidl_typesupport_introspection_cExport-noconfig.cmake
[0.885s] -- Up-to-date: /home/matylda-hayne/mtrx3760_p2/MTRX3760_PROJECT_2/ros2_ws/install/shared_interfaces/share/shared_interfaces/cmake/shared_interfaces__rosidl_typesupport_cExport.cmake
[0.885s] -- Up-to-date: /home/matylda-hayne/mtrx3760_p2/MTRX3760_PROJECT_2/ros2_ws/install/shared_interfaces/share/shared_interfaces/cmake/shared_interfaces__rosidl_typesupport_cExport-noconfig.cmake
[0.885s] -- Up-to-date: /home/matylda-hayne/mtrx3760_p2/MTRX3760_PROJECT_2/ros2_ws/install/shared_interfaces/share/shared_interfaces/cmake/export_shared_interfaces__rosidl_generator_cppExport.cmake
[0.885s] -- Up-to-date: /home/matylda-hayne/mtrx3760_p2/MTRX3760_PROJECT_2/ros2_ws/install/shared_interfaces/share/shared_interfaces/cmake/export_shared_interfaces__rosidl_typesupport_fastrtps_cppExport.cmake
[0.886s] -- Up-to-date: /home/matylda-hayne/mtrx3760_p2/MTRX3760_PROJECT_2/ros2_ws/install/shared_interfaces/share/shared_interfaces/cmake/export_shared_interfaces__rosidl_typesupport_fastrtps_cppExport-noconfig.cmake
[0.886s] -- Up-to-date: /home/matylda-hayne/mtrx3760_p2/MTRX3760_PROJECT_2/ros2_ws/install/shared_interfaces/share/shared_interfaces/cmake/shared_interfaces__rosidl_typesupport_introspection_cppExport.cmake
[0.886s] -- Up-to-date: /home/matylda-hayne/mtrx3760_p2/MTRX3760_PROJECT_2/ros2_ws/install/shared_interfaces/share/shared_interfaces/cmake/shared_interfaces__rosidl_typesupport_introspection_cppExport-noconfig.cmake
[0.886s] -- Up-to-date: /home/matylda-hayne/mtrx3760_p2/MTRX3760_PROJECT_2/ros2_ws/install/shared_interfaces/share/shared_interfaces/cmake/shared_interfaces__rosidl_typesupport_cppExport.cmake
[0.886s] -- Up-to-date: /home/matylda-hayne/mtrx3760_p2/MTRX3760_PROJECT_2/ros2_ws/install/shared_interfaces/share/shared_interfaces/cmake/shared_interfaces__rosidl_typesupport_cppExport-noconfig.cmake
[0.886s] -- Up-to-date: /home/matylda-hayne/mtrx3760_p2/MTRX3760_PROJECT_2/ros2_ws/install/shared_interfaces/share/shared_interfaces/cmake/export_shared_interfaces__rosidl_generator_pyExport.cmake
[0.886s] -- Up-to-date: /home/matylda-hayne/mtrx3760_p2/MTRX3760_PROJECT_2/ros2_ws/install/shared_interfaces/share/shared_interfaces/cmake/export_shared_interfaces__rosidl_generator_pyExport-noconfig.cmake
[0.886s] -- Up-to-date: /home/matylda-hayne/mtrx3760_p2/MTRX3760_PROJECT_2/ros2_ws/install/shared_interfaces/share/shared_interfaces/cmake/rosidl_cmake-extras.cmake
[0.886s] -- Up-to-date: /home/matylda-hayne/mtrx3760_p2/MTRX3760_PROJECT_2/ros2_ws/install/shared_interfaces/share/shared_interfaces/cmake/ament_cmake_export_dependencies-extras.cmake
[0.886s] -- Up-to-date: /home/matylda-hayne/mtrx3760_p2/MTRX3760_PROJECT_2/ros2_ws/install/shared_interfaces/share/shared_interfaces/cmake/ament_cmake_export_include_directories-extras.cmake
[0.886s] -- Up-to-date: /home/matylda-hayne/mtrx3760_p2/MTRX3760_PROJECT_2/ros2_ws/install/shared_interfaces/share/shared_interfaces/cmake/ament_cmake_export_libraries-extras.cmake
[0.887s] -- Up-to-date: /home/matylda-hayne/mtrx3760_p2/MTRX3760_PROJECT_2/ros2_ws/install/shared_interfaces/share/shared_interfaces/cmake/ament_cmake_export_targets-extras.cmake
[0.887s] -- Up-to-date: /home/matylda-hayne/mtrx3760_p2/MTRX3760_PROJECT_2/ros2_ws/install/shared_interfaces/share/shared_interfaces/cmake/rosidl_cmake_export_typesupport_targets-extras.cmake
[0.887s] -- Up-to-date: /home/matylda-hayne/mtrx3760_p2/MTRX3760_PROJECT_2/ros2_ws/install/shared_interfaces/share/shared_interfaces/cmake/rosidl_cmake_export_typesupport_libraries-extras.cmake
[0.887s] -- Up-to-date: /home/matylda-hayne/mtrx3760_p2/MTRX3760_PROJECT_2/ros2_ws/install/shared_interfaces/share/shared_interfaces/cmake/shared_interfacesConfig.cmake
[0.887s] -- Up-to-date: /home/matylda-hayne/mtrx3760_p2/MTRX3760_PROJECT_2/ros2_ws/install/shared_interfaces/share/shared_interfaces/cmake/shared_interfacesConfig-version.cmake
[0.887s] -- Up-to-date: /home/matylda-hayne/mtrx3760_p2/MTRX3760_PROJECT_2/ros2_ws/install/shared_interfaces/share/shared_interfaces/package.xml
[0.890s] Invoked command in '/home/matylda-hayne/mtrx3760_p2/MTRX3760_PROJECT_2/ros2_ws/build/shared_interfaces' returned '0': CMAKE_PREFIX_PATH=${CMAKE_PREFIX_PATH}:/home/matylda-hayne/turtlebot3_ws/install/turtlebot3_teleop:/home/matylda-hayne/turtlebot3_ws/install/turtlebot3_example:/opt/ros/jazzy DEBUGINFOD_URLS=https://debuginfod.ubuntu.com /usr/bin/cmake --install /home/matylda-hayne/mtrx3760_p2/MTRX3760_PROJECT_2/ros2_ws/build/shared_interfaces
