[ 25%] Built target robot_node
[100%] Built target robot_gui
-- Install configuration: ""
-- Up-to-date: /home/matylda-hayne/mtrx3760_p2/MTRX3760_PROJECT_2/install/robot/lib/robot/robot_node
-- Up-to-date: /home/matylda-hayne/mtrx3760_p2/MTRX3760_PROJECT_2/install/robot/lib/robot/robot_gui
-- Up-to-date: /home/matylda-hayne/mtrx3760_p2/MTRX3760_PROJECT_2/install/robot/include
-- Up-to-date: /home/matylda-hayne/mtrx3760_p2/MTRX3760_PROJECT_2/install/robot/include/robot
-- Up-to-date: /home/matylda-hayne/mtrx3760_p2/MTRX3760_PROJECT_2/install/robot/include/robot/robot_node.h
-- Up-to-date: /home/matylda-hayne/mtrx3760_p2/MTRX3760_PROJECT_2/install/robot/include/robot/robot_logic.h
-- Up-to-date: /home/matylda-hayne/mtrx3760_p2/MTRX3760_PROJECT_2/install/robot/share/robot/launch
-- Up-to-date: /home/matylda-hayne/mtrx3760_p2/MTRX3760_PROJECT_2/install/robot/share/robot/launch/bringup.launch.py
-- Up-to-date: /home/matylda-hayne/mtrx3760_p2/MTRX3760_PROJECT_2/install/robot/share/robot/resources
-- Up-to-date: /home/matylda-hayne/mtrx3760_p2/MTRX3760_PROJECT_2/install/robot/share/robot/resources/turtle.png
-- Up-to-date: /home/matylda-hayne/mtrx3760_p2/MTRX3760_PROJECT_2/install/robot/share/robot/resources/turtle-removebg-preview.png
-- Up-to-date: /home/matylda-hayne/mtrx3760_p2/MTRX3760_PROJECT_2/install/robot/lib/robot/gui.py
-- Up-to-date: /home/matylda-hayne/mtrx3760_p2/MTRX3760_PROJECT_2/install/robot/share/ament_index/resource_index/package_run_dependencies/robot
-- Up-to-date: /home/matylda-hayne/mtrx3760_p2/MTRX3760_PROJECT_2/install/robot/share/ament_index/resource_index/parent_prefix_path/robot
-- Up-to-date: /home/matylda-hayne/mtrx3760_p2/MTRX3760_PROJECT_2/install/robot/share/robot/environment/ament_prefix_path.sh
-- Up-to-date: /home/matylda-hayne/mtrx3760_p2/MTRX3760_PROJECT_2/install/robot/share/robot/environment/ament_prefix_path.dsv
-- Up-to-date: /home/matylda-hayne/mtrx3760_p2/MTRX3760_PROJECT_2/install/robot/share/robot/environment/path.sh
-- Up-to-date: /home/matylda-hayne/mtrx3760_p2/MTRX3760_PROJECT_2/install/robot/share/robot/environment/path.dsv
-- Up-to-date: /home/matylda-hayne/mtrx3760_p2/MTRX3760_PROJECT_2/install/robot/share/robot/local_setup.bash
-- Up-to-date: /home/matylda-hayne/mtrx3760_p2/MTRX3760_PROJECT_2/install/robot/share/robot/local_setup.sh
-- Up-to-date: /home/matylda-hayne/mtrx3760_p2/MTRX3760_PROJECT_2/install/robot/share/robot/local_setup.zsh
-- Up-to-date: /home/matylda-hayne/mtrx3760_p2/MTRX3760_PROJECT_2/install/robot/share/robot/local_setup.dsv
-- Installing: /home/matylda-hayne/mtrx3760_p2/MTRX3760_PROJECT_2/install/robot/share/robot/package.dsv
-- Up-to-date: /home/matylda-hayne/mtrx3760_p2/MTRX3760_PROJECT_2/install/robot/share/ament_index/resource_index/packages/robot
-- Up-to-date: /home/matylda-hayne/mtrx3760_p2/MTRX3760_PROJECT_2/install/robot/share/robot/cmake/robotConfig.cmake
-- Up-to-date: /home/matylda-hayne/mtrx3760_p2/MTRX3760_PROJECT_2/install/robot/share/robot/cmake/robotConfig-version.cmake
-- Up-to-date: /home/matylda-hayne/mtrx3760_p2/MTRX3760_PROJECT_2/install/robot/share/robot/package.xml
