[0.009s] Invoking command in '/home/matylda-hayne/mtrx3760_p2/MTRX3760_PROJECT_2/build/robot': CMAKE_PREFIX_PATH=${CMAKE_PREFIX_PATH}:/home/matylda-hayne/turtlebot3_ws/install/turtlebot3_teleop:/home/matylda-hayne/turtlebot3_ws/install/turtlebot3_example:/opt/ros/jazzy DEBUGINFOD_URLS=https://debuginfod.ubuntu.com /usr/bin/cmake --build /home/matylda-hayne/mtrx3760_p2/MTRX3760_PROJECT_2/build/robot -- -j20 -l20
[0.059s] [  8%] [32mBuilding CXX object CMakeFiles/robot_gui.dir/src/robot_gui.cpp.o[0m
[0.059s] [ 33%] Built target robot_node
[0.117s] In file included from [01m[K/home/matylda-hayne/mtrx3760_p2/MTRX3760_PROJECT_2/ros2_ws/src/robot/src/robot_gui.cpp:7[m[K:
[0.117s] [01m[K/usr/include/GL/glew.h:85:2:[m[K [01;31m[Kerror: [m[K#error gl.h included before glew.h
[0.117s]    85 | #[01;31m[Kerror[m[K gl.h included before glew.h
[0.118s]       |  [01;31m[K^~~~~[m[K
[0.118s] [01m[K/usr/include/GL/glew.h:97:2:[m[K [01;31m[Kerror: [m[K#error glext.h included before glew.h
[0.118s]    97 | #[01;31m[Kerror[m[K glext.h included before glew.h
[0.118s]       |  [01;31m[K^~~~~[m[K
[0.243s] [01m[K/usr/include/GL/glew.h:21140:28:[m[K [01;31m[Kerror: [m[Kconflicting declaration ‘[01m[Ktypedef void (* PFNGLFRAGMENTLIGHTMODELFVSGIXPROC)(GLenum, GLfloat*)[m[K’
[0.243s] 21140 | typedef void (GLAPIENTRY * [01;31m[KPFNGLFRAGMENTLIGHTMODELFVSGIXPROC[m[K) (GLenum pname, GLfloat* params);
[0.243s]       |                            [01;31m[K^~~~~~~~~~~~~~~~~~~~~~~~~~~~~~~~~[m[K
[0.244s] In file included from [01m[K/usr/include/GL/gl.h:2050[m[K,
[0.244s]                  from [01m[K/usr/include/GLFW/glfw3.h:241[m[K,
[0.244s]                  from [01m[K/home/matylda-hayne/mtrx3760_p2/MTRX3760_PROJECT_2/ros2_ws/src/robot/src/robot_gui.cpp:4[m[K:
[0.244s] [01m[K/usr/include/GL/glext.h:12376:25:[m[K [01;36m[Knote: [m[Kprevious declaration as ‘[01m[Ktypedef void (* PFNGLFRAGMENTLIGHTMODELFVSGIXPROC)(GLenum, const GLfloat*)[m[K’
[0.244s] 12376 | typedef void (APIENTRYP [01;36m[KPFNGLFRAGMENTLIGHTMODELFVSGIXPROC[m[K) (GLenum pname, const GLfloat *params);
[0.244s]       |                         [01;36m[K^~~~~~~~~~~~~~~~~~~~~~~~~~~~~~~~~[m[K
[0.244s] [01m[K/usr/include/GL/glew.h:21142:28:[m[K [01;31m[Kerror: [m[Kconflicting declaration ‘[01m[Ktypedef void (* PFNGLFRAGMENTLIGHTMODELIVSGIXPROC)(GLenum, GLint*)[m[K’
[0.244s] 21142 | typedef void (GLAPIENTRY * [01;31m[KPFNGLFRAGMENTLIGHTMODELIVSGIXPROC[m[K) (GLenum pname, GLint* params);
[0.244s]       |                            [01;31m[K^~~~~~~~~~~~~~~~~~~~~~~~~~~~~~~~~[m[K
[0.244s] [01m[K/usr/include/GL/glext.h:12378:25:[m[K [01;36m[Knote: [m[Kprevious declaration as ‘[01m[Ktypedef void (* PFNGLFRAGMENTLIGHTMODELIVSGIXPROC)(GLenum, const GLint*)[m[K’
[0.245s] 12378 | typedef void (APIENTRYP [01;36m[KPFNGLFRAGMENTLIGHTMODELIVSGIXPROC[m[K) (GLenum pname, const GLint *params);
[0.245s]       |                         [01;36m[K^~~~~~~~~~~~~~~~~~~~~~~~~~~~~~~~~[m[K
[0.245s] [01m[K/usr/include/GL/glew.h:21144:28:[m[K [01;31m[Kerror: [m[Kconflicting declaration ‘[01m[Ktypedef void (* PFNGLFRAGMENTLIGHTFVSGIXPROC)(GLenum, GLenum, GLfloat*)[m[K’
[0.245s] 21144 | typedef void (GLAPIENTRY * [01;31m[KPFNGLFRAGMENTLIGHTFVSGIXPROC[m[K) (GLenum light, GLenum pname, GLfloat* params);
[0.245s]       |                            [01;31m[K^~~~~~~~~~~~~~~~~~~~~~~~~~~~[m[K
[0.245s] [01m[K/usr/include/GL/glext.h:12372:25:[m[K [01;36m[Knote: [m[Kprevious declaration as ‘[01m[Ktypedef void (* PFNGLFRAGMENTLIGHTFVSGIXPROC)(GLenum, GLenum, const GLfloat*)[m[K’
[0.245s] 12372 | typedef void (APIENTRYP [01;36m[KPFNGLFRAGMENTLIGHTFVSGIXPROC[m[K) (GLenum light, GLenum pname, const GLfloat *params);
[0.245s]       |                         [01;36m[K^~~~~~~~~~~~~~~~~~~~~~~~~~~~[m[K
[0.245s] [01m[K/usr/include/GL/glew.h:21146:28:[m[K [01;31m[Kerror: [m[Kconflicting declaration ‘[01m[Ktypedef void (* PFNGLFRAGMENTLIGHTIVSGIXPROC)(GLenum, GLenum, GLint*)[m[K’
[0.245s] 21146 | typedef void (GLAPIENTRY * [01;31m[KPFNGLFRAGMENTLIGHTIVSGIXPROC[m[K) (GLenum light, GLenum pname, GLint* params);
[0.245s]       |                            [01;31m[K^~~~~~~~~~~~~~~~~~~~~~~~~~~~[m[K
[0.245s] [01m[K/usr/include/GL/glext.h:12374:25:[m[K [01;36m[Knote: [m[Kprevious declaration as ‘[01m[Ktypedef void (* PFNGLFRAGMENTLIGHTIVSGIXPROC)(GLenum, GLenum, const GLint*)[m[K’
[0.245s] 12374 | typedef void (APIENTRYP [01;36m[KPFNGLFRAGMENTLIGHTIVSGIXPROC[m[K) (GLenum light, GLenum pname, const GLint *params);
[0.245s]       |                         [01;36m[K^~~~~~~~~~~~~~~~~~~~~~~~~~~~[m[K
[0.253s] [01m[K/usr/include/GL/glew.h:22287:17:[m[K [01;31m[Kerror: [m[K‘[01m[KPFNGLCLIENTACTIVETEXTUREPROC[m[K’ does not name a type; did you mean ‘[01m[KPFNGLCLIENTACTIVETEXTUREARBPROC[m[K’?
[0.253s] 22287 | GLEW_FUN_EXPORT [01;31m[KPFNGLCLIENTACTIVETEXTUREPROC[m[K __glewClientActiveTexture;
[0.253s]       |                 [01;31m[K^~~~~~~~~~~~~~~~~~~~~~~~~~~~[m[K
[0.254s]       |                 [32m[KPFNGLCLIENTACTIVETEXTUREARBPROC[m[K
[0.262s] [01m[K/usr/include/GL/glew.h:22295:17:[m[K [01;31m[Kerror: [m[K‘[01m[KPFNGLLOADTRANSPOSEMATRIXDPROC[m[K’ does not name a type; did you mean ‘[01m[KPFNGLLOADTRANSPOSEMATRIXDARBPROC[m[K’?
[0.262s] 22295 | GLEW_FUN_EXPORT [01;31m[KPFNGLLOADTRANSPOSEMATRIXDPROC[m[K __glewLoadTransposeMatrixd;
[0.262s]       |                 [01;31m[K^~~~~~~~~~~~~~~~~~~~~~~~~~~~~[m[K
[0.262s]       |                 [32m[KPFNGLLOADTRANSPOSEMATRIXDARBPROC[m[K
[0.271s] [01m[K/usr/include/GL/glew.h:22296:17:[m[K [01;31m[Kerror: [m[K‘[01m[KPFNGLLOADTRANSPOSEMATRIXFPROC[m[K’ does not name a type; did you mean ‘[01m[KPFNGLLOADTRANSPOSEMATRIXFARBPROC[m[K’?
[0.271s] 22296 | GLEW_FUN_EXPORT [01;31m[KPFNGLLOADTRANSPOSEMATRIXFPROC[m[K __glewLoadTransposeMatrixf;
[0.271s]       |                 [01;31m[K^~~~~~~~~~~~~~~~~~~~~~~~~~~~~[m[K
[0.271s]       |                 [32m[KPFNGLLOADTRANSPOSEMATRIXFARBPROC[m[K
[0.279s] [01m[K/usr/include/GL/glew.h:22297:17:[m[K [01;31m[Kerror: [m[K‘[01m[KPFNGLMULTTRANSPOSEMATRIXDPROC[m[K’ does not name a type; did you mean ‘[01m[KPFNGLMULTTRANSPOSEMATRIXDARBPROC[m[K’?
[0.279s] 22297 | GLEW_FUN_EXPORT [01;31m[KPFNGLMULTTRANSPOSEMATRIXDPROC[m[K __glewMultTransposeMatrixd;
[0.279s]       |                 [01;31m[K^~~~~~~~~~~~~~~~~~~~~~~~~~~~~[m[K
[0.280s]       |                 [32m[KPFNGLMULTTRANSPOSEMATRIXDARBPROC[m[K
[0.288s] [01m[K/usr/include/GL/glew.h:22298:17:[m[K [01;31m[Kerror: [m[K‘[01m[KPFNGLMULTTRANSPOSEMATRIXFPROC[m[K’ does not name a type; did you mean ‘[01m[KPFNGLMULTTRANSPOSEMATRIXFARBPROC[m[K’?
[0.288s] 22298 | GLEW_FUN_EXPORT [01;31m[KPFNGLMULTTRANSPOSEMATRIXFPROC[m[K __glewMultTransposeMatrixf;
[0.288s]       |                 [01;31m[K^~~~~~~~~~~~~~~~~~~~~~~~~~~~~[m[K
[0.288s]       |                 [32m[KPFNGLMULTTRANSPOSEMATRIXFARBPROC[m[K
[0.293s] [01m[K/usr/include/GL/glew.h:22299:17:[m[K [01;31m[Kerror: [m[K‘[01m[KPFNGLMULTITEXCOORD1DPROC[m[K’ does not name a type; did you mean ‘[01m[KPFNGLMULTITEXCOORD4XPROC[m[K’?
[0.294s] 22299 | GLEW_FUN_EXPORT [01;31m[KPFNGLMULTITEXCOORD1DPROC[m[K __glewMultiTexCoord1d;
[0.294s]       |                 [01;31m[K^~~~~~~~~~~~~~~~~~~~~~~~[m[K
[0.294s]       |                 [32m[KPFNGLMULTITEXCOORD4XPROC[m[K
[0.299s] [01m[K/usr/include/GL/glew.h:22300:17:[m[K [01;31m[Kerror: [m[K‘[01m[KPFNGLMULTITEXCOORD1DVPROC[m[K’ does not name a type; did you mean ‘[01m[KPFNGLMULTITEXCOORD1HNVPROC[m[K’?
[0.300s] 22300 | GLEW_FUN_EXPORT [01;31m[KPFNGLMULTITEXCOORD1DVPROC[m[K __glewMultiTexCoord1dv;
[0.300s]       |                 [01;31m[K^~~~~~~~~~~~~~~~~~~~~~~~~[m[K
[0.300s]       |                 [32m[KPFNGLMULTITEXCOORD1HNVPROC[m[K
[0.305s] [01m[K/usr/include/GL/glew.h:22301:17:[m[K [01;31m[Kerror: [m[K‘[01m[KPFNGLMULTITEXCOORD1FPROC[m[K’ does not name a type; did you mean ‘[01m[KPFNGLMULTITEXCOORD4XPROC[m[K’?
[0.305s] 22301 | GLEW_FUN_EXPORT [01;31m[KPFNGLMULTITEXCOORD1FPROC[m[K __glewMultiTexCoord1f;
[0.305s]       |                 [01;31m[K^~~~~~~~~~~~~~~~~~~~~~~~[m[K
[0.305s]       |                 [32m[KPFNGLMULTITEXCOORD4XPROC[m[K
[0.311s] [01m[K/usr/include/GL/glew.h:22302:17:[m[K [01;31m[Kerror: [m[K‘[01m[KPFNGLMULTITEXCOORD1FVPROC[m[K’ does not name a type; did you mean ‘[01m[KPFNGLMULTITEXCOORD1HNVPROC[m[K’?
[0.311s] 22302 | GLEW_FUN_EXPORT [01;31m[KPFNGLMULTITEXCOORD1FVPROC[m[K __glewMultiTexCoord1fv;
[0.311s]       |                 [01;31m[K^~~~~~~~~~~~~~~~~~~~~~~~~[m[K
[0.311s]       |                 [32m[KPFNGLMULTITEXCOORD1HNVPROC[m[K
[0.317s] [01m[K/usr/include/GL/glew.h:22303:17:[m[K [01;31m[Kerror: [m[K‘[01m[KPFNGLMULTITEXCOORD1IPROC[m[K’ does not name a type; did you mean ‘[01m[KPFNGLMULTITEXCOORDP1UIPROC[m[K’?
[0.317s] 22303 | GLEW_FUN_EXPORT [01;31m[KPFNGLMULTITEXCOORD1IPROC[m[K __glewMultiTexCoord1i;
[0.317s]       |                 [01;31m[K^~~~~~~~~~~~~~~~~~~~~~~~[m[K
[0.317s]       |                 [32m[KPFNGLMULTITEXCOORDP1UIPROC[m[K
[0.323s] [01m[K/usr/include/GL/glew.h:22304:17:[m[K [01;31m[Kerror: [m[K‘[01m[KPFNGLMULTITEXCOORD1IVPROC[m[K’ does not name a type; did you mean ‘[01m[KPFNGLMULTITEXCOORDP1UIVPROC[m[K’?
[0.323s] 22304 | GLEW_FUN_EXPORT [01;31m[KPFNGLMULTITEXCOORD1IVPROC[m[K __glewMultiTexCoord1iv;
[0.323s]       |                 [01;31m[K^~~~~~~~~~~~~~~~~~~~~~~~~[m[K
[0.323s]       |                 [32m[KPFNGLMULTITEXCOORDP1UIVPROC[m[K
[0.329s] [01m[K/usr/include/GL/glew.h:22305:17:[m[K [01;31m[Kerror: [m[K‘[01m[KPFNGLMULTITEXCOORD1SPROC[m[K’ does not name a type; did you mean ‘[01m[KPFNGLMULTITEXCOORD4XPROC[m[K’?
[0.329s] 22305 | GLEW_FUN_EXPORT [01;31m[KPFNGLMULTITEXCOORD1SPROC[m[K __glewMultiTexCoord1s;
[0.329s]       |                 [01;31m[K^~~~~~~~~~~~~~~~~~~~~~~~[m[K
[0.330s]       |                 [32m[KPFNGLMULTITEXCOORD4XPROC[m[K
[0.335s] [01m[K/usr/include/GL/glew.h:22306:17:[m[K [01;31m[Kerror: [m[K‘[01m[KPFNGLMULTITEXCOORD1SVPROC[m[K’ does not name a type; did you mean ‘[01m[KPFNGLMULTITEXCOORD1HNVPROC[m[K’?
[0.335s] 22306 | GLEW_FUN_EXPORT [01;31m[KPFNGLMULTITEXCOORD1SVPROC[m[K __glewMultiTexCoord1sv;
[0.335s]       |                 [01;31m[K^~~~~~~~~~~~~~~~~~~~~~~~~[m[K
[0.335s]       |                 [32m[KPFNGLMULTITEXCOORD1HNVPROC[m[K
[0.341s] [01m[K/usr/include/GL/glew.h:22307:17:[m[K [01;31m[Kerror: [m[K‘[01m[KPFNGLMULTITEXCOORD2DPROC[m[K’ does not name a type; did you mean ‘[01m[KPFNGLMULTITEXCOORD4XPROC[m[K’?
[0.341s] 22307 | GLEW_FUN_EXPORT [01;31m[KPFNGLMULTITEXCOORD2DPROC[m[K __glewMultiTexCoord2d;
[0.341s]       |                 [01;31m[K^~~~~~~~~~~~~~~~~~~~~~~~[m[K
[0.341s]       |                 [32m[KPFNGLMULTITEXCOORD4XPROC[m[K
[0.346s] [01m[K/usr/include/GL/glew.h:22308:17:[m[K [01;31m[Kerror: [m[K‘[01m[KPFNGLMULTITEXCOORD2DVPROC[m[K’ does not name a type; did you mean ‘[01m[KPFNGLMULTITEXCOORD2HNVPROC[m[K’?
[0.346s] 22308 | GLEW_FUN_EXPORT [01;31m[KPFNGLMULTITEXCOORD2DVPROC[m[K __glewMultiTexCoord2dv;
[0.346s]       |                 [01;31m[K^~~~~~~~~~~~~~~~~~~~~~~~~[m[K
[0.346s]       |                 [32m[KPFNGLMULTITEXCOORD2HNVPROC[m[K
[0.352s] [01m[K/usr/include/GL/glew.h:22309:17:[m[K [01;31m[Kerror: [m[K‘[01m[KPFNGLMULTITEXCOORD2FPROC[m[K’ does not name a type; did you mean ‘[01m[KPFNGLMULTITEXCOORD4XPROC[m[K’?
[0.352s] 22309 | GLEW_FUN_EXPORT [01;31m[KPFNGLMULTITEXCOORD2FPROC[m[K __glewMultiTexCoord2f;
[0.352s]       |                 [01;31m[K^~~~~~~~~~~~~~~~~~~~~~~~[m[K
[0.352s]       |                 [32m[KPFNGLMULTITEXCOORD4XPROC[m[K
[0.357s] [01m[K/usr/include/GL/glew.h:22310:17:[m[K [01;31m[Kerror: [m[K‘[01m[KPFNGLMULTITEXCOORD2FVPROC[m[K’ does not name a type; did you mean ‘[01m[KPFNGLMULTITEXCOORD2HNVPROC[m[K’?
[0.357s] 22310 | GLEW_FUN_EXPORT [01;31m[KPFNGLMULTITEXCOORD2FVPROC[m[K __glewMultiTexCoord2fv;
[0.357s]       |                 [01;31m[K^~~~~~~~~~~~~~~~~~~~~~~~~[m[K
[0.357s]       |                 [32m[KPFNGLMULTITEXCOORD2HNVPROC[m[K
[0.363s] [01m[K/usr/include/GL/glew.h:22311:17:[m[K [01;31m[Kerror: [m[K‘[01m[KPFNGLMULTITEXCOORD2IPROC[m[K’ does not name a type; did you mean ‘[01m[KPFNGLMULTITEXCOORDP2UIPROC[m[K’?
[0.363s] 22311 | GLEW_FUN_EXPORT [01;31m[KPFNGLMULTITEXCOORD2IPROC[m[K __glewMultiTexCoord2i;
[0.363s]       |                 [01;31m[K^~~~~~~~~~~~~~~~~~~~~~~~[m[K
[0.363s]       |                 [32m[KPFNGLMULTITEXCOORDP2UIPROC[m[K
[0.368s] [01m[K/usr/include/GL/glew.h:22312:17:[m[K [01;31m[Kerror: [m[K‘[01m[KPFNGLMULTITEXCOORD2IVPROC[m[K’ does not name a type; did you mean ‘[01m[KPFNGLMULTITEXCOORDP2UIVPROC[m[K’?
[0.368s] 22312 | GLEW_FUN_EXPORT [01;31m[KPFNGLMULTITEXCOORD2IVPROC[m[K __glewMultiTexCoord2iv;
[0.368s]       |                 [01;31m[K^~~~~~~~~~~~~~~~~~~~~~~~~[m[K
[0.368s]       |                 [32m[KPFNGLMULTITEXCOORDP2UIVPROC[m[K
[0.374s] [01m[K/usr/include/GL/glew.h:22313:17:[m[K [01;31m[Kerror: [m[K‘[01m[KPFNGLMULTITEXCOORD2SPROC[m[K’ does not name a type; did you mean ‘[01m[KPFNGLMULTITEXCOORD4XPROC[m[K’?
[0.374s] 22313 | GLEW_FUN_EXPORT [01;31m[KPFNGLMULTITEXCOORD2SPROC[m[K __glewMultiTexCoord2s;
[0.374s]       |                 [01;31m[K^~~~~~~~~~~~~~~~~~~~~~~~[m[K
[0.374s]       |                 [32m[KPFNGLMULTITEXCOORD4XPROC[m[K
[0.380s] [01m[K/usr/include/GL/glew.h:22314:17:[m[K [01;31m[Kerror: [m[K‘[01m[KPFNGLMULTITEXCOORD2SVPROC[m[K’ does not name a type; did you mean ‘[01m[KPFNGLMULTITEXCOORD2HNVPROC[m[K’?
[0.380s] 22314 | GLEW_FUN_EXPORT [01;31m[KPFNGLMULTITEXCOORD2SVPROC[m[K __glewMultiTexCoord2sv;
[0.380s]       |                 [01;31m[K^~~~~~~~~~~~~~~~~~~~~~~~~[m[K
[0.380s]       |                 [32m[KPFNGLMULTITEXCOORD2HNVPROC[m[K
[0.386s] [01m[K/usr/include/GL/glew.h:22315:17:[m[K [01;31m[Kerror: [m[K‘[01m[KPFNGLMULTITEXCOORD3DPROC[m[K’ does not name a type; did you mean ‘[01m[KPFNGLMULTITEXCOORD4XPROC[m[K’?
[0.386s] 22315 | GLEW_FUN_EXPORT [01;31m[KPFNGLMULTITEXCOORD3DPROC[m[K __glewMultiTexCoord3d;
[0.386s]       |                 [01;31m[K^~~~~~~~~~~~~~~~~~~~~~~~[m[K
[0.387s]       |                 [32m[KPFNGLMULTITEXCOORD4XPROC[m[K
[0.393s] [01m[K/usr/include/GL/glew.h:22316:17:[m[K [01;31m[Kerror: [m[K‘[01m[KPFNGLMULTITEXCOORD3DVPROC[m[K’ does not name a type; did you mean ‘[01m[KPFNGLMULTITEXCOORD3HNVPROC[m[K’?
[0.393s] 22316 | GLEW_FUN_EXPORT [01;31m[KPFNGLMULTITEXCOORD3DVPROC[m[K __glewMultiTexCoord3dv;
[0.393s]       |                 [01;31m[K^~~~~~~~~~~~~~~~~~~~~~~~~[m[K
[0.393s]       |                 [32m[KPFNGLMULTITEXCOORD3HNVPROC[m[K
[0.399s] [01m[K/usr/include/GL/glew.h:22317:17:[m[K [01;31m[Kerror: [m[K‘[01m[KPFNGLMULTITEXCOORD3FPROC[m[K’ does not name a type; did you mean ‘[01m[KPFNGLMULTITEXCOORD4XPROC[m[K’?
[0.399s] 22317 | GLEW_FUN_EXPORT [01;31m[KPFNGLMULTITEXCOORD3FPROC[m[K __glewMultiTexCoord3f;
[0.399s]       |                 [01;31m[K^~~~~~~~~~~~~~~~~~~~~~~~[m[K
[0.399s]       |                 [32m[KPFNGLMULTITEXCOORD4XPROC[m[K
[0.405s] [01m[K/usr/include/GL/glew.h:22318:17:[m[K [01;31m[Kerror: [m[K‘[01m[KPFNGLMULTITEXCOORD3FVPROC[m[K’ does not name a type; did you mean ‘[01m[KPFNGLMULTITEXCOORD3HNVPROC[m[K’?
[0.405s] 22318 | GLEW_FUN_EXPORT [01;31m[KPFNGLMULTITEXCOORD3FVPROC[m[K __glewMultiTexCoord3fv;
[0.405s]       |                 [01;31m[K^~~~~~~~~~~~~~~~~~~~~~~~~[m[K
[0.405s]       |                 [32m[KPFNGLMULTITEXCOORD3HNVPROC[m[K
[0.411s] [01m[K/usr/include/GL/glew.h:22319:17:[m[K [01;31m[Kerror: [m[K‘[01m[KPFNGLMULTITEXCOORD3IPROC[m[K’ does not name a type; did you mean ‘[01m[KPFNGLMULTITEXCOORDP3UIPROC[m[K’?
[0.411s] 22319 | GLEW_FUN_EXPORT [01;31m[KPFNGLMULTITEXCOORD3IPROC[m[K __glewMultiTexCoord3i;
[0.411s]       |                 [01;31m[K^~~~~~~~~~~~~~~~~~~~~~~~[m[K
[0.411s]       |                 [32m[KPFNGLMULTITEXCOORDP3UIPROC[m[K
[0.416s] [01m[K/usr/include/GL/glew.h:22320:17:[m[K [01;31m[Kerror: [m[K‘[01m[KPFNGLMULTITEXCOORD3IVPROC[m[K’ does not name a type; did you mean ‘[01m[KPFNGLMULTITEXCOORDP3UIVPROC[m[K’?
[0.417s] 22320 | GLEW_FUN_EXPORT [01;31m[KPFNGLMULTITEXCOORD3IVPROC[m[K __glewMultiTexCoord3iv;
[0.417s]       |                 [01;31m[K^~~~~~~~~~~~~~~~~~~~~~~~~[m[K
[0.417s]       |                 [32m[KPFNGLMULTITEXCOORDP3UIVPROC[m[K
[0.422s] [01m[K/usr/include/GL/glew.h:22321:17:[m[K [01;31m[Kerror: [m[K‘[01m[KPFNGLMULTITEXCOORD3SPROC[m[K’ does not name a type; did you mean ‘[01m[KPFNGLMULTITEXCOORD4XPROC[m[K’?
[0.422s] 22321 | GLEW_FUN_EXPORT [01;31m[KPFNGLMULTITEXCOORD3SPROC[m[K __glewMultiTexCoord3s;
[0.422s]       |                 [01;31m[K^~~~~~~~~~~~~~~~~~~~~~~~[m[K
[0.422s]       |                 [32m[KPFNGLMULTITEXCOORD4XPROC[m[K
[0.429s] [01m[K/usr/include/GL/glew.h:22322:17:[m[K [01;31m[Kerror: [m[K‘[01m[KPFNGLMULTITEXCOORD3SVPROC[m[K’ does not name a type; did you mean ‘[01m[KPFNGLMULTITEXCOORD3HNVPROC[m[K’?
[0.429s] 22322 | GLEW_FUN_EXPORT [01;31m[KPFNGLMULTITEXCOORD3SVPROC[m[K __glewMultiTexCoord3sv;
[0.429s]       |                 [01;31m[K^~~~~~~~~~~~~~~~~~~~~~~~~[m[K
[0.429s]       |                 [32m[KPFNGLMULTITEXCOORD3HNVPROC[m[K
[0.433s] [01m[K/usr/include/GL/glew.h:22323:17:[m[K [01;31m[Kerror: [m[K‘[01m[KPFNGLMULTITEXCOORD4DPROC[m[K’ does not name a type; did you mean ‘[01m[KPFNGLMULTITEXCOORD4XPROC[m[K’?
[0.433s] 22323 | GLEW_FUN_EXPORT [01;31m[KPFNGLMULTITEXCOORD4DPROC[m[K __glewMultiTexCoord4d;
[0.433s]       |                 [01;31m[K^~~~~~~~~~~~~~~~~~~~~~~~[m[K
[0.433s]       |                 [32m[KPFNGLMULTITEXCOORD4XPROC[m[K
[0.439s] [01m[K/usr/include/GL/glew.h:22324:17:[m[K [01;31m[Kerror: [m[K‘[01m[KPFNGLMULTITEXCOORD4DVPROC[m[K’ does not name a type; did you mean ‘[01m[KPFNGLMULTITEXCOORD4XPROC[m[K’?
[0.439s] 22324 | GLEW_FUN_EXPORT [01;31m[KPFNGLMULTITEXCOORD4DVPROC[m[K __glewMultiTexCoord4dv;
[0.439s]       |                 [01;31m[K^~~~~~~~~~~~~~~~~~~~~~~~~[m[K
[0.439s]       |                 [32m[KPFNGLMULTITEXCOORD4XPROC[m[K
[0.443s] [01m[K/usr/include/GL/glew.h:22325:17:[m[K [01;31m[Kerror: [m[K‘[01m[KPFNGLMULTITEXCOORD4FPROC[m[K’ does not name a type; did you mean ‘[01m[KPFNGLMULTITEXCOORD4XPROC[m[K’?
[0.443s] 22325 | GLEW_FUN_EXPORT [01;31m[KPFNGLMULTITEXCOORD4FPROC[m[K __glewMultiTexCoord4f;
[0.443s]       |                 [01;31m[K^~~~~~~~~~~~~~~~~~~~~~~~[m[K
[0.443s]       |                 [32m[KPFNGLMULTITEXCOORD4XPROC[m[K
[0.448s] [01m[K/usr/include/GL/glew.h:22326:17:[m[K [01;31m[Kerror: [m[K‘[01m[KPFNGLMULTITEXCOORD4FVPROC[m[K’ does not name a type; did you mean ‘[01m[KPFNGLMULTITEXCOORD4XPROC[m[K’?
[0.448s] 22326 | GLEW_FUN_EXPORT [01;31m[KPFNGLMULTITEXCOORD4FVPROC[m[K __glewMultiTexCoord4fv;
[0.448s]       |                 [01;31m[K^~~~~~~~~~~~~~~~~~~~~~~~~[m[K
[0.448s]       |                 [32m[KPFNGLMULTITEXCOORD4XPROC[m[K
[0.452s] [01m[K/usr/include/GL/glew.h:22327:17:[m[K [01;31m[Kerror: [m[K‘[01m[KPFNGLMULTITEXCOORD4IPROC[m[K’ does not name a type; did you mean ‘[01m[KPFNGLMULTITEXCOORD4XPROC[m[K’?
[0.452s] 22327 | GLEW_FUN_EXPORT [01;31m[KPFNGLMULTITEXCOORD4IPROC[m[K __glewMultiTexCoord4i;
[0.452s]       |                 [01;31m[K^~~~~~~~~~~~~~~~~~~~~~~~[m[K
[0.452s]       |                 [32m[KPFNGLMULTITEXCOORD4XPROC[m[K
[0.458s] [01m[K/usr/include/GL/glew.h:22328:17:[m[K [01;31m[Kerror: [m[K‘[01m[KPFNGLMULTITEXCOORD4IVPROC[m[K’ does not name a type; did you mean ‘[01m[KPFNGLMULTITEXCOORDP4UIVPROC[m[K’?
[0.458s] 22328 | GLEW_FUN_EXPORT [01;31m[KPFNGLMULTITEXCOORD4IVPROC[m[K __glewMultiTexCoord4iv;
[0.458s]       |                 [01;31m[K^~~~~~~~~~~~~~~~~~~~~~~~~[m[K
[0.458s]       |                 [32m[KPFNGLMULTITEXCOORDP4UIVPROC[m[K
[0.462s] [01m[K/usr/include/GL/glew.h:22329:17:[m[K [01;31m[Kerror: [m[K‘[01m[KPFNGLMULTITEXCOORD4SPROC[m[K’ does not name a type; did you mean ‘[01m[KPFNGLMULTITEXCOORD4XPROC[m[K’?
[0.462s] 22329 | GLEW_FUN_EXPORT [01;31m[KPFNGLMULTITEXCOORD4SPROC[m[K __glewMultiTexCoord4s;
[0.462s]       |                 [01;31m[K^~~~~~~~~~~~~~~~~~~~~~~~[m[K
[0.462s]       |                 [32m[KPFNGLMULTITEXCOORD4XPROC[m[K
[0.468s] [01m[K/usr/include/GL/glew.h:22330:17:[m[K [01;31m[Kerror: [m[K‘[01m[KPFNGLMULTITEXCOORD4SVPROC[m[K’ does not name a type; did you mean ‘[01m[KPFNGLMULTITEXCOORD4XPROC[m[K’?
[0.468s] 22330 | GLEW_FUN_EXPORT [01;31m[KPFNGLMULTITEXCOORD4SVPROC[m[K __glewMultiTexCoord4sv;
[0.468s]       |                 [01;31m[K^~~~~~~~~~~~~~~~~~~~~~~~~[m[K
[0.468s]       |                 [32m[KPFNGLMULTITEXCOORD4XPROC[m[K
[0.476s] [01m[K/usr/include/GL/glew.h:22987:17:[m[K [01;31m[Kerror: [m[K‘[01m[KPFNGLCOLORSUBTABLEPROC[m[K’ does not name a type; did you mean ‘[01m[KPFNGLCOLORSUBTABLEEXTPROC[m[K’?
[0.476s] 22987 | GLEW_FUN_EXPORT [01;31m[KPFNGLCOLORSUBTABLEPROC[m[K __glewColorSubTable;
[0.476s]       |                 [01;31m[K^~~~~~~~~~~~~~~~~~~~~~[m[K
[0.476s]       |                 [32m[KPFNGLCOLORSUBTABLEEXTPROC[m[K
[0.481s] [01m[K/usr/include/GL/glew.h:22988:17:[m[K [01;31m[Kerror: [m[K‘[01m[KPFNGLCOLORTABLEPROC[m[K’ does not name a type; did you mean ‘[01m[KPFNGLCOLORTABLESGIPROC[m[K’?
[0.481s] 22988 | GLEW_FUN_EXPORT [01;31m[KPFNGLCOLORTABLEPROC[m[K __glewColorTable;
[0.481s]       |                 [01;31m[K^~~~~~~~~~~~~~~~~~~[m[K
[0.481s]       |                 [32m[KPFNGLCOLORTABLESGIPROC[m[K
[0.490s] [01m[K/usr/include/GL/glew.h:22989:17:[m[K [01;31m[Kerror: [m[K‘[01m[KPFNGLCOLORTABLEPARAMETERFVPROC[m[K’ does not name a type; did you mean ‘[01m[KPFNGLCOLORTABLEPARAMETERFVSGIPROC[m[K’?
[0.490s] 22989 | GLEW_FUN_EXPORT [01;31m[KPFNGLCOLORTABLEPARAMETERFVPROC[m[K __glewColorTableParameterfv;
[0.490s]       |                 [01;31m[K^~~~~~~~~~~~~~~~~~~~~~~~~~~~~~[m[K
[0.490s]       |                 [32m[KPFNGLCOLORTABLEPARAMETERFVSGIPROC[m[K
[0.499s] [01m[K/usr/include/GL/glew.h:22990:17:[m[K [01;31m[Kerror: [m[K‘[01m[KPFNGLCOLORTABLEPARAMETERIVPROC[m[K’ does not name a type; did you mean ‘[01m[KPFNGLCOLORTABLEPARAMETERIVSGIPROC[m[K’?
[0.499s] 22990 | GLEW_FUN_EXPORT [01;31m[KPFNGLCOLORTABLEPARAMETERIVPROC[m[K __glewColorTableParameteriv;
[0.499s]       |                 [01;31m[K^~~~~~~~~~~~~~~~~~~~~~~~~~~~~~[m[K
[0.499s]       |                 [32m[KPFNGLCOLORTABLEPARAMETERIVSGIPROC[m[K
[0.508s] [01m[K/usr/include/GL/glew.h:22991:17:[m[K [01;31m[Kerror: [m[K‘[01m[KPFNGLCONVOLUTIONFILTER1DPROC[m[K’ does not name a type; did you mean ‘[01m[KPFNGLCONVOLUTIONFILTER1DEXTPROC[m[K’?
[0.508s] 22991 | GLEW_FUN_EXPORT [01;31m[KPFNGLCONVOLUTIONFILTER1DPROC[m[K __glewConvolutionFilter1D;
[0.508s]       |                 [01;31m[K^~~~~~~~~~~~~~~~~~~~~~~~~~~~[m[K
[0.508s]       |                 [32m[KPFNGLCONVOLUTIONFILTER1DEXTPROC[m[K
[0.517s] [01m[K/usr/include/GL/glew.h:22992:17:[m[K [01;31m[Kerror: [m[K‘[01m[KPFNGLCONVOLUTIONFILTER2DPROC[m[K’ does not name a type; did you mean ‘[01m[KPFNGLCONVOLUTIONFILTER2DEXTPROC[m[K’?
[0.517s] 22992 | GLEW_FUN_EXPORT [01;31m[KPFNGLCONVOLUTIONFILTER2DPROC[m[K __glewConvolutionFilter2D;
[0.517s]       |                 [01;31m[K^~~~~~~~~~~~~~~~~~~~~~~~~~~~[m[K
[0.517s]       |                 [32m[KPFNGLCONVOLUTIONFILTER2DEXTPROC[m[K
[0.526s] [01m[K/usr/include/GL/glew.h:22993:17:[m[K [01;31m[Kerror: [m[K‘[01m[KPFNGLCONVOLUTIONPARAMETERFPROC[m[K’ does not name a type; did you mean ‘[01m[KPFNGLCONVOLUTIONPARAMETERFEXTPROC[m[K’?
[0.526s] 22993 | GLEW_FUN_EXPORT [01;31m[KPFNGLCONVOLUTIONPARAMETERFPROC[m[K __glewConvolutionParameterf;
[0.526s]       |                 [01;31m[K^~~~~~~~~~~~~~~~~~~~~~~~~~~~~~[m[K
[0.526s]       |                 [32m[KPFNGLCONVOLUTIONPARAMETERFEXTPROC[m[K
[0.536s] [01m[K/usr/include/GL/glew.h:22994:17:[m[K [01;31m[Kerror: [m[K‘[01m[KPFNGLCONVOLUTIONPARAMETERFVPROC[m[K’ does not name a type; did you mean ‘[01m[KPFNGLCONVOLUTIONPARAMETERFVEXTPROC[m[K’?
[0.536s] 22994 | GLEW_FUN_EXPORT [01;31m[KPFNGLCONVOLUTIONPARAMETERFVPROC[m[K __glewConvolutionParameterfv;
[0.536s]       |                 [01;31m[K^~~~~~~~~~~~~~~~~~~~~~~~~~~~~~~[m[K
[0.536s]       |                 [32m[KPFNGLCONVOLUTIONPARAMETERFVEXTPROC[m[K
[0.545s] [01m[K/usr/include/GL/glew.h:22995:17:[m[K [01;31m[Kerror: [m[K‘[01m[KPFNGLCONVOLUTIONPARAMETERIPROC[m[K’ does not name a type; did you mean ‘[01m[KPFNGLCONVOLUTIONPARAMETERIEXTPROC[m[K’?
[0.545s] 22995 | GLEW_FUN_EXPORT [01;31m[KPFNGLCONVOLUTIONPARAMETERIPROC[m[K __glewConvolutionParameteri;
[0.545s]       |                 [01;31m[K^~~~~~~~~~~~~~~~~~~~~~~~~~~~~~[m[K
[0.545s]       |                 [32m[KPFNGLCONVOLUTIONPARAMETERIEXTPROC[m[K
[0.554s] [01m[K/usr/include/GL/glew.h:22996:17:[m[K [01;31m[Kerror: [m[K‘[01m[KPFNGLCONVOLUTIONPARAMETERIVPROC[m[K’ does not name a type; did you mean ‘[01m[KPFNGLCONVOLUTIONPARAMETERIVEXTPROC[m[K’?
[0.554s] 22996 | GLEW_FUN_EXPORT [01;31m[KPFNGLCONVOLUTIONPARAMETERIVPROC[m[K __glewConvolutionParameteriv;
[0.554s]       |                 [01;31m[K^~~~~~~~~~~~~~~~~~~~~~~~~~~~~~~[m[K
[0.554s]       |                 [32m[KPFNGLCONVOLUTIONPARAMETERIVEXTPROC[m[K
[0.562s] [01m[K/usr/include/GL/glew.h:22997:17:[m[K [01;31m[Kerror: [m[K‘[01m[KPFNGLCOPYCOLORSUBTABLEPROC[m[K’ does not name a type; did you mean ‘[01m[KPFNGLCOPYCOLORSUBTABLEEXTPROC[m[K’?
[0.562s] 22997 | GLEW_FUN_EXPORT [01;31m[KPFNGLCOPYCOLORSUBTABLEPROC[m[K __glewCopyColorSubTable;
[0.562s]       |                 [01;31m[K^~~~~~~~~~~~~~~~~~~~~~~~~~[m[K
[0.562s]       |                 [32m[KPFNGLCOPYCOLORSUBTABLEEXTPROC[m[K
[0.569s] [01m[K/usr/include/GL/glew.h:22998:17:[m[K [01;31m[Kerror: [m[K‘[01m[KPFNGLCOPYCOLORTABLEPROC[m[K’ does not name a type; did you mean ‘[01m[KPFNGLCOPYCOLORTABLESGIPROC[m[K’?
[0.569s] 22998 | GLEW_FUN_EXPORT [01;31m[KPFNGLCOPYCOLORTABLEPROC[m[K __glewCopyColorTable;
[0.569s]       |                 [01;31m[K^~~~~~~~~~~~~~~~~~~~~~~[m[K
[0.570s]       |                 [32m[KPFNGLCOPYCOLORTABLESGIPROC[m[K
[0.578s] [01m[K/usr/include/GL/glew.h:22999:17:[m[K [01;31m[Kerror: [m[K‘[01m[KPFNGLCOPYCONVOLUTIONFILTER1DPROC[m[K’ does not name a type; did you mean ‘[01m[KPFNGLCOPYCONVOLUTIONFILTER1DEXTPROC[m[K’?
[0.578s] 22999 | GLEW_FUN_EXPORT [01;31m[KPFNGLCOPYCONVOLUTIONFILTER1DPROC[m[K __glewCopyConvolutionFilter1D;
[0.578s]       |                 [01;31m[K^~~~~~~~~~~~~~~~~~~~~~~~~~~~~~~~[m[K
[0.578s]       |                 [32m[KPFNGLCOPYCONVOLUTIONFILTER1DEXTPROC[m[K
[0.586s] [01m[K/usr/include/GL/glew.h:23000:17:[m[K [01;31m[Kerror: [m[K‘[01m[KPFNGLCOPYCONVOLUTIONFILTER2DPROC[m[K’ does not name a type; did you mean ‘[01m[KPFNGLCOPYCONVOLUTIONFILTER2DEXTPROC[m[K’?
[0.586s] 23000 | GLEW_FUN_EXPORT [01;31m[KPFNGLCOPYCONVOLUTIONFILTER2DPROC[m[K __glewCopyConvolutionFilter2D;
[0.586s]       |                 [01;31m[K^~~~~~~~~~~~~~~~~~~~~~~~~~~~~~~~[m[K
[0.586s]       |                 [32m[KPFNGLCOPYCONVOLUTIONFILTER2DEXTPROC[m[K
[0.590s] [01m[K/usr/include/GL/glew.h:23001:17:[m[K [01;31m[Kerror: [m[K‘[01m[KPFNGLGETCOLORTABLEPROC[m[K’ does not name a type; did you mean ‘[01m[KPFNGLGETNCOLORTABLEPROC[m[K’?
[0.590s] 23001 | GLEW_FUN_EXPORT [01;31m[KPFNGLGETCOLORTABLEPROC[m[K __glewGetColorTable;
[0.590s]       |                 [01;31m[K^~~~~~~~~~~~~~~~~~~~~~[m[K
[0.590s]       |                 [32m[KPFNGLGETNCOLORTABLEPROC[m[K
[0.599s] [01m[K/usr/include/GL/glew.h:23002:17:[m[K [01;31m[Kerror: [m[K‘[01m[KPFNGLGETCOLORTABLEPARAMETERFVPROC[m[K’ does not name a type; did you mean ‘[01m[KPFNGLGETCOLORTABLEPARAMETERFVSGIPROC[m[K’?
[0.599s] 23002 | GLEW_FUN_EXPORT [01;31m[KPFNGLGETCOLORTABLEPARAMETERFVPROC[m[K __glewGetColorTableParameterfv;
[0.599s]       |                 [01;31m[K^~~~~~~~~~~~~~~~~~~~~~~~~~~~~~~~~[m[K
[0.599s]       |                 [32m[KPFNGLGETCOLORTABLEPARAMETERFVSGIPROC[m[K
[0.608s] [01m[K/usr/include/GL/glew.h:23003:17:[m[K [01;31m[Kerror: [m[K‘[01m[KPFNGLGETCOLORTABLEPARAMETERIVPROC[m[K’ does not name a type; did you mean ‘[01m[KPFNGLGETCOLORTABLEPARAMETERIVSGIPROC[m[K’?
[0.608s] 23003 | GLEW_FUN_EXPORT [01;31m[KPFNGLGETCOLORTABLEPARAMETERIVPROC[m[K __glewGetColorTableParameteriv;
[0.608s]       |                 [01;31m[K^~~~~~~~~~~~~~~~~~~~~~~~~~~~~~~~~[m[K
[0.608s]       |                 [32m[KPFNGLGETCOLORTABLEPARAMETERIVSGIPROC[m[K
[0.613s] [01m[K/usr/include/GL/glew.h:23004:17:[m[K [01;31m[Kerror: [m[K‘[01m[KPFNGLGETCONVOLUTIONFILTERPROC[m[K’ does not name a type; did you mean ‘[01m[KPFNGLGETNCONVOLUTIONFILTERPROC[m[K’?
[0.613s] 23004 | GLEW_FUN_EXPORT [01;31m[KPFNGLGETCONVOLUTIONFILTERPROC[m[K __glewGetConvolutionFilter;
[0.613s]       |                 [01;31m[K^~~~~~~~~~~~~~~~~~~~~~~~~~~~~[m[K
[0.613s]       |                 [32m[KPFNGLGETNCONVOLUTIONFILTERPROC[m[K
[0.621s] [01m[K/usr/include/GL/glew.h:23005:17:[m[K [01;31m[Kerror: [m[K‘[01m[KPFNGLGETCONVOLUTIONPARAMETERFVPROC[m[K’ does not name a type; did you mean ‘[01m[KPFNGLGETCONVOLUTIONPARAMETERFVEXTPROC[m[K’?
[0.622s] 23005 | GLEW_FUN_EXPORT [01;31m[KPFNGLGETCONVOLUTIONPARAMETERFVPROC[m[K __glewGetConvolutionParameterfv;
[0.622s]       |                 [01;31m[K^~~~~~~~~~~~~~~~~~~~~~~~~~~~~~~~~~[m[K
[0.622s]       |                 [32m[KPFNGLGETCONVOLUTIONPARAMETERFVEXTPROC[m[K
[0.631s] [01m[K/usr/include/GL/glew.h:23006:17:[m[K [01;31m[Kerror: [m[K‘[01m[KPFNGLGETCONVOLUTIONPARAMETERIVPROC[m[K’ does not name a type; did you mean ‘[01m[KPFNGLGETCONVOLUTIONPARAMETERIVEXTPROC[m[K’?
[0.631s] 23006 | GLEW_FUN_EXPORT [01;31m[KPFNGLGETCONVOLUTIONPARAMETERIVPROC[m[K __glewGetConvolutionParameteriv;
[0.631s]       |                 [01;31m[K^~~~~~~~~~~~~~~~~~~~~~~~~~~~~~~~~~[m[K
[0.631s]       |                 [32m[KPFNGLGETCONVOLUTIONPARAMETERIVEXTPROC[m[K
[0.634s] [01m[K/usr/include/GL/glew.h:23007:17:[m[K [01;31m[Kerror: [m[K‘[01m[KPFNGLGETHISTOGRAMPROC[m[K’ does not name a type; did you mean ‘[01m[KPFNGLGETNHISTOGRAMPROC[m[K’?
[0.635s] 23007 | GLEW_FUN_EXPORT [01;31m[KPFNGLGETHISTOGRAMPROC[m[K __glewGetHistogram;
[0.635s]       |                 [01;31m[K^~~~~~~~~~~~~~~~~~~~~[m[K
[0.635s]       |                 [32m[KPFNGLGETNHISTOGRAMPROC[m[K
[0.643s] [01m[K/usr/include/GL/glew.h:23008:17:[m[K [01;31m[Kerror: [m[K‘[01m[KPFNGLGETHISTOGRAMPARAMETERFVPROC[m[K’ does not name a type; did you mean ‘[01m[KPFNGLGETHISTOGRAMPARAMETERFVEXTPROC[m[K’?
[0.643s] 23008 | GLEW_FUN_EXPORT [01;31m[KPFNGLGETHISTOGRAMPARAMETERFVPROC[m[K __glewGetHistogramParameterfv;
[0.643s]       |                 [01;31m[K^~~~~~~~~~~~~~~~~~~~~~~~~~~~~~~~[m[K
[0.643s]       |                 [32m[KPFNGLGETHISTOGRAMPARAMETERFVEXTPROC[m[K
[0.652s] [01m[K/usr/include/GL/glew.h:23009:17:[m[K [01;31m[Kerror: [m[K‘[01m[KPFNGLGETHISTOGRAMPARAMETERIVPROC[m[K’ does not name a type; did you mean ‘[01m[KPFNGLGETHISTOGRAMPARAMETERIVEXTPROC[m[K’?
[0.652s] 23009 | GLEW_FUN_EXPORT [01;31m[KPFNGLGETHISTOGRAMPARAMETERIVPROC[m[K __glewGetHistogramParameteriv;
[0.652s]       |                 [01;31m[K^~~~~~~~~~~~~~~~~~~~~~~~~~~~~~~~[m[K
[0.652s]       |                 [32m[KPFNGLGETHISTOGRAMPARAMETERIVEXTPROC[m[K
[0.655s] [01m[K/usr/include/GL/glew.h:23010:17:[m[K [01;31m[Kerror: [m[K‘[01m[KPFNGLGETMINMAXPROC[m[K’ does not name a type; did you mean ‘[01m[KPFNGLGETNMINMAXPROC[m[K’?
[0.655s] 23010 | GLEW_FUN_EXPORT [01;31m[KPFNGLGETMINMAXPROC[m[K __glewGetMinmax;
[0.655s]       |                 [01;31m[K^~~~~~~~~~~~~~~~~~[m[K
[0.655s]       |                 [32m[KPFNGLGETNMINMAXPROC[m[K
[0.663s] [01m[K/usr/include/GL/glew.h:23011:17:[m[K [01;31m[Kerror: [m[K‘[01m[KPFNGLGETMINMAXPARAMETERFVPROC[m[K’ does not name a type; did you mean ‘[01m[KPFNGLGETMINMAXPARAMETERFVEXTPROC[m[K’?
[0.663s] 23011 | GLEW_FUN_EXPORT [01;31m[KPFNGLGETMINMAXPARAMETERFVPROC[m[K __glewGetMinmaxParameterfv;
[0.663s]       |                 [01;31m[K^~~~~~~~~~~~~~~~~~~~~~~~~~~~~[m[K
[0.663s]       |                 [32m[KPFNGLGETMINMAXPARAMETERFVEXTPROC[m[K
[0.672s] [01m[K/usr/include/GL/glew.h:23012:17:[m[K [01;31m[Kerror: [m[K‘[01m[KPFNGLGETMINMAXPARAMETERIVPROC[m[K’ does not name a type; did you mean ‘[01m[KPFNGLGETMINMAXPARAMETERIVEXTPROC[m[K’?
[0.672s] 23012 | GLEW_FUN_EXPORT [01;31m[KPFNGLGETMINMAXPARAMETERIVPROC[m[K __glewGetMinmaxParameteriv;
[0.672s]       |                 [01;31m[K^~~~~~~~~~~~~~~~~~~~~~~~~~~~~[m[K
[0.672s]       |                 [32m[KPFNGLGETMINMAXPARAMETERIVEXTPROC[m[K
[0.677s] [01m[K/usr/include/GL/glew.h:23013:17:[m[K [01;31m[Kerror: [m[K‘[01m[KPFNGLGETSEPARABLEFILTERPROC[m[K’ does not name a type; did you mean ‘[01m[KPFNGLGETNSEPARABLEFILTERPROC[m[K’?
[0.677s] 23013 | GLEW_FUN_EXPORT [01;31m[KPFNGLGETSEPARABLEFILTERPROC[m[K __glewGetSeparableFilter;
[0.677s]       |                 [01;31m[K^~~~~~~~~~~~~~~~~~~~~~~~~~~[m[K
[0.677s]       |                 [32m[KPFNGLGETNSEPARABLEFILTERPROC[m[K
[0.681s] [01m[K/usr/include/GL/glew.h:23014:17:[m[K [01;31m[Kerror: [m[K‘[01m[KPFNGLHISTOGRAMPROC[m[K’ does not name a type; did you mean ‘[01m[KPFNGLISPROGRAMPROC[m[K’?
[0.681s] 23014 | GLEW_FUN_EXPORT [01;31m[KPFNGLHISTOGRAMPROC[m[K __glewHistogram;
[0.681s]       |                 [01;31m[K^~~~~~~~~~~~~~~~~~[m[K
[0.681s]       |                 [32m[KPFNGLISPROGRAMPROC[m[K
[0.684s] [01m[K/usr/include/GL/glew.h:23015:17:[m[K [01;31m[Kerror: [m[K‘[01m[KPFNGLMINMAXPROC[m[K’ does not name a type; did you mean ‘[01m[KPFNGLMINMAXEXTPROC[m[K’?
[0.684s] 23015 | GLEW_FUN_EXPORT [01;31m[KPFNGLMINMAXPROC[m[K __glewMinmax;
[0.684s]       |                 [01;31m[K^~~~~~~~~~~~~~~[m[K
[0.684s]       |                 [32m[KPFNGLMINMAXEXTPROC[m[K
[0.690s] [01m[K/usr/include/GL/glew.h:23016:17:[m[K [01;31m[Kerror: [m[K‘[01m[KPFNGLRESETHISTOGRAMPROC[m[K’ does not name a type; did you mean ‘[01m[KPFNGLRESETHISTOGRAMEXTPROC[m[K’?
[0.690s] 23016 | GLEW_FUN_EXPORT [01;31m[KPFNGLRESETHISTOGRAMPROC[m[K __glewResetHistogram;
[0.690s]       |                 [01;31m[K^~~~~~~~~~~~~~~~~~~~~~~[m[K
[0.691s]       |                 [32m[KPFNGLRESETHISTOGRAMEXTPROC[m[K
[0.695s] [01m[K/usr/include/GL/glew.h:23017:17:[m[K [01;31m[Kerror: [m[K‘[01m[KPFNGLRESETMINMAXPROC[m[K’ does not name a type; did you mean ‘[01m[KPFNGLRESETMINMAXEXTPROC[m[K’?
[0.695s] 23017 | GLEW_FUN_EXPORT [01;31m[KPFNGLRESETMINMAXPROC[m[K __glewResetMinmax;
[0.695s]       |                 [01;31m[K^~~~~~~~~~~~~~~~~~~~[m[K
[0.695s]       |                 [32m[KPFNGLRESETMINMAXEXTPROC[m[K
[0.703s] [01m[K/usr/include/GL/glew.h:23018:17:[m[K [01;31m[Kerror: [m[K‘[01m[KPFNGLSEPARABLEFILTER2DPROC[m[K’ does not name a type; did you mean ‘[01m[KPFNGLSEPARABLEFILTER2DEXTPROC[m[K’?
[0.703s] 23018 | GLEW_FUN_EXPORT [01;31m[KPFNGLSEPARABLEFILTER2DPROC[m[K __glewSeparableFilter2D;
[0.703s]       |                 [01;31m[K^~~~~~~~~~~~~~~~~~~~~~~~~~[m[K
[0.703s]       |                 [32m[KPFNGLSEPARABLEFILTER2DEXTPROC[m[K
[0.715s] [01m[K/usr/include/GL/glew.h:25151:17:[m[K [01;31m[Kerror: [m[K‘[01m[KPFNGLNAMEDFRAMEBUFFERTEXTUREMULTIVIEWOVRPROC[m[K’ does not name a type; did you mean ‘[01m[KPFNGLFRAMEBUFFERTEXTUREMULTIVIEWOVRPROC[m[K’?
[0.715s] 25151 | GLEW_FUN_EXPORT [01;31m[KPFNGLNAMEDFRAMEBUFFERTEXTUREMULTIVIEWOVRPROC[m[K __glewNamedFramebufferTextureMultiviewOVR;
[0.715s]       |                 [01;31m[K^~~~~~~~~~~~~~~~~~~~~~~~~~~~~~~~~~~~~~~~~~~~[m[K
[0.715s]       |                 [32m[KPFNGLFRAMEBUFFERTEXTUREMULTIVIEWOVRPROC[m[K
[0.722s] [01m[K/home/matylda-hayne/mtrx3760_p2/MTRX3760_PROJECT_2/ros2_ws/src/robot/src/robot_gui.cpp:[m[K In function ‘[01m[Kbool[01;32m[K LoadTextureFromMemory[m[K(const unsigned char*, int, GLuint*, int*, int*)[m[K’:
[0.722s] [01m[K/home/matylda-hayne/mtrx3760_p2/MTRX3760_PROJECT_2/ros2_ws/src/robot/src/robot_gui.cpp:119:5:[m[K [01;31m[Kerror: [m[K‘[01m[KglPixelStore[m[K’ was not declared in this scope; did you mean ‘[01m[KglPixelStorei[m[K’?
[0.722s]   119 |     [01;31m[KglPixelStore[m[K(GL_UNPACK_ROW_LENGTH, 0);
[0.722s]       |     [01;31m[K^~~~~~~~~~~~[m[K
[0.722s]       |     [32m[KglPixelStorei[m[K
[0.744s] gmake[2]: *** [CMakeFiles/robot_gui.dir/build.make:76: CMakeFiles/robot_gui.dir/src/robot_gui.cpp.o] Error 1
[0.744s] gmake[1]: *** [CMakeFiles/Makefile2:165: CMakeFiles/robot_gui.dir/all] Error 2
[0.744s] gmake: *** [Makefile:146: all] Error 2
[0.747s] Invoked command in '/home/matylda-hayne/mtrx3760_p2/MTRX3760_PROJECT_2/build/robot' returned '2': CMAKE_PREFIX_PATH=${CMAKE_PREFIX_PATH}:/home/matylda-hayne/turtlebot3_ws/install/turtlebot3_teleop:/home/matylda-hayne/turtlebot3_ws/install/turtlebot3_example:/opt/ros/jazzy DEBUGINFOD_URLS=https://debuginfod.ubuntu.com /usr/bin/cmake --build /home/matylda-hayne/mtrx3760_p2/MTRX3760_PROJECT_2/build/robot -- -j20 -l20
