-- The C compiler identification is GNU 13.3.0
-- The CXX compiler identification is GNU 13.3.0
-- Detecting C compiler ABI info
-- Detecting C compiler ABI info - done
-- Check for working C compiler: /usr/bin/cc - skipped
-- Detecting C compile features
-- Detecting C compile features - done
-- Detecting CXX compiler ABI info
-- Detecting CXX compiler ABI info - done
-- Check for working CXX compiler: /usr/bin/c++ - skipped
-- Detecting CXX compile features
-- Detecting CXX compile features - done
-- Found ament_cmake: 2.5.4 (/opt/ros/jazzy/share/ament_cmake/cmake)
-- Found Python3: /usr/bin/python3 (found version "3.12.3") found components: Interpreter 
-- Found rosidl_default_generators: 1.6.0 (/opt/ros/jazzy/share/rosidl_default_generators/cmake)
-- Using all available rosidl_typesupport_c: rosidl_typesupport_fastrtps_c;rosidl_typesupport_introspection_c
-- Using all available rosidl_typesupport_cpp: rosidl_typesupport_fastrtps_cpp;rosidl_typesupport_introspection_cpp
-- Found rosidl_adapter: 4.6.6 (/opt/ros/jazzy/share/rosidl_adapter/cmake)
-- Found std_msgs: 5.3.6 (/opt/ros/jazzy/share/std_msgs/cmake)
-- Found geometry_msgs: 5.3.6 (/opt/ros/jazzy/share/geometry_msgs/cmake)
-- Found ament_cmake_ros: 0.12.0 (/opt/ros/jazzy/share/ament_cmake_ros/cmake)
-- Using all available rosidl_typesupport_c: rosidl_typesupport_fastrtps_c;rosidl_typesupport_introspection_c
-- Using all available rosidl_typesupport_cpp: rosidl_typesupport_fastrtps_cpp;rosidl_typesupport_introspection_cpp
-- Found python_cmake_module: 0.11.1 (/opt/ros/jazzy/share/python_cmake_module/cmake)
-- Found PythonExtra: /usr/bin/python3  
-- Found Python3: /usr/bin/python3 (found version "3.12.3") found components: Interpreter Development NumPy Development.Module Development.Embed 
-- Found ament_lint_auto: 0.17.3 (/opt/ros/jazzy/share/ament_lint_auto/cmake)
-- Added test 'cppcheck' to perform static code analysis on C / C++ code
-- Configured cppcheck include dirs: 
-- Configured cppcheck exclude dirs and/or files: 
-- Added test 'flake8' to check Python code syntax and style conventions
-- Configured 'flake8' exclude dirs and/or files: 
-- Added test 'lint_cmake' to check CMake code style
-- Added test 'pep257' to check Python code against some of the docstring style conventions in PEP 257
-- Added test 'uncrustify' to check C / C++ code style
-- Configured uncrustify additional arguments: 
-- Added test 'xmllint' to check XML markup files
-- Configuring done (3.4s)
-- Generating done (0.0s)
-- Build files have been written to: /home/matylda-hayne/mtrx3760_p2/MTRX3760_PROJECT_2/ros2_ws/src/build/shared_interfaces
[  1%] [34m[1mGenerating type hashes for ROS interfaces[0m
[  1%] Built target ament_cmake_python_copy_shared_interfaces
running egg_info
creating shared_interfaces.egg-info
writing shared_interfaces.egg-info/PKG-INFO
writing dependency_links to shared_interfaces.egg-info/dependency_links.txt
writing top-level names to shared_interfaces.egg-info/top_level.txt
writing manifest file 'shared_interfaces.egg-info/SOURCES.txt'
reading manifest file 'shared_interfaces.egg-info/SOURCES.txt'
writing manifest file 'shared_interfaces.egg-info/SOURCES.txt'
[  1%] Built target ament_cmake_python_build_shared_interfaces_egg
[  1%] Built target shared_interfaces__rosidl_generator_type_description
[  2%] [34m[1mGenerating C code for ROS interfaces[0m
[  3%] [34m[1mGenerating C++ code for ROS interfaces[0m
[  3%] Built target shared_interfaces__cpp
[  4%] [32mBuilding C object CMakeFiles/shared_interfaces__rosidl_generator_c.dir/rosidl_generator_c/shared_interfaces/msg/detail/add_log__functions.c.o[0m
[  5%] [32mBuilding C object CMakeFiles/shared_interfaces__rosidl_generator_c.dir/rosidl_generator_c/shared_interfaces/msg/detail/add_log__description.c.o[0m
[  7%] [32mBuilding C object CMakeFiles/shared_interfaces__rosidl_generator_c.dir/rosidl_generator_c/shared_interfaces/msg/detail/add_log__type_support.c.o[0m
[  8%] [32mBuilding C object CMakeFiles/shared_interfaces__rosidl_generator_c.dir/rosidl_generator_c/shared_interfaces/srv/detail/navigation_mode__description.c.o[0m
[ 10%] [32mBuilding C object CMakeFiles/shared_interfaces__rosidl_generator_c.dir/rosidl_generator_c/shared_interfaces/msg/detail/check_log__description.c.o[0m
[ 13%] [32mBuilding C object CMakeFiles/shared_interfaces__rosidl_generator_c.dir/rosidl_generator_c/shared_interfaces/msg/detail/check_log__type_support.c.o[0m
[ 13%] [32mBuilding C object CMakeFiles/shared_interfaces__rosidl_generator_c.dir/rosidl_generator_c/shared_interfaces/srv/detail/navigation_mode__type_support.c.o[0m
[ 13%] [32mBuilding C object CMakeFiles/shared_interfaces__rosidl_generator_c.dir/rosidl_generator_c/shared_interfaces/msg/detail/check_log__functions.c.o[0m
[ 15%] [32mBuilding C object CMakeFiles/shared_interfaces__rosidl_generator_c.dir/rosidl_generator_c/shared_interfaces/srv/detail/robot_type__functions.c.o[0m
[ 15%] [32mBuilding C object CMakeFiles/shared_interfaces__rosidl_generator_c.dir/rosidl_generator_c/shared_interfaces/srv/detail/navigation_mode__functions.c.o[0m
[ 16%] [32mBuilding C object CMakeFiles/shared_interfaces__rosidl_generator_c.dir/rosidl_generator_c/shared_interfaces/srv/detail/charging__functions.c.o[0m
[ 17%] [32mBuilding C object CMakeFiles/shared_interfaces__rosidl_generator_c.dir/rosidl_generator_c/shared_interfaces/srv/detail/robot_type__type_support.c.o[0m
[ 19%] [32mBuilding C object CMakeFiles/shared_interfaces__rosidl_generator_c.dir/rosidl_generator_c/shared_interfaces/srv/detail/charging__type_support.c.o[0m
[ 20%] [32mBuilding C object CMakeFiles/shared_interfaces__rosidl_generator_c.dir/rosidl_generator_c/shared_interfaces/srv/detail/detecting__type_support.c.o[0m
[ 21%] [32mBuilding C object CMakeFiles/shared_interfaces__rosidl_generator_c.dir/rosidl_generator_c/shared_interfaces/srv/detail/detecting__functions.c.o[0m
[ 22%] [32mBuilding C object CMakeFiles/shared_interfaces__rosidl_generator_c.dir/rosidl_generator_c/shared_interfaces/srv/detail/detecting__description.c.o[0m
[ 23%] [32mBuilding C object CMakeFiles/shared_interfaces__rosidl_generator_c.dir/rosidl_generator_c/shared_interfaces/srv/detail/charging__description.c.o[0m
[ 25%] [32mBuilding C object CMakeFiles/shared_interfaces__rosidl_generator_c.dir/rosidl_generator_c/shared_interfaces/srv/detail/robot_type__description.c.o[0m
[ 26%] [32m[1mLinking C shared library libshared_interfaces__rosidl_generator_c.so[0m
[ 26%] Built target shared_interfaces__rosidl_generator_c
[ 28%] [34m[1mGenerating C type support for eProsima Fast-RTPS[0m
[ 28%] [34m[1mGenerating C++ introspection for ROS interfaces[0m
[ 29%] [34m[1mGenerating C++ type support dispatch for ROS interfaces[0m
[ 30%] [34m[1mGenerating C++ type support for eProsima Fast-RTPS[0m
[ 32%] [34m[1mGenerating C type support dispatch for ROS interfaces[0m
[ 33%] [34m[1mGenerating C introspection for ROS interfaces[0m
[ 34%] [32mBuilding CXX object CMakeFiles/shared_interfaces__rosidl_typesupport_cpp.dir/rosidl_typesupport_cpp/shared_interfaces/msg/add_log__type_support.cpp.o[0m
[ 35%] [32mBuilding CXX object CMakeFiles/shared_interfaces__rosidl_typesupport_cpp.dir/rosidl_typesupport_cpp/shared_interfaces/srv/navigation_mode__type_support.cpp.o[0m
[ 38%] [32mBuilding CXX object CMakeFiles/shared_interfaces__rosidl_typesupport_cpp.dir/rosidl_typesupport_cpp/shared_interfaces/msg/check_log__type_support.cpp.o[0m
[ 38%] [32mBuilding CXX object CMakeFiles/shared_interfaces__rosidl_typesupport_cpp.dir/rosidl_typesupport_cpp/shared_interfaces/srv/robot_type__type_support.cpp.o[0m
[ 39%] [32mBuilding CXX object CMakeFiles/shared_interfaces__rosidl_typesupport_cpp.dir/rosidl_typesupport_cpp/shared_interfaces/srv/detecting__type_support.cpp.o[0m
[ 40%] [32mBuilding CXX object CMakeFiles/shared_interfaces__rosidl_typesupport_cpp.dir/rosidl_typesupport_cpp/shared_interfaces/srv/charging__type_support.cpp.o[0m
[ 44%] [32mBuilding CXX object CMakeFiles/shared_interfaces__rosidl_typesupport_c.dir/rosidl_typesupport_c/shared_interfaces/srv/detecting__type_support.cpp.o[0m
[ 44%] [32mBuilding CXX object CMakeFiles/shared_interfaces__rosidl_typesupport_c.dir/rosidl_typesupport_c/shared_interfaces/srv/navigation_mode__type_support.cpp.o[0m
[ 44%] [32mBuilding CXX object CMakeFiles/shared_interfaces__rosidl_typesupport_c.dir/rosidl_typesupport_c/shared_interfaces/msg/check_log__type_support.cpp.o[0m
[ 46%] [32mBuilding CXX object CMakeFiles/shared_interfaces__rosidl_typesupport_c.dir/rosidl_typesupport_c/shared_interfaces/msg/add_log__type_support.cpp.o[0m
[ 46%] [32mBuilding CXX object CMakeFiles/shared_interfaces__rosidl_typesupport_c.dir/rosidl_typesupport_c/shared_interfaces/srv/robot_type__type_support.cpp.o[0m
[ 47%] [32mBuilding CXX object CMakeFiles/shared_interfaces__rosidl_typesupport_c.dir/rosidl_typesupport_c/shared_interfaces/srv/charging__type_support.cpp.o[0m
[ 48%] [32mBuilding CXX object CMakeFiles/shared_interfaces__rosidl_typesupport_introspection_cpp.dir/rosidl_typesupport_introspection_cpp/shared_interfaces/msg/detail/add_log__type_support.cpp.o[0m
[ 50%] [32mBuilding CXX object CMakeFiles/shared_interfaces__rosidl_typesupport_introspection_cpp.dir/rosidl_typesupport_introspection_cpp/shared_interfaces/msg/detail/check_log__type_support.cpp.o[0m
[ 51%] [32mBuilding CXX object CMakeFiles/shared_interfaces__rosidl_typesupport_introspection_cpp.dir/rosidl_typesupport_introspection_cpp/shared_interfaces/srv/detail/navigation_mode__type_support.cpp.o[0m
[ 52%] [32mBuilding CXX object CMakeFiles/shared_interfaces__rosidl_typesupport_introspection_cpp.dir/rosidl_typesupport_introspection_cpp/shared_interfaces/srv/detail/robot_type__type_support.cpp.o[0m
[ 53%] [32mBuilding CXX object CMakeFiles/shared_interfaces__rosidl_typesupport_introspection_cpp.dir/rosidl_typesupport_introspection_cpp/shared_interfaces/srv/detail/detecting__type_support.cpp.o[0m
[ 54%] [32mBuilding CXX object CMakeFiles/shared_interfaces__rosidl_typesupport_introspection_cpp.dir/rosidl_typesupport_introspection_cpp/shared_interfaces/srv/detail/charging__type_support.cpp.o[0m
[ 55%] [32m[1mLinking CXX shared library libshared_interfaces__rosidl_typesupport_c.so[0m
[ 57%] [32mBuilding C object CMakeFiles/shared_interfaces__rosidl_typesupport_introspection_c.dir/rosidl_typesupport_introspection_c/shared_interfaces/srv/detail/robot_type__type_support.c.o[0m
[ 58%] [32mBuilding C object CMakeFiles/shared_interfaces__rosidl_typesupport_introspection_c.dir/rosidl_typesupport_introspection_c/shared_interfaces/msg/detail/add_log__type_support.c.o[0m
[ 59%] [32mBuilding C object CMakeFiles/shared_interfaces__rosidl_typesupport_introspection_c.dir/rosidl_typesupport_introspection_c/shared_interfaces/srv/detail/navigation_mode__type_support.c.o[0m
[ 60%] [32mBuilding C object CMakeFiles/shared_interfaces__rosidl_typesupport_introspection_c.dir/rosidl_typesupport_introspection_c/shared_interfaces/srv/detail/detecting__type_support.c.o[0m
[ 61%] [32mBuilding C object CMakeFiles/shared_interfaces__rosidl_typesupport_introspection_c.dir/rosidl_typesupport_introspection_c/shared_interfaces/msg/detail/check_log__type_support.c.o[0m
[ 61%] Built target shared_interfaces__rosidl_typesupport_c
[ 63%] [32mBuilding C object CMakeFiles/shared_interfaces__rosidl_typesupport_introspection_c.dir/rosidl_typesupport_introspection_c/shared_interfaces/srv/detail/charging__type_support.c.o[0m
[ 64%] [32m[1mLinking C shared library libshared_interfaces__rosidl_typesupport_introspection_c.so[0m
[ 64%] Built target shared_interfaces__rosidl_typesupport_introspection_c
[ 67%] [32mBuilding CXX object CMakeFiles/shared_interfaces__rosidl_typesupport_fastrtps_c.dir/rosidl_typesupport_fastrtps_c/shared_interfaces/msg/detail/check_log__type_support_c.cpp.o[0m
[ 67%] [32mBuilding CXX object CMakeFiles/shared_interfaces__rosidl_typesupport_fastrtps_c.dir/rosidl_typesupport_fastrtps_c/shared_interfaces/srv/detail/detecting__type_support_c.cpp.o[0m
[ 67%] [32mBuilding CXX object CMakeFiles/shared_interfaces__rosidl_typesupport_fastrtps_c.dir/rosidl_typesupport_fastrtps_c/shared_interfaces/srv/detail/navigation_mode__type_support_c.cpp.o[0m
[ 69%] [32mBuilding CXX object CMakeFiles/shared_interfaces__rosidl_typesupport_fastrtps_c.dir/rosidl_typesupport_fastrtps_c/shared_interfaces/msg/detail/add_log__type_support_c.cpp.o[0m
[ 70%] [32mBuilding CXX object CMakeFiles/shared_interfaces__rosidl_typesupport_fastrtps_c.dir/rosidl_typesupport_fastrtps_c/shared_interfaces/srv/detail/robot_type__type_support_c.cpp.o[0m
[ 71%] [32mBuilding CXX object CMakeFiles/shared_interfaces__rosidl_typesupport_fastrtps_c.dir/rosidl_typesupport_fastrtps_c/shared_interfaces/srv/detail/charging__type_support_c.cpp.o[0m
[ 72%] [32mBuilding CXX object CMakeFiles/shared_interfaces__rosidl_typesupport_fastrtps_cpp.dir/rosidl_typesupport_fastrtps_cpp/shared_interfaces/msg/detail/dds_fastrtps/check_log__type_support.cpp.o[0m
[ 78%] [32mBuilding CXX object CMakeFiles/shared_interfaces__rosidl_typesupport_fastrtps_cpp.dir/rosidl_typesupport_fastrtps_cpp/shared_interfaces/msg/detail/dds_fastrtps/add_log__type_support.cpp.o[0m
[ 78%] [32mBuilding CXX object CMakeFiles/shared_interfaces__rosidl_typesupport_fastrtps_cpp.dir/rosidl_typesupport_fastrtps_cpp/shared_interfaces/srv/detail/dds_fastrtps/navigation_mode__type_support.cpp.o[0m
[ 78%] [32mBuilding CXX object CMakeFiles/shared_interfaces__rosidl_typesupport_fastrtps_cpp.dir/rosidl_typesupport_fastrtps_cpp/shared_interfaces/srv/detail/dds_fastrtps/charging__type_support.cpp.o[0m
[ 78%] [32m[1mLinking CXX shared library libshared_interfaces__rosidl_typesupport_cpp.so[0m
[ 78%] [32mBuilding CXX object CMakeFiles/shared_interfaces__rosidl_typesupport_fastrtps_cpp.dir/rosidl_typesupport_fastrtps_cpp/shared_interfaces/srv/detail/dds_fastrtps/robot_type__type_support.cpp.o[0m
[ 79%] [32mBuilding CXX object CMakeFiles/shared_interfaces__rosidl_typesupport_fastrtps_cpp.dir/rosidl_typesupport_fastrtps_cpp/shared_interfaces/srv/detail/dds_fastrtps/detecting__type_support.cpp.o[0m
[ 80%] [32m[1mLinking CXX shared library libshared_interfaces__rosidl_typesupport_introspection_cpp.so[0m
[ 80%] Built target shared_interfaces__rosidl_typesupport_cpp
[ 80%] Built target shared_interfaces__rosidl_typesupport_introspection_cpp
[ 82%] [32m[1mLinking CXX shared library libshared_interfaces__rosidl_typesupport_fastrtps_c.so[0m
[ 82%] Built target shared_interfaces__rosidl_typesupport_fastrtps_c
[ 83%] [32m[1mLinking CXX shared library libshared_interfaces__rosidl_typesupport_fastrtps_cpp.so[0m
[ 83%] Built target shared_interfaces__rosidl_typesupport_fastrtps_cpp
[ 83%] Built target shared_interfaces
[ 84%] [34m[1mGenerating Python code for ROS interfaces[0m
[ 84%] Built target shared_interfaces__py
[ 85%] [32mBuilding C object CMakeFiles/shared_interfaces__rosidl_generator_py.dir/rosidl_generator_py/shared_interfaces/msg/_add_log_s.c.o[0m
[ 88%] [32mBuilding C object CMakeFiles/shared_interfaces__rosidl_generator_py.dir/rosidl_generator_py/shared_interfaces/msg/_check_log_s.c.o[0m
[ 88%] [32mBuilding C object CMakeFiles/shared_interfaces__rosidl_generator_py.dir/rosidl_generator_py/shared_interfaces/srv/_navigation_mode_s.c.o[0m
[ 89%] [32mBuilding C object CMakeFiles/shared_interfaces__rosidl_generator_py.dir/rosidl_generator_py/shared_interfaces/srv/_detecting_s.c.o[0m
[ 90%] [32mBuilding C object CMakeFiles/shared_interfaces__rosidl_generator_py.dir/rosidl_generator_py/shared_interfaces/srv/_charging_s.c.o[0m
[ 91%] [32mBuilding C object CMakeFiles/shared_interfaces__rosidl_generator_py.dir/rosidl_generator_py/shared_interfaces/srv/_robot_type_s.c.o[0m
[ 92%] [32m[1mLinking C shared library libshared_interfaces__rosidl_generator_py.so[0m
[ 92%] Built target shared_interfaces__rosidl_generator_py
[ 96%] [32mBuilding C object CMakeFiles/shared_interfaces_s__rosidl_typesupport_fastrtps_c.dir/rosidl_generator_py/shared_interfaces/_shared_interfaces_s.ep.rosidl_typesupport_fastrtps_c.c.o[0m
[ 96%] [32mBuilding C object CMakeFiles/shared_interfaces_s__rosidl_typesupport_c.dir/rosidl_generator_py/shared_interfaces/_shared_interfaces_s.ep.rosidl_typesupport_c.c.o[0m
[ 96%] [32mBuilding C object CMakeFiles/shared_interfaces_s__rosidl_typesupport_introspection_c.dir/rosidl_generator_py/shared_interfaces/_shared_interfaces_s.ep.rosidl_typesupport_introspection_c.c.o[0m
[ 97%] [32m[1mLinking C shared module rosidl_generator_py/shared_interfaces/shared_interfaces_s__rosidl_typesupport_c.so[0m
[ 98%] [32m[1mLinking C shared module rosidl_generator_py/shared_interfaces/shared_interfaces_s__rosidl_typesupport_introspection_c.so[0m
[100%] [32m[1mLinking C shared module rosidl_generator_py/shared_interfaces/shared_interfaces_s__rosidl_typesupport_fastrtps_c.so[0m
[100%] Built target shared_interfaces_s__rosidl_typesupport_introspection_c
[100%] Built target shared_interfaces_s__rosidl_typesupport_c
[100%] Built target shared_interfaces_s__rosidl_typesupport_fastrtps_c
