[0.015s] Invoking command in '/home/matylda-hayne/mtrx3760_p2/MTRX3760_PROJECT_2/ros2_ws/src/build/shared_interfaces': CMAKE_PREFIX_PATH=${CMAKE_PREFIX_PATH}:/home/matylda-hayne/turtlebot3_ws/install/turtlebot3_teleop:/home/matylda-hayne/turtlebot3_ws/install/turtlebot3_example:/opt/ros/jazzy DEBUGINFOD_URLS=https://debuginfod.ubuntu.com /usr/bin/cmake /home/matylda-hayne/mtrx3760_p2/MTRX3760_PROJECT_2/ros2_ws/src/shared_interfaces -DCMAKE_INSTALL_PREFIX=/home/matylda-hayne/mtrx3760_p2/MTRX3760_PROJECT_2/ros2_ws/src/install/shared_interfaces
[0.061s] -- The C compiler identification is GNU 13.3.0
[0.102s] -- The CXX compiler identification is GNU 13.3.0
[0.115s] -- Detecting C compiler ABI info
[0.201s] -- Detecting C compiler ABI info - done
[0.207s] -- Check for working C compiler: /usr/bin/cc - skipped
[0.207s] -- Detecting C compile features
[0.208s] -- Detecting C compile features - done
[0.215s] -- Detecting CXX compiler ABI info
[0.298s] -- Detecting CXX compiler ABI info - done
[0.306s] -- Check for working CXX compiler: /usr/bin/c++ - skipped
[0.306s] -- Detecting CXX compile features
[0.306s] -- Detecting CXX compile features - done
[0.310s] -- Found ament_cmake: 2.5.4 (/opt/ros/jazzy/share/ament_cmake/cmake)
[0.446s] -- Found Python3: /usr/bin/python3 (found version "3.12.3") found components: Interpreter 
[0.556s] -- Found rosidl_default_generators: 1.6.0 (/opt/ros/jazzy/share/rosidl_default_generators/cmake)
[0.570s] -- Using all available rosidl_typesupport_c: rosidl_typesupport_fastrtps_c;rosidl_typesupport_introspection_c
[0.631s] -- Using all available rosidl_typesupport_cpp: rosidl_typesupport_fastrtps_cpp;rosidl_typesupport_introspection_cpp
[0.674s] -- Found rosidl_adapter: 4.6.6 (/opt/ros/jazzy/share/rosidl_adapter/cmake)
[0.679s] -- Found std_msgs: 5.3.6 (/opt/ros/jazzy/share/std_msgs/cmake)
[0.710s] -- Found geometry_msgs: 5.3.6 (/opt/ros/jazzy/share/geometry_msgs/cmake)
[1.288s] -- Found ament_cmake_ros: 0.12.0 (/opt/ros/jazzy/share/ament_cmake_ros/cmake)
[1.804s] -- Using all available rosidl_typesupport_c: rosidl_typesupport_fastrtps_c;rosidl_typesupport_introspection_c
[2.507s] -- Using all available rosidl_typesupport_cpp: rosidl_typesupport_fastrtps_cpp;rosidl_typesupport_introspection_cpp
[2.513s] -- Found python_cmake_module: 0.11.1 (/opt/ros/jazzy/share/python_cmake_module/cmake)
[2.679s] -- Found PythonExtra: /usr/bin/python3  
[3.207s] -- Found Python3: /usr/bin/python3 (found version "3.12.3") found components: Interpreter Development NumPy Development.Module Development.Embed 
[3.292s] -- Found ament_lint_auto: 0.17.3 (/opt/ros/jazzy/share/ament_lint_auto/cmake)
[3.351s] -- Added test 'cppcheck' to perform static code analysis on C / C++ code
[3.352s] -- Configured cppcheck include dirs: 
[3.352s] -- Configured cppcheck exclude dirs and/or files: 
[3.355s] -- Added test 'flake8' to check Python code syntax and style conventions
[3.355s] -- Configured 'flake8' exclude dirs and/or files: 
[3.358s] -- Added test 'lint_cmake' to check CMake code style
[3.361s] -- Added test 'pep257' to check Python code against some of the docstring style conventions in PEP 257
[3.371s] -- Added test 'uncrustify' to check C / C++ code style
[3.371s] -- Configured uncrustify additional arguments: 
[3.373s] -- Added test 'xmllint' to check XML markup files
[3.377s] -- Configuring done (3.4s)
[3.441s] -- Generating done (0.0s)
[3.457s] -- Build files have been written to: /home/matylda-hayne/mtrx3760_p2/MTRX3760_PROJECT_2/ros2_ws/src/build/shared_interfaces
[3.468s] Invoked command in '/home/matylda-hayne/mtrx3760_p2/MTRX3760_PROJECT_2/ros2_ws/src/build/shared_interfaces' returned '0': CMAKE_PREFIX_PATH=${CMAKE_PREFIX_PATH}:/home/matylda-hayne/turtlebot3_ws/install/turtlebot3_teleop:/home/matylda-hayne/turtlebot3_ws/install/turtlebot3_example:/opt/ros/jazzy DEBUGINFOD_URLS=https://debuginfod.ubuntu.com /usr/bin/cmake /home/matylda-hayne/mtrx3760_p2/MTRX3760_PROJECT_2/ros2_ws/src/shared_interfaces -DCMAKE_INSTALL_PREFIX=/home/matylda-hayne/mtrx3760_p2/MTRX3760_PROJECT_2/ros2_ws/src/install/shared_interfaces
[3.469s] Invoking command in '/home/matylda-hayne/mtrx3760_p2/MTRX3760_PROJECT_2/ros2_ws/src/build/shared_interfaces': CMAKE_PREFIX_PATH=${CMAKE_PREFIX_PATH}:/home/matylda-hayne/turtlebot3_ws/install/turtlebot3_teleop:/home/matylda-hayne/turtlebot3_ws/install/turtlebot3_example:/opt/ros/jazzy DEBUGINFOD_URLS=https://debuginfod.ubuntu.com /usr/bin/cmake --build /home/matylda-hayne/mtrx3760_p2/MTRX3760_PROJECT_2/ros2_ws/src/build/shared_interfaces -- -j20 -l20
[3.524s] [  1%] [34m[1mGenerating type hashes for ROS interfaces[0m
[3.535s] [  1%] Built target ament_cmake_python_copy_shared_interfaces
[3.708s] running egg_info
[3.709s] creating shared_interfaces.egg-info
[3.723s] writing shared_interfaces.egg-info/PKG-INFO
[3.724s] writing dependency_links to shared_interfaces.egg-info/dependency_links.txt
[3.724s] writing top-level names to shared_interfaces.egg-info/top_level.txt
[3.724s] writing manifest file 'shared_interfaces.egg-info/SOURCES.txt'
[3.772s] reading manifest file 'shared_interfaces.egg-info/SOURCES.txt'
[3.773s] writing manifest file 'shared_interfaces.egg-info/SOURCES.txt'
[3.800s] [  1%] Built target ament_cmake_python_build_shared_interfaces_egg
[3.827s] [  1%] Built target shared_interfaces__rosidl_generator_type_description
[3.841s] [  2%] [34m[1mGenerating C code for ROS interfaces[0m
[3.854s] [  3%] [34m[1mGenerating C++ code for ROS interfaces[0m
[4.329s] [  3%] Built target shared_interfaces__cpp
[4.436s] [  4%] [32mBuilding C object CMakeFiles/shared_interfaces__rosidl_generator_c.dir/rosidl_generator_c/shared_interfaces/msg/detail/add_log__functions.c.o[0m
[4.436s] [  5%] [32mBuilding C object CMakeFiles/shared_interfaces__rosidl_generator_c.dir/rosidl_generator_c/shared_interfaces/msg/detail/add_log__description.c.o[0m
[4.437s] [  7%] [32mBuilding C object CMakeFiles/shared_interfaces__rosidl_generator_c.dir/rosidl_generator_c/shared_interfaces/msg/detail/add_log__type_support.c.o[0m
[4.437s] [  8%] [32mBuilding C object CMakeFiles/shared_interfaces__rosidl_generator_c.dir/rosidl_generator_c/shared_interfaces/srv/detail/navigation_mode__description.c.o[0m
[4.438s] [ 10%] [32mBuilding C object CMakeFiles/shared_interfaces__rosidl_generator_c.dir/rosidl_generator_c/shared_interfaces/msg/detail/check_log__description.c.o[0m
[4.439s] [ 13%] [32mBuilding C object CMakeFiles/shared_interfaces__rosidl_generator_c.dir/rosidl_generator_c/shared_interfaces/msg/detail/check_log__type_support.c.o[0m
[4.439s] [ 13%] [32mBuilding C object CMakeFiles/shared_interfaces__rosidl_generator_c.dir/rosidl_generator_c/shared_interfaces/srv/detail/navigation_mode__type_support.c.o[0m
[4.440s] [ 13%] [32mBuilding C object CMakeFiles/shared_interfaces__rosidl_generator_c.dir/rosidl_generator_c/shared_interfaces/msg/detail/check_log__functions.c.o[0m
[4.440s] [ 15%] [32mBuilding C object CMakeFiles/shared_interfaces__rosidl_generator_c.dir/rosidl_generator_c/shared_interfaces/srv/detail/robot_type__functions.c.o[0m
[4.440s] [ 15%] [32mBuilding C object CMakeFiles/shared_interfaces__rosidl_generator_c.dir/rosidl_generator_c/shared_interfaces/srv/detail/navigation_mode__functions.c.o[0m
[4.441s] [ 16%] [32mBuilding C object CMakeFiles/shared_interfaces__rosidl_generator_c.dir/rosidl_generator_c/shared_interfaces/srv/detail/charging__functions.c.o[0m
[4.442s] [ 17%] [32mBuilding C object CMakeFiles/shared_interfaces__rosidl_generator_c.dir/rosidl_generator_c/shared_interfaces/srv/detail/robot_type__type_support.c.o[0m
[4.444s] [ 19%] [32mBuilding C object CMakeFiles/shared_interfaces__rosidl_generator_c.dir/rosidl_generator_c/shared_interfaces/srv/detail/charging__type_support.c.o[0m
[4.445s] [ 20%] [32mBuilding C object CMakeFiles/shared_interfaces__rosidl_generator_c.dir/rosidl_generator_c/shared_interfaces/srv/detail/detecting__type_support.c.o[0m
[4.445s] [ 21%] [32mBuilding C object CMakeFiles/shared_interfaces__rosidl_generator_c.dir/rosidl_generator_c/shared_interfaces/srv/detail/detecting__functions.c.o[0m
[4.446s] [ 22%] [32mBuilding C object CMakeFiles/shared_interfaces__rosidl_generator_c.dir/rosidl_generator_c/shared_interfaces/srv/detail/detecting__description.c.o[0m
[4.446s] [ 23%] [32mBuilding C object CMakeFiles/shared_interfaces__rosidl_generator_c.dir/rosidl_generator_c/shared_interfaces/srv/detail/charging__description.c.o[0m
[4.448s] [ 25%] [32mBuilding C object CMakeFiles/shared_interfaces__rosidl_generator_c.dir/rosidl_generator_c/shared_interfaces/srv/detail/robot_type__description.c.o[0m
[4.533s] [ 26%] [32m[1mLinking C shared library libshared_interfaces__rosidl_generator_c.so[0m
[4.567s] [ 26%] Built target shared_interfaces__rosidl_generator_c
[4.577s] [ 28%] [34m[1mGenerating C type support for eProsima Fast-RTPS[0m
[4.577s] [ 28%] [34m[1mGenerating C++ introspection for ROS interfaces[0m
[4.579s] [ 29%] [34m[1mGenerating C++ type support dispatch for ROS interfaces[0m
[4.579s] [ 30%] [34m[1mGenerating C++ type support for eProsima Fast-RTPS[0m
[4.579s] [ 32%] [34m[1mGenerating C type support dispatch for ROS interfaces[0m
[4.580s] [ 33%] [34m[1mGenerating C introspection for ROS interfaces[0m
[4.972s] [ 34%] [32mBuilding CXX object CMakeFiles/shared_interfaces__rosidl_typesupport_cpp.dir/rosidl_typesupport_cpp/shared_interfaces/msg/add_log__type_support.cpp.o[0m
[4.974s] [ 35%] [32mBuilding CXX object CMakeFiles/shared_interfaces__rosidl_typesupport_cpp.dir/rosidl_typesupport_cpp/shared_interfaces/srv/navigation_mode__type_support.cpp.o[0m
[4.975s] [ 38%] [32mBuilding CXX object CMakeFiles/shared_interfaces__rosidl_typesupport_cpp.dir/rosidl_typesupport_cpp/shared_interfaces/msg/check_log__type_support.cpp.o[0m
[4.975s] [ 38%] [32mBuilding CXX object CMakeFiles/shared_interfaces__rosidl_typesupport_cpp.dir/rosidl_typesupport_cpp/shared_interfaces/srv/robot_type__type_support.cpp.o[0m
[4.975s] [ 39%] [32mBuilding CXX object CMakeFiles/shared_interfaces__rosidl_typesupport_cpp.dir/rosidl_typesupport_cpp/shared_interfaces/srv/detecting__type_support.cpp.o[0m
[4.975s] [ 40%] [32mBuilding CXX object CMakeFiles/shared_interfaces__rosidl_typesupport_cpp.dir/rosidl_typesupport_cpp/shared_interfaces/srv/charging__type_support.cpp.o[0m
[5.004s] [ 44%] [32mBuilding CXX object CMakeFiles/shared_interfaces__rosidl_typesupport_c.dir/rosidl_typesupport_c/shared_interfaces/srv/detecting__type_support.cpp.o[0m
[5.004s] [ 44%] [32mBuilding CXX object CMakeFiles/shared_interfaces__rosidl_typesupport_c.dir/rosidl_typesupport_c/shared_interfaces/srv/navigation_mode__type_support.cpp.o[0m
[5.004s] [ 44%] [32mBuilding CXX object CMakeFiles/shared_interfaces__rosidl_typesupport_c.dir/rosidl_typesupport_c/shared_interfaces/msg/check_log__type_support.cpp.o[0m
[5.005s] [ 46%] [32mBuilding CXX object CMakeFiles/shared_interfaces__rosidl_typesupport_c.dir/rosidl_typesupport_c/shared_interfaces/msg/add_log__type_support.cpp.o[0m
[5.005s] [ 46%] [32mBuilding CXX object CMakeFiles/shared_interfaces__rosidl_typesupport_c.dir/rosidl_typesupport_c/shared_interfaces/srv/robot_type__type_support.cpp.o[0m
[5.005s] [ 47%] [32mBuilding CXX object CMakeFiles/shared_interfaces__rosidl_typesupport_c.dir/rosidl_typesupport_c/shared_interfaces/srv/charging__type_support.cpp.o[0m
[5.019s] [ 48%] [32mBuilding CXX object CMakeFiles/shared_interfaces__rosidl_typesupport_introspection_cpp.dir/rosidl_typesupport_introspection_cpp/shared_interfaces/msg/detail/add_log__type_support.cpp.o[0m
[5.024s] [ 50%] [32mBuilding CXX object CMakeFiles/shared_interfaces__rosidl_typesupport_introspection_cpp.dir/rosidl_typesupport_introspection_cpp/shared_interfaces/msg/detail/check_log__type_support.cpp.o[0m
[5.029s] [ 51%] [32mBuilding CXX object CMakeFiles/shared_interfaces__rosidl_typesupport_introspection_cpp.dir/rosidl_typesupport_introspection_cpp/shared_interfaces/srv/detail/navigation_mode__type_support.cpp.o[0m
[5.044s] [ 52%] [32mBuilding CXX object CMakeFiles/shared_interfaces__rosidl_typesupport_introspection_cpp.dir/rosidl_typesupport_introspection_cpp/shared_interfaces/srv/detail/robot_type__type_support.cpp.o[0m
[5.057s] [ 53%] [32mBuilding CXX object CMakeFiles/shared_interfaces__rosidl_typesupport_introspection_cpp.dir/rosidl_typesupport_introspection_cpp/shared_interfaces/srv/detail/detecting__type_support.cpp.o[0m
[5.068s] [ 54%] [32mBuilding CXX object CMakeFiles/shared_interfaces__rosidl_typesupport_introspection_cpp.dir/rosidl_typesupport_introspection_cpp/shared_interfaces/srv/detail/charging__type_support.cpp.o[0m
[5.085s] [ 55%] [32m[1mLinking CXX shared library libshared_interfaces__rosidl_typesupport_c.so[0m
[5.114s] [ 57%] [32mBuilding C object CMakeFiles/shared_interfaces__rosidl_typesupport_introspection_c.dir/rosidl_typesupport_introspection_c/shared_interfaces/srv/detail/robot_type__type_support.c.o[0m
[5.114s] [ 58%] [32mBuilding C object CMakeFiles/shared_interfaces__rosidl_typesupport_introspection_c.dir/rosidl_typesupport_introspection_c/shared_interfaces/msg/detail/add_log__type_support.c.o[0m
[5.115s] [ 59%] [32mBuilding C object CMakeFiles/shared_interfaces__rosidl_typesupport_introspection_c.dir/rosidl_typesupport_introspection_c/shared_interfaces/srv/detail/navigation_mode__type_support.c.o[0m
[5.115s] [ 60%] [32mBuilding C object CMakeFiles/shared_interfaces__rosidl_typesupport_introspection_c.dir/rosidl_typesupport_introspection_c/shared_interfaces/srv/detail/detecting__type_support.c.o[0m
[5.119s] [ 61%] [32mBuilding C object CMakeFiles/shared_interfaces__rosidl_typesupport_introspection_c.dir/rosidl_typesupport_introspection_c/shared_interfaces/msg/detail/check_log__type_support.c.o[0m
[5.162s] [ 61%] Built target shared_interfaces__rosidl_typesupport_c
[5.178s] [ 63%] [32mBuilding C object CMakeFiles/shared_interfaces__rosidl_typesupport_introspection_c.dir/rosidl_typesupport_introspection_c/shared_interfaces/srv/detail/charging__type_support.c.o[0m
[5.239s] [ 64%] [32m[1mLinking C shared library libshared_interfaces__rosidl_typesupport_introspection_c.so[0m
[5.292s] [ 64%] Built target shared_interfaces__rosidl_typesupport_introspection_c
[5.344s] [ 67%] [32mBuilding CXX object CMakeFiles/shared_interfaces__rosidl_typesupport_fastrtps_c.dir/rosidl_typesupport_fastrtps_c/shared_interfaces/msg/detail/check_log__type_support_c.cpp.o[0m
[5.344s] [ 67%] [32mBuilding CXX object CMakeFiles/shared_interfaces__rosidl_typesupport_fastrtps_c.dir/rosidl_typesupport_fastrtps_c/shared_interfaces/srv/detail/detecting__type_support_c.cpp.o[0m
[5.346s] [ 67%] [32mBuilding CXX object CMakeFiles/shared_interfaces__rosidl_typesupport_fastrtps_c.dir/rosidl_typesupport_fastrtps_c/shared_interfaces/srv/detail/navigation_mode__type_support_c.cpp.o[0m
[5.347s] [ 69%] [32mBuilding CXX object CMakeFiles/shared_interfaces__rosidl_typesupport_fastrtps_c.dir/rosidl_typesupport_fastrtps_c/shared_interfaces/msg/detail/add_log__type_support_c.cpp.o[0m
[5.349s] [ 70%] [32mBuilding CXX object CMakeFiles/shared_interfaces__rosidl_typesupport_fastrtps_c.dir/rosidl_typesupport_fastrtps_c/shared_interfaces/srv/detail/robot_type__type_support_c.cpp.o[0m
[5.349s] [ 71%] [32mBuilding CXX object CMakeFiles/shared_interfaces__rosidl_typesupport_fastrtps_c.dir/rosidl_typesupport_fastrtps_c/shared_interfaces/srv/detail/charging__type_support_c.cpp.o[0m
[5.525s] [ 72%] [32mBuilding CXX object CMakeFiles/shared_interfaces__rosidl_typesupport_fastrtps_cpp.dir/rosidl_typesupport_fastrtps_cpp/shared_interfaces/msg/detail/dds_fastrtps/check_log__type_support.cpp.o[0m
[5.525s] [ 78%] [32mBuilding CXX object CMakeFiles/shared_interfaces__rosidl_typesupport_fastrtps_cpp.dir/rosidl_typesupport_fastrtps_cpp/shared_interfaces/msg/detail/dds_fastrtps/add_log__type_support.cpp.o[0m
[5.526s] [ 78%] [32mBuilding CXX object CMakeFiles/shared_interfaces__rosidl_typesupport_fastrtps_cpp.dir/rosidl_typesupport_fastrtps_cpp/shared_interfaces/srv/detail/dds_fastrtps/navigation_mode__type_support.cpp.o[0m
[5.526s] [ 78%] [32mBuilding CXX object CMakeFiles/shared_interfaces__rosidl_typesupport_fastrtps_cpp.dir/rosidl_typesupport_fastrtps_cpp/shared_interfaces/srv/detail/dds_fastrtps/charging__type_support.cpp.o[0m
[5.527s] [ 78%] [32m[1mLinking CXX shared library libshared_interfaces__rosidl_typesupport_cpp.so[0m
[5.527s] [ 78%] [32mBuilding CXX object CMakeFiles/shared_interfaces__rosidl_typesupport_fastrtps_cpp.dir/rosidl_typesupport_fastrtps_cpp/shared_interfaces/srv/detail/dds_fastrtps/robot_type__type_support.cpp.o[0m
[5.528s] [ 79%] [32mBuilding CXX object CMakeFiles/shared_interfaces__rosidl_typesupport_fastrtps_cpp.dir/rosidl_typesupport_fastrtps_cpp/shared_interfaces/srv/detail/dds_fastrtps/detecting__type_support.cpp.o[0m
[5.633s] [ 80%] [32m[1mLinking CXX shared library libshared_interfaces__rosidl_typesupport_introspection_cpp.so[0m
[5.651s] [ 80%] Built target shared_interfaces__rosidl_typesupport_cpp
[5.747s] [ 80%] Built target shared_interfaces__rosidl_typesupport_introspection_cpp
[6.088s] [ 82%] [32m[1mLinking CXX shared library libshared_interfaces__rosidl_typesupport_fastrtps_c.so[0m
[6.147s] [ 82%] Built target shared_interfaces__rosidl_typesupport_fastrtps_c
[6.236s] [ 83%] [32m[1mLinking CXX shared library libshared_interfaces__rosidl_typesupport_fastrtps_cpp.so[0m
[6.301s] [ 83%] Built target shared_interfaces__rosidl_typesupport_fastrtps_cpp
[6.321s] [ 83%] Built target shared_interfaces
[6.341s] [ 84%] [34m[1mGenerating Python code for ROS interfaces[0m
[7.048s] [ 84%] Built target shared_interfaces__py
[7.067s] [ 85%] [32mBuilding C object CMakeFiles/shared_interfaces__rosidl_generator_py.dir/rosidl_generator_py/shared_interfaces/msg/_add_log_s.c.o[0m
[7.068s] [ 88%] [32mBuilding C object CMakeFiles/shared_interfaces__rosidl_generator_py.dir/rosidl_generator_py/shared_interfaces/msg/_check_log_s.c.o[0m
[7.068s] [ 88%] [32mBuilding C object CMakeFiles/shared_interfaces__rosidl_generator_py.dir/rosidl_generator_py/shared_interfaces/srv/_navigation_mode_s.c.o[0m
[7.068s] [ 89%] [32mBuilding C object CMakeFiles/shared_interfaces__rosidl_generator_py.dir/rosidl_generator_py/shared_interfaces/srv/_detecting_s.c.o[0m
[7.068s] [ 90%] [32mBuilding C object CMakeFiles/shared_interfaces__rosidl_generator_py.dir/rosidl_generator_py/shared_interfaces/srv/_charging_s.c.o[0m
[7.071s] [ 91%] [32mBuilding C object CMakeFiles/shared_interfaces__rosidl_generator_py.dir/rosidl_generator_py/shared_interfaces/srv/_robot_type_s.c.o[0m
[7.192s] [ 92%] [32m[1mLinking C shared library libshared_interfaces__rosidl_generator_py.so[0m
[7.229s] [ 92%] Built target shared_interfaces__rosidl_generator_py
[7.259s] [ 96%] [32mBuilding C object CMakeFiles/shared_interfaces_s__rosidl_typesupport_fastrtps_c.dir/rosidl_generator_py/shared_interfaces/_shared_interfaces_s.ep.rosidl_typesupport_fastrtps_c.c.o[0m
[7.259s] [ 96%] [32mBuilding C object CMakeFiles/shared_interfaces_s__rosidl_typesupport_c.dir/rosidl_generator_py/shared_interfaces/_shared_interfaces_s.ep.rosidl_typesupport_c.c.o[0m
[7.259s] [ 96%] [32mBuilding C object CMakeFiles/shared_interfaces_s__rosidl_typesupport_introspection_c.dir/rosidl_generator_py/shared_interfaces/_shared_interfaces_s.ep.rosidl_typesupport_introspection_c.c.o[0m
[7.352s] [ 97%] [32m[1mLinking C shared module rosidl_generator_py/shared_interfaces/shared_interfaces_s__rosidl_typesupport_c.so[0m
[7.353s] [ 98%] [32m[1mLinking C shared module rosidl_generator_py/shared_interfaces/shared_interfaces_s__rosidl_typesupport_introspection_c.so[0m
[7.360s] [100%] [32m[1mLinking C shared module rosidl_generator_py/shared_interfaces/shared_interfaces_s__rosidl_typesupport_fastrtps_c.so[0m
[7.378s] [100%] Built target shared_interfaces_s__rosidl_typesupport_introspection_c
[7.378s] [100%] Built target shared_interfaces_s__rosidl_typesupport_c
[7.389s] [100%] Built target shared_interfaces_s__rosidl_typesupport_fastrtps_c
