[0.009s] Invoking command in '/home/matylda-hayne/mtrx3760_p2/MTRX3760_PROJECT_2/build/robot': CMAKE_PREFIX_PATH=${CMAKE_PREFIX_PATH}:/home/matylda-hayne/turtlebot3_ws/install/turtlebot3_teleop:/home/matylda-hayne/turtlebot3_ws/install/turtlebot3_example:/opt/ros/jazzy DEBUGINFOD_URLS=https://debuginfod.ubuntu.com /usr/bin/cmake --build /home/matylda-hayne/mtrx3760_p2/MTRX3760_PROJECT_2/build/robot -- -j20 -l20
[0.033s] -- Found ament_cmake: 2.5.4 (/opt/ros/jazzy/share/ament_cmake/cmake)
[0.186s] -- Found rclcpp: 28.1.11 (/opt/ros/jazzy/share/rclcpp/cmake)
[0.202s] -- Found rosidl_generator_c: 4.6.6 (/opt/ros/jazzy/share/rosidl_generator_c/cmake)
[0.207s] -- Found rosidl_generator_cpp: 4.6.6 (/opt/ros/jazzy/share/rosidl_generator_cpp/cmake)
[0.216s] -- Using all available rosidl_typesupport_c: rosidl_typesupport_fastrtps_c;rosidl_typesupport_introspection_c
[0.227s] -- Using all available rosidl_typesupport_cpp: rosidl_typesupport_fastrtps_cpp;rosidl_typesupport_introspection_cpp
[0.263s] -- Found rmw_implementation_cmake: 7.3.2 (/opt/ros/jazzy/share/rmw_implementation_cmake/cmake)
[0.264s] -- Found rmw_fastrtps_cpp: 8.4.3 (/opt/ros/jazzy/share/rmw_fastrtps_cpp/cmake)
[0.309s] -- Using RMW implementation 'rmw_fastrtps_cpp' as default
[0.355s] -- Found std_msgs: 5.3.6 (/opt/ros/jazzy/share/std_msgs/cmake)
[0.362s] -- Found example_interfaces: 0.12.0 (/opt/ros/jazzy/share/example_interfaces/cmake)
[0.393s] -- Found geometry_msgs: 5.3.6 (/opt/ros/jazzy/share/geometry_msgs/cmake)
[0.401s] -- Found nav_msgs: 5.3.6 (/opt/ros/jazzy/share/nav_msgs/cmake)
[0.422s] -- Found rosidl_default_generators: 1.6.0 (/opt/ros/jazzy/share/rosidl_default_generators/cmake)
[0.428s] -- Found rosidl_adapter: 4.6.6 (/opt/ros/jazzy/share/rosidl_adapter/cmake)
[0.430s] [33mCMake Warning (dev) at /usr/share/cmake-3.28/Modules/FindOpenGL.cmake:381 (message):
[0.430s]   Policy CMP0072 is not set: FindOpenGL prefers GLVND by default when
[0.430s]   available.  Run "cmake --help-policy CMP0072" for policy details.  Use the
[0.430s]   cmake_policy command to set the policy and suppress this warning.
[0.430s] 
[0.430s]   FindOpenGL found both a legacy GL library:
[0.430s] 
[0.430s]     OPENGL_gl_LIBRARY: /usr/lib/x86_64-linux-gnu/libGL.so
[0.430s] 
[0.430s]   and GLVND libraries for OpenGL and GLX:
[0.430s] 
[0.431s]     OPENGL_opengl_LIBRARY: /usr/lib/x86_64-linux-gnu/libOpenGL.so
[0.431s]     OPENGL_glx_LIBRARY: /usr/lib/x86_64-linux-gnu/libGLX.so
[0.431s] 
[0.431s]   OpenGL_GL_PREFERENCE has not been set to "GLVND" or "LEGACY", so for
[0.431s]   compatibility with CMake 3.10 and below the legacy GL library will be used.
[0.431s] Call Stack (most recent call first):
[0.431s]   CMakeLists.txt:18 (find_package)
[0.431s] This warning is for project developers.  Use -Wno-dev to suppress it.
[0.431s] [0m
[0.476s] -- Found GLEW: /usr/include (found version "2.2.0") 
[0.476s] -- Found ament_lint_auto: 0.17.3 (/opt/ros/jazzy/share/ament_lint_auto/cmake)
[0.538s] [31mCMake Error at CMakeLists.txt:62 (target_link_libraries):
[0.538s]   The plain signature for target_link_libraries has already been used with
[0.538s]   the target "robot_gui".  All uses of target_link_libraries with a target
[0.538s]   must be either all-keyword or all-plain.
[0.538s] 
[0.538s]   The uses of the plain signature are here:
[0.539s] 
[0.539s]    * CMakeLists.txt:59 (target_link_libraries)
[0.539s] 
[0.539s] 
[0.539s] [0m
[0.540s] [31mCMake Error at /opt/ros/jazzy/share/ament_cmake_target_dependencies/cmake/ament_target_dependencies.cmake:146 (target_link_libraries):
[0.540s]   The keyword signature for target_link_libraries has already been used with
[0.540s]   the target "robot_gui".  All uses of target_link_libraries with a target
[0.540s]   must be either all-keyword or all-plain.
[0.540s] 
[0.540s]   The uses of the keyword signature are here:
[0.540s] 
[0.540s]    * CMakeLists.txt:62 (target_link_libraries)
[0.540s] 
[0.540s] Call Stack (most recent call first):
[0.541s]   CMakeLists.txt:65 (ament_target_dependencies)
[0.541s] 
[0.541s] [0m
[0.575s] -- Added test 'cppcheck' to perform static code analysis on C / C++ code
[0.575s] -- Configured cppcheck include dirs: $<BUILD_INTERFACE:/home/matylda-hayne/mtrx3760_p2/MTRX3760_PROJECT_2/ros2_ws/src/robot/include>;/home/matylda-hayne/mtrx3760_p2/MTRX3760_PROJECT_2/ros2_ws/src/robot/vendor/imgui;/home/matylda-hayne/mtrx3760_p2/MTRX3760_PROJECT_2/ros2_ws/src/robot/vendor/imgui/backends;/home/matylda-hayne/mtrx3760_p2/MTRX3760_PROJECT_2/ros2_ws/src/robot/vendor
[0.575s] -- Configured cppcheck exclude dirs and/or files: 
[0.578s] -- Added test 'flake8' to check Python code syntax and style conventions
[0.579s] -- Configured 'flake8' exclude dirs and/or files: 
[0.586s] -- Added test 'lint_cmake' to check CMake code style
[0.590s] -- Added test 'pep257' to check Python code against some of the docstring style conventions in PEP 257
[0.626s] -- Added test 'uncrustify' to check C / C++ code style
[0.626s] -- Configured uncrustify additional arguments: 
[0.631s] -- Added test 'xmllint' to check XML markup files
[0.632s] -- Configuring incomplete, errors occurred!
[0.637s] gmake: *** [Makefile:524: cmake_check_build_system] Error 1
[0.639s] Invoked command in '/home/matylda-hayne/mtrx3760_p2/MTRX3760_PROJECT_2/build/robot' returned '2': CMAKE_PREFIX_PATH=${CMAKE_PREFIX_PATH}:/home/matylda-hayne/turtlebot3_ws/install/turtlebot3_teleop:/home/matylda-hayne/turtlebot3_ws/install/turtlebot3_example:/opt/ros/jazzy DEBUGINFOD_URLS=https://debuginfod.ubuntu.com /usr/bin/cmake --build /home/matylda-hayne/mtrx3760_p2/MTRX3760_PROJECT_2/build/robot -- -j20 -l20
