[0.013s] Invoking command in '/home/matylda-hayne/mtrx3760_p2/MTRX3760_PROJECT_2/ros2_ws/src/build/logger_pkg': AMENT_PREFIX_PATH=/home/matylda-hayne/mtrx3760_p2/MTRX3760_PROJECT_2/ros2_ws/src/install/shared_interfaces:${AMENT_PREFIX_PATH} CMAKE_PREFIX_PATH=/home/matylda-hayne/mtrx3760_p2/MTRX3760_PROJECT_2/ros2_ws/src/install/shared_interfaces:/home/matylda-hayne/mtrx3760_p2/MTRX3760_PROJECT_2/ros2_ws/install/shared_interfaces:/home/matylda-hayne/mtrx3760_p2/MTRX3760_PROJECT_2/ros2_ws/install/user_interface:/home/matylda-hayne/mtrx3760_p2/MTRX3760_PROJECT_2/ros2_ws/install/robot:/home/matylda-hayne/mtrx3760_p2/MTRX3760_PROJECT_2/install/user_interface:/home/matylda-hayne/mtrx3760_p2/MTRX3760_PROJECT_2/install/shared_interfaces:/home/matylda-hayne/mtrx3760_p2/MTRX3760_PROJECT_2/install/robot:/home/matylda-hayne/turtlebot3_ws/install/turtlebot3:/home/matylda-hayne/turtlebot3_ws/install/turtlebot3_simulations:/home/matylda-hayne/turtlebot3_ws/install/turtlebot3_bringup:/home/matylda-hayne/turtlebot3_ws/install/turtlebot3_node:/home/matylda-hayne/turtlebot3_ws/install/turtlebot3_navigation2:/home/matylda-hayne/turtlebot3_ws/install/turtlebot3_fake_node:/home/matylda-hayne/turtlebot3_ws/install/turtlebot3_msgs:/home/matylda-hayne/turtlebot3_ws/install/turtlebot3_gazebo:/home/matylda-hayne/turtlebot3_ws/install/turtlebot3_description:/home/matylda-hayne/turtlebot3_ws/install/turtlebot3_cartographer:/home/matylda-hayne/turtlebot3_ws/install/dynamixel_sdk_examples:/home/matylda-hayne/turtlebot3_ws/install/dynamixel_sdk_custom_interfaces:/home/matylda-hayne/turtlebot3_ws/install/dynamixel_sdk:/home/matylda-hayne/install/turtlebot_maze_solver:/home/matylda-hayne/install/polygon_plugins:/home/matylda-hayne/install/polygon_base:/home/matylda-hayne/mtrx3760_ws/install/turtlebot_maze_solver:/opt/ros/jazzy/opt/gz_sim_vendor:/opt/ros/jazzy/opt/gz_sensors_vendor:/opt/ros/jazzy/opt/gz_physics_vendor:/opt/ros/jazzy/opt/sdformat_vendor:/opt/ros/jazzy/opt/gz_gui_vendor:/opt/ros/jazzy/opt/gz_transport_vendor:/opt/ros/jazzy/opt/gz_rendering_vendor:/opt/ros/jazzy/opt/gz_plugin_vendor:/opt/ros/jazzy/opt/gz_fuel_tools_vendor:/opt/ros/jazzy/opt/gz_msgs_vendor:/opt/ros/jazzy/opt/gz_common_vendor:/opt/ros/jazzy/opt/gz_math_vendor:/opt/ros/jazzy/opt/gz_utils_vendor:/opt/ros/jazzy/opt/gz_tools_vendor:/opt/ros/jazzy/opt/gz_ogre_next_vendor:/opt/ros/jazzy/opt/gz_dartsim_vendor:/opt/ros/jazzy/opt/gz_cmake_vendor:/home/matylda-hayne/turtlebot3_ws/install/turtlebot3_teleop:/home/matylda-hayne/turtlebot3_ws/install/turtlebot3_example:/opt/ros/jazzy DEBUGINFOD_URLS=https://debuginfod.ubuntu.com LD_LIBRARY_PATH=/home/matylda-hayne/mtrx3760_p2/MTRX3760_PROJECT_2/ros2_ws/src/install/shared_interfaces/lib:${LD_LIBRARY_PATH} PYTHONPATH=/home/matylda-hayne/mtrx3760_p2/MTRX3760_PROJECT_2/ros2_ws/src/install/shared_interfaces/lib/python3.12/site-packages:${PYTHONPATH} /usr/bin/cmake /home/matylda-hayne/mtrx3760_p2/MTRX3760_PROJECT_2/ros2_ws/src/logger -DCMAKE_INSTALL_PREFIX=/home/matylda-hayne/mtrx3760_p2/MTRX3760_PROJECT_2/ros2_ws/src/install/logger_pkg
[0.061s] -- The C compiler identification is GNU 13.3.0
[0.102s] -- The CXX compiler identification is GNU 13.3.0
[0.118s] -- Detecting C compiler ABI info
[0.213s] -- Detecting C compiler ABI info - done
[0.221s] -- Check for working C compiler: /usr/bin/cc - skipped
[0.221s] -- Detecting C compile features
[0.222s] -- Detecting C compile features - done
[0.230s] -- Detecting CXX compiler ABI info
[0.322s] -- Detecting CXX compiler ABI info - done
[0.328s] -- Check for working CXX compiler: /usr/bin/c++ - skipped
[0.329s] -- Detecting CXX compile features
[0.329s] -- Detecting CXX compile features - done
[0.333s] -- Found rclcpp: 28.1.11 (/opt/ros/jazzy/share/rclcpp/cmake)
[0.474s] -- Found Python3: /usr/bin/python3 (found version "3.12.3") found components: Interpreter 
[0.621s] -- Found rosidl_generator_c: 4.6.6 (/opt/ros/jazzy/share/rosidl_generator_c/cmake)
[0.634s] -- Found rosidl_generator_cpp: 4.6.6 (/opt/ros/jazzy/share/rosidl_generator_cpp/cmake)
[0.650s] -- Using all available rosidl_typesupport_c: rosidl_typesupport_fastrtps_c;rosidl_typesupport_introspection_c
[0.671s] -- Using all available rosidl_typesupport_cpp: rosidl_typesupport_fastrtps_cpp;rosidl_typesupport_introspection_cpp
[0.736s] -- Found rmw_implementation_cmake: 7.3.2 (/opt/ros/jazzy/share/rmw_implementation_cmake/cmake)
[0.740s] -- Found rmw_fastrtps_cpp: 8.4.3 (/opt/ros/jazzy/share/rmw_fastrtps_cpp/cmake)
[0.820s] -- Found OpenSSL: /usr/lib/x86_64-linux-gnu/libcrypto.so (found version "3.0.13")  
[0.838s] -- Found FastRTPS: /opt/ros/jazzy/include (Required is at least version "2.13") 
[0.860s] -- Using RMW implementation 'rmw_fastrtps_cpp' as default
[0.929s] -- Found rosidl_default_generators: 1.6.0 (/opt/ros/jazzy/share/rosidl_default_generators/cmake)
[0.947s] -- Found rosidl_adapter: 4.6.6 (/opt/ros/jazzy/share/rosidl_adapter/cmake)
[0.952s] -- Found std_msgs: 5.3.6 (/opt/ros/jazzy/share/std_msgs/cmake)
[0.966s] -- Found geometry_msgs: 5.3.6 (/opt/ros/jazzy/share/geometry_msgs/cmake)
[0.976s] -- Found shared_interfaces: 0.0.0 (/home/matylda-hayne/mtrx3760_p2/MTRX3760_PROJECT_2/ros2_ws/src/install/shared_interfaces/share/shared_interfaces/cmake)
[1.069s] -- Configuring done (1.0s)
[1.076s] -- Generating done (0.0s)
[1.078s] -- Build files have been written to: /home/matylda-hayne/mtrx3760_p2/MTRX3760_PROJECT_2/ros2_ws/src/build/logger_pkg
